[ROUND10 GRL] loaded 282 protocol labels
INFO sprint6: [config] arm=arm_a device=cuda epochs=120
INFO sprint6: [config] augment=['edge_drop', 'feature_mask'] pa_ao=False residual=False
INFO sprint6: [baseline] matched=243 (pos=163 neg=80) has_rad=92 cache_miss=39 rad_miss=0
INFO sprint6: === mode=gcn_only gcn_in=13 global_dim=0 aug=['edge_drop', 'feature_mask'] res=False jk=none repeats=1 ===
INFO sprint6:     [adv] epoch=0 batch_auc_mean=0.256 n_batches=9
INFO sprint6:     [adv] epoch=1 batch_auc_mean=0.120 n_batches=9
INFO sprint6:     [adv] epoch=2 batch_auc_mean=0.186 n_batches=10
INFO sprint6:     [adv] epoch=3 batch_auc_mean=0.133 n_batches=10
INFO sprint6:     [adv] epoch=4 batch_auc_mean=0.200 n_batches=11
INFO sprint6:     [adv] epoch=5 batch_auc_mean=0.559 n_batches=9
INFO sprint6:     [adv] epoch=6 batch_auc_mean=0.724 n_batches=7
INFO sprint6:     [adv] epoch=7 batch_auc_mean=0.732 n_batches=7
INFO sprint6:     [adv] epoch=8 batch_auc_mean=0.626 n_batches=11
INFO sprint6:     [adv] epoch=9 batch_auc_mean=0.207 n_batches=10
INFO sprint6:     [adv] epoch=10 batch_auc_mean=0.047 n_batches=9
INFO sprint6:     [adv] epoch=11 batch_auc_mean=0.075 n_batches=10
INFO sprint6:     [adv] epoch=12 batch_auc_mean=0.177 n_batches=10
INFO sprint6:     [adv] epoch=13 batch_auc_mean=0.414 n_batches=11
INFO sprint6:     [adv] epoch=14 batch_auc_mean=0.859 n_batches=11
INFO sprint6:     [adv] epoch=15 batch_auc_mean=0.889 n_batches=11
INFO sprint6:     [adv] epoch=16 batch_auc_mean=0.475 n_batches=10
INFO sprint6:     [adv] epoch=17 batch_auc_mean=0.272 n_batches=8
INFO sprint6:     [adv] epoch=18 batch_auc_mean=0.234 n_batches=8
INFO sprint6:     [adv] epoch=19 batch_auc_mean=0.125 n_batches=8
INFO sprint6:     [adv] epoch=20 batch_auc_mean=0.209 n_batches=11
INFO sprint6:     [adv] epoch=21 batch_auc_mean=0.652 n_batches=12
INFO sprint6:     [adv] epoch=22 batch_auc_mean=0.785 n_batches=9
INFO sprint6:     [adv] epoch=23 batch_auc_mean=0.594 n_batches=9
INFO sprint6:     [adv] epoch=24 batch_auc_mean=0.325 n_batches=12
INFO sprint6:     [adv] epoch=25 batch_auc_mean=0.311 n_batches=9
INFO sprint6:     [adv] epoch=26 batch_auc_mean=0.129 n_batches=10
INFO sprint6:     [adv] epoch=27 batch_auc_mean=0.077 n_batches=10
INFO sprint6:     [adv] epoch=28 batch_auc_mean=0.100 n_batches=11
INFO sprint6:     [adv] epoch=29 batch_auc_mean=0.147 n_batches=11
INFO sprint6:     [adv] epoch=30 batch_auc_mean=0.583 n_batches=11
INFO sprint6:     [adv] epoch=31 batch_auc_mean=0.916 n_batches=8
INFO sprint6:     [adv] epoch=32 batch_auc_mean=0.876 n_batches=11
INFO sprint6:     [adv] epoch=33 batch_auc_mean=0.812 n_batches=12
INFO sprint6:     [adv] epoch=34 batch_auc_mean=0.426 n_batches=8
INFO sprint6:     [adv] epoch=35 batch_auc_mean=0.144 n_batches=11
INFO sprint6:     [adv] epoch=36 batch_auc_mean=0.067 n_batches=9
INFO sprint6:     [adv] epoch=37 batch_auc_mean=0.119 n_batches=11
INFO sprint6:     [adv] epoch=38 batch_auc_mean=0.356 n_batches=9
INFO sprint6:     [adv] epoch=39 batch_auc_mean=0.348 n_batches=11
INFO sprint6:     [adv] epoch=40 batch_auc_mean=0.343 n_batches=9
INFO sprint6:     [adv] epoch=41 batch_auc_mean=0.370 n_batches=10
INFO sprint6:     [adv] epoch=42 batch_auc_mean=0.266 n_batches=11
INFO sprint6:     [adv] epoch=43 batch_auc_mean=0.176 n_batches=10
INFO sprint6:     [adv] epoch=44 batch_auc_mean=0.175 n_batches=10
INFO sprint6:     [adv] epoch=45 batch_auc_mean=0.105 n_batches=12
INFO sprint6:     [adv] epoch=46 batch_auc_mean=0.060 n_batches=8
INFO sprint6:     [adv] epoch=47 batch_auc_mean=0.139 n_batches=9
INFO sprint6:     [adv] epoch=48 batch_auc_mean=0.204 n_batches=9
INFO sprint6:     [adv] epoch=49 batch_auc_mean=0.562 n_batches=11
INFO sprint6:     [adv] epoch=50 batch_auc_mean=0.864 n_batches=11
INFO sprint6:     [adv] epoch=51 batch_auc_mean=0.778 n_batches=12
INFO sprint6:     [adv] epoch=52 batch_auc_mean=0.609 n_batches=9
INFO sprint6:     [adv] epoch=53 batch_auc_mean=0.568 n_batches=11
INFO sprint6:     [adv] epoch=54 batch_auc_mean=0.641 n_batches=8
INFO sprint6:     [adv] epoch=55 batch_auc_mean=0.599 n_batches=10
INFO sprint6:     [adv] epoch=56 batch_auc_mean=0.608 n_batches=10
INFO sprint6:     [adv] epoch=57 batch_auc_mean=0.494 n_batches=9
INFO sprint6:     [adv] epoch=58 batch_auc_mean=0.292 n_batches=12
INFO sprint6:     [adv] epoch=59 batch_auc_mean=0.125 n_batches=10
INFO sprint6:     [adv] epoch=60 batch_auc_mean=0.078 n_batches=11
INFO sprint6:     [adv] epoch=61 batch_auc_mean=0.247 n_batches=11
INFO sprint6:     [adv] epoch=62 batch_auc_mean=0.741 n_batches=12
INFO sprint6:     [adv] epoch=63 batch_auc_mean=0.771 n_batches=11
INFO sprint6:     [adv] epoch=64 batch_auc_mean=0.593 n_batches=9
INFO sprint6:     [adv] epoch=65 batch_auc_mean=0.656 n_batches=11
INFO sprint6:     [adv] epoch=66 batch_auc_mean=0.555 n_batches=9
INFO sprint6:     [adv] epoch=67 batch_auc_mean=0.530 n_batches=11
INFO sprint6:     [adv] epoch=68 batch_auc_mean=0.558 n_batches=9
INFO sprint6:     [adv] epoch=69 batch_auc_mean=0.627 n_batches=10
INFO sprint6:     [adv] epoch=70 batch_auc_mean=0.577 n_batches=10
INFO sprint6:     [adv] epoch=71 batch_auc_mean=0.554 n_batches=9
INFO sprint6:     [adv] epoch=72 batch_auc_mean=0.384 n_batches=9
INFO sprint6:     [adv] epoch=73 batch_auc_mean=0.238 n_batches=11
INFO sprint6:     [adv] epoch=74 batch_auc_mean=0.090 n_batches=10
INFO sprint6:     [adv] epoch=75 batch_auc_mean=0.080 n_batches=9
INFO sprint6:     [adv] epoch=76 batch_auc_mean=0.064 n_batches=11
INFO sprint6:     [adv] epoch=77 batch_auc_mean=0.054 n_batches=12
INFO sprint6:     [adv] epoch=78 batch_auc_mean=0.264 n_batches=10
INFO sprint6:     [adv] epoch=79 batch_auc_mean=0.290 n_batches=11
INFO sprint6:     [adv] epoch=80 batch_auc_mean=0.282 n_batches=10
INFO sprint6:     [adv] epoch=81 batch_auc_mean=0.792 n_batches=10
INFO sprint6:     [adv] epoch=82 batch_auc_mean=0.983 n_batches=10
INFO sprint6:     [adv] epoch=83 batch_auc_mean=0.975 n_batches=9
INFO sprint6:     [adv] epoch=84 batch_auc_mean=0.828 n_batches=11
INFO sprint6:     [adv] epoch=85 batch_auc_mean=0.729 n_batches=10
INFO sprint6:     [adv] epoch=86 batch_auc_mean=0.705 n_batches=8
INFO sprint6:     [adv] epoch=87 batch_auc_mean=0.599 n_batches=9
INFO sprint6:     [adv] epoch=88 batch_auc_mean=0.438 n_batches=10
INFO sprint6:     [adv] epoch=89 batch_auc_mean=0.327 n_batches=9
INFO sprint6:     [adv] epoch=90 batch_auc_mean=0.243 n_batches=10
INFO sprint6:   fold 1 thr=0.497 AUC=0.8842 Acc=0.8776 Spec=0.8235 F1=0.9062
INFO sprint6:     [adv] epoch=0 batch_auc_mean=0.105 n_batches=10
INFO sprint6:     [adv] epoch=1 batch_auc_mean=0.153 n_batches=12
INFO sprint6:     [adv] epoch=2 batch_auc_mean=0.088 n_batches=11
INFO sprint6:     [adv] epoch=3 batch_auc_mean=0.159 n_batches=11
INFO sprint6:     [adv] epoch=4 batch_auc_mean=0.342 n_batches=10
INFO sprint6:     [adv] epoch=5 batch_auc_mean=0.765 n_batches=10
INFO sprint6:     [adv] epoch=6 batch_auc_mean=0.755 n_batches=11
INFO sprint6:     [adv] epoch=7 batch_auc_mean=0.329 n_batches=10
INFO sprint6:     [adv] epoch=8 batch_auc_mean=0.060 n_batches=9
INFO sprint6:     [adv] epoch=9 batch_auc_mean=0.046 n_batches=12
INFO sprint6:     [adv] epoch=10 batch_auc_mean=0.039 n_batches=11
INFO sprint6:     [adv] epoch=11 batch_auc_mean=0.116 n_batches=10
INFO sprint6:     [adv] epoch=12 batch_auc_mean=0.182 n_batches=11
INFO sprint6:     [adv] epoch=13 batch_auc_mean=0.123 n_batches=10
INFO sprint6:     [adv] epoch=14 batch_auc_mean=0.058 n_batches=10
INFO sprint6:     [adv] epoch=15 batch_auc_mean=0.217 n_batches=12
INFO sprint6:     [adv] epoch=16 batch_auc_mean=0.860 n_batches=10
INFO sprint6:     [adv] epoch=17 batch_auc_mean=0.909 n_batches=11
INFO sprint6:     [adv] epoch=18 batch_auc_mean=0.569 n_batches=10
INFO sprint6:     [adv] epoch=19 batch_auc_mean=0.313 n_batches=12
INFO sprint6:     [adv] epoch=20 batch_auc_mean=0.052 n_batches=8
INFO sprint6:     [adv] epoch=21 batch_auc_mean=0.156 n_batches=9
INFO sprint6:     [adv] epoch=22 batch_auc_mean=0.725 n_batches=10
INFO sprint6:     [adv] epoch=23 batch_auc_mean=0.897 n_batches=12
INFO sprint6:     [adv] epoch=24 batch_auc_mean=0.756 n_batches=10
INFO sprint6:     [adv] epoch=25 batch_auc_mean=0.413 n_batches=10
INFO sprint6:     [adv] epoch=26 batch_auc_mean=0.180 n_batches=9
INFO sprint6:     [adv] epoch=27 batch_auc_mean=0.040 n_batches=10
INFO sprint6:     [adv] epoch=28 batch_auc_mean=0.100 n_batches=10
INFO sprint6:     [adv] epoch=29 batch_auc_mean=0.074 n_batches=11
INFO sprint6:     [adv] epoch=30 batch_auc_mean=0.386 n_batches=11
INFO sprint6:     [adv] epoch=31 batch_auc_mean=0.902 n_batches=11
INFO sprint6:     [adv] epoch=32 batch_auc_mean=0.828 n_batches=11
INFO sprint6:     [adv] epoch=33 batch_auc_mean=0.197 n_batches=10
INFO sprint6:     [adv] epoch=34 batch_auc_mean=0.093 n_batches=9
INFO sprint6:     [adv] epoch=35 batch_auc_mean=0.222 n_batches=12
INFO sprint6:     [adv] epoch=36 batch_auc_mean=0.565 n_batches=10
INFO sprint6:     [adv] epoch=37 batch_auc_mean=0.657 n_batches=10
INFO sprint6:     [adv] epoch=38 batch_auc_mean=0.736 n_batches=10
INFO sprint6:     [adv] epoch=39 batch_auc_mean=0.540 n_batches=11
INFO sprint6:     [adv] epoch=40 batch_auc_mean=0.462 n_batches=11
INFO sprint6:     [adv] epoch=41 batch_auc_mean=0.538 n_batches=11
INFO sprint6:     [adv] epoch=42 batch_auc_mean=0.565 n_batches=11
INFO sprint6:     [adv] epoch=43 batch_auc_mean=0.272 n_batches=12
INFO sprint6:   fold 2 thr=0.449 AUC=0.8583 Acc=0.8511 Spec=0.8000 F1=0.8889
INFO sprint6:     [adv] epoch=0 batch_auc_mean=0.096 n_batches=9
INFO sprint6:     [adv] epoch=1 batch_auc_mean=0.212 n_batches=10
INFO sprint6:     [adv] epoch=2 batch_auc_mean=0.302 n_batches=9
INFO sprint6:     [adv] epoch=3 batch_auc_mean=0.050 n_batches=9
INFO sprint6:     [adv] epoch=4 batch_auc_mean=0.082 n_batches=11
INFO sprint6:     [adv] epoch=5 batch_auc_mean=0.224 n_batches=10
INFO sprint6:     [adv] epoch=6 batch_auc_mean=0.673 n_batches=11
INFO sprint6:     [adv] epoch=7 batch_auc_mean=0.625 n_batches=9
INFO sprint6:     [adv] epoch=8 batch_auc_mean=0.378 n_batches=8
INFO sprint6:     [adv] epoch=9 batch_auc_mean=0.177 n_batches=10
INFO sprint6:     [adv] epoch=10 batch_auc_mean=0.116 n_batches=11
INFO sprint6:     [adv] epoch=11 batch_auc_mean=0.149 n_batches=9
INFO sprint6:     [adv] epoch=12 batch_auc_mean=0.178 n_batches=11
INFO sprint6:     [adv] epoch=13 batch_auc_mean=0.542 n_batches=11
INFO sprint6:     [adv] epoch=14 batch_auc_mean=0.755 n_batches=11
INFO sprint6:     [adv] epoch=15 batch_auc_mean=0.875 n_batches=10
INFO sprint6:     [adv] epoch=16 batch_auc_mean=0.660 n_batches=10
INFO sprint6:     [adv] epoch=17 batch_auc_mean=0.364 n_batches=11
INFO sprint6:     [adv] epoch=18 batch_auc_mean=0.027 n_batches=10
INFO sprint6:     [adv] epoch=19 batch_auc_mean=0.130 n_batches=12
INFO sprint6:     [adv] epoch=20 batch_auc_mean=0.074 n_batches=10
INFO sprint6:     [adv] epoch=21 batch_auc_mean=0.217 n_batches=9
INFO sprint6:     [adv] epoch=22 batch_auc_mean=0.413 n_batches=9
INFO sprint6:     [adv] epoch=23 batch_auc_mean=0.759 n_batches=9
INFO sprint6:     [adv] epoch=24 batch_auc_mean=0.777 n_batches=8
INFO sprint6:     [adv] epoch=25 batch_auc_mean=0.315 n_batches=12
INFO sprint6:     [adv] epoch=26 batch_auc_mean=0.039 n_batches=8
INFO sprint6:     [adv] epoch=27 batch_auc_mean=0.032 n_batches=11
INFO sprint6:     [adv] epoch=28 batch_auc_mean=0.333 n_batches=11
INFO sprint6:     [adv] epoch=29 batch_auc_mean=0.639 n_batches=10
INFO sprint6:     [adv] epoch=30 batch_auc_mean=0.721 n_batches=11
INFO sprint6:     [adv] epoch=31 batch_auc_mean=0.792 n_batches=9
INFO sprint6:     [adv] epoch=32 batch_auc_mean=0.865 n_batches=10
INFO sprint6:     [adv] epoch=33 batch_auc_mean=0.269 n_batches=8
INFO sprint6:     [adv] epoch=34 batch_auc_mean=0.141 n_batches=9
INFO sprint6:     [adv] epoch=35 batch_auc_mean=0.153 n_batches=9
INFO sprint6:     [adv] epoch=36 batch_auc_mean=0.110 n_batches=9
INFO sprint6:     [adv] epoch=37 batch_auc_mean=0.340 n_batches=10
INFO sprint6:     [adv] epoch=38 batch_auc_mean=0.694 n_batches=7
INFO sprint6:     [adv] epoch=39 batch_auc_mean=0.709 n_batches=9
INFO sprint6:     [adv] epoch=40 batch_auc_mean=0.911 n_batches=10
INFO sprint6:     [adv] epoch=41 batch_auc_mean=0.931 n_batches=10
INFO sprint6:     [adv] epoch=42 batch_auc_mean=0.810 n_batches=9
INFO sprint6:     [adv] epoch=43 batch_auc_mean=0.600 n_batches=9
INFO sprint6:     [adv] epoch=44 batch_auc_mean=0.237 n_batches=11
INFO sprint6:     [adv] epoch=45 batch_auc_mean=0.142 n_batches=10
INFO sprint6:     [adv] epoch=46 batch_auc_mean=0.152 n_batches=11
INFO sprint6:     [adv] epoch=47 batch_auc_mean=0.138 n_batches=9
INFO sprint6:     [adv] epoch=48 batch_auc_mean=0.173 n_batches=9
INFO sprint6:     [adv] epoch=49 batch_auc_mean=0.277 n_batches=9
INFO sprint6:     [adv] epoch=50 batch_auc_mean=0.512 n_batches=10
INFO sprint6:     [adv] epoch=51 batch_auc_mean=0.863 n_batches=8
INFO sprint6:     [adv] epoch=52 batch_auc_mean=0.756 n_batches=9
INFO sprint6:     [adv] epoch=53 batch_auc_mean=0.719 n_batches=11
INFO sprint6:     [adv] epoch=54 batch_auc_mean=0.457 n_batches=10
INFO sprint6:     [adv] epoch=55 batch_auc_mean=0.105 n_batches=10
INFO sprint6:     [adv] epoch=56 batch_auc_mean=0.077 n_batches=8
INFO sprint6:     [adv] epoch=57 batch_auc_mean=0.075 n_batches=10
INFO sprint6:     [adv] epoch=58 batch_auc_mean=0.120 n_batches=10
INFO sprint6:     [adv] epoch=59 batch_auc_mean=0.464 n_batches=10
INFO sprint6:     [adv] epoch=60 batch_auc_mean=0.819 n_batches=9
INFO sprint6:     [adv] epoch=61 batch_auc_mean=0.887 n_batches=9
INFO sprint6:     [adv] epoch=62 batch_auc_mean=0.811 n_batches=11
INFO sprint6:     [adv] epoch=63 batch_auc_mean=0.836 n_batches=10
INFO sprint6:     [adv] epoch=64 batch_auc_mean=0.795 n_batches=9
INFO sprint6:     [adv] epoch=65 batch_auc_mean=0.630 n_batches=12
INFO sprint6:     [adv] epoch=66 batch_auc_mean=0.604 n_batches=12
INFO sprint6:     [adv] epoch=67 batch_auc_mean=0.280 n_batches=9
INFO sprint6:     [adv] epoch=68 batch_auc_mean=0.152 n_batches=9
INFO sprint6:     [adv] epoch=69 batch_auc_mean=0.067 n_batches=9
INFO sprint6:     [adv] epoch=70 batch_auc_mean=0.131 n_batches=10
INFO sprint6:     [adv] epoch=71 batch_auc_mean=0.118 n_batches=9
INFO sprint6:     [adv] epoch=72 batch_auc_mean=0.515 n_batches=11
INFO sprint6:     [adv] epoch=73 batch_auc_mean=0.876 n_batches=9
INFO sprint6:     [adv] epoch=74 batch_auc_mean=0.828 n_batches=9
INFO sprint6:     [adv] epoch=75 batch_auc_mean=0.692 n_batches=10
INFO sprint6:     [adv] epoch=76 batch_auc_mean=0.684 n_batches=10
INFO sprint6:     [adv] epoch=77 batch_auc_mean=0.654 n_batches=10
INFO sprint6:     [adv] epoch=78 batch_auc_mean=0.439 n_batches=11
INFO sprint6:     [adv] epoch=79 batch_auc_mean=0.359 n_batches=10
INFO sprint6:     [adv] epoch=80 batch_auc_mean=0.322 n_batches=10
INFO sprint6:     [adv] epoch=81 batch_auc_mean=0.173 n_batches=10
INFO sprint6:     [adv] epoch=82 batch_auc_mean=0.270 n_batches=10
INFO sprint6:     [adv] epoch=83 batch_auc_mean=0.356 n_batches=8
INFO sprint6:     [adv] epoch=84 batch_auc_mean=0.232 n_batches=11
INFO sprint6:     [adv] epoch=85 batch_auc_mean=0.327 n_batches=10
INFO sprint6:     [adv] epoch=86 batch_auc_mean=0.317 n_batches=10
INFO sprint6:     [adv] epoch=87 batch_auc_mean=0.722 n_batches=10
INFO sprint6:     [adv] epoch=88 batch_auc_mean=0.838 n_batches=11
INFO sprint6:     [adv] epoch=89 batch_auc_mean=0.671 n_batches=10
INFO sprint6:     [adv] epoch=90 batch_auc_mean=0.661 n_batches=12
INFO sprint6:     [adv] epoch=91 batch_auc_mean=0.498 n_batches=11
INFO sprint6:     [adv] epoch=92 batch_auc_mean=0.451 n_batches=10
INFO sprint6:     [adv] epoch=93 batch_auc_mean=0.234 n_batches=10
INFO sprint6:     [adv] epoch=94 batch_auc_mean=0.122 n_batches=9
INFO sprint6:     [adv] epoch=95 batch_auc_mean=0.187 n_batches=10
INFO sprint6:     [adv] epoch=96 batch_auc_mean=0.157 n_batches=9
INFO sprint6:     [adv] epoch=97 batch_auc_mean=0.067 n_batches=6
INFO sprint6:     [adv] epoch=98 batch_auc_mean=0.362 n_batches=11
INFO sprint6:     [adv] epoch=99 batch_auc_mean=0.672 n_batches=10
INFO sprint6:     [adv] epoch=100 batch_auc_mean=0.773 n_batches=12
INFO sprint6:     [adv] epoch=101 batch_auc_mean=0.847 n_batches=9
INFO sprint6:     [adv] epoch=102 batch_auc_mean=0.729 n_batches=10
INFO sprint6:     [adv] epoch=103 batch_auc_mean=0.643 n_batches=8
INFO sprint6:     [adv] epoch=104 batch_auc_mean=0.543 n_batches=11
INFO sprint6:     [adv] epoch=105 batch_auc_mean=0.425 n_batches=10
INFO sprint6:     [adv] epoch=106 batch_auc_mean=0.484 n_batches=11
INFO sprint6:     [adv] epoch=107 batch_auc_mean=0.398 n_batches=11
INFO sprint6:     [adv] epoch=108 batch_auc_mean=0.390 n_batches=10
INFO sprint6:     [adv] epoch=109 batch_auc_mean=0.382 n_batches=10
INFO sprint6:     [adv] epoch=110 batch_auc_mean=0.268 n_batches=9
INFO sprint6:     [adv] epoch=111 batch_auc_mean=0.147 n_batches=9
INFO sprint6:     [adv] epoch=112 batch_auc_mean=0.195 n_batches=9
INFO sprint6:     [adv] epoch=113 batch_auc_mean=0.623 n_batches=9
INFO sprint6:     [adv] epoch=114 batch_auc_mean=0.688 n_batches=10
INFO sprint6:     [adv] epoch=115 batch_auc_mean=0.671 n_batches=9
INFO sprint6:     [adv] epoch=116 batch_auc_mean=0.748 n_batches=10
INFO sprint6:     [adv] epoch=117 batch_auc_mean=0.539 n_batches=10
INFO sprint6:     [adv] epoch=118 batch_auc_mean=0.498 n_batches=11
INFO sprint6:     [adv] epoch=119 batch_auc_mean=0.392 n_batches=10
INFO sprint6:   fold 3 thr=0.531 AUC=0.9515 Acc=0.9167 Spec=0.8667 F1=0.9394
INFO sprint6:     [adv] epoch=0 batch_auc_mean=0.330 n_batches=11
INFO sprint6:     [adv] epoch=1 batch_auc_mean=0.019 n_batches=9
INFO sprint6:     [adv] epoch=2 batch_auc_mean=0.030 n_batches=11
INFO sprint6:     [adv] epoch=3 batch_auc_mean=0.049 n_batches=11
INFO sprint6:     [adv] epoch=4 batch_auc_mean=0.108 n_batches=11
INFO sprint6:     [adv] epoch=5 batch_auc_mean=0.142 n_batches=11
INFO sprint6:     [adv] epoch=6 batch_auc_mean=0.161 n_batches=9
INFO sprint6:     [adv] epoch=7 batch_auc_mean=0.162 n_batches=12
INFO sprint6:     [adv] epoch=8 batch_auc_mean=0.117 n_batches=10
INFO sprint6:     [adv] epoch=9 batch_auc_mean=0.109 n_batches=11
INFO sprint6:     [adv] epoch=10 batch_auc_mean=0.071 n_batches=11
INFO sprint6:     [adv] epoch=11 batch_auc_mean=0.046 n_batches=10
INFO sprint6:     [adv] epoch=12 batch_auc_mean=0.240 n_batches=7
INFO sprint6:     [adv] epoch=13 batch_auc_mean=0.468 n_batches=11
INFO sprint6:     [adv] epoch=14 batch_auc_mean=0.801 n_batches=10
INFO sprint6:     [adv] epoch=15 batch_auc_mean=0.496 n_batches=10
INFO sprint6:     [adv] epoch=16 batch_auc_mean=0.354 n_batches=10
INFO sprint6:     [adv] epoch=17 batch_auc_mean=0.166 n_batches=10
INFO sprint6:     [adv] epoch=18 batch_auc_mean=0.132 n_batches=10
INFO sprint6:     [adv] epoch=19 batch_auc_mean=0.078 n_batches=8
INFO sprint6:     [adv] epoch=20 batch_auc_mean=0.053 n_batches=11
INFO sprint6:     [adv] epoch=21 batch_auc_mean=0.250 n_batches=10
INFO sprint6:     [adv] epoch=22 batch_auc_mean=0.786 n_batches=10
INFO sprint6:     [adv] epoch=23 batch_auc_mean=0.750 n_batches=8
INFO sprint6:     [adv] epoch=24 batch_auc_mean=0.844 n_batches=11
INFO sprint6:     [adv] epoch=25 batch_auc_mean=0.438 n_batches=9
INFO sprint6:     [adv] epoch=26 batch_auc_mean=0.177 n_batches=9
INFO sprint6:     [adv] epoch=27 batch_auc_mean=0.406 n_batches=10
INFO sprint6:     [adv] epoch=28 batch_auc_mean=0.437 n_batches=10
INFO sprint6:     [adv] epoch=29 batch_auc_mean=0.177 n_batches=8
INFO sprint6:     [adv] epoch=30 batch_auc_mean=0.324 n_batches=10
INFO sprint6:     [adv] epoch=31 batch_auc_mean=0.864 n_batches=11
INFO sprint6:     [adv] epoch=32 batch_auc_mean=0.789 n_batches=11
INFO sprint6:     [adv] epoch=33 batch_auc_mean=0.668 n_batches=11
INFO sprint6:     [adv] epoch=34 batch_auc_mean=0.231 n_batches=9
INFO sprint6:     [adv] epoch=35 batch_auc_mean=0.292 n_batches=11
INFO sprint6:     [adv] epoch=36 batch_auc_mean=0.050 n_batches=10
INFO sprint6:     [adv] epoch=37 batch_auc_mean=0.011 n_batches=11
INFO sprint6:     [adv] epoch=38 batch_auc_mean=0.064 n_batches=11
INFO sprint6:     [adv] epoch=39 batch_auc_mean=0.487 n_batches=10
INFO sprint6:     [adv] epoch=40 batch_auc_mean=0.858 n_batches=9
INFO sprint6:     [adv] epoch=41 batch_auc_mean=0.970 n_batches=11
INFO sprint6:     [adv] epoch=42 batch_auc_mean=0.930 n_batches=10
INFO sprint6:     [adv] epoch=43 batch_auc_mean=0.873 n_batches=10
INFO sprint6:     [adv] epoch=44 batch_auc_mean=0.116 n_batches=9
INFO sprint6:     [adv] epoch=45 batch_auc_mean=0.033 n_batches=10
INFO sprint6:     [adv] epoch=46 batch_auc_mean=0.031 n_batches=11
INFO sprint6:     [adv] epoch=47 batch_auc_mean=0.000 n_batches=9
INFO sprint6:     [adv] epoch=48 batch_auc_mean=0.027 n_batches=11
INFO sprint6:     [adv] epoch=49 batch_auc_mean=0.136 n_batches=11
INFO sprint6:     [adv] epoch=50 batch_auc_mean=0.782 n_batches=11
INFO sprint6:     [adv] epoch=51 batch_auc_mean=0.917 n_batches=9
INFO sprint6:     [adv] epoch=52 batch_auc_mean=0.618 n_batches=10
INFO sprint6:     [adv] epoch=53 batch_auc_mean=0.359 n_batches=10
INFO sprint6:     [adv] epoch=54 batch_auc_mean=0.035 n_batches=8
INFO sprint6:     [adv] epoch=55 batch_auc_mean=0.120 n_batches=9
INFO sprint6:     [adv] epoch=56 batch_auc_mean=0.555 n_batches=12
INFO sprint6:     [adv] epoch=57 batch_auc_mean=0.951 n_batches=9
INFO sprint6:     [adv] epoch=58 batch_auc_mean=0.823 n_batches=11
INFO sprint6:     [adv] epoch=59 batch_auc_mean=0.413 n_batches=9
INFO sprint6:     [adv] epoch=60 batch_auc_mean=0.104 n_batches=10
INFO sprint6:     [adv] epoch=61 batch_auc_mean=0.000 n_batches=9
INFO sprint6:     [adv] epoch=62 batch_auc_mean=0.021 n_batches=12
INFO sprint6:     [adv] epoch=63 batch_auc_mean=0.060 n_batches=9
INFO sprint6:     [adv] epoch=64 batch_auc_mean=0.449 n_batches=11
INFO sprint6:     [adv] epoch=65 batch_auc_mean=0.796 n_batches=9
INFO sprint6:     [adv] epoch=66 batch_auc_mean=0.905 n_batches=10
INFO sprint6:     [adv] epoch=67 batch_auc_mean=0.766 n_batches=11
INFO sprint6:     [adv] epoch=68 batch_auc_mean=0.471 n_batches=10
INFO sprint6:     [adv] epoch=69 batch_auc_mean=0.393 n_batches=10
INFO sprint6:     [adv] epoch=70 batch_auc_mean=0.423 n_batches=12
INFO sprint6:     [adv] epoch=71 batch_auc_mean=0.663 n_batches=9
INFO sprint6:     [adv] epoch=72 batch_auc_mean=0.768 n_batches=12
INFO sprint6:     [adv] epoch=73 batch_auc_mean=0.652 n_batches=11
INFO sprint6:     [adv] epoch=74 batch_auc_mean=0.467 n_batches=9
INFO sprint6:     [adv] epoch=75 batch_auc_mean=0.286 n_batches=9
INFO sprint6:     [adv] epoch=76 batch_auc_mean=0.631 n_batches=10
INFO sprint6:     [adv] epoch=77 batch_auc_mean=0.648 n_batches=10
INFO sprint6:     [adv] epoch=78 batch_auc_mean=0.747 n_batches=11
INFO sprint6:     [adv] epoch=79 batch_auc_mean=0.800 n_batches=10
INFO sprint6:     [adv] epoch=80 batch_auc_mean=0.695 n_batches=11
INFO sprint6:   fold 4 thr=0.375 AUC=0.9162 Acc=0.8800 Spec=0.7647 F1=0.9118
INFO sprint6:     [adv] epoch=0 batch_auc_mean=0.335 n_batches=9
INFO sprint6:     [adv] epoch=1 batch_auc_mean=0.114 n_batches=9
INFO sprint6:     [adv] epoch=2 batch_auc_mean=0.075 n_batches=9
INFO sprint6:     [adv] epoch=3 batch_auc_mean=0.020 n_batches=10
INFO sprint6:     [adv] epoch=4 batch_auc_mean=0.144 n_batches=11
INFO sprint6:     [adv] epoch=5 batch_auc_mean=0.049 n_batches=11
INFO sprint6:     [adv] epoch=6 batch_auc_mean=0.696 n_batches=12
INFO sprint6:     [adv] epoch=7 batch_auc_mean=0.936 n_batches=9
INFO sprint6:     [adv] epoch=8 batch_auc_mean=0.868 n_batches=8
INFO sprint6:     [adv] epoch=9 batch_auc_mean=0.233 n_batches=10
INFO sprint6:     [adv] epoch=10 batch_auc_mean=0.068 n_batches=10
INFO sprint6:     [adv] epoch=11 batch_auc_mean=0.015 n_batches=9
INFO sprint6:     [adv] epoch=12 batch_auc_mean=0.367 n_batches=10
INFO sprint6:     [adv] epoch=13 batch_auc_mean=0.972 n_batches=10
INFO sprint6:     [adv] epoch=14 batch_auc_mean=0.927 n_batches=9
INFO sprint6:     [adv] epoch=15 batch_auc_mean=0.878 n_batches=11
INFO sprint6:     [adv] epoch=16 batch_auc_mean=0.689 n_batches=12
INFO sprint6:     [adv] epoch=17 batch_auc_mean=0.415 n_batches=10
INFO sprint6:     [adv] epoch=18 batch_auc_mean=0.098 n_batches=11
INFO sprint6:     [adv] epoch=19 batch_auc_mean=0.040 n_batches=9
INFO sprint6:     [adv] epoch=20 batch_auc_mean=0.115 n_batches=11
INFO sprint6:     [adv] epoch=21 batch_auc_mean=0.368 n_batches=12
INFO sprint6:     [adv] epoch=22 batch_auc_mean=0.932 n_batches=10
INFO sprint6:     [adv] epoch=23 batch_auc_mean=0.875 n_batches=10
INFO sprint6:     [adv] epoch=24 batch_auc_mean=0.877 n_batches=8
INFO sprint6:     [adv] epoch=25 batch_auc_mean=0.589 n_batches=9
INFO sprint6:     [adv] epoch=26 batch_auc_mean=0.138 n_batches=11
INFO sprint6:     [adv] epoch=27 batch_auc_mean=0.135 n_batches=11
INFO sprint6:     [adv] epoch=28 batch_auc_mean=0.059 n_batches=9
INFO sprint6:     [adv] epoch=29 batch_auc_mean=0.065 n_batches=10
INFO sprint6:     [adv] epoch=30 batch_auc_mean=0.645 n_batches=9
INFO sprint6:     [adv] epoch=31 batch_auc_mean=0.830 n_batches=9
INFO sprint6:     [adv] epoch=32 batch_auc_mean=0.780 n_batches=10
INFO sprint6:     [adv] epoch=33 batch_auc_mean=0.909 n_batches=11
INFO sprint6:     [adv] epoch=34 batch_auc_mean=0.914 n_batches=9
INFO sprint6:     [adv] epoch=35 batch_auc_mean=0.830 n_batches=11
INFO sprint6:     [adv] epoch=36 batch_auc_mean=0.762 n_batches=9
INFO sprint6:     [adv] epoch=37 batch_auc_mean=0.676 n_batches=11
INFO sprint6:     [adv] epoch=38 batch_auc_mean=0.511 n_batches=9
INFO sprint6:     [adv] epoch=39 batch_auc_mean=0.401 n_batches=10
INFO sprint6:     [adv] epoch=40 batch_auc_mean=0.389 n_batches=10
INFO sprint6:     [adv] epoch=41 batch_auc_mean=0.125 n_batches=12
INFO sprint6:     [adv] epoch=42 batch_auc_mean=0.104 n_batches=9
INFO sprint6:     [adv] epoch=43 batch_auc_mean=0.272 n_batches=10
INFO sprint6:     [adv] epoch=44 batch_auc_mean=0.734 n_batches=10
INFO sprint6:     [adv] epoch=45 batch_auc_mean=0.909 n_batches=11
INFO sprint6:     [adv] epoch=46 batch_auc_mean=0.585 n_batches=11
INFO sprint6:     [adv] epoch=47 batch_auc_mean=0.150 n_batches=10
INFO sprint6:     [adv] epoch=48 batch_auc_mean=0.162 n_batches=9
INFO sprint6:     [adv] epoch=49 batch_auc_mean=0.522 n_batches=10
INFO sprint6:     [adv] epoch=50 batch_auc_mean=0.675 n_batches=10
INFO sprint6:     [adv] epoch=51 batch_auc_mean=0.906 n_batches=11
INFO sprint6:     [adv] epoch=52 batch_auc_mean=0.958 n_batches=11
INFO sprint6:     [adv] epoch=53 batch_auc_mean=0.883 n_batches=10
INFO sprint6:     [adv] epoch=54 batch_auc_mean=0.870 n_batches=11
INFO sprint6:     [adv] epoch=55 batch_auc_mean=0.812 n_batches=9
INFO sprint6:     [adv] epoch=56 batch_auc_mean=0.412 n_batches=9
INFO sprint6:     [adv] epoch=57 batch_auc_mean=0.088 n_batches=12
INFO sprint6:     [adv] epoch=58 batch_auc_mean=0.137 n_batches=11
INFO sprint6:     [adv] epoch=59 batch_auc_mean=0.052 n_batches=9
INFO sprint6:     [adv] epoch=60 batch_auc_mean=0.104 n_batches=8
INFO sprint6:     [adv] epoch=61 batch_auc_mean=0.117 n_batches=10
INFO sprint6:     [adv] epoch=62 batch_auc_mean=0.220 n_batches=11
INFO sprint6:     [adv] epoch=63 batch_auc_mean=0.779 n_batches=10
INFO sprint6:     [adv] epoch=64 batch_auc_mean=0.917 n_batches=10
INFO sprint6:     [adv] epoch=65 batch_auc_mean=0.981 n_batches=9
INFO sprint6:     [adv] epoch=66 batch_auc_mean=0.946 n_batches=10
INFO sprint6:     [adv] epoch=67 batch_auc_mean=0.930 n_batches=8
INFO sprint6:     [adv] epoch=68 batch_auc_mean=0.825 n_batches=10
INFO sprint6:     [adv] epoch=69 batch_auc_mean=0.802 n_batches=10
INFO sprint6:     [adv] epoch=70 batch_auc_mean=0.683 n_batches=10
INFO sprint6:     [adv] epoch=71 batch_auc_mean=0.472 n_batches=9
INFO sprint6:     [adv] epoch=72 batch_auc_mean=0.161 n_batches=12
INFO sprint6:     [adv] epoch=73 batch_auc_mean=0.055 n_batches=11
INFO sprint6:     [adv] epoch=74 batch_auc_mean=0.120 n_batches=9
INFO sprint6:     [adv] epoch=75 batch_auc_mean=0.168 n_batches=11
INFO sprint6:     [adv] epoch=76 batch_auc_mean=0.378 n_batches=9
INFO sprint6:     [adv] epoch=77 batch_auc_mean=0.778 n_batches=9
INFO sprint6:     [adv] epoch=78 batch_auc_mean=0.934 n_batches=12
INFO sprint6:   fold 5 thr=0.517 AUC=0.8996 Acc=0.8163 Spec=0.8750 F1=0.8525
INFO sprint6: saved outputs/sprint6_arm_a_grlfix_l5.0_s1042/sprint6_results.json

========================================================================================================================
SPRINT 6 SUMMARY (arm=arm_a)
========================================================================================================================
baseline   gcn_only         0.9020+/-0.0313 0.8683+/-0.0333 0.9126+/-0.0191 0.8896+/-0.0562 0.8998+/-0.0287 0.8260+/-0.0412  pooled=0.8515
