[ROUND10 GRL] loaded 282 protocol labels
INFO sprint6: [config] arm=arm_a device=cuda epochs=120
INFO sprint6: [config] augment=['edge_drop', 'feature_mask'] pa_ao=False residual=False
INFO sprint6: [baseline] matched=243 (pos=163 neg=80) has_rad=92 cache_miss=39 rad_miss=0
INFO sprint6: === mode=gcn_only gcn_in=13 global_dim=0 aug=['edge_drop', 'feature_mask'] res=False jk=none repeats=1 ===
INFO sprint6:     [adv] epoch=0 batch_auc_mean=0.339 n_batches=10
INFO sprint6:     [adv] epoch=1 batch_auc_mean=0.122 n_batches=9
INFO sprint6:     [adv] epoch=2 batch_auc_mean=0.211 n_batches=9
INFO sprint6:     [adv] epoch=3 batch_auc_mean=0.100 n_batches=11
INFO sprint6:     [adv] epoch=4 batch_auc_mean=0.133 n_batches=11
INFO sprint6:     [adv] epoch=5 batch_auc_mean=0.175 n_batches=10
INFO sprint6:     [adv] epoch=6 batch_auc_mean=0.164 n_batches=8
INFO sprint6:     [adv] epoch=7 batch_auc_mean=0.373 n_batches=10
INFO sprint6:     [adv] epoch=8 batch_auc_mean=0.907 n_batches=9
INFO sprint6:     [adv] epoch=9 batch_auc_mean=0.748 n_batches=10
INFO sprint6:     [adv] epoch=10 batch_auc_mean=0.279 n_batches=10
INFO sprint6:     [adv] epoch=11 batch_auc_mean=0.194 n_batches=11
INFO sprint6:     [adv] epoch=12 batch_auc_mean=0.493 n_batches=11
INFO sprint6:     [adv] epoch=13 batch_auc_mean=0.627 n_batches=10
INFO sprint6:     [adv] epoch=14 batch_auc_mean=0.642 n_batches=10
INFO sprint6:     [adv] epoch=15 batch_auc_mean=0.240 n_batches=10
INFO sprint6:     [adv] epoch=16 batch_auc_mean=0.043 n_batches=10
INFO sprint6:     [adv] epoch=17 batch_auc_mean=0.109 n_batches=11
INFO sprint6:     [adv] epoch=18 batch_auc_mean=0.058 n_batches=11
INFO sprint6:     [adv] epoch=19 batch_auc_mean=0.262 n_batches=9
INFO sprint6:     [adv] epoch=20 batch_auc_mean=0.734 n_batches=11
INFO sprint6:     [adv] epoch=21 batch_auc_mean=0.593 n_batches=12
INFO sprint6:     [adv] epoch=22 batch_auc_mean=0.334 n_batches=9
INFO sprint6:     [adv] epoch=23 batch_auc_mean=0.201 n_batches=8
INFO sprint6:     [adv] epoch=24 batch_auc_mean=0.078 n_batches=10
INFO sprint6:     [adv] epoch=25 batch_auc_mean=0.104 n_batches=11
INFO sprint6:     [adv] epoch=26 batch_auc_mean=0.674 n_batches=11
INFO sprint6:     [adv] epoch=27 batch_auc_mean=0.650 n_batches=11
INFO sprint6:     [adv] epoch=28 batch_auc_mean=0.358 n_batches=11
INFO sprint6:     [adv] epoch=29 batch_auc_mean=0.079 n_batches=11
INFO sprint6:     [adv] epoch=30 batch_auc_mean=0.120 n_batches=11
INFO sprint6:     [adv] epoch=31 batch_auc_mean=0.111 n_batches=10
INFO sprint6:     [adv] epoch=32 batch_auc_mean=0.082 n_batches=9
INFO sprint6:     [adv] epoch=33 batch_auc_mean=0.098 n_batches=11
INFO sprint6:     [adv] epoch=34 batch_auc_mean=0.244 n_batches=8
INFO sprint6:     [adv] epoch=35 batch_auc_mean=0.108 n_batches=10
INFO sprint6:     [adv] epoch=36 batch_auc_mean=0.104 n_batches=9
INFO sprint6:     [adv] epoch=37 batch_auc_mean=0.452 n_batches=10
INFO sprint6:     [adv] epoch=38 batch_auc_mean=0.136 n_batches=10
INFO sprint6:     [adv] epoch=39 batch_auc_mean=0.171 n_batches=8
INFO sprint6:     [adv] epoch=40 batch_auc_mean=0.252 n_batches=10
INFO sprint6:     [adv] epoch=41 batch_auc_mean=0.202 n_batches=11
INFO sprint6:     [adv] epoch=42 batch_auc_mean=0.172 n_batches=9
INFO sprint6:     [adv] epoch=43 batch_auc_mean=0.150 n_batches=10
INFO sprint6:     [adv] epoch=44 batch_auc_mean=0.175 n_batches=10
INFO sprint6:     [adv] epoch=45 batch_auc_mean=0.400 n_batches=10
INFO sprint6:     [adv] epoch=46 batch_auc_mean=0.607 n_batches=9
INFO sprint6:     [adv] epoch=47 batch_auc_mean=0.615 n_batches=9
INFO sprint6:     [adv] epoch=48 batch_auc_mean=0.305 n_batches=7
INFO sprint6:     [adv] epoch=49 batch_auc_mean=0.122 n_batches=10
INFO sprint6:     [adv] epoch=50 batch_auc_mean=0.042 n_batches=9
INFO sprint6:     [adv] epoch=51 batch_auc_mean=0.108 n_batches=10
INFO sprint6:     [adv] epoch=52 batch_auc_mean=0.064 n_batches=11
INFO sprint6:     [adv] epoch=53 batch_auc_mean=0.220 n_batches=9
INFO sprint6:     [adv] epoch=54 batch_auc_mean=0.152 n_batches=10
INFO sprint6:     [adv] epoch=55 batch_auc_mean=0.046 n_batches=10
INFO sprint6:     [adv] epoch=56 batch_auc_mean=0.094 n_batches=10
INFO sprint6:     [adv] epoch=57 batch_auc_mean=0.042 n_batches=10
INFO sprint6:     [adv] epoch=58 batch_auc_mean=0.315 n_batches=9
INFO sprint6:     [adv] epoch=59 batch_auc_mean=0.758 n_batches=10
INFO sprint6:     [adv] epoch=60 batch_auc_mean=0.860 n_batches=9
INFO sprint6:     [adv] epoch=61 batch_auc_mean=0.848 n_batches=10
INFO sprint6:     [adv] epoch=62 batch_auc_mean=0.454 n_batches=9
INFO sprint6:     [adv] epoch=63 batch_auc_mean=0.408 n_batches=10
INFO sprint6:     [adv] epoch=64 batch_auc_mean=0.330 n_batches=12
INFO sprint6:     [adv] epoch=65 batch_auc_mean=0.150 n_batches=10
INFO sprint6:   fold 1 thr=0.426 AUC=0.8971 Acc=0.9184 Spec=0.8235 F1=0.9394
INFO sprint6:     [adv] epoch=0 batch_auc_mean=0.290 n_batches=11
INFO sprint6:     [adv] epoch=1 batch_auc_mean=0.074 n_batches=9
INFO sprint6:     [adv] epoch=2 batch_auc_mean=0.175 n_batches=9
INFO sprint6:     [adv] epoch=3 batch_auc_mean=0.071 n_batches=11
INFO sprint6:     [adv] epoch=4 batch_auc_mean=0.061 n_batches=11
INFO sprint6:     [adv] epoch=5 batch_auc_mean=0.144 n_batches=9
INFO sprint6:     [adv] epoch=6 batch_auc_mean=0.054 n_batches=10
INFO sprint6:     [adv] epoch=7 batch_auc_mean=0.508 n_batches=10
INFO sprint6:     [adv] epoch=8 batch_auc_mean=0.910 n_batches=10
INFO sprint6:     [adv] epoch=9 batch_auc_mean=0.659 n_batches=10
INFO sprint6:     [adv] epoch=10 batch_auc_mean=0.402 n_batches=12
INFO sprint6:     [adv] epoch=11 batch_auc_mean=0.197 n_batches=10
INFO sprint6:     [adv] epoch=12 batch_auc_mean=0.157 n_batches=10
INFO sprint6:     [adv] epoch=13 batch_auc_mean=0.093 n_batches=11
INFO sprint6:     [adv] epoch=14 batch_auc_mean=0.083 n_batches=11
INFO sprint6:     [adv] epoch=15 batch_auc_mean=0.210 n_batches=10
INFO sprint6:     [adv] epoch=16 batch_auc_mean=0.547 n_batches=11
INFO sprint6:     [adv] epoch=17 batch_auc_mean=0.415 n_batches=9
INFO sprint6:     [adv] epoch=18 batch_auc_mean=0.332 n_batches=11
INFO sprint6:     [adv] epoch=19 batch_auc_mean=0.017 n_batches=10
INFO sprint6:     [adv] epoch=20 batch_auc_mean=0.081 n_batches=9
INFO sprint6:     [adv] epoch=21 batch_auc_mean=0.245 n_batches=11
INFO sprint6:     [adv] epoch=22 batch_auc_mean=0.708 n_batches=11
INFO sprint6:     [adv] epoch=23 batch_auc_mean=0.713 n_batches=10
INFO sprint6:     [adv] epoch=24 batch_auc_mean=0.676 n_batches=9
INFO sprint6:     [adv] epoch=25 batch_auc_mean=0.285 n_batches=11
INFO sprint6:     [adv] epoch=26 batch_auc_mean=0.200 n_batches=10
INFO sprint6:     [adv] epoch=27 batch_auc_mean=0.182 n_batches=11
INFO sprint6:     [adv] epoch=28 batch_auc_mean=0.465 n_batches=11
INFO sprint6:     [adv] epoch=29 batch_auc_mean=0.849 n_batches=10
INFO sprint6:     [adv] epoch=30 batch_auc_mean=0.726 n_batches=11
INFO sprint6:     [adv] epoch=31 batch_auc_mean=0.317 n_batches=8
INFO sprint6:     [adv] epoch=32 batch_auc_mean=0.214 n_batches=11
INFO sprint6:     [adv] epoch=33 batch_auc_mean=0.068 n_batches=11
INFO sprint6:     [adv] epoch=34 batch_auc_mean=0.092 n_batches=10
INFO sprint6:     [adv] epoch=35 batch_auc_mean=0.302 n_batches=10
INFO sprint6:     [adv] epoch=36 batch_auc_mean=0.788 n_batches=11
INFO sprint6:     [adv] epoch=37 batch_auc_mean=0.725 n_batches=10
INFO sprint6:     [adv] epoch=38 batch_auc_mean=0.401 n_batches=10
INFO sprint6:     [adv] epoch=39 batch_auc_mean=0.226 n_batches=11
INFO sprint6:     [adv] epoch=40 batch_auc_mean=0.075 n_batches=11
INFO sprint6:     [adv] epoch=41 batch_auc_mean=0.242 n_batches=11
INFO sprint6:     [adv] epoch=42 batch_auc_mean=0.868 n_batches=11
INFO sprint6:     [adv] epoch=43 batch_auc_mean=0.842 n_batches=9
INFO sprint6:     [adv] epoch=44 batch_auc_mean=0.678 n_batches=10
INFO sprint6:     [adv] epoch=45 batch_auc_mean=0.107 n_batches=11
INFO sprint6:     [adv] epoch=46 batch_auc_mean=0.140 n_batches=11
INFO sprint6:     [adv] epoch=47 batch_auc_mean=0.151 n_batches=9
INFO sprint6:     [adv] epoch=48 batch_auc_mean=0.106 n_batches=10
INFO sprint6:     [adv] epoch=49 batch_auc_mean=0.202 n_batches=11
INFO sprint6:     [adv] epoch=50 batch_auc_mean=0.092 n_batches=12
INFO sprint6:     [adv] epoch=51 batch_auc_mean=0.356 n_batches=10
INFO sprint6:     [adv] epoch=52 batch_auc_mean=0.694 n_batches=10
INFO sprint6:     [adv] epoch=53 batch_auc_mean=0.853 n_batches=11
INFO sprint6:     [adv] epoch=54 batch_auc_mean=0.785 n_batches=11
INFO sprint6:     [adv] epoch=55 batch_auc_mean=0.735 n_batches=11
INFO sprint6:     [adv] epoch=56 batch_auc_mean=0.499 n_batches=11
INFO sprint6:     [adv] epoch=57 batch_auc_mean=0.207 n_batches=10
INFO sprint6:     [adv] epoch=58 batch_auc_mean=0.114 n_batches=11
INFO sprint6:     [adv] epoch=59 batch_auc_mean=0.122 n_batches=8
INFO sprint6:     [adv] epoch=60 batch_auc_mean=0.286 n_batches=11
INFO sprint6:     [adv] epoch=61 batch_auc_mean=0.426 n_batches=11
INFO sprint6:     [adv] epoch=62 batch_auc_mean=0.633 n_batches=10
INFO sprint6:     [adv] epoch=63 batch_auc_mean=0.653 n_batches=12
INFO sprint6:     [adv] epoch=64 batch_auc_mean=0.698 n_batches=8
INFO sprint6:     [adv] epoch=65 batch_auc_mean=0.841 n_batches=9
INFO sprint6:     [adv] epoch=66 batch_auc_mean=0.875 n_batches=9
INFO sprint6:     [adv] epoch=67 batch_auc_mean=0.694 n_batches=10
INFO sprint6:     [adv] epoch=68 batch_auc_mean=0.268 n_batches=12
INFO sprint6:     [adv] epoch=69 batch_auc_mean=0.347 n_batches=9
INFO sprint6:     [adv] epoch=70 batch_auc_mean=0.374 n_batches=11
INFO sprint6:     [adv] epoch=71 batch_auc_mean=0.278 n_batches=12
INFO sprint6:     [adv] epoch=72 batch_auc_mean=0.249 n_batches=10
INFO sprint6:     [adv] epoch=73 batch_auc_mean=0.635 n_batches=10
INFO sprint6:     [adv] epoch=74 batch_auc_mean=0.557 n_batches=10
INFO sprint6:     [adv] epoch=75 batch_auc_mean=0.598 n_batches=8
INFO sprint6:     [adv] epoch=76 batch_auc_mean=0.391 n_batches=10
INFO sprint6:     [adv] epoch=77 batch_auc_mean=0.526 n_batches=11
INFO sprint6:     [adv] epoch=78 batch_auc_mean=0.349 n_batches=11
INFO sprint6:     [adv] epoch=79 batch_auc_mean=0.207 n_batches=11
INFO sprint6:     [adv] epoch=80 batch_auc_mean=0.189 n_batches=11
INFO sprint6:     [adv] epoch=81 batch_auc_mean=0.102 n_batches=9
INFO sprint6:     [adv] epoch=82 batch_auc_mean=0.538 n_batches=11
INFO sprint6:     [adv] epoch=83 batch_auc_mean=0.775 n_batches=10
INFO sprint6:     [adv] epoch=84 batch_auc_mean=0.767 n_batches=10
INFO sprint6:   fold 2 thr=0.478 AUC=0.8979 Acc=0.8723 Spec=0.9333 F1=0.9000
INFO sprint6:     [adv] epoch=0 batch_auc_mean=0.417 n_batches=8
INFO sprint6:     [adv] epoch=1 batch_auc_mean=0.198 n_batches=10
INFO sprint6:     [adv] epoch=2 batch_auc_mean=0.253 n_batches=8
INFO sprint6:     [adv] epoch=3 batch_auc_mean=0.194 n_batches=11
INFO sprint6:     [adv] epoch=4 batch_auc_mean=0.500 n_batches=8
INFO sprint6:     [adv] epoch=5 batch_auc_mean=0.606 n_batches=10
INFO sprint6:     [adv] epoch=6 batch_auc_mean=0.183 n_batches=9
INFO sprint6:     [adv] epoch=7 batch_auc_mean=0.176 n_batches=9
INFO sprint6:     [adv] epoch=8 batch_auc_mean=0.189 n_batches=11
INFO sprint6:     [adv] epoch=9 batch_auc_mean=0.320 n_batches=9
INFO sprint6:     [adv] epoch=10 batch_auc_mean=0.612 n_batches=9
INFO sprint6:     [adv] epoch=11 batch_auc_mean=0.170 n_batches=10
INFO sprint6:     [adv] epoch=12 batch_auc_mean=0.127 n_batches=12
INFO sprint6:     [adv] epoch=13 batch_auc_mean=0.100 n_batches=11
INFO sprint6:     [adv] epoch=14 batch_auc_mean=0.399 n_batches=11
INFO sprint6:     [adv] epoch=15 batch_auc_mean=0.633 n_batches=10
INFO sprint6:     [adv] epoch=16 batch_auc_mean=0.309 n_batches=10
INFO sprint6:     [adv] epoch=17 batch_auc_mean=0.278 n_batches=10
INFO sprint6:     [adv] epoch=18 batch_auc_mean=0.476 n_batches=10
INFO sprint6:     [adv] epoch=19 batch_auc_mean=0.381 n_batches=8
INFO sprint6:     [adv] epoch=20 batch_auc_mean=0.677 n_batches=11
INFO sprint6:     [adv] epoch=21 batch_auc_mean=0.873 n_batches=11
INFO sprint6:     [adv] epoch=22 batch_auc_mean=0.709 n_batches=12
INFO sprint6:     [adv] epoch=23 batch_auc_mean=0.305 n_batches=10
INFO sprint6:     [adv] epoch=24 batch_auc_mean=0.187 n_batches=12
INFO sprint6:     [adv] epoch=25 batch_auc_mean=0.104 n_batches=11
INFO sprint6:     [adv] epoch=26 batch_auc_mean=0.086 n_batches=10
INFO sprint6:     [adv] epoch=27 batch_auc_mean=0.144 n_batches=8
INFO sprint6:     [adv] epoch=28 batch_auc_mean=0.641 n_batches=11
INFO sprint6:     [adv] epoch=29 batch_auc_mean=0.597 n_batches=10
INFO sprint6:     [adv] epoch=30 batch_auc_mean=0.296 n_batches=12
INFO sprint6:     [adv] epoch=31 batch_auc_mean=0.073 n_batches=10
INFO sprint6:     [adv] epoch=32 batch_auc_mean=0.251 n_batches=10
INFO sprint6:     [adv] epoch=33 batch_auc_mean=0.698 n_batches=10
INFO sprint6:     [adv] epoch=34 batch_auc_mean=0.955 n_batches=9
INFO sprint6:     [adv] epoch=35 batch_auc_mean=0.874 n_batches=11
INFO sprint6:     [adv] epoch=36 batch_auc_mean=0.578 n_batches=10
INFO sprint6:     [adv] epoch=37 batch_auc_mean=0.130 n_batches=10
INFO sprint6:     [adv] epoch=38 batch_auc_mean=0.109 n_batches=9
INFO sprint6:     [adv] epoch=39 batch_auc_mean=0.071 n_batches=11
INFO sprint6:     [adv] epoch=40 batch_auc_mean=0.066 n_batches=12
INFO sprint6:     [adv] epoch=41 batch_auc_mean=0.287 n_batches=10
INFO sprint6:     [adv] epoch=42 batch_auc_mean=0.838 n_batches=9
INFO sprint6:     [adv] epoch=43 batch_auc_mean=0.885 n_batches=8
INFO sprint6:     [adv] epoch=44 batch_auc_mean=0.823 n_batches=10
INFO sprint6:     [adv] epoch=45 batch_auc_mean=0.806 n_batches=9
INFO sprint6:     [adv] epoch=46 batch_auc_mean=0.562 n_batches=10
INFO sprint6:     [adv] epoch=47 batch_auc_mean=0.321 n_batches=11
INFO sprint6:     [adv] epoch=48 batch_auc_mean=0.141 n_batches=11
INFO sprint6:     [adv] epoch=49 batch_auc_mean=0.149 n_batches=10
INFO sprint6:     [adv] epoch=50 batch_auc_mean=0.124 n_batches=10
INFO sprint6:     [adv] epoch=51 batch_auc_mean=0.532 n_batches=10
INFO sprint6:     [adv] epoch=52 batch_auc_mean=0.941 n_batches=11
INFO sprint6:     [adv] epoch=53 batch_auc_mean=0.900 n_batches=10
INFO sprint6:     [adv] epoch=54 batch_auc_mean=0.874 n_batches=12
INFO sprint6:     [adv] epoch=55 batch_auc_mean=0.605 n_batches=10
INFO sprint6:     [adv] epoch=56 batch_auc_mean=0.366 n_batches=11
INFO sprint6:     [adv] epoch=57 batch_auc_mean=0.151 n_batches=8
INFO sprint6:     [adv] epoch=58 batch_auc_mean=0.115 n_batches=9
INFO sprint6:     [adv] epoch=59 batch_auc_mean=0.110 n_batches=11
INFO sprint6:     [adv] epoch=60 batch_auc_mean=0.079 n_batches=10
INFO sprint6:     [adv] epoch=61 batch_auc_mean=0.118 n_batches=9
INFO sprint6:     [adv] epoch=62 batch_auc_mean=0.440 n_batches=9
INFO sprint6:     [adv] epoch=63 batch_auc_mean=0.752 n_batches=9
INFO sprint6:     [adv] epoch=64 batch_auc_mean=0.878 n_batches=10
INFO sprint6:     [adv] epoch=65 batch_auc_mean=0.578 n_batches=9
INFO sprint6:     [adv] epoch=66 batch_auc_mean=0.145 n_batches=8
INFO sprint6:     [adv] epoch=67 batch_auc_mean=0.413 n_batches=11
INFO sprint6:     [adv] epoch=68 batch_auc_mean=0.513 n_batches=10
INFO sprint6:     [adv] epoch=69 batch_auc_mean=0.491 n_batches=9
INFO sprint6:     [adv] epoch=70 batch_auc_mean=0.609 n_batches=10
INFO sprint6:     [adv] epoch=71 batch_auc_mean=0.562 n_batches=10
INFO sprint6:     [adv] epoch=72 batch_auc_mean=0.436 n_batches=11
INFO sprint6:     [adv] epoch=73 batch_auc_mean=0.483 n_batches=11
INFO sprint6:     [adv] epoch=74 batch_auc_mean=0.344 n_batches=11
INFO sprint6:     [adv] epoch=75 batch_auc_mean=0.423 n_batches=12
INFO sprint6:     [adv] epoch=76 batch_auc_mean=0.431 n_batches=8
INFO sprint6:     [adv] epoch=77 batch_auc_mean=0.605 n_batches=11
INFO sprint6:     [adv] epoch=78 batch_auc_mean=0.644 n_batches=11
INFO sprint6:     [adv] epoch=79 batch_auc_mean=0.782 n_batches=11
INFO sprint6:     [adv] epoch=80 batch_auc_mean=0.632 n_batches=7
INFO sprint6:     [adv] epoch=81 batch_auc_mean=0.436 n_batches=8
INFO sprint6:     [adv] epoch=82 batch_auc_mean=0.532 n_batches=11
INFO sprint6:     [adv] epoch=83 batch_auc_mean=0.074 n_batches=9
INFO sprint6:     [adv] epoch=84 batch_auc_mean=0.044 n_batches=9
INFO sprint6:     [adv] epoch=85 batch_auc_mean=0.111 n_batches=8
INFO sprint6:     [adv] epoch=86 batch_auc_mean=0.310 n_batches=9
INFO sprint6:     [adv] epoch=87 batch_auc_mean=0.653 n_batches=9
INFO sprint6:     [adv] epoch=88 batch_auc_mean=0.889 n_batches=9
INFO sprint6:     [adv] epoch=89 batch_auc_mean=0.773 n_batches=11
INFO sprint6:     [adv] epoch=90 batch_auc_mean=0.877 n_batches=9
INFO sprint6:     [adv] epoch=91 batch_auc_mean=0.767 n_batches=10
INFO sprint6:     [adv] epoch=92 batch_auc_mean=0.737 n_batches=10
INFO sprint6:     [adv] epoch=93 batch_auc_mean=0.605 n_batches=9
INFO sprint6:     [adv] epoch=94 batch_auc_mean=0.453 n_batches=11
INFO sprint6:     [adv] epoch=95 batch_auc_mean=0.329 n_batches=12
INFO sprint6:     [adv] epoch=96 batch_auc_mean=0.131 n_batches=10
INFO sprint6:     [adv] epoch=97 batch_auc_mean=0.152 n_batches=10
INFO sprint6:     [adv] epoch=98 batch_auc_mean=0.246 n_batches=11
INFO sprint6:     [adv] epoch=99 batch_auc_mean=0.361 n_batches=9
INFO sprint6:     [adv] epoch=100 batch_auc_mean=0.525 n_batches=9
INFO sprint6:     [adv] epoch=101 batch_auc_mean=0.648 n_batches=11
INFO sprint6:     [adv] epoch=102 batch_auc_mean=0.873 n_batches=10
INFO sprint6:   fold 3 thr=0.443 AUC=0.9333 Acc=0.8750 Spec=0.9333 F1=0.9032
INFO sprint6:     [adv] epoch=0 batch_auc_mean=0.333 n_batches=10
INFO sprint6:     [adv] epoch=1 batch_auc_mean=0.158 n_batches=10
INFO sprint6:     [adv] epoch=2 batch_auc_mean=0.104 n_batches=12
INFO sprint6:     [adv] epoch=3 batch_auc_mean=0.083 n_batches=10
INFO sprint6:     [adv] epoch=4 batch_auc_mean=0.138 n_batches=8
INFO sprint6:     [adv] epoch=5 batch_auc_mean=0.783 n_batches=12
INFO sprint6:     [adv] epoch=6 batch_auc_mean=0.515 n_batches=10
INFO sprint6:     [adv] epoch=7 batch_auc_mean=0.692 n_batches=11
INFO sprint6:     [adv] epoch=8 batch_auc_mean=0.855 n_batches=9
INFO sprint6:     [adv] epoch=9 batch_auc_mean=0.894 n_batches=10
INFO sprint6:     [adv] epoch=10 batch_auc_mean=0.237 n_batches=9
INFO sprint6:     [adv] epoch=11 batch_auc_mean=0.130 n_batches=10
INFO sprint6:     [adv] epoch=12 batch_auc_mean=0.116 n_batches=10
INFO sprint6:     [adv] epoch=13 batch_auc_mean=0.068 n_batches=11
INFO sprint6:     [adv] epoch=14 batch_auc_mean=0.657 n_batches=9
INFO sprint6:     [adv] epoch=15 batch_auc_mean=0.925 n_batches=10
INFO sprint6:     [adv] epoch=16 batch_auc_mean=0.968 n_batches=11
INFO sprint6:     [adv] epoch=17 batch_auc_mean=0.908 n_batches=8
INFO sprint6:     [adv] epoch=18 batch_auc_mean=0.228 n_batches=10
INFO sprint6:     [adv] epoch=19 batch_auc_mean=0.061 n_batches=12
INFO sprint6:     [adv] epoch=20 batch_auc_mean=0.073 n_batches=11
INFO sprint6:     [adv] epoch=21 batch_auc_mean=0.020 n_batches=11
INFO sprint6:     [adv] epoch=22 batch_auc_mean=0.543 n_batches=11
INFO sprint6:     [adv] epoch=23 batch_auc_mean=0.893 n_batches=9
INFO sprint6:     [adv] epoch=24 batch_auc_mean=0.886 n_batches=11
INFO sprint6:     [adv] epoch=25 batch_auc_mean=0.681 n_batches=9
INFO sprint6:     [adv] epoch=26 batch_auc_mean=0.273 n_batches=11
INFO sprint6:     [adv] epoch=27 batch_auc_mean=0.152 n_batches=10
INFO sprint6:     [adv] epoch=28 batch_auc_mean=0.096 n_batches=9
INFO sprint6:     [adv] epoch=29 batch_auc_mean=0.022 n_batches=9
INFO sprint6:     [adv] epoch=30 batch_auc_mean=0.511 n_batches=11
INFO sprint6:     [adv] epoch=31 batch_auc_mean=0.927 n_batches=10
INFO sprint6:     [adv] epoch=32 batch_auc_mean=0.920 n_batches=12
INFO sprint6:     [adv] epoch=33 batch_auc_mean=0.833 n_batches=10
INFO sprint6:     [adv] epoch=34 batch_auc_mean=0.615 n_batches=10
INFO sprint6:     [adv] epoch=35 batch_auc_mean=0.364 n_batches=12
INFO sprint6:     [adv] epoch=36 batch_auc_mean=0.291 n_batches=9
INFO sprint6:     [adv] epoch=37 batch_auc_mean=0.092 n_batches=10
INFO sprint6:     [adv] epoch=38 batch_auc_mean=0.299 n_batches=9
INFO sprint6:     [adv] epoch=39 batch_auc_mean=0.187 n_batches=9
INFO sprint6:     [adv] epoch=40 batch_auc_mean=0.359 n_batches=10
INFO sprint6:     [adv] epoch=41 batch_auc_mean=0.376 n_batches=9
INFO sprint6:     [adv] epoch=42 batch_auc_mean=0.403 n_batches=10
INFO sprint6:     [adv] epoch=43 batch_auc_mean=0.432 n_batches=9
INFO sprint6:     [adv] epoch=44 batch_auc_mean=0.677 n_batches=10
INFO sprint6:     [adv] epoch=45 batch_auc_mean=0.813 n_batches=10
INFO sprint6:     [adv] epoch=46 batch_auc_mean=0.692 n_batches=11
INFO sprint6:     [adv] epoch=47 batch_auc_mean=0.758 n_batches=10
INFO sprint6:     [adv] epoch=48 batch_auc_mean=0.317 n_batches=11
INFO sprint6:     [adv] epoch=49 batch_auc_mean=0.195 n_batches=11
INFO sprint6:     [adv] epoch=50 batch_auc_mean=0.711 n_batches=10
INFO sprint6:     [adv] epoch=51 batch_auc_mean=0.720 n_batches=9
INFO sprint6:     [adv] epoch=52 batch_auc_mean=0.490 n_batches=10
INFO sprint6:     [adv] epoch=53 batch_auc_mean=0.360 n_batches=7
INFO sprint6:     [adv] epoch=54 batch_auc_mean=0.303 n_batches=10
INFO sprint6:     [adv] epoch=55 batch_auc_mean=0.207 n_batches=11
INFO sprint6:   fold 4 thr=0.523 AUC=0.9697 Acc=0.9400 Spec=0.9412 F1=0.9538
INFO sprint6:     [adv] epoch=0 batch_auc_mean=0.171 n_batches=11
INFO sprint6:     [adv] epoch=1 batch_auc_mean=0.090 n_batches=10
INFO sprint6:     [adv] epoch=2 batch_auc_mean=0.056 n_batches=9
INFO sprint6:     [adv] epoch=3 batch_auc_mean=0.119 n_batches=11
INFO sprint6:     [adv] epoch=4 batch_auc_mean=0.120 n_batches=10
INFO sprint6:     [adv] epoch=5 batch_auc_mean=0.408 n_batches=9
INFO sprint6:     [adv] epoch=6 batch_auc_mean=0.848 n_batches=10
INFO sprint6:     [adv] epoch=7 batch_auc_mean=0.750 n_batches=11
INFO sprint6:     [adv] epoch=8 batch_auc_mean=0.200 n_batches=11
INFO sprint6:     [adv] epoch=9 batch_auc_mean=0.454 n_batches=10
INFO sprint6:     [adv] epoch=10 batch_auc_mean=0.769 n_batches=9
INFO sprint6:     [adv] epoch=11 batch_auc_mean=0.561 n_batches=9
INFO sprint6:     [adv] epoch=12 batch_auc_mean=0.346 n_batches=9
INFO sprint6:     [adv] epoch=13 batch_auc_mean=0.203 n_batches=10
INFO sprint6:     [adv] epoch=14 batch_auc_mean=0.399 n_batches=10
INFO sprint6:     [adv] epoch=15 batch_auc_mean=0.702 n_batches=9
INFO sprint6:     [adv] epoch=16 batch_auc_mean=0.576 n_batches=11
INFO sprint6:     [adv] epoch=17 batch_auc_mean=0.250 n_batches=11
INFO sprint6:     [adv] epoch=18 batch_auc_mean=0.056 n_batches=9
INFO sprint6:     [adv] epoch=19 batch_auc_mean=0.075 n_batches=10
INFO sprint6:     [adv] epoch=20 batch_auc_mean=0.048 n_batches=9
INFO sprint6:     [adv] epoch=21 batch_auc_mean=0.044 n_batches=9
INFO sprint6:     [adv] epoch=22 batch_auc_mean=0.706 n_batches=10
INFO sprint6:     [adv] epoch=23 batch_auc_mean=0.812 n_batches=10
INFO sprint6:     [adv] epoch=24 batch_auc_mean=0.545 n_batches=9
INFO sprint6:     [adv] epoch=25 batch_auc_mean=0.248 n_batches=8
INFO sprint6:     [adv] epoch=26 batch_auc_mean=0.067 n_batches=12
INFO sprint6:     [adv] epoch=27 batch_auc_mean=0.129 n_batches=10
INFO sprint6:     [adv] epoch=28 batch_auc_mean=0.157 n_batches=9
INFO sprint6:     [adv] epoch=29 batch_auc_mean=0.494 n_batches=10
INFO sprint6:     [adv] epoch=30 batch_auc_mean=0.981 n_batches=12
INFO sprint6:     [adv] epoch=31 batch_auc_mean=0.398 n_batches=8
INFO sprint6:     [adv] epoch=32 batch_auc_mean=0.021 n_batches=8
INFO sprint6:     [adv] epoch=33 batch_auc_mean=0.043 n_batches=9
INFO sprint6:     [adv] epoch=34 batch_auc_mean=0.156 n_batches=12
INFO sprint6:     [adv] epoch=35 batch_auc_mean=0.572 n_batches=10
INFO sprint6:     [adv] epoch=36 batch_auc_mean=0.731 n_batches=10
INFO sprint6:     [adv] epoch=37 batch_auc_mean=0.752 n_batches=7
INFO sprint6:     [adv] epoch=38 batch_auc_mean=0.545 n_batches=11
INFO sprint6:     [adv] epoch=39 batch_auc_mean=0.468 n_batches=9
INFO sprint6:     [adv] epoch=40 batch_auc_mean=0.189 n_batches=10
INFO sprint6:     [adv] epoch=41 batch_auc_mean=0.091 n_batches=8
INFO sprint6:     [adv] epoch=42 batch_auc_mean=0.079 n_batches=10
INFO sprint6:     [adv] epoch=43 batch_auc_mean=0.060 n_batches=9
INFO sprint6:     [adv] epoch=44 batch_auc_mean=0.139 n_batches=11
INFO sprint6:     [adv] epoch=45 batch_auc_mean=0.816 n_batches=9
INFO sprint6:     [adv] epoch=46 batch_auc_mean=0.906 n_batches=9
INFO sprint6:     [adv] epoch=47 batch_auc_mean=0.816 n_batches=9
INFO sprint6:     [adv] epoch=48 batch_auc_mean=0.566 n_batches=10
INFO sprint6:     [adv] epoch=49 batch_auc_mean=0.591 n_batches=10
INFO sprint6:     [adv] epoch=50 batch_auc_mean=0.415 n_batches=10
INFO sprint6:     [adv] epoch=51 batch_auc_mean=0.281 n_batches=9
INFO sprint6:     [adv] epoch=52 batch_auc_mean=0.104 n_batches=12
INFO sprint6:     [adv] epoch=53 batch_auc_mean=0.074 n_batches=9
INFO sprint6:     [adv] epoch=54 batch_auc_mean=0.412 n_batches=8
INFO sprint6:     [adv] epoch=55 batch_auc_mean=0.620 n_batches=8
INFO sprint6:     [adv] epoch=56 batch_auc_mean=0.498 n_batches=10
INFO sprint6:     [adv] epoch=57 batch_auc_mean=0.644 n_batches=8
INFO sprint6:     [adv] epoch=58 batch_auc_mean=0.665 n_batches=11
INFO sprint6:     [adv] epoch=59 batch_auc_mean=0.781 n_batches=9
INFO sprint6:     [adv] epoch=60 batch_auc_mean=0.597 n_batches=11
INFO sprint6:     [adv] epoch=61 batch_auc_mean=0.569 n_batches=11
INFO sprint6:     [adv] epoch=62 batch_auc_mean=0.642 n_batches=10
INFO sprint6:     [adv] epoch=63 batch_auc_mean=0.440 n_batches=8
INFO sprint6:     [adv] epoch=64 batch_auc_mean=0.331 n_batches=10
INFO sprint6:     [adv] epoch=65 batch_auc_mean=0.057 n_batches=10
INFO sprint6:     [adv] epoch=66 batch_auc_mean=0.098 n_batches=10
INFO sprint6:     [adv] epoch=67 batch_auc_mean=0.038 n_batches=11
INFO sprint6:     [adv] epoch=68 batch_auc_mean=0.107 n_batches=11
INFO sprint6:   fold 5 thr=0.568 AUC=0.9299 Acc=0.9592 Spec=0.8750 F1=0.9706
INFO sprint6: saved outputs/sprint6_arm_a_grlfix_l1.0_s42/sprint6_results.json

========================================================================================================================
SPRINT 6 SUMMARY (arm=arm_a)
========================================================================================================================
baseline   gcn_only         0.9256+/-0.0268 0.9130+/-0.0346 0.9506+/-0.0215 0.9201+/-0.0634 0.9334+/-0.0278 0.9013+/-0.0456  pooled=0.8983
