[ROUND10 GRL] loaded 282 protocol labels
INFO sprint6: [config] arm=arm_a device=cuda epochs=120
INFO sprint6: [config] augment=['edge_drop', 'feature_mask'] pa_ao=False residual=False
INFO sprint6: [baseline] matched=243 (pos=163 neg=80) has_rad=92 cache_miss=39 rad_miss=0
INFO sprint6: === mode=gcn_only gcn_in=13 global_dim=0 aug=['edge_drop', 'feature_mask'] res=False jk=none repeats=1 ===
INFO sprint6:     [adv] epoch=0 batch_auc_mean=0.256 n_batches=9
INFO sprint6:     [adv] epoch=1 batch_auc_mean=0.231 n_batches=9
INFO sprint6:     [adv] epoch=2 batch_auc_mean=0.198 n_batches=10
INFO sprint6:     [adv] epoch=3 batch_auc_mean=0.133 n_batches=10
INFO sprint6:     [adv] epoch=4 batch_auc_mean=0.185 n_batches=11
INFO sprint6:     [adv] epoch=5 batch_auc_mean=0.454 n_batches=9
INFO sprint6:     [adv] epoch=6 batch_auc_mean=0.600 n_batches=7
INFO sprint6:     [adv] epoch=7 batch_auc_mean=0.495 n_batches=7
INFO sprint6:     [adv] epoch=8 batch_auc_mean=0.447 n_batches=11
INFO sprint6:     [adv] epoch=9 batch_auc_mean=0.201 n_batches=10
INFO sprint6:     [adv] epoch=10 batch_auc_mean=0.276 n_batches=9
INFO sprint6:     [adv] epoch=11 batch_auc_mean=0.137 n_batches=10
INFO sprint6:     [adv] epoch=12 batch_auc_mean=0.195 n_batches=10
INFO sprint6:     [adv] epoch=13 batch_auc_mean=0.499 n_batches=11
INFO sprint6:     [adv] epoch=14 batch_auc_mean=0.929 n_batches=11
INFO sprint6:     [adv] epoch=15 batch_auc_mean=0.778 n_batches=11
INFO sprint6:     [adv] epoch=16 batch_auc_mean=0.388 n_batches=10
INFO sprint6:     [adv] epoch=17 batch_auc_mean=0.288 n_batches=8
INFO sprint6:     [adv] epoch=18 batch_auc_mean=0.200 n_batches=8
INFO sprint6:     [adv] epoch=19 batch_auc_mean=0.189 n_batches=8
INFO sprint6:     [adv] epoch=20 batch_auc_mean=0.142 n_batches=11
INFO sprint6:     [adv] epoch=21 batch_auc_mean=0.621 n_batches=12
INFO sprint6:     [adv] epoch=22 batch_auc_mean=0.709 n_batches=9
INFO sprint6:     [adv] epoch=23 batch_auc_mean=0.444 n_batches=9
INFO sprint6:     [adv] epoch=24 batch_auc_mean=0.203 n_batches=12
INFO sprint6:     [adv] epoch=25 batch_auc_mean=0.215 n_batches=9
INFO sprint6:     [adv] epoch=26 batch_auc_mean=0.053 n_batches=10
INFO sprint6:     [adv] epoch=27 batch_auc_mean=0.117 n_batches=10
INFO sprint6:     [adv] epoch=28 batch_auc_mean=0.235 n_batches=11
INFO sprint6:     [adv] epoch=29 batch_auc_mean=0.574 n_batches=11
INFO sprint6:     [adv] epoch=30 batch_auc_mean=0.819 n_batches=11
INFO sprint6:     [adv] epoch=31 batch_auc_mean=0.778 n_batches=8
INFO sprint6:     [adv] epoch=32 batch_auc_mean=0.383 n_batches=11
INFO sprint6:     [adv] epoch=33 batch_auc_mean=0.254 n_batches=12
INFO sprint6:     [adv] epoch=34 batch_auc_mean=0.123 n_batches=8
INFO sprint6:     [adv] epoch=35 batch_auc_mean=0.127 n_batches=11
INFO sprint6:     [adv] epoch=36 batch_auc_mean=0.062 n_batches=9
INFO sprint6:     [adv] epoch=37 batch_auc_mean=0.586 n_batches=11
INFO sprint6:     [adv] epoch=38 batch_auc_mean=0.727 n_batches=9
INFO sprint6:     [adv] epoch=39 batch_auc_mean=0.750 n_batches=11
INFO sprint6:     [adv] epoch=40 batch_auc_mean=0.565 n_batches=9
INFO sprint6:     [adv] epoch=41 batch_auc_mean=0.318 n_batches=10
INFO sprint6:     [adv] epoch=42 batch_auc_mean=0.195 n_batches=11
INFO sprint6:     [adv] epoch=43 batch_auc_mean=0.253 n_batches=10
INFO sprint6:     [adv] epoch=44 batch_auc_mean=0.763 n_batches=10
INFO sprint6:     [adv] epoch=45 batch_auc_mean=0.764 n_batches=12
INFO sprint6:     [adv] epoch=46 batch_auc_mean=0.794 n_batches=8
INFO sprint6:     [adv] epoch=47 batch_auc_mean=0.441 n_batches=9
INFO sprint6:     [adv] epoch=48 batch_auc_mean=0.443 n_batches=9
INFO sprint6:     [adv] epoch=49 batch_auc_mean=0.205 n_batches=11
INFO sprint6:     [adv] epoch=50 batch_auc_mean=0.181 n_batches=11
INFO sprint6:     [adv] epoch=51 batch_auc_mean=0.016 n_batches=12
INFO sprint6:     [adv] epoch=52 batch_auc_mean=0.303 n_batches=9
INFO sprint6:     [adv] epoch=53 batch_auc_mean=0.529 n_batches=11
INFO sprint6:     [adv] epoch=54 batch_auc_mean=0.508 n_batches=8
INFO sprint6:     [adv] epoch=55 batch_auc_mean=0.606 n_batches=10
INFO sprint6:     [adv] epoch=56 batch_auc_mean=0.613 n_batches=10
INFO sprint6:   fold 1 thr=0.457 AUC=0.9173 Acc=0.9184 Spec=0.8235 F1=0.9394
INFO sprint6:     [adv] epoch=0 batch_auc_mean=0.144 n_batches=12
INFO sprint6:     [adv] epoch=1 batch_auc_mean=0.100 n_batches=11
INFO sprint6:     [adv] epoch=2 batch_auc_mean=0.121 n_batches=11
INFO sprint6:     [adv] epoch=3 batch_auc_mean=0.125 n_batches=8
INFO sprint6:     [adv] epoch=4 batch_auc_mean=0.176 n_batches=9
INFO sprint6:     [adv] epoch=5 batch_auc_mean=0.191 n_batches=9
INFO sprint6:     [adv] epoch=6 batch_auc_mean=0.477 n_batches=10
INFO sprint6:     [adv] epoch=7 batch_auc_mean=0.683 n_batches=11
INFO sprint6:     [adv] epoch=8 batch_auc_mean=0.467 n_batches=10
INFO sprint6:     [adv] epoch=9 batch_auc_mean=0.569 n_batches=10
INFO sprint6:     [adv] epoch=10 batch_auc_mean=0.473 n_batches=9
INFO sprint6:     [adv] epoch=11 batch_auc_mean=0.215 n_batches=10
INFO sprint6:     [adv] epoch=12 batch_auc_mean=0.136 n_batches=11
INFO sprint6:     [adv] epoch=13 batch_auc_mean=0.142 n_batches=9
INFO sprint6:     [adv] epoch=14 batch_auc_mean=0.417 n_batches=11
INFO sprint6:     [adv] epoch=15 batch_auc_mean=0.561 n_batches=9
INFO sprint6:     [adv] epoch=16 batch_auc_mean=0.422 n_batches=10
INFO sprint6:     [adv] epoch=17 batch_auc_mean=0.321 n_batches=10
INFO sprint6:     [adv] epoch=18 batch_auc_mean=0.184 n_batches=11
INFO sprint6:     [adv] epoch=19 batch_auc_mean=0.108 n_batches=10
INFO sprint6:     [adv] epoch=20 batch_auc_mean=0.111 n_batches=12
INFO sprint6:     [adv] epoch=21 batch_auc_mean=0.504 n_batches=10
INFO sprint6:     [adv] epoch=22 batch_auc_mean=0.649 n_batches=12
INFO sprint6:     [adv] epoch=23 batch_auc_mean=0.518 n_batches=9
INFO sprint6:     [adv] epoch=24 batch_auc_mean=0.406 n_batches=10
INFO sprint6:     [adv] epoch=25 batch_auc_mean=0.313 n_batches=10
INFO sprint6:     [adv] epoch=26 batch_auc_mean=0.250 n_batches=9
INFO sprint6:     [adv] epoch=27 batch_auc_mean=0.111 n_batches=12
INFO sprint6:     [adv] epoch=28 batch_auc_mean=0.091 n_batches=10
INFO sprint6:     [adv] epoch=29 batch_auc_mean=0.432 n_batches=10
INFO sprint6:     [adv] epoch=30 batch_auc_mean=0.663 n_batches=9
INFO sprint6:     [adv] epoch=31 batch_auc_mean=0.813 n_batches=9
INFO sprint6:     [adv] epoch=32 batch_auc_mean=0.925 n_batches=12
INFO sprint6:     [adv] epoch=33 batch_auc_mean=0.766 n_batches=12
INFO sprint6:     [adv] epoch=34 batch_auc_mean=0.622 n_batches=10
INFO sprint6:     [adv] epoch=35 batch_auc_mean=0.444 n_batches=12
INFO sprint6:     [adv] epoch=36 batch_auc_mean=0.244 n_batches=11
INFO sprint6:     [adv] epoch=37 batch_auc_mean=0.265 n_batches=11
INFO sprint6:     [adv] epoch=38 batch_auc_mean=0.133 n_batches=10
INFO sprint6:     [adv] epoch=39 batch_auc_mean=0.335 n_batches=10
INFO sprint6:     [adv] epoch=40 batch_auc_mean=0.777 n_batches=11
INFO sprint6:     [adv] epoch=41 batch_auc_mean=0.674 n_batches=10
INFO sprint6:     [adv] epoch=42 batch_auc_mean=0.539 n_batches=9
INFO sprint6:     [adv] epoch=43 batch_auc_mean=0.252 n_batches=12
INFO sprint6:     [adv] epoch=44 batch_auc_mean=0.161 n_batches=11
INFO sprint6:     [adv] epoch=45 batch_auc_mean=0.100 n_batches=10
INFO sprint6:     [adv] epoch=46 batch_auc_mean=0.211 n_batches=11
INFO sprint6:     [adv] epoch=47 batch_auc_mean=0.411 n_batches=10
INFO sprint6:     [adv] epoch=48 batch_auc_mean=0.697 n_batches=10
INFO sprint6:     [adv] epoch=49 batch_auc_mean=0.628 n_batches=12
INFO sprint6:     [adv] epoch=50 batch_auc_mean=0.682 n_batches=10
INFO sprint6:     [adv] epoch=51 batch_auc_mean=0.532 n_batches=11
INFO sprint6:     [adv] epoch=52 batch_auc_mean=0.326 n_batches=10
INFO sprint6:     [adv] epoch=53 batch_auc_mean=0.161 n_batches=12
INFO sprint6:     [adv] epoch=54 batch_auc_mean=0.066 n_batches=8
INFO sprint6:     [adv] epoch=55 batch_auc_mean=0.175 n_batches=9
INFO sprint6:     [adv] epoch=56 batch_auc_mean=0.167 n_batches=10
INFO sprint6:     [adv] epoch=57 batch_auc_mean=0.448 n_batches=12
INFO sprint6:     [adv] epoch=58 batch_auc_mean=0.814 n_batches=10
INFO sprint6:     [adv] epoch=59 batch_auc_mean=0.732 n_batches=10
INFO sprint6:     [adv] epoch=60 batch_auc_mean=0.778 n_batches=9
INFO sprint6:     [adv] epoch=61 batch_auc_mean=0.491 n_batches=10
INFO sprint6:     [adv] epoch=62 batch_auc_mean=0.348 n_batches=10
INFO sprint6:     [adv] epoch=63 batch_auc_mean=0.205 n_batches=11
INFO sprint6:     [adv] epoch=64 batch_auc_mean=0.100 n_batches=11
INFO sprint6:     [adv] epoch=65 batch_auc_mean=0.000 n_batches=11
INFO sprint6:     [adv] epoch=66 batch_auc_mean=0.167 n_batches=11
INFO sprint6:     [adv] epoch=67 batch_auc_mean=0.608 n_batches=10
INFO sprint6:     [adv] epoch=68 batch_auc_mean=0.910 n_batches=9
INFO sprint6:     [adv] epoch=69 batch_auc_mean=0.935 n_batches=12
INFO sprint6:     [adv] epoch=70 batch_auc_mean=0.432 n_batches=10
INFO sprint6:     [adv] epoch=71 batch_auc_mean=0.282 n_batches=10
INFO sprint6:     [adv] epoch=72 batch_auc_mean=0.147 n_batches=10
INFO sprint6:     [adv] epoch=73 batch_auc_mean=0.231 n_batches=11
INFO sprint6:     [adv] epoch=74 batch_auc_mean=0.697 n_batches=11
INFO sprint6:     [adv] epoch=75 batch_auc_mean=0.636 n_batches=11
INFO sprint6:     [adv] epoch=76 batch_auc_mean=0.467 n_batches=11
INFO sprint6:     [adv] epoch=77 batch_auc_mean=0.376 n_batches=12
INFO sprint6:     [adv] epoch=78 batch_auc_mean=0.223 n_batches=11
INFO sprint6:     [adv] epoch=79 batch_auc_mean=0.223 n_batches=9
INFO sprint6:     [adv] epoch=80 batch_auc_mean=0.038 n_batches=12
INFO sprint6:     [adv] epoch=81 batch_auc_mean=0.613 n_batches=11
INFO sprint6:     [adv] epoch=82 batch_auc_mean=0.664 n_batches=12
INFO sprint6:     [adv] epoch=83 batch_auc_mean=0.647 n_batches=10
INFO sprint6:     [adv] epoch=84 batch_auc_mean=0.611 n_batches=11
INFO sprint6:     [adv] epoch=85 batch_auc_mean=0.708 n_batches=9
INFO sprint6:     [adv] epoch=86 batch_auc_mean=0.487 n_batches=9
INFO sprint6:     [adv] epoch=87 batch_auc_mean=0.352 n_batches=12
INFO sprint6:     [adv] epoch=88 batch_auc_mean=0.247 n_batches=10
INFO sprint6:     [adv] epoch=89 batch_auc_mean=0.508 n_batches=10
INFO sprint6:     [adv] epoch=90 batch_auc_mean=0.695 n_batches=11
INFO sprint6:     [adv] epoch=91 batch_auc_mean=0.756 n_batches=9
INFO sprint6:     [adv] epoch=92 batch_auc_mean=0.597 n_batches=10
INFO sprint6:     [adv] epoch=93 batch_auc_mean=0.503 n_batches=9
INFO sprint6:     [adv] epoch=94 batch_auc_mean=0.408 n_batches=9
INFO sprint6:     [adv] epoch=95 batch_auc_mean=0.246 n_batches=11
INFO sprint6:     [adv] epoch=96 batch_auc_mean=0.269 n_batches=10
INFO sprint6:   fold 2 thr=0.543 AUC=0.9146 Acc=0.8511 Spec=0.9333 F1=0.8814
INFO sprint6:     [adv] epoch=0 batch_auc_mean=0.176 n_batches=12
INFO sprint6:     [adv] epoch=1 batch_auc_mean=0.131 n_batches=10
INFO sprint6:     [adv] epoch=2 batch_auc_mean=0.125 n_batches=9
INFO sprint6:     [adv] epoch=3 batch_auc_mean=0.052 n_batches=9
INFO sprint6:     [adv] epoch=4 batch_auc_mean=0.145 n_batches=9
INFO sprint6:     [adv] epoch=5 batch_auc_mean=0.475 n_batches=8
INFO sprint6:     [adv] epoch=6 batch_auc_mean=0.891 n_batches=12
INFO sprint6:     [adv] epoch=7 batch_auc_mean=0.828 n_batches=8
INFO sprint6:     [adv] epoch=8 batch_auc_mean=0.471 n_batches=11
INFO sprint6:     [adv] epoch=9 batch_auc_mean=0.215 n_batches=11
INFO sprint6:     [adv] epoch=10 batch_auc_mean=0.213 n_batches=10
INFO sprint6:     [adv] epoch=11 batch_auc_mean=0.258 n_batches=11
INFO sprint6:     [adv] epoch=12 batch_auc_mean=0.303 n_batches=9
INFO sprint6:     [adv] epoch=13 batch_auc_mean=0.593 n_batches=10
INFO sprint6:     [adv] epoch=14 batch_auc_mean=0.167 n_batches=8
INFO sprint6:     [adv] epoch=15 batch_auc_mean=0.064 n_batches=9
INFO sprint6:     [adv] epoch=16 batch_auc_mean=0.111 n_batches=9
INFO sprint6:     [adv] epoch=17 batch_auc_mean=0.233 n_batches=9
INFO sprint6:     [adv] epoch=18 batch_auc_mean=0.150 n_batches=10
INFO sprint6:     [adv] epoch=19 batch_auc_mean=0.260 n_batches=7
INFO sprint6:     [adv] epoch=20 batch_auc_mean=0.796 n_batches=9
INFO sprint6:     [adv] epoch=21 batch_auc_mean=0.944 n_batches=10
INFO sprint6:     [adv] epoch=22 batch_auc_mean=0.753 n_batches=10
INFO sprint6:     [adv] epoch=23 batch_auc_mean=0.739 n_batches=9
INFO sprint6:     [adv] epoch=24 batch_auc_mean=0.659 n_batches=9
INFO sprint6:     [adv] epoch=25 batch_auc_mean=0.462 n_batches=11
INFO sprint6:     [adv] epoch=26 batch_auc_mean=0.169 n_batches=10
INFO sprint6:     [adv] epoch=27 batch_auc_mean=0.152 n_batches=11
INFO sprint6:     [adv] epoch=28 batch_auc_mean=0.065 n_batches=9
INFO sprint6:     [adv] epoch=29 batch_auc_mean=0.021 n_batches=9
INFO sprint6:     [adv] epoch=30 batch_auc_mean=0.129 n_batches=9
INFO sprint6:     [adv] epoch=31 batch_auc_mean=0.400 n_batches=10
INFO sprint6:     [adv] epoch=32 batch_auc_mean=0.862 n_batches=8
INFO sprint6:     [adv] epoch=33 batch_auc_mean=0.815 n_batches=9
INFO sprint6:     [adv] epoch=34 batch_auc_mean=0.767 n_batches=11
INFO sprint6:     [adv] epoch=35 batch_auc_mean=0.291 n_batches=10
INFO sprint6:     [adv] epoch=36 batch_auc_mean=0.111 n_batches=10
INFO sprint6:     [adv] epoch=37 batch_auc_mean=0.142 n_batches=8
INFO sprint6:     [adv] epoch=38 batch_auc_mean=0.366 n_batches=10
INFO sprint6:     [adv] epoch=39 batch_auc_mean=0.485 n_batches=10
INFO sprint6:     [adv] epoch=40 batch_auc_mean=0.771 n_batches=10
INFO sprint6:     [adv] epoch=41 batch_auc_mean=0.524 n_batches=9
INFO sprint6:     [adv] epoch=42 batch_auc_mean=0.438 n_batches=9
INFO sprint6:     [adv] epoch=43 batch_auc_mean=0.436 n_batches=11
INFO sprint6:     [adv] epoch=44 batch_auc_mean=0.230 n_batches=10
INFO sprint6:     [adv] epoch=45 batch_auc_mean=0.312 n_batches=9
INFO sprint6:     [adv] epoch=46 batch_auc_mean=0.352 n_batches=12
INFO sprint6:     [adv] epoch=47 batch_auc_mean=0.609 n_batches=12
INFO sprint6:     [adv] epoch=48 batch_auc_mean=0.446 n_batches=9
INFO sprint6:     [adv] epoch=49 batch_auc_mean=0.362 n_batches=9
INFO sprint6:     [adv] epoch=50 batch_auc_mean=0.287 n_batches=9
INFO sprint6:     [adv] epoch=51 batch_auc_mean=0.283 n_batches=10
INFO sprint6:     [adv] epoch=52 batch_auc_mean=0.108 n_batches=9
INFO sprint6:     [adv] epoch=53 batch_auc_mean=0.182 n_batches=11
INFO sprint6:     [adv] epoch=54 batch_auc_mean=0.556 n_batches=9
INFO sprint6:     [adv] epoch=55 batch_auc_mean=0.601 n_batches=9
INFO sprint6:     [adv] epoch=56 batch_auc_mean=0.586 n_batches=10
INFO sprint6:     [adv] epoch=57 batch_auc_mean=0.494 n_batches=10
INFO sprint6:     [adv] epoch=58 batch_auc_mean=0.632 n_batches=10
INFO sprint6:     [adv] epoch=59 batch_auc_mean=0.841 n_batches=11
INFO sprint6:     [adv] epoch=60 batch_auc_mean=0.847 n_batches=10
INFO sprint6:   fold 3 thr=0.311 AUC=0.9455 Acc=0.9167 Spec=0.8000 F1=0.9412
INFO sprint6:     [adv] epoch=0 batch_auc_mean=0.244 n_batches=10
INFO sprint6:     [adv] epoch=1 batch_auc_mean=0.021 n_batches=8
INFO sprint6:     [adv] epoch=2 batch_auc_mean=0.078 n_batches=8
INFO sprint6:     [adv] epoch=3 batch_auc_mean=0.045 n_batches=11
INFO sprint6:     [adv] epoch=4 batch_auc_mean=0.030 n_batches=11
INFO sprint6:     [adv] epoch=5 batch_auc_mean=0.291 n_batches=10
INFO sprint6:     [adv] epoch=6 batch_auc_mean=0.450 n_batches=8
INFO sprint6:     [adv] epoch=7 batch_auc_mean=0.610 n_batches=10
INFO sprint6:     [adv] epoch=8 batch_auc_mean=0.714 n_batches=11
INFO sprint6:     [adv] epoch=9 batch_auc_mean=0.242 n_batches=11
INFO sprint6:     [adv] epoch=10 batch_auc_mean=0.065 n_batches=9
INFO sprint6:     [adv] epoch=11 batch_auc_mean=0.159 n_batches=11
INFO sprint6:     [adv] epoch=12 batch_auc_mean=0.174 n_batches=8
INFO sprint6:     [adv] epoch=13 batch_auc_mean=0.698 n_batches=8
INFO sprint6:     [adv] epoch=14 batch_auc_mean=0.619 n_batches=11
INFO sprint6:     [adv] epoch=15 batch_auc_mean=0.303 n_batches=9
INFO sprint6:     [adv] epoch=16 batch_auc_mean=0.203 n_batches=10
INFO sprint6:     [adv] epoch=17 batch_auc_mean=0.452 n_batches=8
INFO sprint6:     [adv] epoch=18 batch_auc_mean=0.250 n_batches=11
INFO sprint6:     [adv] epoch=19 batch_auc_mean=0.120 n_batches=10
INFO sprint6:     [adv] epoch=20 batch_auc_mean=0.059 n_batches=8
INFO sprint6:     [adv] epoch=21 batch_auc_mean=0.192 n_batches=11
INFO sprint6:     [adv] epoch=22 batch_auc_mean=0.879 n_batches=11
INFO sprint6:     [adv] epoch=23 batch_auc_mean=0.845 n_batches=8
INFO sprint6:     [adv] epoch=24 batch_auc_mean=0.413 n_batches=10
INFO sprint6:     [adv] epoch=25 batch_auc_mean=0.094 n_batches=10
INFO sprint6:     [adv] epoch=26 batch_auc_mean=0.053 n_batches=11
INFO sprint6:     [adv] epoch=27 batch_auc_mean=0.027 n_batches=11
INFO sprint6:     [adv] epoch=28 batch_auc_mean=0.071 n_batches=10
INFO sprint6:     [adv] epoch=29 batch_auc_mean=0.188 n_batches=10
INFO sprint6:     [adv] epoch=30 batch_auc_mean=0.841 n_batches=10
INFO sprint6:     [adv] epoch=31 batch_auc_mean=0.860 n_batches=9
INFO sprint6:     [adv] epoch=32 batch_auc_mean=0.626 n_batches=10
INFO sprint6:     [adv] epoch=33 batch_auc_mean=0.100 n_batches=10
INFO sprint6:     [adv] epoch=34 batch_auc_mean=0.045 n_batches=10
INFO sprint6:     [adv] epoch=35 batch_auc_mean=0.014 n_batches=10
INFO sprint6:     [adv] epoch=36 batch_auc_mean=0.080 n_batches=11
INFO sprint6:     [adv] epoch=37 batch_auc_mean=0.220 n_batches=9
INFO sprint6:     [adv] epoch=38 batch_auc_mean=0.050 n_batches=10
INFO sprint6:     [adv] epoch=39 batch_auc_mean=0.045 n_batches=9
INFO sprint6:     [adv] epoch=40 batch_auc_mean=0.110 n_batches=11
INFO sprint6:     [adv] epoch=41 batch_auc_mean=0.054 n_batches=9
INFO sprint6:     [adv] epoch=42 batch_auc_mean=0.095 n_batches=11
INFO sprint6:     [adv] epoch=43 batch_auc_mean=0.127 n_batches=11
INFO sprint6:     [adv] epoch=44 batch_auc_mean=0.171 n_batches=11
INFO sprint6:     [adv] epoch=45 batch_auc_mean=0.805 n_batches=11
INFO sprint6:     [adv] epoch=46 batch_auc_mean=0.900 n_batches=9
INFO sprint6:     [adv] epoch=47 batch_auc_mean=0.815 n_batches=12
INFO sprint6:     [adv] epoch=48 batch_auc_mean=0.585 n_batches=10
INFO sprint6:     [adv] epoch=49 batch_auc_mean=0.277 n_batches=11
INFO sprint6:     [adv] epoch=50 batch_auc_mean=0.097 n_batches=11
INFO sprint6:     [adv] epoch=51 batch_auc_mean=0.042 n_batches=10
INFO sprint6:     [adv] epoch=52 batch_auc_mean=0.086 n_batches=7
INFO sprint6:     [adv] epoch=53 batch_auc_mean=0.248 n_batches=11
INFO sprint6:     [adv] epoch=54 batch_auc_mean=0.907 n_batches=10
INFO sprint6:     [adv] epoch=55 batch_auc_mean=0.949 n_batches=10
INFO sprint6:     [adv] epoch=56 batch_auc_mean=0.827 n_batches=10
INFO sprint6:     [adv] epoch=57 batch_auc_mean=0.641 n_batches=10
INFO sprint6:     [adv] epoch=58 batch_auc_mean=0.309 n_batches=10
INFO sprint6:   fold 4 thr=0.580 AUC=0.9715 Acc=0.9200 Spec=1.0000 F1=0.9355
INFO sprint6:     [adv] epoch=0 batch_auc_mean=0.205 n_batches=10
INFO sprint6:     [adv] epoch=1 batch_auc_mean=0.287 n_batches=9
INFO sprint6:     [adv] epoch=2 batch_auc_mean=0.058 n_batches=9
INFO sprint6:     [adv] epoch=3 batch_auc_mean=0.032 n_batches=10
INFO sprint6:     [adv] epoch=4 batch_auc_mean=0.406 n_batches=12
INFO sprint6:     [adv] epoch=5 batch_auc_mean=0.255 n_batches=10
INFO sprint6:     [adv] epoch=6 batch_auc_mean=0.119 n_batches=9
INFO sprint6:     [adv] epoch=7 batch_auc_mean=0.227 n_batches=11
INFO sprint6:     [adv] epoch=8 batch_auc_mean=0.683 n_batches=11
INFO sprint6:     [adv] epoch=9 batch_auc_mean=0.269 n_batches=10
INFO sprint6:     [adv] epoch=10 batch_auc_mean=0.098 n_batches=9
INFO sprint6:     [adv] epoch=11 batch_auc_mean=0.146 n_batches=9
INFO sprint6:     [adv] epoch=12 batch_auc_mean=0.692 n_batches=10
INFO sprint6:     [adv] epoch=13 batch_auc_mean=0.892 n_batches=10
INFO sprint6:     [adv] epoch=14 batch_auc_mean=0.777 n_batches=10
INFO sprint6:     [adv] epoch=15 batch_auc_mean=0.306 n_batches=9
INFO sprint6:     [adv] epoch=16 batch_auc_mean=0.079 n_batches=9
INFO sprint6:     [adv] epoch=17 batch_auc_mean=0.060 n_batches=10
INFO sprint6:     [adv] epoch=18 batch_auc_mean=0.024 n_batches=11
INFO sprint6:     [adv] epoch=19 batch_auc_mean=0.515 n_batches=9
INFO sprint6:     [adv] epoch=20 batch_auc_mean=0.962 n_batches=11
INFO sprint6:     [adv] epoch=21 batch_auc_mean=0.968 n_batches=9
INFO sprint6:     [adv] epoch=22 batch_auc_mean=0.853 n_batches=8
INFO sprint6:     [adv] epoch=23 batch_auc_mean=0.607 n_batches=8
INFO sprint6:     [adv] epoch=24 batch_auc_mean=0.230 n_batches=10
INFO sprint6:     [adv] epoch=25 batch_auc_mean=0.074 n_batches=12
INFO sprint6:     [adv] epoch=26 batch_auc_mean=0.105 n_batches=9
INFO sprint6:     [adv] epoch=27 batch_auc_mean=0.472 n_batches=9
INFO sprint6:     [adv] epoch=28 batch_auc_mean=0.932 n_batches=10
INFO sprint6:     [adv] epoch=29 batch_auc_mean=0.929 n_batches=9
INFO sprint6:     [adv] epoch=30 batch_auc_mean=0.969 n_batches=8
INFO sprint6:     [adv] epoch=31 batch_auc_mean=0.886 n_batches=11
INFO sprint6:     [adv] epoch=32 batch_auc_mean=0.778 n_batches=11
INFO sprint6:     [adv] epoch=33 batch_auc_mean=0.555 n_batches=9
INFO sprint6:     [adv] epoch=34 batch_auc_mean=0.510 n_batches=9
INFO sprint6:     [adv] epoch=35 batch_auc_mean=0.381 n_batches=11
INFO sprint6:     [adv] epoch=36 batch_auc_mean=0.254 n_batches=10
INFO sprint6:     [adv] epoch=37 batch_auc_mean=0.148 n_batches=11
INFO sprint6:     [adv] epoch=38 batch_auc_mean=0.117 n_batches=10
INFO sprint6:     [adv] epoch=39 batch_auc_mean=0.075 n_batches=10
INFO sprint6:     [adv] epoch=40 batch_auc_mean=0.417 n_batches=9
INFO sprint6:     [adv] epoch=41 batch_auc_mean=0.699 n_batches=9
INFO sprint6:     [adv] epoch=42 batch_auc_mean=0.868 n_batches=11
INFO sprint6:     [adv] epoch=43 batch_auc_mean=0.764 n_batches=10
INFO sprint6:     [adv] epoch=44 batch_auc_mean=0.631 n_batches=9
INFO sprint6:     [adv] epoch=45 batch_auc_mean=0.459 n_batches=10
INFO sprint6:     [adv] epoch=46 batch_auc_mean=0.439 n_batches=9
INFO sprint6:     [adv] epoch=47 batch_auc_mean=0.246 n_batches=7
INFO sprint6:     [adv] epoch=48 batch_auc_mean=0.265 n_batches=10
INFO sprint6:     [adv] epoch=49 batch_auc_mean=0.133 n_batches=10
INFO sprint6:     [adv] epoch=50 batch_auc_mean=0.021 n_batches=12
INFO sprint6:     [adv] epoch=51 batch_auc_mean=0.171 n_batches=10
INFO sprint6:     [adv] epoch=52 batch_auc_mean=0.329 n_batches=8
INFO sprint6:     [adv] epoch=53 batch_auc_mean=0.852 n_batches=9
INFO sprint6:     [adv] epoch=54 batch_auc_mean=0.873 n_batches=10
INFO sprint6:     [adv] epoch=55 batch_auc_mean=0.743 n_batches=10
INFO sprint6:     [adv] epoch=56 batch_auc_mean=0.677 n_batches=8
INFO sprint6:     [adv] epoch=57 batch_auc_mean=0.682 n_batches=10
INFO sprint6:     [adv] epoch=58 batch_auc_mean=0.636 n_batches=11
INFO sprint6:     [adv] epoch=59 batch_auc_mean=0.523 n_batches=11
INFO sprint6:     [adv] epoch=60 batch_auc_mean=0.335 n_batches=9
INFO sprint6:     [adv] epoch=61 batch_auc_mean=0.217 n_batches=8
INFO sprint6:     [adv] epoch=62 batch_auc_mean=0.173 n_batches=9
INFO sprint6:   fold 5 thr=0.410 AUC=0.9223 Acc=0.9388 Spec=0.8125 F1=0.9565
INFO sprint6: saved outputs/sprint6_arm_a_grlfix_l1.0_s1042/sprint6_results.json

========================================================================================================================
SPRINT 6 SUMMARY (arm=arm_a)
========================================================================================================================
baseline   gcn_only         0.9342+/-0.0216 0.9090+/-0.0300 0.9411+/-0.0350 0.9259+/-0.0697 0.9308+/-0.0257 0.8739+/-0.0790  pooled=0.9064
