[ROUND10 GRL] loaded 282 protocol labels
INFO sprint6: [config] arm=arm_a device=cuda epochs=120
INFO sprint6: [config] augment=['edge_drop', 'feature_mask'] pa_ao=False residual=False
INFO sprint6: [baseline] matched=243 (pos=163 neg=80) has_rad=92 cache_miss=39 rad_miss=0
INFO sprint6: === mode=gcn_only gcn_in=13 global_dim=0 aug=['edge_drop', 'feature_mask'] res=False jk=none repeats=1 ===
INFO sprint6:     [adv] epoch=0 batch_auc_mean=0.256 n_batches=9
INFO sprint6:     [adv] epoch=1 batch_auc_mean=0.115 n_batches=9
INFO sprint6:     [adv] epoch=2 batch_auc_mean=0.186 n_batches=10
INFO sprint6:     [adv] epoch=3 batch_auc_mean=0.183 n_batches=10
INFO sprint6:     [adv] epoch=4 batch_auc_mean=0.230 n_batches=11
INFO sprint6:     [adv] epoch=5 batch_auc_mean=0.503 n_batches=9
INFO sprint6:     [adv] epoch=6 batch_auc_mean=0.699 n_batches=7
INFO sprint6:     [adv] epoch=7 batch_auc_mean=0.783 n_batches=7
INFO sprint6:     [adv] epoch=8 batch_auc_mean=0.724 n_batches=11
INFO sprint6:     [adv] epoch=9 batch_auc_mean=0.218 n_batches=10
INFO sprint6:     [adv] epoch=10 batch_auc_mean=0.065 n_batches=9
INFO sprint6:     [adv] epoch=11 batch_auc_mean=0.025 n_batches=10
INFO sprint6:     [adv] epoch=12 batch_auc_mean=0.210 n_batches=10
INFO sprint6:     [adv] epoch=13 batch_auc_mean=0.307 n_batches=11
INFO sprint6:     [adv] epoch=14 batch_auc_mean=0.903 n_batches=11
INFO sprint6:     [adv] epoch=15 batch_auc_mean=0.932 n_batches=11
INFO sprint6:     [adv] epoch=16 batch_auc_mean=0.798 n_batches=10
INFO sprint6:     [adv] epoch=17 batch_auc_mean=0.328 n_batches=8
INFO sprint6:     [adv] epoch=18 batch_auc_mean=0.234 n_batches=8
INFO sprint6:     [adv] epoch=19 batch_auc_mean=0.134 n_batches=8
INFO sprint6:     [adv] epoch=20 batch_auc_mean=0.077 n_batches=11
INFO sprint6:     [adv] epoch=21 batch_auc_mean=0.528 n_batches=12
INFO sprint6:     [adv] epoch=22 batch_auc_mean=0.726 n_batches=9
INFO sprint6:     [adv] epoch=23 batch_auc_mean=0.820 n_batches=9
INFO sprint6:     [adv] epoch=24 batch_auc_mean=0.785 n_batches=12
INFO sprint6:     [adv] epoch=25 batch_auc_mean=0.439 n_batches=9
INFO sprint6:     [adv] epoch=26 batch_auc_mean=0.268 n_batches=10
INFO sprint6:     [adv] epoch=27 batch_auc_mean=0.177 n_batches=10
INFO sprint6:     [adv] epoch=28 batch_auc_mean=0.205 n_batches=11
INFO sprint6:     [adv] epoch=29 batch_auc_mean=0.129 n_batches=11
INFO sprint6:     [adv] epoch=30 batch_auc_mean=0.380 n_batches=11
INFO sprint6:     [adv] epoch=31 batch_auc_mean=0.649 n_batches=8
INFO sprint6:     [adv] epoch=32 batch_auc_mean=0.821 n_batches=11
INFO sprint6:     [adv] epoch=33 batch_auc_mean=0.803 n_batches=12
INFO sprint6:     [adv] epoch=34 batch_auc_mean=0.755 n_batches=8
INFO sprint6:     [adv] epoch=35 batch_auc_mean=0.633 n_batches=11
INFO sprint6:     [adv] epoch=36 batch_auc_mean=0.390 n_batches=9
INFO sprint6:     [adv] epoch=37 batch_auc_mean=0.358 n_batches=11
INFO sprint6:     [adv] epoch=38 batch_auc_mean=0.352 n_batches=9
INFO sprint6:     [adv] epoch=39 batch_auc_mean=0.462 n_batches=11
INFO sprint6:     [adv] epoch=40 batch_auc_mean=0.486 n_batches=9
INFO sprint6:     [adv] epoch=41 batch_auc_mean=0.532 n_batches=10
INFO sprint6:     [adv] epoch=42 batch_auc_mean=0.541 n_batches=11
INFO sprint6:   fold 1 thr=0.450 AUC=0.8474 Acc=0.7959 Spec=0.8235 F1=0.8333
INFO sprint6:     [adv] epoch=0 batch_auc_mean=0.280 n_batches=11
INFO sprint6:     [adv] epoch=1 batch_auc_mean=0.232 n_batches=10
INFO sprint6:     [adv] epoch=2 batch_auc_mean=0.403 n_batches=11
INFO sprint6:     [adv] epoch=3 batch_auc_mean=0.674 n_batches=11
INFO sprint6:     [adv] epoch=4 batch_auc_mean=0.245 n_batches=10
INFO sprint6:     [adv] epoch=5 batch_auc_mean=0.125 n_batches=9
INFO sprint6:     [adv] epoch=6 batch_auc_mean=0.139 n_batches=10
INFO sprint6:     [adv] epoch=7 batch_auc_mean=0.659 n_batches=10
INFO sprint6:     [adv] epoch=8 batch_auc_mean=0.825 n_batches=9
INFO sprint6:     [adv] epoch=9 batch_auc_mean=0.155 n_batches=9
INFO sprint6:     [adv] epoch=10 batch_auc_mean=0.160 n_batches=11
INFO sprint6:     [adv] epoch=11 batch_auc_mean=0.104 n_batches=12
INFO sprint6:     [adv] epoch=12 batch_auc_mean=0.367 n_batches=11
INFO sprint6:     [adv] epoch=13 batch_auc_mean=0.495 n_batches=11
INFO sprint6:     [adv] epoch=14 batch_auc_mean=0.183 n_batches=12
INFO sprint6:     [adv] epoch=15 batch_auc_mean=0.148 n_batches=11
INFO sprint6:     [adv] epoch=16 batch_auc_mean=0.047 n_batches=11
INFO sprint6:     [adv] epoch=17 batch_auc_mean=0.285 n_batches=8
INFO sprint6:     [adv] epoch=18 batch_auc_mean=0.657 n_batches=9
INFO sprint6:     [adv] epoch=19 batch_auc_mean=0.384 n_batches=9
INFO sprint6:     [adv] epoch=20 batch_auc_mean=0.122 n_batches=10
INFO sprint6:     [adv] epoch=21 batch_auc_mean=0.098 n_batches=11
INFO sprint6:     [adv] epoch=22 batch_auc_mean=0.082 n_batches=10
INFO sprint6:     [adv] epoch=23 batch_auc_mean=0.388 n_batches=10
INFO sprint6:     [adv] epoch=24 batch_auc_mean=0.895 n_batches=9
INFO sprint6:     [adv] epoch=25 batch_auc_mean=0.887 n_batches=10
INFO sprint6:     [adv] epoch=26 batch_auc_mean=0.896 n_batches=11
INFO sprint6:     [adv] epoch=27 batch_auc_mean=0.463 n_batches=9
INFO sprint6:     [adv] epoch=28 batch_auc_mean=0.186 n_batches=11
INFO sprint6:     [adv] epoch=29 batch_auc_mean=0.183 n_batches=9
INFO sprint6:     [adv] epoch=30 batch_auc_mean=0.102 n_batches=10
INFO sprint6:     [adv] epoch=31 batch_auc_mean=0.117 n_batches=10
INFO sprint6:     [adv] epoch=32 batch_auc_mean=0.621 n_batches=11
INFO sprint6:     [adv] epoch=33 batch_auc_mean=0.821 n_batches=10
INFO sprint6:     [adv] epoch=34 batch_auc_mean=0.893 n_batches=12
INFO sprint6:     [adv] epoch=35 batch_auc_mean=0.648 n_batches=10
INFO sprint6:     [adv] epoch=36 batch_auc_mean=0.319 n_batches=12
INFO sprint6:     [adv] epoch=37 batch_auc_mean=0.167 n_batches=9
INFO sprint6:     [adv] epoch=38 batch_auc_mean=0.213 n_batches=10
INFO sprint6:     [adv] epoch=39 batch_auc_mean=0.208 n_batches=10
INFO sprint6:     [adv] epoch=40 batch_auc_mean=0.088 n_batches=9
INFO sprint6:     [adv] epoch=41 batch_auc_mean=0.390 n_batches=12
INFO sprint6:     [adv] epoch=42 batch_auc_mean=0.816 n_batches=10
INFO sprint6:     [adv] epoch=43 batch_auc_mean=0.872 n_batches=10
INFO sprint6:     [adv] epoch=44 batch_auc_mean=0.877 n_batches=9
INFO sprint6:     [adv] epoch=45 batch_auc_mean=0.677 n_batches=9
INFO sprint6:     [adv] epoch=46 batch_auc_mean=0.624 n_batches=12
INFO sprint6:     [adv] epoch=47 batch_auc_mean=0.233 n_batches=12
INFO sprint6:     [adv] epoch=48 batch_auc_mean=0.027 n_batches=10
INFO sprint6:     [adv] epoch=49 batch_auc_mean=0.125 n_batches=12
INFO sprint6:     [adv] epoch=50 batch_auc_mean=0.176 n_batches=11
INFO sprint6:     [adv] epoch=51 batch_auc_mean=0.419 n_batches=11
INFO sprint6:     [adv] epoch=52 batch_auc_mean=0.808 n_batches=10
INFO sprint6:     [adv] epoch=53 batch_auc_mean=0.919 n_batches=10
INFO sprint6:     [adv] epoch=54 batch_auc_mean=0.803 n_batches=11
INFO sprint6:     [adv] epoch=55 batch_auc_mean=0.704 n_batches=10
INFO sprint6:     [adv] epoch=56 batch_auc_mean=0.920 n_batches=9
INFO sprint6:     [adv] epoch=57 batch_auc_mean=0.780 n_batches=12
INFO sprint6:     [adv] epoch=58 batch_auc_mean=0.729 n_batches=11
INFO sprint6:     [adv] epoch=59 batch_auc_mean=0.630 n_batches=10
INFO sprint6:     [adv] epoch=60 batch_auc_mean=0.491 n_batches=11
INFO sprint6:     [adv] epoch=61 batch_auc_mean=0.392 n_batches=10
INFO sprint6:     [adv] epoch=62 batch_auc_mean=0.334 n_batches=10
INFO sprint6:     [adv] epoch=63 batch_auc_mean=0.293 n_batches=12
INFO sprint6:     [adv] epoch=64 batch_auc_mean=0.149 n_batches=10
INFO sprint6:   fold 2 thr=0.444 AUC=0.8646 Acc=0.8298 Spec=0.7333 F1=0.8750
INFO sprint6:     [adv] epoch=0 batch_auc_mean=0.490 n_batches=9
INFO sprint6:     [adv] epoch=1 batch_auc_mean=0.297 n_batches=10
INFO sprint6:     [adv] epoch=2 batch_auc_mean=0.238 n_batches=11
INFO sprint6:     [adv] epoch=3 batch_auc_mean=0.455 n_batches=10
INFO sprint6:     [adv] epoch=4 batch_auc_mean=0.320 n_batches=10
INFO sprint6:     [adv] epoch=5 batch_auc_mean=0.181 n_batches=10
INFO sprint6:     [adv] epoch=6 batch_auc_mean=0.120 n_batches=11
INFO sprint6:     [adv] epoch=7 batch_auc_mean=0.098 n_batches=11
INFO sprint6:     [adv] epoch=8 batch_auc_mean=0.847 n_batches=8
INFO sprint6:     [adv] epoch=9 batch_auc_mean=0.787 n_batches=9
INFO sprint6:     [adv] epoch=10 batch_auc_mean=0.599 n_batches=9
INFO sprint6:     [adv] epoch=11 batch_auc_mean=0.258 n_batches=11
INFO sprint6:     [adv] epoch=12 batch_auc_mean=0.114 n_batches=10
INFO sprint6:     [adv] epoch=13 batch_auc_mean=0.317 n_batches=9
INFO sprint6:     [adv] epoch=14 batch_auc_mean=0.245 n_batches=8
INFO sprint6:     [adv] epoch=15 batch_auc_mean=0.791 n_batches=10
INFO sprint6:     [adv] epoch=16 batch_auc_mean=0.839 n_batches=11
INFO sprint6:     [adv] epoch=17 batch_auc_mean=0.427 n_batches=10
INFO sprint6:     [adv] epoch=18 batch_auc_mean=0.330 n_batches=11
INFO sprint6:     [adv] epoch=19 batch_auc_mean=0.102 n_batches=10
INFO sprint6:     [adv] epoch=20 batch_auc_mean=0.251 n_batches=11
INFO sprint6:     [adv] epoch=21 batch_auc_mean=0.177 n_batches=10
INFO sprint6:     [adv] epoch=22 batch_auc_mean=0.139 n_batches=10
INFO sprint6:     [adv] epoch=23 batch_auc_mean=0.144 n_batches=12
INFO sprint6:     [adv] epoch=24 batch_auc_mean=0.179 n_batches=11
INFO sprint6:     [adv] epoch=25 batch_auc_mean=0.182 n_batches=11
INFO sprint6:     [adv] epoch=26 batch_auc_mean=0.203 n_batches=8
INFO sprint6:     [adv] epoch=27 batch_auc_mean=0.801 n_batches=9
INFO sprint6:     [adv] epoch=28 batch_auc_mean=0.652 n_batches=10
INFO sprint6:     [adv] epoch=29 batch_auc_mean=0.365 n_batches=9
INFO sprint6:     [adv] epoch=30 batch_auc_mean=0.359 n_batches=9
INFO sprint6:     [adv] epoch=31 batch_auc_mean=0.519 n_batches=11
INFO sprint6:     [adv] epoch=32 batch_auc_mean=0.627 n_batches=10
INFO sprint6:     [adv] epoch=33 batch_auc_mean=0.667 n_batches=11
INFO sprint6:     [adv] epoch=34 batch_auc_mean=0.669 n_batches=9
INFO sprint6:     [adv] epoch=35 batch_auc_mean=0.666 n_batches=8
INFO sprint6:     [adv] epoch=36 batch_auc_mean=0.565 n_batches=10
INFO sprint6:     [adv] epoch=37 batch_auc_mean=0.364 n_batches=11
INFO sprint6:     [adv] epoch=38 batch_auc_mean=0.369 n_batches=9
INFO sprint6:     [adv] epoch=39 batch_auc_mean=0.152 n_batches=11
INFO sprint6:     [adv] epoch=40 batch_auc_mean=0.171 n_batches=11
INFO sprint6:     [adv] epoch=41 batch_auc_mean=0.223 n_batches=11
INFO sprint6:     [adv] epoch=42 batch_auc_mean=0.229 n_batches=10
INFO sprint6:     [adv] epoch=43 batch_auc_mean=0.537 n_batches=10
INFO sprint6:     [adv] epoch=44 batch_auc_mean=0.629 n_batches=11
INFO sprint6:   fold 3 thr=0.441 AUC=0.9051 Acc=0.8333 Spec=0.9333 F1=0.8667
INFO sprint6:     [adv] epoch=0 batch_auc_mean=0.247 n_batches=10
INFO sprint6:     [adv] epoch=1 batch_auc_mean=0.185 n_batches=9
INFO sprint6:     [adv] epoch=2 batch_auc_mean=0.083 n_batches=10
INFO sprint6:     [adv] epoch=3 batch_auc_mean=0.105 n_batches=11
INFO sprint6:     [adv] epoch=4 batch_auc_mean=0.446 n_batches=9
INFO sprint6:     [adv] epoch=5 batch_auc_mean=0.186 n_batches=11
INFO sprint6:     [adv] epoch=6 batch_auc_mean=0.100 n_batches=10
INFO sprint6:     [adv] epoch=7 batch_auc_mean=0.221 n_batches=10
INFO sprint6:     [adv] epoch=8 batch_auc_mean=0.925 n_batches=9
INFO sprint6:     [adv] epoch=9 batch_auc_mean=0.882 n_batches=9
INFO sprint6:     [adv] epoch=10 batch_auc_mean=0.666 n_batches=10
INFO sprint6:     [adv] epoch=11 batch_auc_mean=0.177 n_batches=11
INFO sprint6:     [adv] epoch=12 batch_auc_mean=0.033 n_batches=11
INFO sprint6:     [adv] epoch=13 batch_auc_mean=0.198 n_batches=11
INFO sprint6:     [adv] epoch=14 batch_auc_mean=0.181 n_batches=9
INFO sprint6:     [adv] epoch=15 batch_auc_mean=0.287 n_batches=11
INFO sprint6:     [adv] epoch=16 batch_auc_mean=0.871 n_batches=10
INFO sprint6:     [adv] epoch=17 batch_auc_mean=0.928 n_batches=11
INFO sprint6:     [adv] epoch=18 batch_auc_mean=0.593 n_batches=9
INFO sprint6:     [adv] epoch=19 batch_auc_mean=0.226 n_batches=10
INFO sprint6:     [adv] epoch=20 batch_auc_mean=0.053 n_batches=9
INFO sprint6:     [adv] epoch=21 batch_auc_mean=0.107 n_batches=10
INFO sprint6:     [adv] epoch=22 batch_auc_mean=0.169 n_batches=11
INFO sprint6:     [adv] epoch=23 batch_auc_mean=0.576 n_batches=11
INFO sprint6:     [adv] epoch=24 batch_auc_mean=0.720 n_batches=7
INFO sprint6:     [adv] epoch=25 batch_auc_mean=0.413 n_batches=11
INFO sprint6:     [adv] epoch=26 batch_auc_mean=0.152 n_batches=11
INFO sprint6:     [adv] epoch=27 batch_auc_mean=0.104 n_batches=11
INFO sprint6:     [adv] epoch=28 batch_auc_mean=0.040 n_batches=9
INFO sprint6:     [adv] epoch=29 batch_auc_mean=0.096 n_batches=10
INFO sprint6:     [adv] epoch=30 batch_auc_mean=0.244 n_batches=10
INFO sprint6:     [adv] epoch=31 batch_auc_mean=0.665 n_batches=11
INFO sprint6:     [adv] epoch=32 batch_auc_mean=0.801 n_batches=11
INFO sprint6:     [adv] epoch=33 batch_auc_mean=0.448 n_batches=8
INFO sprint6:     [adv] epoch=34 batch_auc_mean=0.050 n_batches=10
INFO sprint6:     [adv] epoch=35 batch_auc_mean=0.037 n_batches=9
INFO sprint6:     [adv] epoch=36 batch_auc_mean=0.188 n_batches=9
INFO sprint6:     [adv] epoch=37 batch_auc_mean=0.500 n_batches=11
INFO sprint6:     [adv] epoch=38 batch_auc_mean=0.945 n_batches=11
INFO sprint6:     [adv] epoch=39 batch_auc_mean=0.905 n_batches=11
INFO sprint6:     [adv] epoch=40 batch_auc_mean=0.797 n_batches=8
INFO sprint6:     [adv] epoch=41 batch_auc_mean=0.791 n_batches=9
INFO sprint6:     [adv] epoch=42 batch_auc_mean=0.728 n_batches=10
INFO sprint6:     [adv] epoch=43 batch_auc_mean=0.535 n_batches=10
INFO sprint6:     [adv] epoch=44 batch_auc_mean=0.280 n_batches=11
INFO sprint6:     [adv] epoch=45 batch_auc_mean=0.058 n_batches=9
INFO sprint6:     [adv] epoch=46 batch_auc_mean=0.158 n_batches=10
INFO sprint6:     [adv] epoch=47 batch_auc_mean=0.120 n_batches=11
INFO sprint6:   fold 4 thr=0.408 AUC=0.9180 Acc=0.8400 Spec=0.8824 F1=0.8710
INFO sprint6:     [adv] epoch=0 batch_auc_mean=0.328 n_batches=10
INFO sprint6:     [adv] epoch=1 batch_auc_mean=0.062 n_batches=12
INFO sprint6:     [adv] epoch=2 batch_auc_mean=0.124 n_batches=10
INFO sprint6:     [adv] epoch=3 batch_auc_mean=0.068 n_batches=9
INFO sprint6:     [adv] epoch=4 batch_auc_mean=0.058 n_batches=10
INFO sprint6:     [adv] epoch=5 batch_auc_mean=0.089 n_batches=10
INFO sprint6:     [adv] epoch=6 batch_auc_mean=0.627 n_batches=11
INFO sprint6:     [adv] epoch=7 batch_auc_mean=0.822 n_batches=11
INFO sprint6:     [adv] epoch=8 batch_auc_mean=0.196 n_batches=9
INFO sprint6:     [adv] epoch=9 batch_auc_mean=0.148 n_batches=11
INFO sprint6:     [adv] epoch=10 batch_auc_mean=0.228 n_batches=9
INFO sprint6:     [adv] epoch=11 batch_auc_mean=0.343 n_batches=9
INFO sprint6:     [adv] epoch=12 batch_auc_mean=0.862 n_batches=9
INFO sprint6:     [adv] epoch=13 batch_auc_mean=0.947 n_batches=10
INFO sprint6:     [adv] epoch=14 batch_auc_mean=0.477 n_batches=10
INFO sprint6:     [adv] epoch=15 batch_auc_mean=0.114 n_batches=11
INFO sprint6:     [adv] epoch=16 batch_auc_mean=0.090 n_batches=10
INFO sprint6:     [adv] epoch=17 batch_auc_mean=0.221 n_batches=10
INFO sprint6:     [adv] epoch=18 batch_auc_mean=0.641 n_batches=11
INFO sprint6:     [adv] epoch=19 batch_auc_mean=0.894 n_batches=9
INFO sprint6:     [adv] epoch=20 batch_auc_mean=0.988 n_batches=9
INFO sprint6:     [adv] epoch=21 batch_auc_mean=0.920 n_batches=10
INFO sprint6:     [adv] epoch=22 batch_auc_mean=0.574 n_batches=10
INFO sprint6:     [adv] epoch=23 batch_auc_mean=0.231 n_batches=11
INFO sprint6:     [adv] epoch=24 batch_auc_mean=0.062 n_batches=10
INFO sprint6:     [adv] epoch=25 batch_auc_mean=0.125 n_batches=12
INFO sprint6:     [adv] epoch=26 batch_auc_mean=0.162 n_batches=11
INFO sprint6:     [adv] epoch=27 batch_auc_mean=0.276 n_batches=10
INFO sprint6:     [adv] epoch=28 batch_auc_mean=0.443 n_batches=10
INFO sprint6:     [adv] epoch=29 batch_auc_mean=0.511 n_batches=11
INFO sprint6:     [adv] epoch=30 batch_auc_mean=0.158 n_batches=12
INFO sprint6:     [adv] epoch=31 batch_auc_mean=0.040 n_batches=11
INFO sprint6:     [adv] epoch=32 batch_auc_mean=0.082 n_batches=11
INFO sprint6:     [adv] epoch=33 batch_auc_mean=0.148 n_batches=10
INFO sprint6:     [adv] epoch=34 batch_auc_mean=0.390 n_batches=10
INFO sprint6:     [adv] epoch=35 batch_auc_mean=0.429 n_batches=10
INFO sprint6:     [adv] epoch=36 batch_auc_mean=0.195 n_batches=10
INFO sprint6:     [adv] epoch=37 batch_auc_mean=0.162 n_batches=8
INFO sprint6:     [adv] epoch=38 batch_auc_mean=0.371 n_batches=8
INFO sprint6:     [adv] epoch=39 batch_auc_mean=0.172 n_batches=10
INFO sprint6:     [adv] epoch=40 batch_auc_mean=0.108 n_batches=8
INFO sprint6:     [adv] epoch=41 batch_auc_mean=0.140 n_batches=11
INFO sprint6:     [adv] epoch=42 batch_auc_mean=0.248 n_batches=9
INFO sprint6:     [adv] epoch=43 batch_auc_mean=0.410 n_batches=9
INFO sprint6:     [adv] epoch=44 batch_auc_mean=0.290 n_batches=9
INFO sprint6:     [adv] epoch=45 batch_auc_mean=0.369 n_batches=12
INFO sprint6:     [adv] epoch=46 batch_auc_mean=0.197 n_batches=9
INFO sprint6:     [adv] epoch=47 batch_auc_mean=0.373 n_batches=10
INFO sprint6:     [adv] epoch=48 batch_auc_mean=0.107 n_batches=10
INFO sprint6:     [adv] epoch=49 batch_auc_mean=0.188 n_batches=10
INFO sprint6:     [adv] epoch=50 batch_auc_mean=0.162 n_batches=10
INFO sprint6:     [adv] epoch=51 batch_auc_mean=0.740 n_batches=12
INFO sprint6:     [adv] epoch=52 batch_auc_mean=0.941 n_batches=10
INFO sprint6:     [adv] epoch=53 batch_auc_mean=0.837 n_batches=7
INFO sprint6:     [adv] epoch=54 batch_auc_mean=0.972 n_batches=9
INFO sprint6:     [adv] epoch=55 batch_auc_mean=0.872 n_batches=9
INFO sprint6:     [adv] epoch=56 batch_auc_mean=0.665 n_batches=11
INFO sprint6:     [adv] epoch=57 batch_auc_mean=0.513 n_batches=12
INFO sprint6:     [adv] epoch=58 batch_auc_mean=0.338 n_batches=12
INFO sprint6:     [adv] epoch=59 batch_auc_mean=0.072 n_batches=8
INFO sprint6:     [adv] epoch=60 batch_auc_mean=0.067 n_batches=10
INFO sprint6:   fold 5 thr=0.472 AUC=0.8504 Acc=0.7959 Spec=0.9375 F1=0.8276
INFO sprint6: saved outputs/sprint6_arm_a_grlfix_l10.0_s1042/sprint6_results.json

========================================================================================================================
SPRINT 6 SUMMARY (arm=arm_a)
========================================================================================================================
baseline   gcn_only         0.8771+/-0.0290 0.8190+/-0.0191 0.9244+/-0.0353 0.7979+/-0.0484 0.8547+/-0.0201 0.8620+/-0.0765  pooled=0.7661
