===== follow-up pipeline start 2026-04-18T23:40:02+08:00 =====
variant=medium_youden_rep epochs=200 n_folds=5
project=/home/imss/cw/GCN copdnoph copdph
output=/home/imss/cw/GCN copdnoph copdph/outputs/followup_medium_youden_rep
2026-04-18 23:40:05,800 INFO device=cuda
2026-04-18 23:40:05,806 INFO labels: 106 cases in data/labels_gold.csv
2026-04-18 23:40:05,853 INFO loaded 106 graphs from cache /home/imss/cw/GCN copdnoph copdph/cache
2026-04-18 23:40:05,859 INFO variant=medium_youden_rep mode=pulmonary_gcn repeats=3 focal=True node_drop=0.10 mpap_aux=True (w=0.10) youden=True splits=True
2026-04-18 23:40:05,859 INFO [note] preset splits ignored: repeats=3 > 1 → regenerating stratified splits per seed
2026-04-18 23:40:05,860 INFO repeat 1/3  seed=42  → 5 folds
2026-04-18 23:40:05,861 INFO repeat 2/3  seed=43  → 5 folds
2026-04-18 23:40:05,861 INFO repeat 3/3  seed=44  → 5 folds
2026-04-18 23:40:05,861 INFO === repeat 0 / fold 1/5  (train=84  val=22) ===
2026-04-18 23:40:06,849 INFO focal loss alpha=[1.499212622642517, 0.5007873773574829] gamma=2
2026-04-18 23:40:07,821 INFO epoch   1 | loss=2.9078 | val auc=1.0000 f1=0.6667 acc=0.6364  *best
2026-04-18 23:40:08,647 INFO epoch   5 | loss=0.7864 | val auc=0.9688 f1=0.6087 acc=0.5909
2026-04-18 23:40:09,743 INFO epoch  10 | loss=0.7656 | val auc=0.9792 f1=0.4000 acc=0.4545
2026-04-18 23:40:10,844 INFO epoch  15 | loss=0.6079 | val auc=0.9375 f1=0.7200 acc=0.6818
2026-04-18 23:40:11,860 INFO epoch  20 | loss=0.4940 | val auc=0.9688 f1=0.8667 acc=0.8182
2026-04-18 23:40:12,938 INFO epoch  25 | loss=0.5174 | val auc=0.9792 f1=0.9333 acc=0.9091
2026-04-18 23:40:13,975 INFO epoch  30 | loss=0.4562 | val auc=0.9583 f1=0.8571 acc=0.8182
2026-04-18 23:40:14,193 INFO early stopping at epoch 31
2026-04-18 23:40:14,220 INFO fold 0: Youden threshold=0.475  sens=1.000  spec=1.000
2026-04-18 23:40:14,220 INFO fold 0: {'threshold': 0.47541311383247375, 'accuracy': 1.0, 'f1': 1.0, 'precision': 1.0, 'recall': 1.0, 'sensitivity': 1.0, 'specificity': 1.0, 'auc': 1.0, 'fold': 0, 'repeat': 0, 'accuracy_argmax': 0.6363636363636364, 'f1_argmax': 0.6666666666666666, 'precision_argmax': 1.0, 'recall_argmax': 0.5, 'sensitivity_argmax': 0.5, 'specificity_argmax': 1.0, 'threshold_argmax': 0.5}
2026-04-18 23:40:14,220 INFO === repeat 0 / fold 2/5  (train=85  val=21) ===
2026-04-18 23:40:14,228 INFO focal loss alpha=[1.4815665483474731, 0.5184334516525269] gamma=2
2026-04-18 23:40:14,424 INFO epoch   1 | loss=2.8693 | val auc=0.7375 f1=0.4000 acc=0.4286  *best
2026-04-18 23:40:14,615 INFO epoch   2 | loss=1.8239 | val auc=0.7750 f1=0.4545 acc=0.4286  *best
2026-04-18 23:40:14,849 INFO epoch   3 | loss=1.0084 | val auc=0.8000 f1=0.0000 acc=0.2381  *best
2026-04-18 23:40:15,287 INFO epoch   5 | loss=0.8597 | val auc=0.7250 f1=0.4000 acc=0.4286
2026-04-18 23:40:15,729 INFO epoch   7 | loss=0.7416 | val auc=0.8250 f1=0.7857 acc=0.7143  *best
2026-04-18 23:40:15,947 INFO epoch   8 | loss=0.7508 | val auc=0.8625 f1=0.4000 acc=0.4286  *best
2026-04-18 23:40:16,379 INFO epoch  10 | loss=0.7551 | val auc=0.8500 f1=0.3158 acc=0.3810
2026-04-18 23:40:16,605 INFO epoch  11 | loss=0.6739 | val auc=0.9125 f1=0.7200 acc=0.6667  *best
2026-04-18 23:40:17,449 INFO epoch  15 | loss=0.6423 | val auc=0.9000 f1=0.7200 acc=0.6667
2026-04-18 23:40:18,322 INFO epoch  19 | loss=0.6468 | val auc=0.9250 f1=0.6087 acc=0.5714  *best
2026-04-18 23:40:18,535 INFO epoch  20 | loss=0.5188 | val auc=0.9000 f1=0.4762 acc=0.4762
2026-04-18 23:40:19,389 INFO epoch  24 | loss=0.6191 | val auc=0.9375 f1=0.6087 acc=0.5714  *best
2026-04-18 23:40:19,598 INFO epoch  25 | loss=0.5124 | val auc=0.8875 f1=0.4000 acc=0.4286
2026-04-18 23:40:20,695 INFO epoch  30 | loss=0.3822 | val auc=0.8875 f1=0.5455 acc=0.5238
2026-04-18 23:40:21,798 INFO epoch  35 | loss=0.3695 | val auc=0.9000 f1=0.7200 acc=0.6667
2026-04-18 23:40:22,868 INFO epoch  40 | loss=0.3589 | val auc=0.8875 f1=0.7200 acc=0.6667
2026-04-18 23:40:23,995 INFO epoch  45 | loss=0.3835 | val auc=0.9125 f1=0.8148 acc=0.7619
2026-04-18 23:40:25,035 INFO epoch  50 | loss=0.4440 | val auc=0.8750 f1=0.7692 acc=0.7143
2026-04-18 23:40:25,906 INFO early stopping at epoch 54
2026-04-18 23:40:25,936 INFO fold 1: Youden threshold=0.275  sens=1.000  spec=0.800
2026-04-18 23:40:25,936 INFO fold 1: {'threshold': 0.2752813994884491, 'accuracy': 0.9523809523809523, 'f1': 0.9696969696969697, 'precision': 0.9411764705882353, 'recall': 1.0, 'sensitivity': 1.0, 'specificity': 0.8, 'auc': 0.9375, 'fold': 1, 'repeat': 0, 'accuracy_argmax': 0.5714285714285714, 'f1_argmax': 0.6086956521739131, 'precision_argmax': 1.0, 'recall_argmax': 0.4375, 'sensitivity_argmax': 0.4375, 'specificity_argmax': 1.0, 'threshold_argmax': 0.5}
2026-04-18 23:40:25,936 INFO === repeat 0 / fold 3/5  (train=85  val=21) ===
2026-04-18 23:40:25,944 INFO focal loss alpha=[1.4815665483474731, 0.5184334516525269] gamma=2
2026-04-18 23:40:26,172 INFO epoch   1 | loss=2.7136 | val auc=0.5250 f1=0.2105 acc=0.2857  *best
2026-04-18 23:40:26,370 INFO epoch   2 | loss=1.3172 | val auc=0.6250 f1=0.8000 acc=0.7143  *best
2026-04-18 23:40:26,782 INFO epoch   4 | loss=0.7815 | val auc=0.6500 f1=0.6667 acc=0.5714  *best
2026-04-18 23:40:27,003 INFO epoch   5 | loss=0.7078 | val auc=0.6375 f1=0.7742 acc=0.6667
2026-04-18 23:40:28,110 INFO epoch  10 | loss=0.6761 | val auc=0.6375 f1=0.7586 acc=0.6667
2026-04-18 23:40:29,196 INFO epoch  15 | loss=0.6084 | val auc=0.6125 f1=0.6667 acc=0.5714
2026-04-18 23:40:29,439 INFO epoch  16 | loss=0.6172 | val auc=0.6750 f1=0.7143 acc=0.6190  *best
2026-04-18 23:40:30,261 INFO epoch  20 | loss=0.5647 | val auc=0.6250 f1=0.7143 acc=0.6190
2026-04-18 23:40:30,499 INFO epoch  21 | loss=0.5061 | val auc=0.7125 f1=0.7143 acc=0.6190  *best
2026-04-18 23:40:31,377 INFO epoch  25 | loss=0.4715 | val auc=0.7125 f1=0.7143 acc=0.6190
2026-04-18 23:40:31,844 INFO epoch  27 | loss=0.5085 | val auc=0.7375 f1=0.7143 acc=0.6190  *best
2026-04-18 23:40:32,523 INFO epoch  30 | loss=0.4053 | val auc=0.7000 f1=0.7143 acc=0.6190
2026-04-18 23:40:33,596 INFO epoch  35 | loss=0.4078 | val auc=0.6250 f1=0.7333 acc=0.6190
2026-04-18 23:40:34,672 INFO epoch  40 | loss=0.3369 | val auc=0.7125 f1=0.7143 acc=0.6190
2026-04-18 23:40:35,855 INFO epoch  45 | loss=0.3678 | val auc=0.6375 f1=0.7143 acc=0.6190
2026-04-18 23:40:36,908 INFO epoch  50 | loss=0.3904 | val auc=0.7000 f1=0.7143 acc=0.6190
2026-04-18 23:40:38,025 INFO epoch  55 | loss=0.4272 | val auc=0.7250 f1=0.7143 acc=0.6190
2026-04-18 23:40:38,453 INFO early stopping at epoch 57
2026-04-18 23:40:38,481 INFO fold 2: Youden threshold=0.733  sens=0.500  spec=1.000
2026-04-18 23:40:38,481 INFO fold 2: {'threshold': 0.7326303720474243, 'accuracy': 0.6190476190476191, 'f1': 0.6666666666666666, 'precision': 1.0, 'recall': 0.5, 'sensitivity': 0.5, 'specificity': 1.0, 'auc': 0.7375, 'fold': 2, 'repeat': 0, 'accuracy_argmax': 0.6190476190476191, 'f1_argmax': 0.7142857142857143, 'precision_argmax': 0.8333333333333334, 'recall_argmax': 0.625, 'sensitivity_argmax': 0.625, 'specificity_argmax': 0.6, 'threshold_argmax': 0.5}
2026-04-18 23:40:38,481 INFO === repeat 0 / fold 4/5  (train=85  val=21) ===
2026-04-18 23:40:38,488 INFO focal loss alpha=[1.4815665483474731, 0.5184334516525269] gamma=2
2026-04-18 23:40:38,739 INFO epoch   1 | loss=2.8006 | val auc=0.6125 f1=0.3158 acc=0.3810  *best
2026-04-18 23:40:38,986 INFO epoch   2 | loss=1.5364 | val auc=0.6250 f1=0.8485 acc=0.7619  *best
2026-04-18 23:40:39,223 INFO epoch   3 | loss=0.9648 | val auc=0.7750 f1=0.1176 acc=0.2857  *best
2026-04-18 23:40:39,648 INFO epoch   5 | loss=0.8917 | val auc=0.6875 f1=0.5926 acc=0.4762
2026-04-18 23:40:40,368 INFO epoch  10 | loss=0.6835 | val auc=0.7500 f1=0.4000 acc=0.4286
2026-04-18 23:40:40,515 INFO epoch  11 | loss=0.7156 | val auc=0.8250 f1=0.4762 acc=0.4762  *best
2026-04-18 23:40:41,119 INFO epoch  15 | loss=0.6306 | val auc=0.7875 f1=0.6087 acc=0.5714
2026-04-18 23:40:42,141 INFO epoch  20 | loss=0.5970 | val auc=0.8000 f1=0.6087 acc=0.5714
2026-04-18 23:40:42,786 INFO epoch  23 | loss=0.5640 | val auc=0.8500 f1=0.6087 acc=0.5714  *best
2026-04-18 23:40:43,180 INFO epoch  25 | loss=0.5765 | val auc=0.7375 f1=0.1176 acc=0.2857
2026-04-18 23:40:44,231 INFO epoch  30 | loss=0.5749 | val auc=0.8625 f1=0.6087 acc=0.5714  *best
2026-04-18 23:40:44,885 INFO epoch  33 | loss=0.4550 | val auc=0.8750 f1=0.6667 acc=0.6190  *best
2026-04-18 23:40:45,311 INFO epoch  35 | loss=0.4429 | val auc=0.8750 f1=0.7407 acc=0.6667
2026-04-18 23:40:46,367 INFO epoch  40 | loss=0.3917 | val auc=0.8625 f1=0.7857 acc=0.7143
2026-04-18 23:40:46,788 INFO epoch  42 | loss=0.3982 | val auc=0.8875 f1=0.7857 acc=0.7143  *best
2026-04-18 23:40:47,398 INFO epoch  45 | loss=0.4161 | val auc=0.8750 f1=0.7407 acc=0.6667
2026-04-18 23:40:48,449 INFO epoch  50 | loss=0.2919 | val auc=0.9125 f1=0.7857 acc=0.7143  *best
2026-04-18 23:40:49,464 INFO epoch  55 | loss=0.2853 | val auc=0.8625 f1=0.8276 acc=0.7619
2026-04-18 23:40:50,506 INFO epoch  60 | loss=0.2700 | val auc=0.8375 f1=0.8667 acc=0.8095
2026-04-18 23:40:51,562 INFO epoch  65 | loss=0.2862 | val auc=0.8625 f1=0.8667 acc=0.8095
2026-04-18 23:40:52,699 INFO epoch  70 | loss=0.4171 | val auc=0.8750 f1=0.7407 acc=0.6667
2026-04-18 23:40:53,734 INFO epoch  75 | loss=0.3466 | val auc=0.8750 f1=0.8276 acc=0.7619
2026-04-18 23:40:54,811 INFO epoch  80 | loss=0.2075 | val auc=0.8750 f1=0.8667 acc=0.8095
2026-04-18 23:40:54,811 INFO early stopping at epoch 80
2026-04-18 23:40:54,840 INFO fold 3: Youden threshold=0.293  sens=0.938  spec=0.800
2026-04-18 23:40:54,840 INFO fold 3: {'threshold': 0.29280760884284973, 'accuracy': 0.9047619047619048, 'f1': 0.9375, 'precision': 0.9375, 'recall': 0.9375, 'sensitivity': 0.9375, 'specificity': 0.8, 'auc': 0.9125, 'fold': 3, 'repeat': 0, 'accuracy_argmax': 0.7142857142857143, 'f1_argmax': 0.7857142857142857, 'precision_argmax': 0.9166666666666666, 'recall_argmax': 0.6875, 'sensitivity_argmax': 0.6875, 'specificity_argmax': 0.8, 'threshold_argmax': 0.5}
2026-04-18 23:40:54,840 INFO === repeat 0 / fold 5/5  (train=85  val=21) ===
2026-04-18 23:40:54,848 INFO focal loss alpha=[1.505082607269287, 0.49491745233535767] gamma=2
2026-04-18 23:40:55,093 INFO epoch   1 | loss=2.8050 | val auc=0.8333 f1=0.6667 acc=0.6190  *best
2026-04-18 23:40:55,321 INFO epoch   2 | loss=1.2722 | val auc=0.9333 f1=0.5714 acc=0.5714  *best
2026-04-18 23:40:55,944 INFO epoch   5 | loss=0.8217 | val auc=0.7222 f1=0.4762 acc=0.4762
2026-04-18 23:40:57,023 INFO epoch  10 | loss=0.7419 | val auc=0.8667 f1=0.8148 acc=0.7619
2026-04-18 23:40:58,107 INFO epoch  15 | loss=0.6979 | val auc=0.8444 f1=0.6667 acc=0.6190
2026-04-18 23:40:59,201 INFO epoch  20 | loss=0.7059 | val auc=0.8000 f1=0.8571 acc=0.8095
2026-04-18 23:41:00,246 INFO epoch  25 | loss=0.6007 | val auc=0.7889 f1=0.7692 acc=0.7143
2026-04-18 23:41:01,352 INFO epoch  30 | loss=0.4679 | val auc=0.8556 f1=0.8571 acc=0.8095
2026-04-18 23:41:01,760 INFO early stopping at epoch 32
2026-04-18 23:41:01,787 INFO fold 4: Youden threshold=0.437  sens=0.733  spec=1.000
2026-04-18 23:41:01,787 INFO fold 4: {'threshold': 0.4370127022266388, 'accuracy': 0.8095238095238095, 'f1': 0.8461538461538461, 'precision': 1.0, 'recall': 0.7333333333333333, 'sensitivity': 0.7333333333333333, 'specificity': 1.0, 'auc': 0.9333333333333333, 'fold': 4, 'repeat': 0, 'accuracy_argmax': 0.5714285714285714, 'f1_argmax': 0.5714285714285714, 'precision_argmax': 1.0, 'recall_argmax': 0.4, 'sensitivity_argmax': 0.4, 'specificity_argmax': 1.0, 'threshold_argmax': 0.5}
2026-04-18 23:41:01,787 INFO === repeat 1 / fold 1/5  (train=84  val=22) ===
2026-04-18 23:41:01,795 INFO focal loss alpha=[1.499212622642517, 0.5007873773574829] gamma=2
2026-04-18 23:41:02,007 INFO epoch   1 | loss=2.8539 | val auc=0.6667 f1=0.4762 acc=0.5000  *best
2026-04-18 23:41:02,222 INFO epoch   2 | loss=1.7307 | val auc=0.7812 f1=0.0000 acc=0.2727  *best
2026-04-18 23:41:02,433 INFO epoch   3 | loss=0.9939 | val auc=0.8542 f1=0.8333 acc=0.7273  *best
2026-04-18 23:41:02,892 INFO epoch   5 | loss=0.8355 | val auc=0.8958 f1=0.7200 acc=0.6818  *best
2026-04-18 23:41:03,128 INFO epoch   6 | loss=0.8536 | val auc=0.9479 f1=0.8571 acc=0.8182  *best
2026-04-18 23:41:03,958 INFO epoch  10 | loss=0.8078 | val auc=0.7396 f1=0.6400 acc=0.5909
2026-04-18 23:41:05,053 INFO epoch  15 | loss=0.5604 | val auc=0.8021 f1=0.7200 acc=0.6818
2026-04-18 23:41:06,116 INFO epoch  20 | loss=0.6226 | val auc=0.8438 f1=0.6667 acc=0.6364
2026-04-18 23:41:07,176 INFO epoch  25 | loss=0.5960 | val auc=0.8333 f1=0.6400 acc=0.5909
2026-04-18 23:41:08,159 INFO epoch  30 | loss=0.5619 | val auc=0.8958 f1=0.8667 acc=0.8182
2026-04-18 23:41:09,172 INFO epoch  35 | loss=0.5573 | val auc=0.9062 f1=0.7407 acc=0.6818
2026-04-18 23:41:09,377 INFO epoch  36 | loss=0.5730 | val auc=0.9792 f1=0.9412 acc=0.9091  *best
2026-04-18 23:41:10,190 INFO epoch  40 | loss=0.4224 | val auc=0.9271 f1=0.8667 acc=0.8182
2026-04-18 23:41:10,829 INFO epoch  43 | loss=0.4480 | val auc=0.9896 f1=0.8571 acc=0.8182  *best
2026-04-18 23:41:11,280 INFO epoch  45 | loss=0.5312 | val auc=0.9583 f1=0.8667 acc=0.8182
2026-04-18 23:41:12,319 INFO epoch  50 | loss=0.3332 | val auc=0.9583 f1=0.8667 acc=0.8182
2026-04-18 23:41:13,354 INFO epoch  55 | loss=0.4313 | val auc=0.9271 f1=0.8667 acc=0.8182
2026-04-18 23:41:14,417 INFO epoch  60 | loss=0.2366 | val auc=0.9062 f1=0.8667 acc=0.8182
2026-04-18 23:41:15,516 INFO epoch  65 | loss=0.3463 | val auc=0.9167 f1=0.8667 acc=0.8182
2026-04-18 23:41:16,583 INFO epoch  70 | loss=0.3359 | val auc=0.9583 f1=0.9375 acc=0.9091
2026-04-18 23:41:17,209 INFO early stopping at epoch 73
2026-04-18 23:41:17,236 INFO fold 0: Youden threshold=0.419  sens=0.938  spec=1.000
2026-04-18 23:41:17,236 INFO fold 0: {'threshold': 0.41871368885040283, 'accuracy': 0.9545454545454546, 'f1': 0.967741935483871, 'precision': 1.0, 'recall': 0.9375, 'sensitivity': 0.9375, 'specificity': 1.0, 'auc': 0.9895833333333334, 'fold': 0, 'repeat': 1, 'accuracy_argmax': 0.8181818181818182, 'f1_argmax': 0.8571428571428571, 'precision_argmax': 1.0, 'recall_argmax': 0.75, 'sensitivity_argmax': 0.75, 'specificity_argmax': 1.0, 'threshold_argmax': 0.5}
2026-04-18 23:41:17,236 INFO === repeat 1 / fold 2/5  (train=85  val=21) ===
2026-04-18 23:41:17,244 INFO focal loss alpha=[1.4815665483474731, 0.5184334516525269] gamma=2
2026-04-18 23:41:17,476 INFO epoch   1 | loss=2.9268 | val auc=0.5250 f1=0.1176 acc=0.2857  *best
2026-04-18 23:41:17,702 INFO epoch   2 | loss=1.5184 | val auc=0.6500 f1=0.6400 acc=0.5714  *best
2026-04-18 23:41:18,354 INFO epoch   5 | loss=0.8442 | val auc=0.6375 f1=0.3810 acc=0.3810
2026-04-18 23:41:19,191 INFO epoch   9 | loss=0.6825 | val auc=0.6625 f1=0.6400 acc=0.5714  *best
2026-04-18 23:41:19,414 INFO epoch  10 | loss=0.6394 | val auc=0.6375 f1=0.4545 acc=0.4286
2026-04-18 23:41:19,590 INFO epoch  11 | loss=0.8024 | val auc=0.7250 f1=0.5217 acc=0.4762  *best
2026-04-18 23:41:20,394 INFO epoch  15 | loss=0.5097 | val auc=0.6625 f1=0.5217 acc=0.4762
2026-04-18 23:41:21,496 INFO epoch  20 | loss=0.7252 | val auc=0.6250 f1=0.5217 acc=0.4762
2026-04-18 23:41:22,619 INFO epoch  25 | loss=0.5880 | val auc=0.6125 f1=0.7143 acc=0.6190
2026-04-18 23:41:23,704 INFO epoch  30 | loss=0.5062 | val auc=0.6750 f1=0.5833 acc=0.5238
2026-04-18 23:41:24,778 INFO epoch  35 | loss=0.6185 | val auc=0.6750 f1=0.6923 acc=0.6190
2026-04-18 23:41:25,904 INFO epoch  40 | loss=0.5145 | val auc=0.6875 f1=0.7143 acc=0.6190
2026-04-18 23:41:26,119 INFO early stopping at epoch 41
2026-04-18 23:41:26,161 INFO fold 1: Youden threshold=0.386  sens=0.688  spec=0.800
2026-04-18 23:41:26,161 INFO fold 1: {'threshold': 0.3861551880836487, 'accuracy': 0.7142857142857143, 'f1': 0.7857142857142857, 'precision': 0.9166666666666666, 'recall': 0.6875, 'sensitivity': 0.6875, 'specificity': 0.8, 'auc': 0.7250000000000001, 'fold': 1, 'repeat': 1, 'accuracy_argmax': 0.47619047619047616, 'f1_argmax': 0.5217391304347826, 'precision_argmax': 0.8571428571428571, 'recall_argmax': 0.375, 'sensitivity_argmax': 0.375, 'specificity_argmax': 0.8, 'threshold_argmax': 0.5}
2026-04-18 23:41:26,161 INFO === repeat 1 / fold 3/5  (train=85  val=21) ===
2026-04-18 23:41:26,168 INFO focal loss alpha=[1.4815665483474731, 0.5184334516525269] gamma=2
2026-04-18 23:41:26,414 INFO epoch   1 | loss=2.9495 | val auc=0.8375 f1=0.1176 acc=0.2857  *best
2026-04-18 23:41:27,233 INFO epoch   5 | loss=0.7849 | val auc=0.7625 f1=0.5833 acc=0.5238
2026-04-18 23:41:28,247 INFO epoch  10 | loss=0.7243 | val auc=0.7750 f1=0.4000 acc=0.4286
2026-04-18 23:41:29,311 INFO epoch  15 | loss=0.6482 | val auc=0.7750 f1=0.3158 acc=0.3810
2026-04-18 23:41:30,405 INFO epoch  20 | loss=0.5529 | val auc=0.7375 f1=0.8000 acc=0.7143
2026-04-18 23:41:31,424 INFO epoch  25 | loss=0.4443 | val auc=0.6750 f1=0.7143 acc=0.6190
2026-04-18 23:41:32,554 INFO epoch  30 | loss=0.4177 | val auc=0.7625 f1=0.7586 acc=0.6667
2026-04-18 23:41:32,780 INFO early stopping at epoch 31
2026-04-18 23:41:32,808 INFO fold 2: Youden threshold=0.328  sens=0.688  spec=1.000
2026-04-18 23:41:32,808 INFO fold 2: {'threshold': 0.32824933528900146, 'accuracy': 0.7619047619047619, 'f1': 0.8148148148148148, 'precision': 1.0, 'recall': 0.6875, 'sensitivity': 0.6875, 'specificity': 1.0, 'auc': 0.8375000000000001, 'fold': 2, 'repeat': 1, 'accuracy_argmax': 0.2857142857142857, 'f1_argmax': 0.11764705882352941, 'precision_argmax': 1.0, 'recall_argmax': 0.0625, 'sensitivity_argmax': 0.0625, 'specificity_argmax': 1.0, 'threshold_argmax': 0.5}
2026-04-18 23:41:32,808 INFO === repeat 1 / fold 4/5  (train=85  val=21) ===
2026-04-18 23:41:32,815 INFO focal loss alpha=[1.4815665483474731, 0.5184334516525269] gamma=2
2026-04-18 23:41:33,045 INFO epoch   1 | loss=2.8183 | val auc=0.8500 f1=0.4762 acc=0.4762  *best
2026-04-18 23:41:33,504 INFO epoch   3 | loss=1.0540 | val auc=0.8750 f1=0.1176 acc=0.2857  *best
2026-04-18 23:41:33,908 INFO epoch   5 | loss=0.8167 | val auc=0.8750 f1=0.2222 acc=0.3333
2026-04-18 23:41:34,349 INFO epoch   7 | loss=0.7395 | val auc=0.8875 f1=0.6087 acc=0.5714  *best
2026-04-18 23:41:34,991 INFO epoch  10 | loss=0.8327 | val auc=0.8750 f1=0.4000 acc=0.4286
2026-04-18 23:41:36,052 INFO epoch  15 | loss=0.6462 | val auc=0.8375 f1=0.7407 acc=0.6667
2026-04-18 23:41:37,137 INFO epoch  20 | loss=0.6555 | val auc=0.8125 f1=0.7692 acc=0.7143
2026-04-18 23:41:38,230 INFO epoch  25 | loss=0.5565 | val auc=0.7500 f1=0.7586 acc=0.6667
2026-04-18 23:41:39,318 INFO epoch  30 | loss=0.4874 | val auc=0.8250 f1=0.8125 acc=0.7143
2026-04-18 23:41:40,395 INFO epoch  35 | loss=0.3864 | val auc=0.7625 f1=0.8000 acc=0.7143
2026-04-18 23:41:40,853 INFO early stopping at epoch 37
2026-04-18 23:41:40,894 INFO fold 3: Youden threshold=0.404  sens=0.875  spec=0.800
2026-04-18 23:41:40,894 INFO fold 3: {'threshold': 0.4044112265110016, 'accuracy': 0.8571428571428571, 'f1': 0.9032258064516129, 'precision': 0.9333333333333333, 'recall': 0.875, 'sensitivity': 0.875, 'specificity': 0.8, 'auc': 0.8875, 'fold': 3, 'repeat': 1, 'accuracy_argmax': 0.5714285714285714, 'f1_argmax': 0.6086956521739131, 'precision_argmax': 1.0, 'recall_argmax': 0.4375, 'sensitivity_argmax': 0.4375, 'specificity_argmax': 1.0, 'threshold_argmax': 0.5}
2026-04-18 23:41:40,894 INFO === repeat 1 / fold 5/5  (train=85  val=21) ===
2026-04-18 23:41:40,902 INFO focal loss alpha=[1.505082607269287, 0.49491745233535767] gamma=2
2026-04-18 23:41:41,142 INFO epoch   1 | loss=2.7973 | val auc=0.6667 f1=0.0000 acc=0.2857  *best
2026-04-18 23:41:41,329 INFO epoch   2 | loss=1.6016 | val auc=0.8000 f1=0.0000 acc=0.2857  *best
2026-04-18 23:41:41,979 INFO epoch   5 | loss=0.8501 | val auc=0.7556 f1=0.4211 acc=0.4762
2026-04-18 23:41:42,927 INFO epoch   9 | loss=0.6864 | val auc=0.8111 f1=0.4211 acc=0.4762  *best
2026-04-18 23:41:43,162 INFO epoch  10 | loss=0.6158 | val auc=0.7889 f1=0.6364 acc=0.6190
2026-04-18 23:41:44,285 INFO epoch  15 | loss=0.5099 | val auc=0.7556 f1=0.6087 acc=0.5714
2026-04-18 23:41:45,378 INFO epoch  20 | loss=0.5253 | val auc=0.7444 f1=0.5000 acc=0.5238
2026-04-18 23:41:46,475 INFO epoch  25 | loss=0.5648 | val auc=0.6778 f1=0.5000 acc=0.5238
2026-04-18 23:41:47,545 INFO epoch  30 | loss=0.4760 | val auc=0.6889 f1=0.6087 acc=0.5714
2026-04-18 23:41:48,674 INFO epoch  35 | loss=0.3491 | val auc=0.7222 f1=0.7586 acc=0.6667
2026-04-18 23:41:49,496 INFO early stopping at epoch 39
2026-04-18 23:41:49,529 INFO fold 4: Youden threshold=0.438  sens=0.600  spec=1.000
2026-04-18 23:41:49,529 INFO fold 4: {'threshold': 0.4384046792984009, 'accuracy': 0.7142857142857143, 'f1': 0.75, 'precision': 1.0, 'recall': 0.6, 'sensitivity': 0.6, 'specificity': 1.0, 'auc': 0.8111111111111111, 'fold': 4, 'repeat': 1, 'accuracy_argmax': 0.47619047619047616, 'f1_argmax': 0.42105263157894735, 'precision_argmax': 1.0, 'recall_argmax': 0.26666666666666666, 'sensitivity_argmax': 0.26666666666666666, 'specificity_argmax': 1.0, 'threshold_argmax': 0.5}
2026-04-18 23:41:49,529 INFO === repeat 2 / fold 1/5  (train=84  val=22) ===
2026-04-18 23:41:49,537 INFO focal loss alpha=[1.499212622642517, 0.5007873773574829] gamma=2
2026-04-18 23:41:49,781 INFO epoch   1 | loss=2.8243 | val auc=0.8021 f1=0.2222 acc=0.3636  *best
2026-04-18 23:41:50,598 INFO epoch   5 | loss=0.8460 | val auc=0.9062 f1=0.2222 acc=0.3636  *best
2026-04-18 23:41:51,647 INFO epoch  10 | loss=0.7321 | val auc=0.7604 f1=0.6667 acc=0.5909
2026-04-18 23:41:52,729 INFO epoch  15 | loss=0.6518 | val auc=0.6875 f1=0.6667 acc=0.6364
2026-04-18 23:41:53,818 INFO epoch  20 | loss=0.5390 | val auc=0.6875 f1=0.6429 acc=0.5455
2026-04-18 23:41:54,874 INFO epoch  25 | loss=0.5132 | val auc=0.6667 f1=0.7143 acc=0.6364
2026-04-18 23:41:55,956 INFO epoch  30 | loss=0.4955 | val auc=0.5938 f1=0.6154 acc=0.5455
2026-04-18 23:41:57,049 INFO epoch  35 | loss=0.4249 | val auc=0.6667 f1=0.6429 acc=0.5455
2026-04-18 23:41:57,049 INFO early stopping at epoch 35
2026-04-18 23:41:57,076 INFO fold 0: Youden threshold=0.381  sens=0.812  spec=1.000
2026-04-18 23:41:57,076 INFO fold 0: {'threshold': 0.3807181417942047, 'accuracy': 0.8636363636363636, 'f1': 0.896551724137931, 'precision': 1.0, 'recall': 0.8125, 'sensitivity': 0.8125, 'specificity': 1.0, 'auc': 0.90625, 'fold': 0, 'repeat': 2, 'accuracy_argmax': 0.36363636363636365, 'f1_argmax': 0.2222222222222222, 'precision_argmax': 1.0, 'recall_argmax': 0.125, 'sensitivity_argmax': 0.125, 'specificity_argmax': 1.0, 'threshold_argmax': 0.5}
2026-04-18 23:41:57,076 INFO === repeat 2 / fold 2/5  (train=85  val=21) ===
2026-04-18 23:41:57,083 INFO focal loss alpha=[1.4815665483474731, 0.5184334516525269] gamma=2
2026-04-18 23:41:57,334 INFO epoch   1 | loss=2.8715 | val auc=0.4250 f1=0.6207 acc=0.4762  *best
2026-04-18 23:41:57,559 INFO epoch   2 | loss=1.4400 | val auc=0.5250 f1=0.6429 acc=0.5238  *best
2026-04-18 23:41:57,762 INFO epoch   3 | loss=0.9689 | val auc=0.5875 f1=0.5217 acc=0.4762  *best
2026-04-18 23:41:58,220 INFO epoch   5 | loss=0.8802 | val auc=0.6000 f1=0.4545 acc=0.4286  *best
2026-04-18 23:41:58,458 INFO epoch   6 | loss=0.7937 | val auc=0.7250 f1=0.6667 acc=0.6190  *best
2026-04-18 23:41:59,317 INFO epoch  10 | loss=0.6688 | val auc=0.7250 f1=0.6087 acc=0.5714
2026-04-18 23:41:59,969 INFO epoch  13 | loss=0.6441 | val auc=0.7750 f1=0.7857 acc=0.7143  *best
2026-04-18 23:42:00,395 INFO epoch  15 | loss=0.6386 | val auc=0.6750 f1=0.6400 acc=0.5714
2026-04-18 23:42:01,433 INFO epoch  20 | loss=0.7045 | val auc=0.6750 f1=0.6087 acc=0.5714
2026-04-18 23:42:02,513 INFO epoch  25 | loss=0.6448 | val auc=0.5625 f1=0.7097 acc=0.5714
2026-04-18 23:42:03,537 INFO epoch  30 | loss=0.5214 | val auc=0.6250 f1=0.6154 acc=0.5238
2026-04-18 23:42:04,570 INFO epoch  35 | loss=0.6181 | val auc=0.6125 f1=0.6087 acc=0.5714
2026-04-18 23:42:05,601 INFO epoch  40 | loss=0.2880 | val auc=0.5875 f1=0.6154 acc=0.5238
2026-04-18 23:42:06,269 INFO early stopping at epoch 43
2026-04-18 23:42:06,298 INFO fold 1: Youden threshold=0.492  sens=0.750  spec=0.800
2026-04-18 23:42:06,298 INFO fold 1: {'threshold': 0.4919590950012207, 'accuracy': 0.7619047619047619, 'f1': 0.8275862068965517, 'precision': 0.9230769230769231, 'recall': 0.75, 'sensitivity': 0.75, 'specificity': 0.8, 'auc': 0.7749999999999999, 'fold': 1, 'repeat': 2, 'accuracy_argmax': 0.7142857142857143, 'f1_argmax': 0.7857142857142857, 'precision_argmax': 0.9166666666666666, 'recall_argmax': 0.6875, 'sensitivity_argmax': 0.6875, 'specificity_argmax': 0.8, 'threshold_argmax': 0.5}
2026-04-18 23:42:06,298 INFO === repeat 2 / fold 3/5  (train=85  val=21) ===
2026-04-18 23:42:06,306 INFO focal loss alpha=[1.4815665483474731, 0.5184334516525269] gamma=2
2026-04-18 23:42:06,517 INFO epoch   1 | loss=2.7791 | val auc=0.7750 f1=0.7407 acc=0.6667  *best
2026-04-18 23:42:06,960 INFO epoch   3 | loss=1.0334 | val auc=0.7875 f1=0.5455 acc=0.5238  *best
2026-04-18 23:42:07,170 INFO epoch   4 | loss=0.9324 | val auc=0.8125 f1=0.1176 acc=0.2857  *best
2026-04-18 23:42:07,361 INFO epoch   5 | loss=0.8761 | val auc=0.8000 f1=0.6400 acc=0.5714
2026-04-18 23:42:07,579 INFO epoch   6 | loss=0.8060 | val auc=0.8375 f1=0.5455 acc=0.5238  *best
2026-04-18 23:42:07,989 INFO epoch   8 | loss=0.7050 | val auc=0.9000 f1=0.6667 acc=0.6190  *best
2026-04-18 23:42:08,206 INFO epoch   9 | loss=0.6543 | val auc=0.9375 f1=0.3158 acc=0.3810  *best
2026-04-18 23:42:08,422 INFO epoch  10 | loss=0.7223 | val auc=0.9250 f1=0.6667 acc=0.6190
2026-04-18 23:42:08,860 INFO epoch  12 | loss=0.7474 | val auc=0.9750 f1=0.2222 acc=0.3333  *best
2026-04-18 23:42:09,520 INFO epoch  15 | loss=0.6226 | val auc=0.9500 f1=0.7200 acc=0.6667
2026-04-18 23:42:09,762 INFO epoch  16 | loss=0.6175 | val auc=1.0000 f1=0.6667 acc=0.6190  *best
2026-04-18 23:42:10,662 INFO epoch  20 | loss=0.6074 | val auc=0.9750 f1=0.5455 acc=0.5238
2026-04-18 23:42:11,663 INFO epoch  25 | loss=0.5505 | val auc=0.9000 f1=0.8148 acc=0.7619
2026-04-18 23:42:12,702 INFO epoch  30 | loss=0.6716 | val auc=0.9625 f1=0.6667 acc=0.6190
2026-04-18 23:42:13,920 INFO epoch  35 | loss=0.5184 | val auc=0.9750 f1=0.6087 acc=0.5714
2026-04-18 23:42:14,984 INFO epoch  40 | loss=0.3233 | val auc=0.9250 f1=0.7692 acc=0.7143
2026-04-18 23:42:16,040 INFO epoch  45 | loss=0.4366 | val auc=0.9375 f1=0.6667 acc=0.6190
2026-04-18 23:42:16,263 INFO early stopping at epoch 46
2026-04-18 23:42:16,291 INFO fold 2: Youden threshold=0.298  sens=1.000  spec=1.000
2026-04-18 23:42:16,291 INFO fold 2: {'threshold': 0.29840755462646484, 'accuracy': 1.0, 'f1': 1.0, 'precision': 1.0, 'recall': 1.0, 'sensitivity': 1.0, 'specificity': 1.0, 'auc': 1.0, 'fold': 2, 'repeat': 2, 'accuracy_argmax': 0.6190476190476191, 'f1_argmax': 0.6666666666666666, 'precision_argmax': 1.0, 'recall_argmax': 0.5, 'sensitivity_argmax': 0.5, 'specificity_argmax': 1.0, 'threshold_argmax': 0.5}
2026-04-18 23:42:16,291 INFO === repeat 2 / fold 4/5  (train=85  val=21) ===
2026-04-18 23:42:16,298 INFO focal loss alpha=[1.4815665483474731, 0.5184334516525269] gamma=2
2026-04-18 23:42:16,537 INFO epoch   1 | loss=2.8874 | val auc=1.0000 f1=0.4762 acc=0.4762  *best
2026-04-18 23:42:17,386 INFO epoch   5 | loss=0.7859 | val auc=0.9750 f1=0.4000 acc=0.4286
2026-04-18 23:42:18,414 INFO epoch  10 | loss=0.7621 | val auc=0.9375 f1=0.4762 acc=0.4762
2026-04-18 23:42:19,452 INFO epoch  15 | loss=0.6499 | val auc=1.0000 f1=0.4000 acc=0.4286
2026-04-18 23:42:20,488 INFO epoch  20 | loss=0.6176 | val auc=1.0000 f1=0.7200 acc=0.6667
2026-04-18 23:42:21,561 INFO epoch  25 | loss=0.5261 | val auc=1.0000 f1=0.9333 acc=0.9048
2026-04-18 23:42:22,585 INFO epoch  30 | loss=0.4418 | val auc=1.0000 f1=0.8966 acc=0.8571
2026-04-18 23:42:22,794 INFO early stopping at epoch 31
2026-04-18 23:42:22,821 INFO fold 3: Youden threshold=0.473  sens=1.000  spec=1.000
2026-04-18 23:42:22,821 INFO fold 3: {'threshold': 0.47313401103019714, 'accuracy': 1.0, 'f1': 1.0, 'precision': 1.0, 'recall': 1.0, 'sensitivity': 1.0, 'specificity': 1.0, 'auc': 1.0, 'fold': 3, 'repeat': 2, 'accuracy_argmax': 0.47619047619047616, 'f1_argmax': 0.47619047619047616, 'precision_argmax': 1.0, 'recall_argmax': 0.3125, 'sensitivity_argmax': 0.3125, 'specificity_argmax': 1.0, 'threshold_argmax': 0.5}
2026-04-18 23:42:22,821 INFO === repeat 2 / fold 5/5  (train=85  val=21) ===
2026-04-18 23:42:22,829 INFO focal loss alpha=[1.505082607269287, 0.49491745233535767] gamma=2
2026-04-18 23:42:23,033 INFO epoch   1 | loss=2.7761 | val auc=0.7000 f1=0.1250 acc=0.3333  *best
2026-04-18 23:42:23,867 INFO epoch   5 | loss=0.9358 | val auc=0.5444 f1=0.2353 acc=0.3810
2026-04-18 23:42:24,933 INFO epoch  10 | loss=0.6847 | val auc=0.6889 f1=0.4211 acc=0.4762
2026-04-18 23:42:25,384 INFO epoch  12 | loss=0.6455 | val auc=0.7222 f1=0.5455 acc=0.5238  *best
2026-04-18 23:42:25,597 INFO epoch  13 | loss=0.7266 | val auc=0.7333 f1=0.3333 acc=0.4286  *best
2026-04-18 23:42:26,028 INFO epoch  15 | loss=0.6378 | val auc=0.7000 f1=0.4762 acc=0.4762
2026-04-18 23:42:26,245 INFO epoch  16 | loss=0.6058 | val auc=0.7444 f1=0.2222 acc=0.3333  *best
2026-04-18 23:42:27,118 INFO epoch  20 | loss=0.5814 | val auc=0.6778 f1=0.3158 acc=0.3810
2026-04-18 23:42:28,226 INFO epoch  25 | loss=0.5736 | val auc=0.7333 f1=0.6667 acc=0.6190
2026-04-18 23:42:28,450 INFO epoch  26 | loss=0.5046 | val auc=0.7667 f1=0.6667 acc=0.6190  *best
2026-04-18 23:42:29,264 INFO epoch  30 | loss=0.4700 | val auc=0.7444 f1=0.6087 acc=0.5714
2026-04-18 23:42:30,359 INFO epoch  35 | loss=0.5118 | val auc=0.7333 f1=0.7857 acc=0.7143
2026-04-18 23:42:31,476 INFO epoch  40 | loss=0.4806 | val auc=0.6778 f1=0.6667 acc=0.6190
2026-04-18 23:42:31,877 INFO epoch  42 | loss=0.2767 | val auc=0.7778 f1=0.6923 acc=0.6190  *best
2026-04-18 23:42:32,553 INFO epoch  45 | loss=0.3003 | val auc=0.7111 f1=0.6923 acc=0.6190
2026-04-18 23:42:33,414 INFO epoch  49 | loss=0.3259 | val auc=0.7889 f1=0.6923 acc=0.6190  *best
2026-04-18 23:42:33,620 INFO epoch  50 | loss=0.3077 | val auc=0.7889 f1=0.7857 acc=0.7143
2026-04-18 23:42:34,667 INFO epoch  55 | loss=0.4017 | val auc=0.7444 f1=0.4000 acc=0.4286
2026-04-18 23:42:35,744 INFO epoch  60 | loss=0.2638 | val auc=0.7222 f1=0.7857 acc=0.7143
2026-04-18 23:42:36,787 INFO epoch  65 | loss=0.2234 | val auc=0.7444 f1=0.8276 acc=0.7619
2026-04-18 23:42:37,774 INFO epoch  70 | loss=0.2637 | val auc=0.6889 f1=0.8125 acc=0.7143
2026-04-18 23:42:38,802 INFO epoch  75 | loss=0.2467 | val auc=0.7444 f1=0.8276 acc=0.7619
2026-04-18 23:42:39,700 INFO early stopping at epoch 79
2026-04-18 23:42:39,727 INFO fold 4: Youden threshold=0.106  sens=1.000  spec=0.500
2026-04-18 23:42:39,727 INFO fold 4: {'threshold': 0.10614883154630661, 'accuracy': 0.8571428571428571, 'f1': 0.9090909090909091, 'precision': 0.8333333333333334, 'recall': 1.0, 'sensitivity': 1.0, 'specificity': 0.5, 'auc': 0.788888888888889, 'fold': 4, 'repeat': 2, 'accuracy_argmax': 0.6190476190476191, 'f1_argmax': 0.6923076923076923, 'precision_argmax': 0.8181818181818182, 'recall_argmax': 0.6, 'sensitivity_argmax': 0.6, 'specificity_argmax': 0.6666666666666666, 'threshold_argmax': 0.5}
2026-04-18 23:42:39,729 INFO wrote /home/imss/cw/GCN copdnoph copdph/outputs/followup_medium_youden_rep/cv_results.json

====== 5-fold CV — six-metric summary ======
  auc         : 0.8828 ± 0.0943
  accuracy    : 0.8514 ± 0.1153
  precision   : 0.9657 ± 0.0481
  sensitivity : 0.8347 ± 0.1608
  f1          : 0.8850 ± 0.0976
  specificity : 0.9000 ± 0.1414
===== follow-up pipeline done 2026-04-18T23:42:40+08:00  (flag: /home/imss/cw/GCN copdnoph copdph/outputs/followup_medium_youden_rep/followup_medium_youden_rep_done.flag) =====
