[ROUND10 GRL] loaded 282 protocol labels
INFO sprint6: [config] arm=arm_a device=cuda epochs=120
INFO sprint6: [config] augment=['edge_drop', 'feature_mask'] pa_ao=False residual=False
INFO sprint6: [baseline] matched=243 (pos=163 neg=80) has_rad=92 cache_miss=39 rad_miss=0
INFO sprint6: === mode=gcn_only gcn_in=13 global_dim=0 aug=['edge_drop', 'feature_mask'] res=False jk=none repeats=1 ===
INFO sprint6:     [adv] epoch=0 batch_auc_mean=0.423 n_batches=12
INFO sprint6:     [adv] epoch=1 batch_auc_mean=0.194 n_batches=10
INFO sprint6:     [adv] epoch=2 batch_auc_mean=0.059 n_batches=12
INFO sprint6:     [adv] epoch=3 batch_auc_mean=0.324 n_batches=10
INFO sprint6:     [adv] epoch=4 batch_auc_mean=0.159 n_batches=11
INFO sprint6:     [adv] epoch=5 batch_auc_mean=0.126 n_batches=11
INFO sprint6:     [adv] epoch=6 batch_auc_mean=0.069 n_batches=9
INFO sprint6:     [adv] epoch=7 batch_auc_mean=0.511 n_batches=11
INFO sprint6:     [adv] epoch=8 batch_auc_mean=0.784 n_batches=10
INFO sprint6:     [adv] epoch=9 batch_auc_mean=0.792 n_batches=12
INFO sprint6:     [adv] epoch=10 batch_auc_mean=0.263 n_batches=12
INFO sprint6:     [adv] epoch=11 batch_auc_mean=0.101 n_batches=9
INFO sprint6:     [adv] epoch=12 batch_auc_mean=0.060 n_batches=10
INFO sprint6:     [adv] epoch=13 batch_auc_mean=0.154 n_batches=10
INFO sprint6:     [adv] epoch=14 batch_auc_mean=0.064 n_batches=11
INFO sprint6:     [adv] epoch=15 batch_auc_mean=0.262 n_batches=9
INFO sprint6:     [adv] epoch=16 batch_auc_mean=0.728 n_batches=11
INFO sprint6:     [adv] epoch=17 batch_auc_mean=0.754 n_batches=11
INFO sprint6:     [adv] epoch=18 batch_auc_mean=0.536 n_batches=11
INFO sprint6:     [adv] epoch=19 batch_auc_mean=0.579 n_batches=11
INFO sprint6:     [adv] epoch=20 batch_auc_mean=0.090 n_batches=11
INFO sprint6:     [adv] epoch=21 batch_auc_mean=0.083 n_batches=9
INFO sprint6:     [adv] epoch=22 batch_auc_mean=0.043 n_batches=11
INFO sprint6:     [adv] epoch=23 batch_auc_mean=0.050 n_batches=9
INFO sprint6:     [adv] epoch=24 batch_auc_mean=0.083 n_batches=10
INFO sprint6:     [adv] epoch=25 batch_auc_mean=0.193 n_batches=11
INFO sprint6:     [adv] epoch=26 batch_auc_mean=0.161 n_batches=10
INFO sprint6:     [adv] epoch=27 batch_auc_mean=0.152 n_batches=11
INFO sprint6:     [adv] epoch=28 batch_auc_mean=0.058 n_batches=10
INFO sprint6:     [adv] epoch=29 batch_auc_mean=0.142 n_batches=12
INFO sprint6:     [adv] epoch=30 batch_auc_mean=0.134 n_batches=10
INFO sprint6:     [adv] epoch=31 batch_auc_mean=0.228 n_batches=11
INFO sprint6:     [adv] epoch=32 batch_auc_mean=0.515 n_batches=11
INFO sprint6:     [adv] epoch=33 batch_auc_mean=0.813 n_batches=11
INFO sprint6:     [adv] epoch=34 batch_auc_mean=0.647 n_batches=11
INFO sprint6:     [adv] epoch=35 batch_auc_mean=0.330 n_batches=9
INFO sprint6:     [adv] epoch=36 batch_auc_mean=0.312 n_batches=10
INFO sprint6:     [adv] epoch=37 batch_auc_mean=0.208 n_batches=10
INFO sprint6:     [adv] epoch=38 batch_auc_mean=0.119 n_batches=8
INFO sprint6:     [adv] epoch=39 batch_auc_mean=0.088 n_batches=10
INFO sprint6:     [adv] epoch=40 batch_auc_mean=0.154 n_batches=9
INFO sprint6:     [adv] epoch=41 batch_auc_mean=0.050 n_batches=10
INFO sprint6:     [adv] epoch=42 batch_auc_mean=0.351 n_batches=9
INFO sprint6:     [adv] epoch=43 batch_auc_mean=0.454 n_batches=10
INFO sprint6:   fold 1 thr=0.425 AUC=0.8419 Acc=0.8776 Spec=0.7059 F1=0.9118
INFO sprint6:     [adv] epoch=0 batch_auc_mean=0.289 n_batches=9
INFO sprint6:     [adv] epoch=1 batch_auc_mean=0.102 n_batches=11
INFO sprint6:     [adv] epoch=2 batch_auc_mean=0.049 n_batches=8
INFO sprint6:     [adv] epoch=3 batch_auc_mean=0.074 n_batches=10
INFO sprint6:     [adv] epoch=4 batch_auc_mean=0.136 n_batches=11
INFO sprint6:     [adv] epoch=5 batch_auc_mean=0.669 n_batches=10
INFO sprint6:     [adv] epoch=6 batch_auc_mean=0.749 n_batches=11
INFO sprint6:     [adv] epoch=7 batch_auc_mean=0.640 n_batches=10
INFO sprint6:     [adv] epoch=8 batch_auc_mean=0.158 n_batches=12
INFO sprint6:     [adv] epoch=9 batch_auc_mean=0.195 n_batches=10
INFO sprint6:     [adv] epoch=10 batch_auc_mean=0.150 n_batches=10
INFO sprint6:     [adv] epoch=11 batch_auc_mean=0.210 n_batches=10
INFO sprint6:     [adv] epoch=12 batch_auc_mean=0.497 n_batches=11
INFO sprint6:     [adv] epoch=13 batch_auc_mean=0.459 n_batches=11
INFO sprint6:     [adv] epoch=14 batch_auc_mean=0.278 n_batches=10
INFO sprint6:     [adv] epoch=15 batch_auc_mean=0.375 n_batches=8
INFO sprint6:     [adv] epoch=16 batch_auc_mean=0.305 n_batches=8
INFO sprint6:     [adv] epoch=17 batch_auc_mean=0.825 n_batches=10
INFO sprint6:     [adv] epoch=18 batch_auc_mean=0.881 n_batches=11
INFO sprint6:     [adv] epoch=19 batch_auc_mean=0.635 n_batches=10
INFO sprint6:     [adv] epoch=20 batch_auc_mean=0.350 n_batches=11
INFO sprint6:     [adv] epoch=21 batch_auc_mean=0.158 n_batches=12
INFO sprint6:     [adv] epoch=22 batch_auc_mean=0.027 n_batches=10
INFO sprint6:     [adv] epoch=23 batch_auc_mean=0.049 n_batches=12
INFO sprint6:     [adv] epoch=24 batch_auc_mean=0.351 n_batches=11
INFO sprint6:     [adv] epoch=25 batch_auc_mean=0.863 n_batches=8
INFO sprint6:     [adv] epoch=26 batch_auc_mean=0.911 n_batches=9
INFO sprint6:     [adv] epoch=27 batch_auc_mean=0.787 n_batches=9
INFO sprint6:     [adv] epoch=28 batch_auc_mean=0.396 n_batches=11
INFO sprint6:     [adv] epoch=29 batch_auc_mean=0.128 n_batches=12
INFO sprint6:     [adv] epoch=30 batch_auc_mean=0.078 n_batches=10
INFO sprint6:     [adv] epoch=31 batch_auc_mean=0.098 n_batches=10
INFO sprint6:     [adv] epoch=32 batch_auc_mean=0.652 n_batches=10
INFO sprint6:     [adv] epoch=33 batch_auc_mean=0.939 n_batches=11
INFO sprint6:     [adv] epoch=34 batch_auc_mean=0.885 n_batches=12
INFO sprint6:     [adv] epoch=35 batch_auc_mean=0.775 n_batches=11
INFO sprint6:     [adv] epoch=36 batch_auc_mean=0.409 n_batches=12
INFO sprint6:     [adv] epoch=37 batch_auc_mean=0.283 n_batches=10
INFO sprint6:     [adv] epoch=38 batch_auc_mean=0.194 n_batches=12
INFO sprint6:     [adv] epoch=39 batch_auc_mean=0.171 n_batches=11
INFO sprint6:     [adv] epoch=40 batch_auc_mean=0.262 n_batches=10
INFO sprint6:     [adv] epoch=41 batch_auc_mean=0.152 n_batches=11
INFO sprint6:     [adv] epoch=42 batch_auc_mean=0.369 n_batches=7
INFO sprint6:     [adv] epoch=43 batch_auc_mean=0.857 n_batches=11
INFO sprint6:     [adv] epoch=44 batch_auc_mean=0.821 n_batches=11
INFO sprint6:     [adv] epoch=45 batch_auc_mean=0.601 n_batches=10
INFO sprint6:     [adv] epoch=46 batch_auc_mean=0.405 n_batches=11
INFO sprint6:     [adv] epoch=47 batch_auc_mean=0.545 n_batches=11
INFO sprint6:     [adv] epoch=48 batch_auc_mean=0.412 n_batches=10
INFO sprint6:     [adv] epoch=49 batch_auc_mean=0.213 n_batches=11
INFO sprint6:     [adv] epoch=50 batch_auc_mean=0.146 n_batches=12
INFO sprint6:     [adv] epoch=51 batch_auc_mean=0.126 n_batches=9
INFO sprint6:     [adv] epoch=52 batch_auc_mean=0.103 n_batches=11
INFO sprint6:     [adv] epoch=53 batch_auc_mean=0.202 n_batches=11
INFO sprint6:   fold 2 thr=0.431 AUC=0.8792 Acc=0.7872 Spec=0.8667 F1=0.8276
INFO sprint6:     [adv] epoch=0 batch_auc_mean=0.372 n_batches=10
INFO sprint6:     [adv] epoch=1 batch_auc_mean=0.143 n_batches=9
INFO sprint6:     [adv] epoch=2 batch_auc_mean=0.088 n_batches=11
INFO sprint6:     [adv] epoch=3 batch_auc_mean=0.073 n_batches=11
INFO sprint6:     [adv] epoch=4 batch_auc_mean=0.132 n_batches=11
INFO sprint6:     [adv] epoch=5 batch_auc_mean=0.163 n_batches=10
INFO sprint6:     [adv] epoch=6 batch_auc_mean=0.205 n_batches=11
INFO sprint6:     [adv] epoch=7 batch_auc_mean=0.078 n_batches=10
INFO sprint6:     [adv] epoch=8 batch_auc_mean=0.021 n_batches=9
INFO sprint6:     [adv] epoch=9 batch_auc_mean=0.247 n_batches=10
INFO sprint6:     [adv] epoch=10 batch_auc_mean=0.208 n_batches=11
INFO sprint6:     [adv] epoch=11 batch_auc_mean=0.187 n_batches=8
INFO sprint6:     [adv] epoch=12 batch_auc_mean=0.132 n_batches=10
INFO sprint6:     [adv] epoch=13 batch_auc_mean=0.465 n_batches=10
INFO sprint6:     [adv] epoch=14 batch_auc_mean=0.205 n_batches=11
INFO sprint6:     [adv] epoch=15 batch_auc_mean=0.093 n_batches=9
INFO sprint6:     [adv] epoch=16 batch_auc_mean=0.078 n_batches=9
INFO sprint6:     [adv] epoch=17 batch_auc_mean=0.087 n_batches=10
INFO sprint6:     [adv] epoch=18 batch_auc_mean=0.133 n_batches=11
INFO sprint6:     [adv] epoch=19 batch_auc_mean=0.271 n_batches=10
INFO sprint6:     [adv] epoch=20 batch_auc_mean=0.522 n_batches=11
INFO sprint6:     [adv] epoch=21 batch_auc_mean=0.814 n_batches=11
INFO sprint6:     [adv] epoch=22 batch_auc_mean=0.246 n_batches=11
INFO sprint6:     [adv] epoch=23 batch_auc_mean=0.167 n_batches=9
INFO sprint6:     [adv] epoch=24 batch_auc_mean=0.084 n_batches=11
INFO sprint6:     [adv] epoch=25 batch_auc_mean=0.126 n_batches=11
INFO sprint6:     [adv] epoch=26 batch_auc_mean=0.220 n_batches=9
INFO sprint6:     [adv] epoch=27 batch_auc_mean=0.493 n_batches=11
INFO sprint6:     [adv] epoch=28 batch_auc_mean=0.877 n_batches=10
INFO sprint6:     [adv] epoch=29 batch_auc_mean=0.817 n_batches=8
INFO sprint6:     [adv] epoch=30 batch_auc_mean=0.568 n_batches=10
INFO sprint6:     [adv] epoch=31 batch_auc_mean=0.379 n_batches=11
INFO sprint6:     [adv] epoch=32 batch_auc_mean=0.380 n_batches=9
INFO sprint6:     [adv] epoch=33 batch_auc_mean=0.210 n_batches=12
INFO sprint6:     [adv] epoch=34 batch_auc_mean=0.177 n_batches=9
INFO sprint6:     [adv] epoch=35 batch_auc_mean=0.330 n_batches=9
INFO sprint6:     [adv] epoch=36 batch_auc_mean=0.507 n_batches=12
INFO sprint6:     [adv] epoch=37 batch_auc_mean=0.475 n_batches=10
INFO sprint6:     [adv] epoch=38 batch_auc_mean=0.312 n_batches=11
INFO sprint6:     [adv] epoch=39 batch_auc_mean=0.317 n_batches=10
INFO sprint6:     [adv] epoch=40 batch_auc_mean=0.370 n_batches=8
INFO sprint6:     [adv] epoch=41 batch_auc_mean=0.346 n_batches=9
INFO sprint6:     [adv] epoch=42 batch_auc_mean=0.608 n_batches=10
INFO sprint6:     [adv] epoch=43 batch_auc_mean=0.640 n_batches=12
INFO sprint6:     [adv] epoch=44 batch_auc_mean=0.602 n_batches=11
INFO sprint6:     [adv] epoch=45 batch_auc_mean=0.651 n_batches=11
INFO sprint6:     [adv] epoch=46 batch_auc_mean=0.522 n_batches=7
INFO sprint6:     [adv] epoch=47 batch_auc_mean=0.356 n_batches=12
INFO sprint6:     [adv] epoch=48 batch_auc_mean=0.145 n_batches=10
INFO sprint6:     [adv] epoch=49 batch_auc_mean=0.323 n_batches=10
INFO sprint6:     [adv] epoch=50 batch_auc_mean=0.176 n_batches=10
INFO sprint6:     [adv] epoch=51 batch_auc_mean=0.167 n_batches=9
INFO sprint6:     [adv] epoch=52 batch_auc_mean=0.156 n_batches=9
INFO sprint6:     [adv] epoch=53 batch_auc_mean=0.125 n_batches=9
INFO sprint6:     [adv] epoch=54 batch_auc_mean=0.102 n_batches=9
INFO sprint6:     [adv] epoch=55 batch_auc_mean=0.410 n_batches=12
INFO sprint6:     [adv] epoch=56 batch_auc_mean=0.661 n_batches=11
INFO sprint6:     [adv] epoch=57 batch_auc_mean=0.848 n_batches=11
INFO sprint6:     [adv] epoch=58 batch_auc_mean=0.852 n_batches=11
INFO sprint6:     [adv] epoch=59 batch_auc_mean=0.745 n_batches=10
INFO sprint6:     [adv] epoch=60 batch_auc_mean=0.700 n_batches=10
INFO sprint6:     [adv] epoch=61 batch_auc_mean=0.386 n_batches=11
INFO sprint6:     [adv] epoch=62 batch_auc_mean=0.057 n_batches=10
INFO sprint6:     [adv] epoch=63 batch_auc_mean=0.033 n_batches=8
INFO sprint6:     [adv] epoch=64 batch_auc_mean=0.089 n_batches=10
INFO sprint6:     [adv] epoch=65 batch_auc_mean=0.173 n_batches=10
INFO sprint6:     [adv] epoch=66 batch_auc_mean=0.218 n_batches=10
INFO sprint6:     [adv] epoch=67 batch_auc_mean=0.798 n_batches=10
INFO sprint6:     [adv] epoch=68 batch_auc_mean=0.895 n_batches=9
INFO sprint6:     [adv] epoch=69 batch_auc_mean=0.903 n_batches=12
INFO sprint6:     [adv] epoch=70 batch_auc_mean=0.807 n_batches=10
INFO sprint6:     [adv] epoch=71 batch_auc_mean=0.515 n_batches=11
INFO sprint6:     [adv] epoch=72 batch_auc_mean=0.312 n_batches=10
INFO sprint6:     [adv] epoch=73 batch_auc_mean=0.287 n_batches=9
INFO sprint6:     [adv] epoch=74 batch_auc_mean=0.151 n_batches=11
INFO sprint6:     [adv] epoch=75 batch_auc_mean=0.117 n_batches=10
INFO sprint6:     [adv] epoch=76 batch_auc_mean=0.051 n_batches=11
INFO sprint6:     [adv] epoch=77 batch_auc_mean=0.306 n_batches=9
INFO sprint6:     [adv] epoch=78 batch_auc_mean=0.497 n_batches=9
INFO sprint6:     [adv] epoch=79 batch_auc_mean=0.660 n_batches=11
INFO sprint6:     [adv] epoch=80 batch_auc_mean=0.733 n_batches=9
INFO sprint6:     [adv] epoch=81 batch_auc_mean=0.556 n_batches=11
INFO sprint6:     [adv] epoch=82 batch_auc_mean=0.504 n_batches=10
INFO sprint6:     [adv] epoch=83 batch_auc_mean=0.331 n_batches=9
INFO sprint6:     [adv] epoch=84 batch_auc_mean=0.052 n_batches=9
INFO sprint6:     [adv] epoch=85 batch_auc_mean=0.131 n_batches=9
INFO sprint6:     [adv] epoch=86 batch_auc_mean=0.090 n_batches=11
INFO sprint6:     [adv] epoch=87 batch_auc_mean=0.209 n_batches=10
INFO sprint6:     [adv] epoch=88 batch_auc_mean=0.223 n_batches=9
INFO sprint6:     [adv] epoch=89 batch_auc_mean=0.583 n_batches=10
INFO sprint6:     [adv] epoch=90 batch_auc_mean=0.654 n_batches=10
INFO sprint6:     [adv] epoch=91 batch_auc_mean=0.573 n_batches=9
INFO sprint6:     [adv] epoch=92 batch_auc_mean=0.700 n_batches=10
INFO sprint6:     [adv] epoch=93 batch_auc_mean=0.669 n_batches=10
INFO sprint6:     [adv] epoch=94 batch_auc_mean=0.670 n_batches=11
INFO sprint6:     [adv] epoch=95 batch_auc_mean=0.594 n_batches=11
INFO sprint6:     [adv] epoch=96 batch_auc_mean=0.515 n_batches=10
INFO sprint6:     [adv] epoch=97 batch_auc_mean=0.497 n_batches=10
INFO sprint6:     [adv] epoch=98 batch_auc_mean=0.365 n_batches=10
INFO sprint6:     [adv] epoch=99 batch_auc_mean=0.363 n_batches=9
INFO sprint6:     [adv] epoch=100 batch_auc_mean=0.287 n_batches=11
INFO sprint6:     [adv] epoch=101 batch_auc_mean=0.118 n_batches=12
INFO sprint6:     [adv] epoch=102 batch_auc_mean=0.360 n_batches=11
INFO sprint6:     [adv] epoch=103 batch_auc_mean=0.181 n_batches=9
INFO sprint6:     [adv] epoch=104 batch_auc_mean=0.521 n_batches=9
INFO sprint6:     [adv] epoch=105 batch_auc_mean=0.696 n_batches=8
INFO sprint6:     [adv] epoch=106 batch_auc_mean=0.783 n_batches=10
INFO sprint6:     [adv] epoch=107 batch_auc_mean=0.622 n_batches=9
INFO sprint6:     [adv] epoch=108 batch_auc_mean=0.621 n_batches=11
INFO sprint6:     [adv] epoch=109 batch_auc_mean=0.436 n_batches=11
INFO sprint6:     [adv] epoch=110 batch_auc_mean=0.202 n_batches=11
INFO sprint6:     [adv] epoch=111 batch_auc_mean=0.123 n_batches=9
INFO sprint6:     [adv] epoch=112 batch_auc_mean=0.305 n_batches=10
INFO sprint6:     [adv] epoch=113 batch_auc_mean=0.659 n_batches=10
INFO sprint6:     [adv] epoch=114 batch_auc_mean=0.792 n_batches=11
INFO sprint6:     [adv] epoch=115 batch_auc_mean=0.644 n_batches=9
INFO sprint6:     [adv] epoch=116 batch_auc_mean=0.754 n_batches=9
INFO sprint6:     [adv] epoch=117 batch_auc_mean=0.583 n_batches=9
INFO sprint6:     [adv] epoch=118 batch_auc_mean=0.541 n_batches=9
INFO sprint6:     [adv] epoch=119 batch_auc_mean=0.632 n_batches=10
INFO sprint6:   fold 3 thr=0.489 AUC=0.9475 Acc=0.9167 Spec=0.8667 F1=0.9394
INFO sprint6:     [adv] epoch=0 batch_auc_mean=0.419 n_batches=8
INFO sprint6:     [adv] epoch=1 batch_auc_mean=0.083 n_batches=9
INFO sprint6:     [adv] epoch=2 batch_auc_mean=0.033 n_batches=10
INFO sprint6:     [adv] epoch=3 batch_auc_mean=0.048 n_batches=7
INFO sprint6:     [adv] epoch=4 batch_auc_mean=0.131 n_batches=10
INFO sprint6:     [adv] epoch=5 batch_auc_mean=0.126 n_batches=12
INFO sprint6:     [adv] epoch=6 batch_auc_mean=0.161 n_batches=12
INFO sprint6:     [adv] epoch=7 batch_auc_mean=0.250 n_batches=9
INFO sprint6:     [adv] epoch=8 batch_auc_mean=0.544 n_batches=10
INFO sprint6:     [adv] epoch=9 batch_auc_mean=0.152 n_batches=10
INFO sprint6:     [adv] epoch=10 batch_auc_mean=0.034 n_batches=11
INFO sprint6:     [adv] epoch=11 batch_auc_mean=0.029 n_batches=10
INFO sprint6:     [adv] epoch=12 batch_auc_mean=0.570 n_batches=10
INFO sprint6:     [adv] epoch=13 batch_auc_mean=0.922 n_batches=9
INFO sprint6:     [adv] epoch=14 batch_auc_mean=0.602 n_batches=9
INFO sprint6:     [adv] epoch=15 batch_auc_mean=0.289 n_batches=9
INFO sprint6:     [adv] epoch=16 batch_auc_mean=0.182 n_batches=11
INFO sprint6:     [adv] epoch=17 batch_auc_mean=0.164 n_batches=9
INFO sprint6:     [adv] epoch=18 batch_auc_mean=0.302 n_batches=8
INFO sprint6:     [adv] epoch=19 batch_auc_mean=0.740 n_batches=11
INFO sprint6:     [adv] epoch=20 batch_auc_mean=0.854 n_batches=11
INFO sprint6:     [adv] epoch=21 batch_auc_mean=0.527 n_batches=11
INFO sprint6:     [adv] epoch=22 batch_auc_mean=0.245 n_batches=10
INFO sprint6:     [adv] epoch=23 batch_auc_mean=0.019 n_batches=9
INFO sprint6:     [adv] epoch=24 batch_auc_mean=0.015 n_batches=11
INFO sprint6:     [adv] epoch=25 batch_auc_mean=0.046 n_batches=10
INFO sprint6:     [adv] epoch=26 batch_auc_mean=0.225 n_batches=10
INFO sprint6:     [adv] epoch=27 batch_auc_mean=0.860 n_batches=9
INFO sprint6:     [adv] epoch=28 batch_auc_mean=0.971 n_batches=10
INFO sprint6:     [adv] epoch=29 batch_auc_mean=0.853 n_batches=10
INFO sprint6:     [adv] epoch=30 batch_auc_mean=0.517 n_batches=12
INFO sprint6:     [adv] epoch=31 batch_auc_mean=0.538 n_batches=11
INFO sprint6:     [adv] epoch=32 batch_auc_mean=0.068 n_batches=11
INFO sprint6:     [adv] epoch=33 batch_auc_mean=0.073 n_batches=10
INFO sprint6:     [adv] epoch=34 batch_auc_mean=0.540 n_batches=11
INFO sprint6:     [adv] epoch=35 batch_auc_mean=0.608 n_batches=11
INFO sprint6:     [adv] epoch=36 batch_auc_mean=0.811 n_batches=9
INFO sprint6:     [adv] epoch=37 batch_auc_mean=0.850 n_batches=10
INFO sprint6:     [adv] epoch=38 batch_auc_mean=0.542 n_batches=10
INFO sprint6:     [adv] epoch=39 batch_auc_mean=0.196 n_batches=11
INFO sprint6:     [adv] epoch=40 batch_auc_mean=0.083 n_batches=11
INFO sprint6:     [adv] epoch=41 batch_auc_mean=0.346 n_batches=8
INFO sprint6:     [adv] epoch=42 batch_auc_mean=0.669 n_batches=9
INFO sprint6:     [adv] epoch=43 batch_auc_mean=0.648 n_batches=11
INFO sprint6:     [adv] epoch=44 batch_auc_mean=0.794 n_batches=8
INFO sprint6:     [adv] epoch=45 batch_auc_mean=0.640 n_batches=7
INFO sprint6:     [adv] epoch=46 batch_auc_mean=0.435 n_batches=8
INFO sprint6:     [adv] epoch=47 batch_auc_mean=0.323 n_batches=9
INFO sprint6:     [adv] epoch=48 batch_auc_mean=0.617 n_batches=10
INFO sprint6:     [adv] epoch=49 batch_auc_mean=0.710 n_batches=9
INFO sprint6:     [adv] epoch=50 batch_auc_mean=0.602 n_batches=9
INFO sprint6:     [adv] epoch=51 batch_auc_mean=0.382 n_batches=9
INFO sprint6:     [adv] epoch=52 batch_auc_mean=0.571 n_batches=12
INFO sprint6:     [adv] epoch=53 batch_auc_mean=0.603 n_batches=8
INFO sprint6:     [adv] epoch=54 batch_auc_mean=0.544 n_batches=11
INFO sprint6:     [adv] epoch=55 batch_auc_mean=0.344 n_batches=10
INFO sprint6:     [adv] epoch=56 batch_auc_mean=0.204 n_batches=10
INFO sprint6:     [adv] epoch=57 batch_auc_mean=0.258 n_batches=10
INFO sprint6:     [adv] epoch=58 batch_auc_mean=0.497 n_batches=11
INFO sprint6:     [adv] epoch=59 batch_auc_mean=0.525 n_batches=9
INFO sprint6:     [adv] epoch=60 batch_auc_mean=0.758 n_batches=9
INFO sprint6:     [adv] epoch=61 batch_auc_mean=0.601 n_batches=12
INFO sprint6:     [adv] epoch=62 batch_auc_mean=0.230 n_batches=10
INFO sprint6:     [adv] epoch=63 batch_auc_mean=0.061 n_batches=11
INFO sprint6:     [adv] epoch=64 batch_auc_mean=0.223 n_batches=10
INFO sprint6:     [adv] epoch=65 batch_auc_mean=0.433 n_batches=10
INFO sprint6:     [adv] epoch=66 batch_auc_mean=0.238 n_batches=10
INFO sprint6:     [adv] epoch=67 batch_auc_mean=0.443 n_batches=10
INFO sprint6:     [adv] epoch=68 batch_auc_mean=0.701 n_batches=11
INFO sprint6:     [adv] epoch=69 batch_auc_mean=0.912 n_batches=10
INFO sprint6:     [adv] epoch=70 batch_auc_mean=0.758 n_batches=10
INFO sprint6:     [adv] epoch=71 batch_auc_mean=0.715 n_batches=10
INFO sprint6:     [adv] epoch=72 batch_auc_mean=0.430 n_batches=9
INFO sprint6:     [adv] epoch=73 batch_auc_mean=0.242 n_batches=9
INFO sprint6:     [adv] epoch=74 batch_auc_mean=0.340 n_batches=10
INFO sprint6:     [adv] epoch=75 batch_auc_mean=0.038 n_batches=11
INFO sprint6:     [adv] epoch=76 batch_auc_mean=0.151 n_batches=10
INFO sprint6:     [adv] epoch=77 batch_auc_mean=0.295 n_batches=11
INFO sprint6:     [adv] epoch=78 batch_auc_mean=0.709 n_batches=11
INFO sprint6:     [adv] epoch=79 batch_auc_mean=0.992 n_batches=10
INFO sprint6:     [adv] epoch=80 batch_auc_mean=0.837 n_batches=9
INFO sprint6:     [adv] epoch=81 batch_auc_mean=0.896 n_batches=9
INFO sprint6:     [adv] epoch=82 batch_auc_mean=0.760 n_batches=10
INFO sprint6:     [adv] epoch=83 batch_auc_mean=0.233 n_batches=11
INFO sprint6:     [adv] epoch=84 batch_auc_mean=0.147 n_batches=9
INFO sprint6:     [adv] epoch=85 batch_auc_mean=0.193 n_batches=11
INFO sprint6:     [adv] epoch=86 batch_auc_mean=0.096 n_batches=7
INFO sprint6:     [adv] epoch=87 batch_auc_mean=0.198 n_batches=8
INFO sprint6:     [adv] epoch=88 batch_auc_mean=0.689 n_batches=11
INFO sprint6:     [adv] epoch=89 batch_auc_mean=0.911 n_batches=10
INFO sprint6:     [adv] epoch=90 batch_auc_mean=0.732 n_batches=10
INFO sprint6:     [adv] epoch=91 batch_auc_mean=0.373 n_batches=10
INFO sprint6:     [adv] epoch=92 batch_auc_mean=0.148 n_batches=9
INFO sprint6:     [adv] epoch=93 batch_auc_mean=0.668 n_batches=11
INFO sprint6:     [adv] epoch=94 batch_auc_mean=0.435 n_batches=8
INFO sprint6:     [adv] epoch=95 batch_auc_mean=0.478 n_batches=10
INFO sprint6:     [adv] epoch=96 batch_auc_mean=0.438 n_batches=10
INFO sprint6:     [adv] epoch=97 batch_auc_mean=0.339 n_batches=10
INFO sprint6:     [adv] epoch=98 batch_auc_mean=0.057 n_batches=9
INFO sprint6:     [adv] epoch=99 batch_auc_mean=0.149 n_batches=10
INFO sprint6:     [adv] epoch=100 batch_auc_mean=0.344 n_batches=9
INFO sprint6:     [adv] epoch=101 batch_auc_mean=0.484 n_batches=9
INFO sprint6:     [adv] epoch=102 batch_auc_mean=0.825 n_batches=11
INFO sprint6:     [adv] epoch=103 batch_auc_mean=0.744 n_batches=10
INFO sprint6:     [adv] epoch=104 batch_auc_mean=0.745 n_batches=10
INFO sprint6:     [adv] epoch=105 batch_auc_mean=0.809 n_batches=9
INFO sprint6:     [adv] epoch=106 batch_auc_mean=0.853 n_batches=11
INFO sprint6:     [adv] epoch=107 batch_auc_mean=0.582 n_batches=10
INFO sprint6:     [adv] epoch=108 batch_auc_mean=0.450 n_batches=9
INFO sprint6:     [adv] epoch=109 batch_auc_mean=0.328 n_batches=8
INFO sprint6:     [adv] epoch=110 batch_auc_mean=0.413 n_batches=10
INFO sprint6:     [adv] epoch=111 batch_auc_mean=0.692 n_batches=11
INFO sprint6:     [adv] epoch=112 batch_auc_mean=0.581 n_batches=9
INFO sprint6:     [adv] epoch=113 batch_auc_mean=0.631 n_batches=9
INFO sprint6:     [adv] epoch=114 batch_auc_mean=0.438 n_batches=11
INFO sprint6:     [adv] epoch=115 batch_auc_mean=0.343 n_batches=9
INFO sprint6:     [adv] epoch=116 batch_auc_mean=0.477 n_batches=10
INFO sprint6:     [adv] epoch=117 batch_auc_mean=0.443 n_batches=9
INFO sprint6:     [adv] epoch=118 batch_auc_mean=0.352 n_batches=9
INFO sprint6:     [adv] epoch=119 batch_auc_mean=0.329 n_batches=8
INFO sprint6:   fold 4 thr=0.523 AUC=0.9590 Acc=0.9000 Spec=1.0000 F1=0.9180
INFO sprint6:     [adv] epoch=0 batch_auc_mean=0.255 n_batches=9
INFO sprint6:     [adv] epoch=1 batch_auc_mean=0.129 n_batches=11
INFO sprint6:     [adv] epoch=2 batch_auc_mean=0.110 n_batches=10
INFO sprint6:     [adv] epoch=3 batch_auc_mean=0.094 n_batches=12
INFO sprint6:     [adv] epoch=4 batch_auc_mean=0.083 n_batches=11
INFO sprint6:     [adv] epoch=5 batch_auc_mean=0.122 n_batches=10
INFO sprint6:     [adv] epoch=6 batch_auc_mean=0.555 n_batches=9
INFO sprint6:     [adv] epoch=7 batch_auc_mean=0.783 n_batches=10
INFO sprint6:     [adv] epoch=8 batch_auc_mean=0.556 n_batches=9
INFO sprint6:     [adv] epoch=9 batch_auc_mean=0.033 n_batches=9
INFO sprint6:     [adv] epoch=10 batch_auc_mean=0.043 n_batches=10
INFO sprint6:     [adv] epoch=11 batch_auc_mean=0.101 n_batches=11
INFO sprint6:     [adv] epoch=12 batch_auc_mean=0.058 n_batches=8
INFO sprint6:     [adv] epoch=13 batch_auc_mean=0.722 n_batches=11
INFO sprint6:     [adv] epoch=14 batch_auc_mean=0.909 n_batches=11
INFO sprint6:     [adv] epoch=15 batch_auc_mean=0.737 n_batches=9
INFO sprint6:     [adv] epoch=16 batch_auc_mean=0.343 n_batches=9
INFO sprint6:     [adv] epoch=17 batch_auc_mean=0.085 n_batches=12
INFO sprint6:     [adv] epoch=18 batch_auc_mean=0.077 n_batches=11
INFO sprint6:     [adv] epoch=19 batch_auc_mean=0.154 n_batches=10
INFO sprint6:     [adv] epoch=20 batch_auc_mean=0.779 n_batches=11
INFO sprint6:     [adv] epoch=21 batch_auc_mean=0.943 n_batches=10
INFO sprint6:     [adv] epoch=22 batch_auc_mean=0.799 n_batches=11
INFO sprint6:     [adv] epoch=23 batch_auc_mean=0.665 n_batches=9
INFO sprint6:     [adv] epoch=24 batch_auc_mean=0.574 n_batches=9
INFO sprint6:     [adv] epoch=25 batch_auc_mean=0.434 n_batches=10
INFO sprint6:     [adv] epoch=26 batch_auc_mean=0.249 n_batches=11
INFO sprint6:     [adv] epoch=27 batch_auc_mean=0.147 n_batches=12
INFO sprint6:     [adv] epoch=28 batch_auc_mean=0.113 n_batches=10
INFO sprint6:     [adv] epoch=29 batch_auc_mean=0.029 n_batches=11
INFO sprint6:     [adv] epoch=30 batch_auc_mean=0.190 n_batches=10
INFO sprint6:     [adv] epoch=31 batch_auc_mean=0.756 n_batches=10
INFO sprint6:     [adv] epoch=32 batch_auc_mean=0.924 n_batches=9
INFO sprint6:     [adv] epoch=33 batch_auc_mean=0.822 n_batches=11
INFO sprint6:     [adv] epoch=34 batch_auc_mean=0.711 n_batches=11
INFO sprint6:     [adv] epoch=35 batch_auc_mean=0.563 n_batches=10
INFO sprint6:     [adv] epoch=36 batch_auc_mean=0.597 n_batches=11
INFO sprint6:     [adv] epoch=37 batch_auc_mean=0.496 n_batches=10
INFO sprint6:     [adv] epoch=38 batch_auc_mean=0.392 n_batches=9
INFO sprint6:     [adv] epoch=39 batch_auc_mean=0.432 n_batches=11
INFO sprint6:     [adv] epoch=40 batch_auc_mean=0.326 n_batches=11
INFO sprint6:     [adv] epoch=41 batch_auc_mean=0.354 n_batches=9
INFO sprint6:     [adv] epoch=42 batch_auc_mean=0.345 n_batches=10
INFO sprint6:     [adv] epoch=43 batch_auc_mean=0.212 n_batches=10
INFO sprint6:     [adv] epoch=44 batch_auc_mean=0.062 n_batches=11
INFO sprint6:     [adv] epoch=45 batch_auc_mean=0.245 n_batches=9
INFO sprint6:     [adv] epoch=46 batch_auc_mean=0.222 n_batches=9
INFO sprint6:     [adv] epoch=47 batch_auc_mean=0.472 n_batches=9
INFO sprint6:     [adv] epoch=48 batch_auc_mean=0.662 n_batches=11
INFO sprint6:   fold 5 thr=0.348 AUC=0.8390 Acc=0.8163 Spec=0.8125 F1=0.8571
INFO sprint6: saved outputs/sprint6_arm_a_grlfix_l5.0_s2042/sprint6_results.json

========================================================================================================================
SPRINT 6 SUMMARY (arm=arm_a)
========================================================================================================================
baseline   gcn_only         0.8933+/-0.0511 0.8596+/-0.0496 0.9247+/-0.0459 0.8650+/-0.0800 0.8908+/-0.0416 0.8503+/-0.0951  pooled=0.7918
