[ROUND10 GRL] loaded 282 protocol labels
INFO sprint6: [config] arm=arm_a device=cuda epochs=120
INFO sprint6: [config] augment=['edge_drop', 'feature_mask'] pa_ao=False residual=False
INFO sprint6: [baseline] matched=243 (pos=163 neg=80) has_rad=92 cache_miss=39 rad_miss=0
INFO sprint6: === mode=gcn_only gcn_in=13 global_dim=0 aug=['edge_drop', 'feature_mask'] res=False jk=none repeats=1 ===
INFO sprint6:     [adv] epoch=0 batch_auc_mean=0.339 n_batches=10
INFO sprint6:     [adv] epoch=1 batch_auc_mean=0.122 n_batches=9
INFO sprint6:     [adv] epoch=2 batch_auc_mean=0.204 n_batches=9
INFO sprint6:     [adv] epoch=3 batch_auc_mean=0.121 n_batches=11
INFO sprint6:     [adv] epoch=4 batch_auc_mean=0.133 n_batches=11
INFO sprint6:     [adv] epoch=5 batch_auc_mean=0.175 n_batches=10
INFO sprint6:     [adv] epoch=6 batch_auc_mean=0.164 n_batches=8
INFO sprint6:     [adv] epoch=7 batch_auc_mean=0.578 n_batches=10
INFO sprint6:     [adv] epoch=8 batch_auc_mean=0.819 n_batches=9
INFO sprint6:     [adv] epoch=9 batch_auc_mean=0.603 n_batches=10
INFO sprint6:     [adv] epoch=10 batch_auc_mean=0.270 n_batches=10
INFO sprint6:     [adv] epoch=11 batch_auc_mean=0.127 n_batches=11
INFO sprint6:     [adv] epoch=12 batch_auc_mean=0.256 n_batches=11
INFO sprint6:     [adv] epoch=13 batch_auc_mean=0.542 n_batches=10
INFO sprint6:     [adv] epoch=14 batch_auc_mean=0.807 n_batches=10
INFO sprint6:     [adv] epoch=15 batch_auc_mean=0.597 n_batches=10
INFO sprint6:     [adv] epoch=16 batch_auc_mean=0.153 n_batches=10
INFO sprint6:     [adv] epoch=17 batch_auc_mean=0.137 n_batches=11
INFO sprint6:     [adv] epoch=18 batch_auc_mean=0.058 n_batches=11
INFO sprint6:     [adv] epoch=19 batch_auc_mean=0.037 n_batches=9
INFO sprint6:     [adv] epoch=20 batch_auc_mean=0.202 n_batches=11
INFO sprint6:     [adv] epoch=21 batch_auc_mean=0.825 n_batches=12
INFO sprint6:     [adv] epoch=22 batch_auc_mean=0.702 n_batches=9
INFO sprint6:     [adv] epoch=23 batch_auc_mean=0.551 n_batches=8
INFO sprint6:     [adv] epoch=24 batch_auc_mean=0.260 n_batches=10
INFO sprint6:     [adv] epoch=25 batch_auc_mean=0.171 n_batches=11
INFO sprint6:     [adv] epoch=26 batch_auc_mean=0.085 n_batches=11
INFO sprint6:     [adv] epoch=27 batch_auc_mean=0.075 n_batches=11
INFO sprint6:     [adv] epoch=28 batch_auc_mean=0.091 n_batches=11
INFO sprint6:     [adv] epoch=29 batch_auc_mean=0.103 n_batches=11
INFO sprint6:     [adv] epoch=30 batch_auc_mean=0.348 n_batches=11
INFO sprint6:     [adv] epoch=31 batch_auc_mean=0.564 n_batches=10
INFO sprint6:     [adv] epoch=32 batch_auc_mean=0.231 n_batches=9
INFO sprint6:     [adv] epoch=33 batch_auc_mean=0.122 n_batches=11
INFO sprint6:     [adv] epoch=34 batch_auc_mean=0.202 n_batches=8
INFO sprint6:     [adv] epoch=35 batch_auc_mean=0.197 n_batches=10
INFO sprint6:     [adv] epoch=36 batch_auc_mean=0.282 n_batches=9
INFO sprint6:     [adv] epoch=37 batch_auc_mean=0.694 n_batches=10
INFO sprint6:     [adv] epoch=38 batch_auc_mean=0.716 n_batches=10
INFO sprint6:     [adv] epoch=39 batch_auc_mean=0.777 n_batches=8
INFO sprint6:     [adv] epoch=40 batch_auc_mean=0.507 n_batches=10
INFO sprint6:     [adv] epoch=41 batch_auc_mean=0.601 n_batches=11
INFO sprint6:     [adv] epoch=42 batch_auc_mean=0.568 n_batches=9
INFO sprint6:     [adv] epoch=43 batch_auc_mean=0.532 n_batches=10
INFO sprint6:     [adv] epoch=44 batch_auc_mean=0.413 n_batches=10
INFO sprint6:     [adv] epoch=45 batch_auc_mean=0.200 n_batches=10
INFO sprint6:     [adv] epoch=46 batch_auc_mean=0.069 n_batches=9
INFO sprint6:     [adv] epoch=47 batch_auc_mean=0.030 n_batches=9
INFO sprint6:     [adv] epoch=48 batch_auc_mean=0.093 n_batches=7
INFO sprint6:     [adv] epoch=49 batch_auc_mean=0.147 n_batches=10
INFO sprint6:     [adv] epoch=50 batch_auc_mean=0.222 n_batches=9
INFO sprint6:     [adv] epoch=51 batch_auc_mean=0.224 n_batches=10
INFO sprint6:     [adv] epoch=52 batch_auc_mean=0.224 n_batches=11
INFO sprint6:     [adv] epoch=53 batch_auc_mean=0.264 n_batches=9
INFO sprint6:     [adv] epoch=54 batch_auc_mean=0.435 n_batches=10
INFO sprint6:     [adv] epoch=55 batch_auc_mean=0.539 n_batches=10
INFO sprint6:     [adv] epoch=56 batch_auc_mean=0.598 n_batches=10
INFO sprint6:     [adv] epoch=57 batch_auc_mean=0.636 n_batches=10
INFO sprint6:   fold 1 thr=0.440 AUC=0.8493 Acc=0.8367 Spec=0.8235 F1=0.8710
INFO sprint6:     [adv] epoch=0 batch_auc_mean=0.292 n_batches=11
INFO sprint6:     [adv] epoch=1 batch_auc_mean=0.123 n_batches=11
INFO sprint6:     [adv] epoch=2 batch_auc_mean=0.096 n_batches=11
INFO sprint6:     [adv] epoch=3 batch_auc_mean=0.144 n_batches=9
INFO sprint6:     [adv] epoch=4 batch_auc_mean=0.080 n_batches=8
INFO sprint6:     [adv] epoch=5 batch_auc_mean=0.138 n_batches=12
INFO sprint6:     [adv] epoch=6 batch_auc_mean=0.034 n_batches=11
INFO sprint6:     [adv] epoch=7 batch_auc_mean=0.461 n_batches=10
INFO sprint6:     [adv] epoch=8 batch_auc_mean=0.845 n_batches=11
INFO sprint6:     [adv] epoch=9 batch_auc_mean=0.787 n_batches=9
INFO sprint6:     [adv] epoch=10 batch_auc_mean=0.364 n_batches=9
INFO sprint6:     [adv] epoch=11 batch_auc_mean=0.083 n_batches=11
INFO sprint6:     [adv] epoch=12 batch_auc_mean=0.216 n_batches=11
INFO sprint6:     [adv] epoch=13 batch_auc_mean=0.380 n_batches=9
INFO sprint6:     [adv] epoch=14 batch_auc_mean=0.601 n_batches=10
INFO sprint6:     [adv] epoch=15 batch_auc_mean=0.609 n_batches=10
INFO sprint6:     [adv] epoch=16 batch_auc_mean=0.210 n_batches=10
INFO sprint6:     [adv] epoch=17 batch_auc_mean=0.104 n_batches=10
INFO sprint6:     [adv] epoch=18 batch_auc_mean=0.151 n_batches=12
INFO sprint6:     [adv] epoch=19 batch_auc_mean=0.198 n_batches=10
INFO sprint6:     [adv] epoch=20 batch_auc_mean=0.161 n_batches=10
INFO sprint6:     [adv] epoch=21 batch_auc_mean=0.054 n_batches=11
INFO sprint6:     [adv] epoch=22 batch_auc_mean=0.100 n_batches=11
INFO sprint6:     [adv] epoch=23 batch_auc_mean=0.325 n_batches=10
INFO sprint6:     [adv] epoch=24 batch_auc_mean=0.869 n_batches=11
INFO sprint6:     [adv] epoch=25 batch_auc_mean=0.531 n_batches=9
INFO sprint6:     [adv] epoch=26 batch_auc_mean=0.231 n_batches=11
INFO sprint6:     [adv] epoch=27 batch_auc_mean=0.031 n_batches=10
INFO sprint6:     [adv] epoch=28 batch_auc_mean=0.157 n_batches=9
INFO sprint6:     [adv] epoch=29 batch_auc_mean=0.086 n_batches=11
INFO sprint6:     [adv] epoch=30 batch_auc_mean=0.284 n_batches=11
INFO sprint6:     [adv] epoch=31 batch_auc_mean=0.787 n_batches=10
INFO sprint6:     [adv] epoch=32 batch_auc_mean=0.771 n_batches=9
INFO sprint6:     [adv] epoch=33 batch_auc_mean=0.312 n_batches=11
INFO sprint6:     [adv] epoch=34 batch_auc_mean=0.200 n_batches=10
INFO sprint6:     [adv] epoch=35 batch_auc_mean=0.131 n_batches=11
INFO sprint6:     [adv] epoch=36 batch_auc_mean=0.061 n_batches=11
INFO sprint6:     [adv] epoch=37 batch_auc_mean=0.339 n_batches=10
INFO sprint6:     [adv] epoch=38 batch_auc_mean=0.902 n_batches=11
INFO sprint6:     [adv] epoch=39 batch_auc_mean=0.975 n_batches=8
INFO sprint6:     [adv] epoch=40 batch_auc_mean=0.732 n_batches=11
INFO sprint6:     [adv] epoch=41 batch_auc_mean=0.154 n_batches=11
INFO sprint6:     [adv] epoch=42 batch_auc_mean=0.131 n_batches=10
INFO sprint6:     [adv] epoch=43 batch_auc_mean=0.262 n_batches=10
INFO sprint6:     [adv] epoch=44 batch_auc_mean=0.428 n_batches=11
INFO sprint6:     [adv] epoch=45 batch_auc_mean=0.725 n_batches=10
INFO sprint6:     [adv] epoch=46 batch_auc_mean=0.825 n_batches=10
INFO sprint6:     [adv] epoch=47 batch_auc_mean=0.830 n_batches=11
INFO sprint6:     [adv] epoch=48 batch_auc_mean=0.883 n_batches=11
INFO sprint6:     [adv] epoch=49 batch_auc_mean=0.659 n_batches=11
INFO sprint6:     [adv] epoch=50 batch_auc_mean=0.288 n_batches=11
INFO sprint6:     [adv] epoch=51 batch_auc_mean=0.120 n_batches=9
INFO sprint6:     [adv] epoch=52 batch_auc_mean=0.050 n_batches=10
INFO sprint6:     [adv] epoch=53 batch_auc_mean=0.042 n_batches=11
INFO sprint6:     [adv] epoch=54 batch_auc_mean=0.200 n_batches=11
INFO sprint6:     [adv] epoch=55 batch_auc_mean=0.389 n_batches=9
INFO sprint6:     [adv] epoch=56 batch_auc_mean=0.891 n_batches=10
INFO sprint6:     [adv] epoch=57 batch_auc_mean=0.944 n_batches=11
INFO sprint6:     [adv] epoch=58 batch_auc_mean=0.820 n_batches=12
INFO sprint6:     [adv] epoch=59 batch_auc_mean=0.623 n_batches=10
INFO sprint6:   fold 2 thr=0.461 AUC=0.8854 Acc=0.8723 Spec=0.8000 F1=0.9062
INFO sprint6:     [adv] epoch=0 batch_auc_mean=0.436 n_batches=11
INFO sprint6:     [adv] epoch=1 batch_auc_mean=0.109 n_batches=9
INFO sprint6:     [adv] epoch=2 batch_auc_mean=0.201 n_batches=10
INFO sprint6:     [adv] epoch=3 batch_auc_mean=0.044 n_batches=9
INFO sprint6:     [adv] epoch=4 batch_auc_mean=0.092 n_batches=11
INFO sprint6:     [adv] epoch=5 batch_auc_mean=0.175 n_batches=10
INFO sprint6:     [adv] epoch=6 batch_auc_mean=0.089 n_batches=10
INFO sprint6:     [adv] epoch=7 batch_auc_mean=0.548 n_batches=10
INFO sprint6:     [adv] epoch=8 batch_auc_mean=0.878 n_batches=8
INFO sprint6:     [adv] epoch=9 batch_auc_mean=0.838 n_batches=9
INFO sprint6:     [adv] epoch=10 batch_auc_mean=0.526 n_batches=9
INFO sprint6:     [adv] epoch=11 batch_auc_mean=0.217 n_batches=10
INFO sprint6:     [adv] epoch=12 batch_auc_mean=0.187 n_batches=10
INFO sprint6:     [adv] epoch=13 batch_auc_mean=0.052 n_batches=9
INFO sprint6:     [adv] epoch=14 batch_auc_mean=0.106 n_batches=9
INFO sprint6:     [adv] epoch=15 batch_auc_mean=0.165 n_batches=12
INFO sprint6:     [adv] epoch=16 batch_auc_mean=0.455 n_batches=11
INFO sprint6:     [adv] epoch=17 batch_auc_mean=0.849 n_batches=10
INFO sprint6:     [adv] epoch=18 batch_auc_mean=0.808 n_batches=10
INFO sprint6:     [adv] epoch=19 batch_auc_mean=0.280 n_batches=10
INFO sprint6:     [adv] epoch=20 batch_auc_mean=0.091 n_batches=11
INFO sprint6:     [adv] epoch=21 batch_auc_mean=0.104 n_batches=12
INFO sprint6:     [adv] epoch=22 batch_auc_mean=0.219 n_batches=9
INFO sprint6:     [adv] epoch=23 batch_auc_mean=0.638 n_batches=10
INFO sprint6:     [adv] epoch=24 batch_auc_mean=0.842 n_batches=10
INFO sprint6:     [adv] epoch=25 batch_auc_mean=0.807 n_batches=9
INFO sprint6:     [adv] epoch=26 batch_auc_mean=0.593 n_batches=10
INFO sprint6:     [adv] epoch=27 batch_auc_mean=0.389 n_batches=8
INFO sprint6:     [adv] epoch=28 batch_auc_mean=0.089 n_batches=9
INFO sprint6:     [adv] epoch=29 batch_auc_mean=0.067 n_batches=10
INFO sprint6:     [adv] epoch=30 batch_auc_mean=0.119 n_batches=10
INFO sprint6:     [adv] epoch=31 batch_auc_mean=0.167 n_batches=7
INFO sprint6:     [adv] epoch=32 batch_auc_mean=0.504 n_batches=10
INFO sprint6:     [adv] epoch=33 batch_auc_mean=0.917 n_batches=8
INFO sprint6:     [adv] epoch=34 batch_auc_mean=0.786 n_batches=10
INFO sprint6:     [adv] epoch=35 batch_auc_mean=0.792 n_batches=8
INFO sprint6:     [adv] epoch=36 batch_auc_mean=0.763 n_batches=11
INFO sprint6:     [adv] epoch=37 batch_auc_mean=0.531 n_batches=8
INFO sprint6:     [adv] epoch=38 batch_auc_mean=0.254 n_batches=10
INFO sprint6:     [adv] epoch=39 batch_auc_mean=0.066 n_batches=9
INFO sprint6:     [adv] epoch=40 batch_auc_mean=0.183 n_batches=9
INFO sprint6:     [adv] epoch=41 batch_auc_mean=0.068 n_batches=11
INFO sprint6:     [adv] epoch=42 batch_auc_mean=0.372 n_batches=9
INFO sprint6:     [adv] epoch=43 batch_auc_mean=0.756 n_batches=9
INFO sprint6:     [adv] epoch=44 batch_auc_mean=0.873 n_batches=10
INFO sprint6:     [adv] epoch=45 batch_auc_mean=0.801 n_batches=12
INFO sprint6:     [adv] epoch=46 batch_auc_mean=0.703 n_batches=11
INFO sprint6:     [adv] epoch=47 batch_auc_mean=0.685 n_batches=11
INFO sprint6:     [adv] epoch=48 batch_auc_mean=0.525 n_batches=10
INFO sprint6:     [adv] epoch=49 batch_auc_mean=0.546 n_batches=10
INFO sprint6:     [adv] epoch=50 batch_auc_mean=0.294 n_batches=10
INFO sprint6:     [adv] epoch=51 batch_auc_mean=0.162 n_batches=10
INFO sprint6:     [adv] epoch=52 batch_auc_mean=0.113 n_batches=8
INFO sprint6:     [adv] epoch=53 batch_auc_mean=0.093 n_batches=11
INFO sprint6:   fold 3 thr=0.436 AUC=0.9313 Acc=0.8542 Spec=1.0000 F1=0.8814
INFO sprint6:     [adv] epoch=0 batch_auc_mean=0.290 n_batches=9
INFO sprint6:     [adv] epoch=1 batch_auc_mean=0.080 n_batches=10
INFO sprint6:     [adv] epoch=2 batch_auc_mean=0.038 n_batches=11
INFO sprint6:     [adv] epoch=3 batch_auc_mean=0.061 n_batches=10
INFO sprint6:     [adv] epoch=4 batch_auc_mean=0.911 n_batches=9
INFO sprint6:     [adv] epoch=5 batch_auc_mean=0.984 n_batches=10
INFO sprint6:     [adv] epoch=6 batch_auc_mean=0.625 n_batches=10
INFO sprint6:     [adv] epoch=7 batch_auc_mean=0.069 n_batches=8
INFO sprint6:     [adv] epoch=8 batch_auc_mean=0.063 n_batches=10
INFO sprint6:     [adv] epoch=9 batch_auc_mean=0.055 n_batches=11
INFO sprint6:     [adv] epoch=10 batch_auc_mean=0.050 n_batches=10
INFO sprint6:     [adv] epoch=11 batch_auc_mean=0.364 n_batches=10
INFO sprint6:     [adv] epoch=12 batch_auc_mean=0.823 n_batches=10
INFO sprint6:     [adv] epoch=13 batch_auc_mean=0.538 n_batches=11
INFO sprint6:     [adv] epoch=14 batch_auc_mean=0.320 n_batches=11
INFO sprint6:     [adv] epoch=15 batch_auc_mean=0.086 n_batches=12
INFO sprint6:     [adv] epoch=16 batch_auc_mean=0.111 n_batches=9
INFO sprint6:     [adv] epoch=17 batch_auc_mean=0.148 n_batches=9
INFO sprint6:     [adv] epoch=18 batch_auc_mean=0.786 n_batches=11
INFO sprint6:     [adv] epoch=19 batch_auc_mean=0.827 n_batches=11
INFO sprint6:     [adv] epoch=20 batch_auc_mean=0.583 n_batches=10
INFO sprint6:     [adv] epoch=21 batch_auc_mean=0.332 n_batches=11
INFO sprint6:     [adv] epoch=22 batch_auc_mean=0.279 n_batches=11
INFO sprint6:     [adv] epoch=23 batch_auc_mean=0.299 n_batches=12
INFO sprint6:     [adv] epoch=24 batch_auc_mean=0.441 n_batches=11
INFO sprint6:     [adv] epoch=25 batch_auc_mean=0.527 n_batches=11
INFO sprint6:     [adv] epoch=26 batch_auc_mean=0.632 n_batches=10
INFO sprint6:     [adv] epoch=27 batch_auc_mean=0.438 n_batches=11
INFO sprint6:     [adv] epoch=28 batch_auc_mean=0.631 n_batches=9
INFO sprint6:     [adv] epoch=29 batch_auc_mean=0.604 n_batches=11
INFO sprint6:     [adv] epoch=30 batch_auc_mean=0.613 n_batches=10
INFO sprint6:     [adv] epoch=31 batch_auc_mean=0.541 n_batches=10
INFO sprint6:     [adv] epoch=32 batch_auc_mean=0.626 n_batches=9
INFO sprint6:     [adv] epoch=33 batch_auc_mean=0.501 n_batches=10
INFO sprint6:     [adv] epoch=34 batch_auc_mean=0.519 n_batches=9
INFO sprint6:     [adv] epoch=35 batch_auc_mean=0.711 n_batches=9
INFO sprint6:     [adv] epoch=36 batch_auc_mean=0.503 n_batches=9
INFO sprint6:     [adv] epoch=37 batch_auc_mean=0.368 n_batches=9
INFO sprint6:     [adv] epoch=38 batch_auc_mean=0.184 n_batches=11
INFO sprint6:     [adv] epoch=39 batch_auc_mean=0.312 n_batches=11
INFO sprint6:     [adv] epoch=40 batch_auc_mean=0.303 n_batches=10
INFO sprint6:     [adv] epoch=41 batch_auc_mean=0.181 n_batches=10
INFO sprint6:   fold 4 thr=0.444 AUC=0.8770 Acc=0.8200 Spec=0.9412 F1=0.8475
INFO sprint6:     [adv] epoch=0 batch_auc_mean=0.090 n_batches=10
INFO sprint6:     [adv] epoch=1 batch_auc_mean=0.071 n_batches=10
INFO sprint6:     [adv] epoch=2 batch_auc_mean=0.074 n_batches=10
INFO sprint6:     [adv] epoch=3 batch_auc_mean=0.033 n_batches=10
INFO sprint6:     [adv] epoch=4 batch_auc_mean=0.056 n_batches=10
INFO sprint6:     [adv] epoch=5 batch_auc_mean=0.131 n_batches=10
INFO sprint6:     [adv] epoch=6 batch_auc_mean=0.424 n_batches=10
INFO sprint6:     [adv] epoch=7 batch_auc_mean=0.214 n_batches=10
INFO sprint6:     [adv] epoch=8 batch_auc_mean=0.106 n_batches=9
INFO sprint6:     [adv] epoch=9 batch_auc_mean=0.109 n_batches=9
INFO sprint6:     [adv] epoch=10 batch_auc_mean=0.310 n_batches=11
INFO sprint6:     [adv] epoch=11 batch_auc_mean=0.955 n_batches=11
INFO sprint6:     [adv] epoch=12 batch_auc_mean=0.903 n_batches=12
INFO sprint6:     [adv] epoch=13 batch_auc_mean=0.744 n_batches=11
INFO sprint6:     [adv] epoch=14 batch_auc_mean=0.593 n_batches=9
INFO sprint6:     [adv] epoch=15 batch_auc_mean=0.093 n_batches=9
INFO sprint6:     [adv] epoch=16 batch_auc_mean=0.104 n_batches=12
INFO sprint6:     [adv] epoch=17 batch_auc_mean=0.022 n_batches=9
INFO sprint6:     [adv] epoch=18 batch_auc_mean=0.064 n_batches=10
INFO sprint6:     [adv] epoch=19 batch_auc_mean=0.248 n_batches=11
INFO sprint6:     [adv] epoch=20 batch_auc_mean=0.921 n_batches=10
INFO sprint6:     [adv] epoch=21 batch_auc_mean=0.936 n_batches=10
INFO sprint6:     [adv] epoch=22 batch_auc_mean=0.885 n_batches=12
INFO sprint6:     [adv] epoch=23 batch_auc_mean=0.691 n_batches=9
INFO sprint6:     [adv] epoch=24 batch_auc_mean=0.657 n_batches=9
INFO sprint6:     [adv] epoch=25 batch_auc_mean=0.486 n_batches=11
INFO sprint6:     [adv] epoch=26 batch_auc_mean=0.382 n_batches=8
INFO sprint6:     [adv] epoch=27 batch_auc_mean=0.336 n_batches=9
INFO sprint6:     [adv] epoch=28 batch_auc_mean=0.186 n_batches=10
INFO sprint6:     [adv] epoch=29 batch_auc_mean=0.579 n_batches=9
INFO sprint6:     [adv] epoch=30 batch_auc_mean=0.879 n_batches=11
INFO sprint6:     [adv] epoch=31 batch_auc_mean=0.733 n_batches=9
INFO sprint6:     [adv] epoch=32 batch_auc_mean=0.636 n_batches=10
INFO sprint6:     [adv] epoch=33 batch_auc_mean=0.705 n_batches=10
INFO sprint6:     [adv] epoch=34 batch_auc_mean=0.342 n_batches=11
INFO sprint6:     [adv] epoch=35 batch_auc_mean=0.340 n_batches=9
INFO sprint6:     [adv] epoch=36 batch_auc_mean=0.414 n_batches=10
INFO sprint6:     [adv] epoch=37 batch_auc_mean=0.289 n_batches=10
INFO sprint6:     [adv] epoch=38 batch_auc_mean=0.391 n_batches=10
INFO sprint6:     [adv] epoch=39 batch_auc_mean=0.519 n_batches=9
INFO sprint6:     [adv] epoch=40 batch_auc_mean=0.688 n_batches=8
INFO sprint6:     [adv] epoch=41 batch_auc_mean=0.828 n_batches=11
INFO sprint6:     [adv] epoch=42 batch_auc_mean=0.713 n_batches=9
INFO sprint6:     [adv] epoch=43 batch_auc_mean=0.581 n_batches=10
INFO sprint6:     [adv] epoch=44 batch_auc_mean=0.717 n_batches=11
INFO sprint6:     [adv] epoch=45 batch_auc_mean=0.630 n_batches=9
INFO sprint6:     [adv] epoch=46 batch_auc_mean=0.409 n_batches=10
INFO sprint6:     [adv] epoch=47 batch_auc_mean=0.554 n_batches=10
INFO sprint6:     [adv] epoch=48 batch_auc_mean=0.586 n_batches=9
INFO sprint6:     [adv] epoch=49 batch_auc_mean=0.495 n_batches=11
INFO sprint6:     [adv] epoch=50 batch_auc_mean=0.307 n_batches=8
INFO sprint6:     [adv] epoch=51 batch_auc_mean=0.335 n_batches=10
INFO sprint6:     [adv] epoch=52 batch_auc_mean=0.371 n_batches=10
INFO sprint6:     [adv] epoch=53 batch_auc_mean=0.287 n_batches=10
INFO sprint6:     [adv] epoch=54 batch_auc_mean=0.428 n_batches=10
INFO sprint6:     [adv] epoch=55 batch_auc_mean=0.263 n_batches=10
INFO sprint6:     [adv] epoch=56 batch_auc_mean=0.174 n_batches=9
INFO sprint6:     [adv] epoch=57 batch_auc_mean=0.281 n_batches=9
INFO sprint6:     [adv] epoch=58 batch_auc_mean=0.313 n_batches=11
INFO sprint6:     [adv] epoch=59 batch_auc_mean=0.303 n_batches=9
INFO sprint6:     [adv] epoch=60 batch_auc_mean=0.265 n_batches=10
INFO sprint6:     [adv] epoch=61 batch_auc_mean=0.158 n_batches=10
INFO sprint6:     [adv] epoch=62 batch_auc_mean=0.248 n_batches=11
INFO sprint6:     [adv] epoch=63 batch_auc_mean=0.194 n_batches=9
INFO sprint6:     [adv] epoch=64 batch_auc_mean=0.174 n_batches=8
INFO sprint6:     [adv] epoch=65 batch_auc_mean=0.299 n_batches=9
INFO sprint6:     [adv] epoch=66 batch_auc_mean=0.366 n_batches=11
INFO sprint6:     [adv] epoch=67 batch_auc_mean=0.386 n_batches=10
INFO sprint6:     [adv] epoch=68 batch_auc_mean=0.528 n_batches=8
INFO sprint6:     [adv] epoch=69 batch_auc_mean=0.539 n_batches=9
INFO sprint6:     [adv] epoch=70 batch_auc_mean=0.495 n_batches=12
INFO sprint6:     [adv] epoch=71 batch_auc_mean=0.491 n_batches=11
INFO sprint6:     [adv] epoch=72 batch_auc_mean=0.230 n_batches=11
INFO sprint6:     [adv] epoch=73 batch_auc_mean=0.147 n_batches=11
INFO sprint6:   fold 5 thr=0.385 AUC=0.8883 Acc=0.8571 Spec=0.8750 F1=0.8889
INFO sprint6: saved outputs/sprint6_arm_a_grlfix_l5.0_s42/sprint6_results.json

========================================================================================================================
SPRINT 6 SUMMARY (arm=arm_a)
========================================================================================================================
baseline   gcn_only         0.8863+/-0.0264 0.8481+/-0.0180 0.9402+/-0.0370 0.8288+/-0.0517 0.8790+/-0.0195 0.8879+/-0.0741  pooled=0.8179
