===== follow-up pipeline start 2026-04-18T22:56:04+08:00 =====
variant=medium_youden epochs=300 n_folds=5
project=/home/imss/cw/GCN copdnoph copdph
output=/home/imss/cw/GCN copdnoph copdph/outputs/followup_medium_youden
2026-04-18 22:56:08,191 INFO device=cuda
2026-04-18 22:56:08,197 INFO labels: 106 cases in data/labels_gold.csv
2026-04-18 22:56:08,243 INFO loaded 106 graphs from cache /home/imss/cw/GCN copdnoph copdph/cache
2026-04-18 22:56:08,249 INFO variant=medium_youden focal=True node_drop=0.10 mpap_aux=True (w=0.10) youden=True splits=True
2026-04-18 22:56:08,249 INFO using preset splits: 5 folds
2026-04-18 22:56:08,249 INFO === fold 1/5  (train=84  val=22) ===
2026-04-18 22:56:09,215 INFO focal loss alpha=[1.499212622642517, 0.5007873773574829] gamma=2
2026-04-18 22:56:10,179 INFO epoch   1 | loss=3.0043 | val auc=0.8333 f1=0.1176 acc=0.3182  *best
2026-04-18 22:56:10,621 INFO epoch   3 | loss=1.0612 | val auc=0.8958 f1=0.2222 acc=0.3636  *best
2026-04-18 22:56:10,857 INFO epoch   4 | loss=0.9661 | val auc=0.9375 f1=0.3158 acc=0.4091  *best
2026-04-18 22:56:11,095 INFO epoch   5 | loss=0.8189 | val auc=0.9688 f1=0.5455 acc=0.5455  *best
2026-04-18 22:56:11,317 INFO epoch   6 | loss=0.8514 | val auc=0.9896 f1=0.3158 acc=0.4091  *best
2026-04-18 22:56:11,552 INFO epoch   7 | loss=0.7565 | val auc=1.0000 f1=0.8571 acc=0.8182  *best
2026-04-18 22:56:12,221 INFO epoch  10 | loss=0.6397 | val auc=1.0000 f1=0.8966 acc=0.8636
2026-04-18 22:56:13,315 INFO epoch  15 | loss=0.6208 | val auc=1.0000 f1=0.6087 acc=0.5909
2026-04-18 22:56:14,430 INFO epoch  20 | loss=0.5502 | val auc=1.0000 f1=0.7692 acc=0.7273
2026-04-18 22:56:15,565 INFO epoch  25 | loss=0.5411 | val auc=0.9479 f1=0.9032 acc=0.8636
2026-04-18 22:56:16,645 INFO epoch  30 | loss=0.4720 | val auc=0.9792 f1=0.9333 acc=0.9091
2026-04-18 22:56:17,758 INFO epoch  35 | loss=0.6078 | val auc=0.9688 f1=0.9333 acc=0.9091
2026-04-18 22:56:18,212 INFO early stopping at epoch 37
2026-04-18 22:56:18,238 INFO fold 0: Youden threshold=0.415  sens=1.000  spec=1.000
2026-04-18 22:56:18,238 INFO fold 0: {'threshold': 0.41464558243751526, 'accuracy': 1.0, 'f1': 1.0, 'precision': 1.0, 'recall': 1.0, 'sensitivity': 1.0, 'specificity': 1.0, 'auc': 1.0, 'fold': 0, 'accuracy_argmax': 0.8181818181818182, 'f1_argmax': 0.8571428571428571, 'precision_argmax': 1.0, 'recall_argmax': 0.75, 'sensitivity_argmax': 0.75, 'specificity_argmax': 1.0, 'threshold_argmax': 0.5}
2026-04-18 22:56:18,238 INFO === fold 2/5  (train=85  val=21) ===
2026-04-18 22:56:18,245 INFO focal loss alpha=[1.4815665483474731, 0.5184334516525269] gamma=2
2026-04-18 22:56:18,477 INFO epoch   1 | loss=2.8806 | val auc=0.6375 f1=0.4000 acc=0.4286  *best
2026-04-18 22:56:18,713 INFO epoch   2 | loss=1.6297 | val auc=0.7500 f1=0.2222 acc=0.3333  *best
2026-04-18 22:56:19,390 INFO epoch   5 | loss=0.7411 | val auc=0.7375 f1=0.4762 acc=0.4762
2026-04-18 22:56:20,070 INFO epoch   8 | loss=0.8816 | val auc=0.8500 f1=0.3158 acc=0.3810  *best
2026-04-18 22:56:20,496 INFO epoch  10 | loss=0.6832 | val auc=0.7250 f1=0.4000 acc=0.4286
2026-04-18 22:56:21,380 INFO epoch  14 | loss=0.7814 | val auc=0.8625 f1=0.4000 acc=0.4286  *best
2026-04-18 22:56:21,604 INFO epoch  15 | loss=0.6370 | val auc=0.8500 f1=0.6400 acc=0.5714
2026-04-18 22:56:21,837 INFO epoch  16 | loss=0.6393 | val auc=0.8750 f1=0.3158 acc=0.3810  *best
2026-04-18 22:56:22,739 INFO epoch  20 | loss=0.7311 | val auc=0.8875 f1=0.5455 acc=0.5238  *best
2026-04-18 22:56:22,979 INFO epoch  21 | loss=0.6660 | val auc=0.9125 f1=0.3158 acc=0.3810  *best
2026-04-18 22:56:23,209 INFO epoch  22 | loss=0.6201 | val auc=0.9375 f1=0.7200 acc=0.6667  *best
2026-04-18 22:56:23,868 INFO epoch  25 | loss=0.5924 | val auc=0.9000 f1=0.2222 acc=0.3333
2026-04-18 22:56:24,976 INFO epoch  30 | loss=0.5785 | val auc=0.9000 f1=0.7200 acc=0.6667
2026-04-18 22:56:26,044 INFO epoch  35 | loss=0.3421 | val auc=0.8625 f1=0.6087 acc=0.5714
2026-04-18 22:56:27,152 INFO epoch  40 | loss=0.7616 | val auc=0.8875 f1=0.6667 acc=0.6190
2026-04-18 22:56:28,210 INFO epoch  45 | loss=0.3882 | val auc=0.9000 f1=0.7692 acc=0.7143
2026-04-18 22:56:29,352 INFO epoch  50 | loss=0.4196 | val auc=0.8625 f1=0.4762 acc=0.4762
2026-04-18 22:56:29,811 INFO early stopping at epoch 52
2026-04-18 22:56:29,839 INFO fold 1: Youden threshold=0.398  sens=0.812  spec=1.000
2026-04-18 22:56:29,839 INFO fold 1: {'threshold': 0.39822378754615784, 'accuracy': 0.8571428571428571, 'f1': 0.896551724137931, 'precision': 1.0, 'recall': 0.8125, 'sensitivity': 0.8125, 'specificity': 1.0, 'auc': 0.9375, 'fold': 1, 'accuracy_argmax': 0.6666666666666666, 'f1_argmax': 0.72, 'precision_argmax': 1.0, 'recall_argmax': 0.5625, 'sensitivity_argmax': 0.5625, 'specificity_argmax': 1.0, 'threshold_argmax': 0.5}
2026-04-18 22:56:29,839 INFO === fold 3/5  (train=85  val=21) ===
2026-04-18 22:56:29,846 INFO focal loss alpha=[1.4815665483474731, 0.5184334516525269] gamma=2
2026-04-18 22:56:30,076 INFO epoch   1 | loss=2.7299 | val auc=0.6875 f1=0.3158 acc=0.3810  *best
2026-04-18 22:56:30,311 INFO epoch   2 | loss=1.4214 | val auc=0.7125 f1=0.6087 acc=0.5714  *best
2026-04-18 22:56:30,956 INFO epoch   5 | loss=0.7607 | val auc=0.7125 f1=0.7143 acc=0.6190
2026-04-18 22:56:32,026 INFO epoch  10 | loss=0.7231 | val auc=0.6625 f1=0.6667 acc=0.5714
2026-04-18 22:56:33,133 INFO epoch  15 | loss=0.4958 | val auc=0.6750 f1=0.7586 acc=0.6667
2026-04-18 22:56:34,228 INFO epoch  20 | loss=0.4791 | val auc=0.6750 f1=0.6667 acc=0.5714
2026-04-18 22:56:35,360 INFO epoch  25 | loss=0.4938 | val auc=0.6750 f1=0.6667 acc=0.5714
2026-04-18 22:56:36,476 INFO epoch  30 | loss=0.7375 | val auc=0.6750 f1=0.6154 acc=0.5238
2026-04-18 22:56:36,922 INFO early stopping at epoch 32
2026-04-18 22:56:36,950 INFO fold 2: Youden threshold=0.539  sens=0.438  spec=1.000
2026-04-18 22:56:36,950 INFO fold 2: {'threshold': 0.5391004085540771, 'accuracy': 0.5714285714285714, 'f1': 0.6086956521739131, 'precision': 1.0, 'recall': 0.4375, 'sensitivity': 0.4375, 'specificity': 1.0, 'auc': 0.7125, 'fold': 2, 'accuracy_argmax': 0.5714285714285714, 'f1_argmax': 0.6086956521739131, 'precision_argmax': 1.0, 'recall_argmax': 0.4375, 'sensitivity_argmax': 0.4375, 'specificity_argmax': 1.0, 'threshold_argmax': 0.5}
2026-04-18 22:56:36,950 INFO === fold 4/5  (train=85  val=21) ===
2026-04-18 22:56:36,957 INFO focal loss alpha=[1.4815665483474731, 0.5184334516525269] gamma=2
2026-04-18 22:56:37,194 INFO epoch   1 | loss=2.9370 | val auc=0.6375 f1=0.5217 acc=0.4762  *best
2026-04-18 22:56:37,406 INFO epoch   2 | loss=1.7511 | val auc=0.7625 f1=0.3158 acc=0.3810  *best
2026-04-18 22:56:38,010 INFO epoch   5 | loss=0.7921 | val auc=0.7500 f1=0.2222 acc=0.3333
2026-04-18 22:56:38,242 INFO epoch   6 | loss=0.8486 | val auc=0.7750 f1=0.6087 acc=0.5714  *best
2026-04-18 22:56:39,125 INFO epoch  10 | loss=0.7528 | val auc=0.7250 f1=0.4762 acc=0.4762
2026-04-18 22:56:39,370 INFO epoch  11 | loss=0.6695 | val auc=0.8375 f1=0.4762 acc=0.4762  *best
2026-04-18 22:56:40,199 INFO epoch  15 | loss=0.5074 | val auc=0.7125 f1=0.6154 acc=0.5238
2026-04-18 22:56:41,246 INFO epoch  20 | loss=0.7277 | val auc=0.7250 f1=0.3158 acc=0.3810
2026-04-18 22:56:42,374 INFO epoch  25 | loss=0.5316 | val auc=0.7500 f1=0.5217 acc=0.4762
2026-04-18 22:56:43,287 INFO epoch  29 | loss=0.4126 | val auc=0.8875 f1=0.6087 acc=0.5714  *best
2026-04-18 22:56:43,495 INFO epoch  30 | loss=0.3982 | val auc=0.8250 f1=0.5833 acc=0.5238
2026-04-18 22:56:44,593 INFO epoch  35 | loss=0.4466 | val auc=0.8250 f1=0.9032 acc=0.8571
2026-04-18 22:56:45,702 INFO epoch  40 | loss=0.4460 | val auc=0.7875 f1=0.7407 acc=0.6667
2026-04-18 22:56:46,802 INFO epoch  45 | loss=0.3854 | val auc=0.7625 f1=0.7407 acc=0.6667
2026-04-18 22:56:47,949 INFO epoch  50 | loss=0.5429 | val auc=0.7625 f1=0.4762 acc=0.4762
2026-04-18 22:56:49,065 INFO epoch  55 | loss=0.2662 | val auc=0.7500 f1=0.7586 acc=0.6667
2026-04-18 22:56:49,953 INFO early stopping at epoch 59
2026-04-18 22:56:49,982 INFO fold 3: Youden threshold=0.296  sens=0.938  spec=0.800
2026-04-18 22:56:49,982 INFO fold 3: {'threshold': 0.2959265112876892, 'accuracy': 0.9047619047619048, 'f1': 0.9375, 'precision': 0.9375, 'recall': 0.9375, 'sensitivity': 0.9375, 'specificity': 0.8, 'auc': 0.8875000000000001, 'fold': 3, 'accuracy_argmax': 0.5714285714285714, 'f1_argmax': 0.6086956521739131, 'precision_argmax': 1.0, 'recall_argmax': 0.4375, 'sensitivity_argmax': 0.4375, 'specificity_argmax': 1.0, 'threshold_argmax': 0.5}
2026-04-18 22:56:49,983 INFO === fold 5/5  (train=85  val=21) ===
2026-04-18 22:56:49,990 INFO focal loss alpha=[1.505082607269287, 0.49491745233535767] gamma=2
2026-04-18 22:56:50,213 INFO epoch   1 | loss=2.8453 | val auc=0.9556 f1=0.4211 acc=0.4762  *best
2026-04-18 22:56:51,109 INFO epoch   5 | loss=0.8164 | val auc=0.7111 f1=0.7857 acc=0.7143
2026-04-18 22:56:52,237 INFO epoch  10 | loss=0.7830 | val auc=0.6889 f1=0.6667 acc=0.6190
2026-04-18 22:56:53,454 INFO epoch  15 | loss=0.6037 | val auc=0.5556 f1=0.7586 acc=0.6667
2026-04-18 22:56:54,544 INFO epoch  20 | loss=0.5663 | val auc=0.6222 f1=0.6400 acc=0.5714
2026-04-18 22:56:55,582 INFO epoch  25 | loss=0.5641 | val auc=0.5444 f1=0.7143 acc=0.6190
2026-04-18 22:56:56,699 INFO epoch  30 | loss=0.4155 | val auc=0.6000 f1=0.8000 acc=0.7143
2026-04-18 22:56:56,922 INFO early stopping at epoch 31
2026-04-18 22:56:56,952 INFO fold 4: Youden threshold=0.433  sens=0.800  spec=1.000
2026-04-18 22:56:56,952 INFO fold 4: {'threshold': 0.432612806558609, 'accuracy': 0.8571428571428571, 'f1': 0.8888888888888888, 'precision': 1.0, 'recall': 0.8, 'sensitivity': 0.8, 'specificity': 1.0, 'auc': 0.9555555555555556, 'fold': 4, 'accuracy_argmax': 0.47619047619047616, 'f1_argmax': 0.42105263157894735, 'precision_argmax': 1.0, 'recall_argmax': 0.26666666666666666, 'sensitivity_argmax': 0.26666666666666666, 'specificity_argmax': 1.0, 'threshold_argmax': 0.5}
2026-04-18 22:56:56,953 INFO wrote /home/imss/cw/GCN copdnoph copdph/outputs/followup_medium_youden/cv_results.json

====== 5-fold CV — six-metric summary ======
  auc         : 0.8986 ± 0.0998
  accuracy    : 0.8381 ± 0.1432
  precision   : 0.9875 ± 0.0250
  sensitivity : 0.7975 ± 0.1952
  f1          : 0.8663 ± 0.1347
  specificity : 0.9600 ± 0.0800
===== follow-up pipeline done 2026-04-18T22:56:57+08:00  (flag: /home/imss/cw/GCN copdnoph copdph/outputs/followup_medium_youden/followup_medium_youden_done.flag) =====
