===== follow-up pipeline start 2026-04-18T23:49:38+08:00 =====
variant=mode_hybrid epochs=200 n_folds=5
project=/home/imss/cw/GCN copdnoph copdph
output=/home/imss/cw/GCN copdnoph copdph/outputs/followup_mode_hybrid
2026-04-18 23:49:42,115 INFO device=cuda
2026-04-18 23:49:42,121 INFO labels: 106 cases in data/labels_gold.csv
2026-04-18 23:49:42,169 INFO loaded 106 graphs from cache /home/imss/cw/GCN copdnoph copdph/cache
2026-04-18 23:49:42,177 INFO hybrid mode: radiomics_dim=22
2026-04-18 23:49:42,177 INFO variant=mode_hybrid mode=hybrid repeats=3 focal=True node_drop=0.10 mpap_aux=True (w=0.10) youden=True splits=True
2026-04-18 23:49:42,180 INFO attached radiomics tensor (1×22) to 106 graphs
2026-04-18 23:49:42,180 INFO [note] preset splits ignored: repeats=3 > 1 → regenerating stratified splits per seed
2026-04-18 23:49:42,181 INFO repeat 1/3  seed=42  → 5 folds
2026-04-18 23:49:42,182 INFO repeat 2/3  seed=43  → 5 folds
2026-04-18 23:49:42,182 INFO repeat 3/3  seed=44  → 5 folds
2026-04-18 23:49:42,182 INFO === repeat 0 / fold 1/5  (train=84  val=22) ===
2026-04-18 23:49:43,167 INFO focal loss alpha=[1.499212622642517, 0.5007873773574829] gamma=2
2026-04-18 23:49:44,147 INFO epoch   1 | loss=2.7731 | val auc=0.9479 f1=0.8571 acc=0.8182  *best
2026-04-18 23:49:44,834 INFO epoch   4 | loss=0.8133 | val auc=1.0000 f1=0.7692 acc=0.7273  *best
2026-04-18 23:49:45,081 INFO epoch   5 | loss=0.6925 | val auc=1.0000 f1=0.5455 acc=0.5455
2026-04-18 23:49:46,295 INFO epoch  10 | loss=0.6007 | val auc=0.9792 f1=0.8966 acc=0.8636
2026-04-18 23:49:47,442 INFO epoch  15 | loss=0.6409 | val auc=1.0000 f1=0.9333 acc=0.9091
2026-04-18 23:49:48,600 INFO epoch  20 | loss=0.4654 | val auc=1.0000 f1=0.7200 acc=0.6818
2026-04-18 23:49:49,710 INFO epoch  25 | loss=0.5541 | val auc=1.0000 f1=0.9333 acc=0.9091
2026-04-18 23:49:50,859 INFO epoch  30 | loss=0.4458 | val auc=1.0000 f1=0.8571 acc=0.8182
2026-04-18 23:49:51,804 INFO early stopping at epoch 34
2026-04-18 23:49:51,835 INFO fold 0: Youden threshold=0.423  sens=1.000  spec=1.000
2026-04-18 23:49:51,835 INFO fold 0: {'threshold': 0.4231773316860199, 'accuracy': 1.0, 'f1': 1.0, 'precision': 1.0, 'recall': 1.0, 'sensitivity': 1.0, 'specificity': 1.0, 'auc': 1.0, 'fold': 0, 'repeat': 0, 'accuracy_argmax': 0.7272727272727273, 'f1_argmax': 0.7692307692307693, 'precision_argmax': 1.0, 'recall_argmax': 0.625, 'sensitivity_argmax': 0.625, 'specificity_argmax': 1.0, 'threshold_argmax': 0.5}
2026-04-18 23:49:51,835 INFO === repeat 0 / fold 2/5  (train=85  val=21) ===
2026-04-18 23:49:51,844 INFO focal loss alpha=[1.4815665483474731, 0.5184334516525269] gamma=2
2026-04-18 23:49:52,070 INFO epoch   1 | loss=2.7620 | val auc=0.8000 f1=0.7200 acc=0.6667  *best
2026-04-18 23:49:52,897 INFO epoch   5 | loss=0.7832 | val auc=0.7125 f1=0.4000 acc=0.4286
2026-04-18 23:49:53,581 INFO epoch   8 | loss=0.7246 | val auc=0.8250 f1=0.3158 acc=0.3810  *best
2026-04-18 23:49:54,022 INFO epoch  10 | loss=0.6671 | val auc=0.8000 f1=0.2222 acc=0.3333
2026-04-18 23:49:55,128 INFO epoch  15 | loss=0.4834 | val auc=0.7875 f1=0.4545 acc=0.4286
2026-04-18 23:49:55,355 INFO epoch  16 | loss=0.5491 | val auc=0.8375 f1=0.5455 acc=0.5238  *best
2026-04-18 23:49:56,304 INFO epoch  20 | loss=0.6190 | val auc=0.7875 f1=0.8667 acc=0.8095
2026-04-18 23:49:57,423 INFO epoch  25 | loss=0.4423 | val auc=0.7500 f1=0.8667 acc=0.8095
2026-04-18 23:49:57,864 INFO epoch  27 | loss=0.4446 | val auc=0.8375 f1=0.5455 acc=0.5238  *best
2026-04-18 23:49:58,106 INFO epoch  28 | loss=0.4927 | val auc=0.8625 f1=0.4762 acc=0.4762  *best
2026-04-18 23:49:58,569 INFO epoch  30 | loss=0.3316 | val auc=0.8375 f1=0.4000 acc=0.4286
2026-04-18 23:49:59,466 INFO epoch  34 | loss=0.3430 | val auc=0.8750 f1=0.4000 acc=0.4286  *best
2026-04-18 23:49:59,698 INFO epoch  35 | loss=0.4134 | val auc=0.9000 f1=0.6667 acc=0.6190  *best
2026-04-18 23:49:59,922 INFO epoch  36 | loss=0.3604 | val auc=0.9125 f1=0.7200 acc=0.6667  *best
2026-04-18 23:50:00,823 INFO epoch  40 | loss=0.4327 | val auc=0.8250 f1=0.7692 acc=0.7143
2026-04-18 23:50:01,894 INFO epoch  45 | loss=0.3274 | val auc=0.8625 f1=0.4762 acc=0.4762
2026-04-18 23:50:02,736 INFO epoch  49 | loss=0.2998 | val auc=0.9375 f1=0.7200 acc=0.6667  *best
2026-04-18 23:50:02,931 INFO epoch  50 | loss=0.2511 | val auc=0.8875 f1=0.7692 acc=0.7143
2026-04-18 23:50:03,964 INFO epoch  55 | loss=0.3025 | val auc=0.8625 f1=0.7692 acc=0.7143
2026-04-18 23:50:05,064 INFO epoch  60 | loss=0.3099 | val auc=0.8875 f1=0.8276 acc=0.7619
2026-04-18 23:50:06,194 INFO epoch  65 | loss=0.1872 | val auc=0.9000 f1=0.7692 acc=0.7143
2026-04-18 23:50:07,290 INFO epoch  70 | loss=0.1981 | val auc=0.9125 f1=0.7857 acc=0.7143
2026-04-18 23:50:08,380 INFO epoch  75 | loss=0.2736 | val auc=0.8750 f1=0.7407 acc=0.6667
2026-04-18 23:50:09,307 INFO early stopping at epoch 79
2026-04-18 23:50:09,335 INFO fold 1: Youden threshold=0.288  sens=0.812  spec=1.000
2026-04-18 23:50:09,335 INFO fold 1: {'threshold': 0.2879417836666107, 'accuracy': 0.8571428571428571, 'f1': 0.896551724137931, 'precision': 1.0, 'recall': 0.8125, 'sensitivity': 0.8125, 'specificity': 1.0, 'auc': 0.9375, 'fold': 1, 'repeat': 0, 'accuracy_argmax': 0.6666666666666666, 'f1_argmax': 0.72, 'precision_argmax': 1.0, 'recall_argmax': 0.5625, 'sensitivity_argmax': 0.5625, 'specificity_argmax': 1.0, 'threshold_argmax': 0.5}
2026-04-18 23:50:09,335 INFO === repeat 0 / fold 3/5  (train=85  val=21) ===
2026-04-18 23:50:09,344 INFO focal loss alpha=[1.4815665483474731, 0.5184334516525269] gamma=2
2026-04-18 23:50:09,610 INFO epoch   1 | loss=2.7331 | val auc=0.6500 f1=0.6154 acc=0.5238  *best
2026-04-18 23:50:09,858 INFO epoch   2 | loss=1.4118 | val auc=0.7375 f1=0.1176 acc=0.2857  *best
2026-04-18 23:50:10,558 INFO epoch   5 | loss=0.6757 | val auc=0.6500 f1=0.7586 acc=0.6667
2026-04-18 23:50:11,494 INFO epoch   9 | loss=0.5347 | val auc=0.7500 f1=0.6667 acc=0.5714  *best
2026-04-18 23:50:11,729 INFO epoch  10 | loss=0.6762 | val auc=0.7000 f1=0.7143 acc=0.6190
2026-04-18 23:50:12,845 INFO epoch  15 | loss=0.5573 | val auc=0.7000 f1=0.6667 acc=0.5714
2026-04-18 23:50:14,017 INFO epoch  20 | loss=0.5277 | val auc=0.7375 f1=0.6154 acc=0.5238
2026-04-18 23:50:15,235 INFO epoch  25 | loss=0.4490 | val auc=0.7125 f1=0.7143 acc=0.6190
2026-04-18 23:50:16,322 INFO epoch  30 | loss=0.4369 | val auc=0.7125 f1=0.7586 acc=0.6667
2026-04-18 23:50:17,435 INFO epoch  35 | loss=0.4221 | val auc=0.7250 f1=0.8000 acc=0.7143
2026-04-18 23:50:18,352 INFO early stopping at epoch 39
2026-04-18 23:50:18,381 INFO fold 2: Youden threshold=0.270  sens=0.938  spec=0.600
2026-04-18 23:50:18,381 INFO fold 2: {'threshold': 0.2698027491569519, 'accuracy': 0.8571428571428571, 'f1': 0.9090909090909091, 'precision': 0.8823529411764706, 'recall': 0.9375, 'sensitivity': 0.9375, 'specificity': 0.6, 'auc': 0.75, 'fold': 2, 'repeat': 0, 'accuracy_argmax': 0.5714285714285714, 'f1_argmax': 0.6666666666666666, 'precision_argmax': 0.8181818181818182, 'recall_argmax': 0.5625, 'sensitivity_argmax': 0.5625, 'specificity_argmax': 0.6, 'threshold_argmax': 0.5}
2026-04-18 23:50:18,381 INFO === repeat 0 / fold 4/5  (train=85  val=21) ===
2026-04-18 23:50:18,389 INFO focal loss alpha=[1.4815665483474731, 0.5184334516525269] gamma=2
2026-04-18 23:50:18,651 INFO epoch   1 | loss=2.6667 | val auc=0.7625 f1=0.6087 acc=0.5714  *best
2026-04-18 23:50:19,333 INFO epoch   4 | loss=0.7641 | val auc=0.8250 f1=0.6923 acc=0.6190  *best
2026-04-18 23:50:19,558 INFO epoch   5 | loss=0.8392 | val auc=0.9875 f1=0.1176 acc=0.2857  *best
2026-04-18 23:50:20,627 INFO epoch  10 | loss=0.6008 | val auc=0.6375 f1=0.6923 acc=0.6190
2026-04-18 23:50:21,784 INFO epoch  15 | loss=0.5715 | val auc=0.7625 f1=0.3810 acc=0.3810
2026-04-18 23:50:22,911 INFO epoch  20 | loss=0.5038 | val auc=0.6875 f1=0.6400 acc=0.5714
2026-04-18 23:50:24,021 INFO epoch  25 | loss=0.5361 | val auc=0.7125 f1=0.4545 acc=0.4286
2026-04-18 23:50:25,283 INFO epoch  30 | loss=0.4291 | val auc=0.6250 f1=0.5833 acc=0.5238
2026-04-18 23:50:26,363 INFO epoch  35 | loss=0.4802 | val auc=0.7125 f1=0.6923 acc=0.6190
2026-04-18 23:50:26,363 INFO early stopping at epoch 35
2026-04-18 23:50:26,391 INFO fold 3: Youden threshold=0.258  sens=0.938  spec=1.000
2026-04-18 23:50:26,392 INFO fold 3: {'threshold': 0.25841474533081055, 'accuracy': 0.9523809523809523, 'f1': 0.967741935483871, 'precision': 1.0, 'recall': 0.9375, 'sensitivity': 0.9375, 'specificity': 1.0, 'auc': 0.9875, 'fold': 3, 'repeat': 0, 'accuracy_argmax': 0.2857142857142857, 'f1_argmax': 0.11764705882352941, 'precision_argmax': 1.0, 'recall_argmax': 0.0625, 'sensitivity_argmax': 0.0625, 'specificity_argmax': 1.0, 'threshold_argmax': 0.5}
2026-04-18 23:50:26,392 INFO === repeat 0 / fold 5/5  (train=85  val=21) ===
2026-04-18 23:50:26,401 INFO focal loss alpha=[1.505082607269287, 0.49491745233535767] gamma=2
2026-04-18 23:50:26,634 INFO epoch   1 | loss=2.6429 | val auc=0.9222 f1=0.3333 acc=0.4286  *best
2026-04-18 23:50:27,287 INFO epoch   4 | loss=0.9352 | val auc=0.9444 f1=0.8889 acc=0.8571  *best
2026-04-18 23:50:27,524 INFO epoch   5 | loss=0.8578 | val auc=0.8556 f1=0.3333 acc=0.4286
2026-04-18 23:50:28,701 INFO epoch  10 | loss=0.7937 | val auc=0.8333 f1=0.6667 acc=0.6190
2026-04-18 23:50:29,822 INFO epoch  15 | loss=0.7407 | val auc=0.7000 f1=0.6087 acc=0.5714
2026-04-18 23:50:30,889 INFO epoch  20 | loss=0.6147 | val auc=0.7778 f1=0.8000 acc=0.7143
2026-04-18 23:50:31,960 INFO epoch  25 | loss=0.5431 | val auc=0.8000 f1=0.8667 acc=0.8095
2026-04-18 23:50:33,107 INFO epoch  30 | loss=0.5783 | val auc=0.6222 f1=0.8387 acc=0.7619
2026-04-18 23:50:33,990 INFO early stopping at epoch 34
2026-04-18 23:50:34,019 INFO fold 4: Youden threshold=0.520  sens=0.800  spec=1.000
2026-04-18 23:50:34,019 INFO fold 4: {'threshold': 0.5200486779212952, 'accuracy': 0.8571428571428571, 'f1': 0.8888888888888888, 'precision': 1.0, 'recall': 0.8, 'sensitivity': 0.8, 'specificity': 1.0, 'auc': 0.9444444444444445, 'fold': 4, 'repeat': 0, 'accuracy_argmax': 0.8571428571428571, 'f1_argmax': 0.8888888888888888, 'precision_argmax': 1.0, 'recall_argmax': 0.8, 'sensitivity_argmax': 0.8, 'specificity_argmax': 1.0, 'threshold_argmax': 0.5}
2026-04-18 23:50:34,019 INFO === repeat 1 / fold 1/5  (train=84  val=22) ===
2026-04-18 23:50:34,028 INFO focal loss alpha=[1.499212622642517, 0.5007873773574829] gamma=2
2026-04-18 23:50:34,230 INFO epoch   1 | loss=2.8642 | val auc=0.6562 f1=0.0000 acc=0.2727  *best
2026-04-18 23:50:34,472 INFO epoch   2 | loss=1.6226 | val auc=0.7708 f1=0.0000 acc=0.2727  *best
2026-04-18 23:50:34,715 INFO epoch   3 | loss=0.9344 | val auc=0.8125 f1=0.4762 acc=0.5000  *best
2026-04-18 23:50:34,944 INFO epoch   4 | loss=0.8487 | val auc=0.8333 f1=0.4762 acc=0.5000  *best
2026-04-18 23:50:35,171 INFO epoch   5 | loss=0.8094 | val auc=0.8646 f1=0.5455 acc=0.5455  *best
2026-04-18 23:50:35,400 INFO epoch   6 | loss=0.7623 | val auc=0.9167 f1=0.4000 acc=0.4545  *best
2026-04-18 23:50:35,883 INFO epoch   8 | loss=0.6921 | val auc=0.9479 f1=0.8148 acc=0.7727  *best
2026-04-18 23:50:36,075 INFO epoch   9 | loss=0.7077 | val auc=0.9583 f1=0.4000 acc=0.4545  *best
2026-04-18 23:50:36,305 INFO epoch  10 | loss=0.6858 | val auc=0.8854 f1=0.6087 acc=0.5909
2026-04-18 23:50:37,493 INFO epoch  15 | loss=0.5948 | val auc=0.8854 f1=0.5455 acc=0.5455
2026-04-18 23:50:38,592 INFO epoch  20 | loss=0.5693 | val auc=0.8958 f1=0.8750 acc=0.8182
2026-04-18 23:50:39,694 INFO epoch  25 | loss=0.4923 | val auc=0.9167 f1=0.6667 acc=0.6364
2026-04-18 23:50:40,806 INFO epoch  30 | loss=0.5080 | val auc=0.8854 f1=0.9333 acc=0.9091
2026-04-18 23:50:41,954 INFO epoch  35 | loss=0.3403 | val auc=0.9271 f1=0.8571 acc=0.8182
2026-04-18 23:50:42,800 INFO early stopping at epoch 39
2026-04-18 23:50:42,845 INFO fold 0: Youden threshold=0.316  sens=0.875  spec=1.000
2026-04-18 23:50:42,845 INFO fold 0: {'threshold': 0.31566673517227173, 'accuracy': 0.9090909090909091, 'f1': 0.9333333333333333, 'precision': 1.0, 'recall': 0.875, 'sensitivity': 0.875, 'specificity': 1.0, 'auc': 0.9583333333333334, 'fold': 0, 'repeat': 1, 'accuracy_argmax': 0.45454545454545453, 'f1_argmax': 0.4, 'precision_argmax': 1.0, 'recall_argmax': 0.25, 'sensitivity_argmax': 0.25, 'specificity_argmax': 1.0, 'threshold_argmax': 0.5}
2026-04-18 23:50:42,845 INFO === repeat 1 / fold 2/5  (train=85  val=21) ===
2026-04-18 23:50:42,853 INFO focal loss alpha=[1.4815665483474731, 0.5184334516525269] gamma=2
2026-04-18 23:50:43,046 INFO epoch   1 | loss=2.7147 | val auc=0.4625 f1=0.5185 acc=0.3810  *best
2026-04-18 23:50:43,270 INFO epoch   2 | loss=1.1952 | val auc=0.5500 f1=0.4000 acc=0.4286  *best
2026-04-18 23:50:43,902 INFO epoch   5 | loss=0.8193 | val auc=0.5750 f1=0.6400 acc=0.5714  *best
2026-04-18 23:50:44,135 INFO epoch   6 | loss=0.8068 | val auc=0.6500 f1=0.4545 acc=0.4286  *best
2026-04-18 23:50:44,379 INFO epoch   7 | loss=0.7175 | val auc=0.6875 f1=0.4545 acc=0.4286  *best
2026-04-18 23:50:44,802 INFO epoch   9 | loss=0.6906 | val auc=0.7000 f1=0.6400 acc=0.5714  *best
2026-04-18 23:50:45,003 INFO epoch  10 | loss=0.6769 | val auc=0.6250 f1=0.4000 acc=0.4286
2026-04-18 23:50:45,515 INFO epoch  12 | loss=0.5432 | val auc=0.7250 f1=0.6923 acc=0.6190  *best
2026-04-18 23:50:45,754 INFO epoch  13 | loss=0.5917 | val auc=0.7750 f1=0.7857 acc=0.7143  *best
2026-04-18 23:50:46,186 INFO epoch  15 | loss=0.5691 | val auc=0.7375 f1=0.7857 acc=0.7143
2026-04-18 23:50:46,810 INFO epoch  18 | loss=0.6434 | val auc=0.7875 f1=0.7407 acc=0.6667  *best
2026-04-18 23:50:47,234 INFO epoch  20 | loss=0.6619 | val auc=0.7125 f1=0.6923 acc=0.6190
2026-04-18 23:50:48,392 INFO epoch  25 | loss=0.5973 | val auc=0.7125 f1=0.5217 acc=0.4762
2026-04-18 23:50:48,639 INFO epoch  26 | loss=0.4876 | val auc=0.8000 f1=0.8667 acc=0.8095  *best
2026-04-18 23:50:49,474 INFO epoch  30 | loss=0.5235 | val auc=0.7375 f1=0.8276 acc=0.7619
2026-04-18 23:50:49,934 INFO epoch  32 | loss=0.3981 | val auc=0.8125 f1=0.6923 acc=0.6190  *best
2026-04-18 23:50:50,173 INFO epoch  33 | loss=0.4117 | val auc=0.8250 f1=0.7407 acc=0.6667  *best
2026-04-18 23:50:50,657 INFO epoch  35 | loss=0.4956 | val auc=0.8125 f1=0.6923 acc=0.6190
2026-04-18 23:50:51,737 INFO epoch  40 | loss=0.3458 | val auc=0.8500 f1=0.8276 acc=0.7619  *best
2026-04-18 23:50:52,411 INFO epoch  43 | loss=0.3555 | val auc=0.8625 f1=0.8276 acc=0.7619  *best
2026-04-18 23:50:52,861 INFO epoch  45 | loss=0.3150 | val auc=0.8125 f1=0.8276 acc=0.7619
2026-04-18 23:50:54,001 INFO epoch  50 | loss=0.3002 | val auc=0.8375 f1=0.8000 acc=0.7143
2026-04-18 23:50:55,137 INFO epoch  55 | loss=0.2139 | val auc=0.8625 f1=0.8276 acc=0.7619
2026-04-18 23:50:56,270 INFO epoch  60 | loss=0.3213 | val auc=0.8000 f1=0.8387 acc=0.7619
2026-04-18 23:50:57,422 INFO epoch  65 | loss=0.2378 | val auc=0.8125 f1=0.8000 acc=0.7143
2026-04-18 23:50:58,530 INFO epoch  70 | loss=0.2248 | val auc=0.8250 f1=0.8276 acc=0.7619
2026-04-18 23:50:59,189 INFO early stopping at epoch 73
2026-04-18 23:50:59,217 INFO fold 1: Youden threshold=0.708  sens=0.750  spec=1.000
2026-04-18 23:50:59,217 INFO fold 1: {'threshold': 0.7080516219139099, 'accuracy': 0.8095238095238095, 'f1': 0.8571428571428571, 'precision': 1.0, 'recall': 0.75, 'sensitivity': 0.75, 'specificity': 1.0, 'auc': 0.8625, 'fold': 1, 'repeat': 1, 'accuracy_argmax': 0.7619047619047619, 'f1_argmax': 0.8275862068965517, 'precision_argmax': 0.9230769230769231, 'recall_argmax': 0.75, 'sensitivity_argmax': 0.75, 'specificity_argmax': 0.8, 'threshold_argmax': 0.5}
2026-04-18 23:50:59,217 INFO === repeat 1 / fold 3/5  (train=85  val=21) ===
2026-04-18 23:50:59,225 INFO focal loss alpha=[1.4815665483474731, 0.5184334516525269] gamma=2
2026-04-18 23:50:59,463 INFO epoch   1 | loss=2.8010 | val auc=0.7375 f1=0.2222 acc=0.3333  *best
2026-04-18 23:50:59,701 INFO epoch   2 | loss=1.5862 | val auc=0.7750 f1=0.1176 acc=0.2857  *best
2026-04-18 23:50:59,915 INFO epoch   3 | loss=1.0824 | val auc=0.8375 f1=0.3810 acc=0.3810  *best
2026-04-18 23:51:00,368 INFO epoch   5 | loss=0.7671 | val auc=0.7875 f1=0.7857 acc=0.7143
2026-04-18 23:51:01,490 INFO epoch  10 | loss=0.6618 | val auc=0.8125 f1=0.8750 acc=0.8095
2026-04-18 23:51:02,317 INFO epoch  14 | loss=0.6334 | val auc=0.8375 f1=0.9032 acc=0.8571  *best
2026-04-18 23:51:02,555 INFO epoch  15 | loss=0.4889 | val auc=0.7625 f1=0.7407 acc=0.6667
2026-04-18 23:51:03,380 INFO epoch  19 | loss=0.4765 | val auc=0.8500 f1=0.8667 acc=0.8095  *best
2026-04-18 23:51:03,618 INFO epoch  20 | loss=0.4603 | val auc=0.8250 f1=0.8750 acc=0.8095
2026-04-18 23:51:04,771 INFO epoch  25 | loss=0.4392 | val auc=0.7500 f1=0.8000 acc=0.7143
2026-04-18 23:51:05,825 INFO epoch  30 | loss=0.3255 | val auc=0.7750 f1=0.8750 acc=0.8095
2026-04-18 23:51:07,012 INFO epoch  35 | loss=0.3109 | val auc=0.8125 f1=0.8276 acc=0.7619
2026-04-18 23:51:07,890 INFO epoch  39 | loss=0.3054 | val auc=0.9000 f1=0.8276 acc=0.7619  *best
2026-04-18 23:51:08,120 INFO epoch  40 | loss=0.3095 | val auc=0.7875 f1=0.7857 acc=0.7143
2026-04-18 23:51:09,290 INFO epoch  45 | loss=0.3252 | val auc=0.7000 f1=0.8387 acc=0.7619
2026-04-18 23:51:10,405 INFO epoch  50 | loss=0.2532 | val auc=0.7500 f1=0.8667 acc=0.8095
2026-04-18 23:51:11,458 INFO epoch  55 | loss=0.2621 | val auc=0.7750 f1=0.9091 acc=0.8571
2026-04-18 23:51:12,612 INFO epoch  60 | loss=0.2721 | val auc=0.7625 f1=0.8387 acc=0.7619
2026-04-18 23:51:13,630 INFO epoch  65 | loss=0.2239 | val auc=0.7500 f1=0.8750 acc=0.8095
2026-04-18 23:51:14,522 INFO early stopping at epoch 69
2026-04-18 23:51:14,552 INFO fold 2: Youden threshold=0.404  sens=0.938  spec=0.800
2026-04-18 23:51:14,552 INFO fold 2: {'threshold': 0.4038228392601013, 'accuracy': 0.9047619047619048, 'f1': 0.9375, 'precision': 0.9375, 'recall': 0.9375, 'sensitivity': 0.9375, 'specificity': 0.8, 'auc': 0.9000000000000001, 'fold': 2, 'repeat': 1, 'accuracy_argmax': 0.7619047619047619, 'f1_argmax': 0.8275862068965517, 'precision_argmax': 0.9230769230769231, 'recall_argmax': 0.75, 'sensitivity_argmax': 0.75, 'specificity_argmax': 0.8, 'threshold_argmax': 0.5}
2026-04-18 23:51:14,552 INFO === repeat 1 / fold 4/5  (train=85  val=21) ===
2026-04-18 23:51:14,560 INFO focal loss alpha=[1.4815665483474731, 0.5184334516525269] gamma=2
2026-04-18 23:51:14,801 INFO epoch   1 | loss=2.7422 | val auc=0.9375 f1=0.1176 acc=0.2857  *best
2026-04-18 23:51:15,684 INFO epoch   5 | loss=0.7286 | val auc=0.7875 f1=0.7407 acc=0.6667
2026-04-18 23:51:16,830 INFO epoch  10 | loss=0.5841 | val auc=0.7750 f1=0.8276 acc=0.7619
2026-04-18 23:51:17,960 INFO epoch  15 | loss=0.5470 | val auc=0.8625 f1=0.8276 acc=0.7619
2026-04-18 23:51:19,095 INFO epoch  20 | loss=0.5583 | val auc=0.9250 f1=0.4762 acc=0.4762
2026-04-18 23:51:20,212 INFO epoch  25 | loss=0.4745 | val auc=0.9125 f1=0.9032 acc=0.8571
2026-04-18 23:51:21,403 INFO epoch  30 | loss=0.4700 | val auc=0.8875 f1=0.8148 acc=0.7619
2026-04-18 23:51:21,634 INFO early stopping at epoch 31
2026-04-18 23:51:21,669 INFO fold 3: Youden threshold=0.345  sens=0.812  spec=1.000
2026-04-18 23:51:21,669 INFO fold 3: {'threshold': 0.34474802017211914, 'accuracy': 0.8571428571428571, 'f1': 0.896551724137931, 'precision': 1.0, 'recall': 0.8125, 'sensitivity': 0.8125, 'specificity': 1.0, 'auc': 0.9375, 'fold': 3, 'repeat': 1, 'accuracy_argmax': 0.2857142857142857, 'f1_argmax': 0.11764705882352941, 'precision_argmax': 1.0, 'recall_argmax': 0.0625, 'sensitivity_argmax': 0.0625, 'specificity_argmax': 1.0, 'threshold_argmax': 0.5}
2026-04-18 23:51:21,669 INFO === repeat 1 / fold 5/5  (train=85  val=21) ===
2026-04-18 23:51:21,677 INFO focal loss alpha=[1.505082607269287, 0.49491745233535767] gamma=2
2026-04-18 23:51:21,915 INFO epoch   1 | loss=2.7858 | val auc=0.4222 f1=0.0000 acc=0.2381  *best
2026-04-18 23:51:22,146 INFO epoch   2 | loss=1.4718 | val auc=0.6333 f1=0.0000 acc=0.2381  *best
2026-04-18 23:51:22,342 INFO epoch   3 | loss=1.0223 | val auc=0.7000 f1=0.0000 acc=0.2381  *best
2026-04-18 23:51:22,717 INFO epoch   5 | loss=0.9352 | val auc=0.6111 f1=0.4762 acc=0.4762
2026-04-18 23:51:23,855 INFO epoch  10 | loss=0.6054 | val auc=0.5556 f1=0.1176 acc=0.2857
2026-04-18 23:51:25,039 INFO epoch  15 | loss=0.6118 | val auc=0.5889 f1=0.5600 acc=0.4762
2026-04-18 23:51:26,173 INFO epoch  20 | loss=0.6406 | val auc=0.5444 f1=0.2222 acc=0.3333
2026-04-18 23:51:27,286 INFO epoch  25 | loss=0.4165 | val auc=0.5333 f1=0.5217 acc=0.4762
2026-04-18 23:51:28,356 INFO epoch  30 | loss=0.4453 | val auc=0.5444 f1=0.6897 acc=0.5714
2026-04-18 23:51:29,012 INFO early stopping at epoch 33
2026-04-18 23:51:29,040 INFO fold 4: Youden threshold=0.389  sens=0.733  spec=0.833
2026-04-18 23:51:29,040 INFO fold 4: {'threshold': 0.3887721002101898, 'accuracy': 0.7619047619047619, 'f1': 0.8148148148148148, 'precision': 0.9166666666666666, 'recall': 0.7333333333333333, 'sensitivity': 0.7333333333333333, 'specificity': 0.8333333333333334, 'auc': 0.7, 'fold': 4, 'repeat': 1, 'accuracy_argmax': 0.23809523809523808, 'f1_argmax': 0.0, 'precision_argmax': 0.0, 'recall_argmax': 0.0, 'sensitivity_argmax': 0.0, 'specificity_argmax': 0.8333333333333334, 'threshold_argmax': 0.5}
2026-04-18 23:51:29,041 INFO === repeat 2 / fold 1/5  (train=84  val=22) ===
2026-04-18 23:51:29,049 INFO focal loss alpha=[1.499212622642517, 0.5007873773574829] gamma=2
2026-04-18 23:51:29,286 INFO epoch   1 | loss=2.6351 | val auc=0.6771 f1=0.3158 acc=0.4091  *best
2026-04-18 23:51:29,522 INFO epoch   2 | loss=1.3403 | val auc=0.7917 f1=0.8125 acc=0.7273  *best
2026-04-18 23:51:30,151 INFO epoch   5 | loss=0.7550 | val auc=0.6458 f1=0.7879 acc=0.6818
2026-04-18 23:51:31,318 INFO epoch  10 | loss=0.7536 | val auc=0.6562 f1=0.6897 acc=0.5909
2026-04-18 23:51:32,410 INFO epoch  15 | loss=0.6407 | val auc=0.5208 f1=0.4800 acc=0.4091
2026-04-18 23:51:33,493 INFO epoch  20 | loss=0.5408 | val auc=0.5417 f1=0.5385 acc=0.4545
2026-04-18 23:51:34,567 INFO epoch  25 | loss=0.5164 | val auc=0.6042 f1=0.4800 acc=0.4091
2026-04-18 23:51:35,636 INFO epoch  30 | loss=0.4366 | val auc=0.5417 f1=0.4800 acc=0.4091
2026-04-18 23:51:36,067 INFO early stopping at epoch 32
2026-04-18 23:51:36,095 INFO fold 0: Youden threshold=0.576  sens=0.562  spec=1.000
2026-04-18 23:51:36,095 INFO fold 0: {'threshold': 0.5756148099899292, 'accuracy': 0.6818181818181818, 'f1': 0.72, 'precision': 1.0, 'recall': 0.5625, 'sensitivity': 0.5625, 'specificity': 1.0, 'auc': 0.7916666666666667, 'fold': 0, 'repeat': 2, 'accuracy_argmax': 0.7272727272727273, 'f1_argmax': 0.8125, 'precision_argmax': 0.8125, 'recall_argmax': 0.8125, 'sensitivity_argmax': 0.8125, 'specificity_argmax': 0.5, 'threshold_argmax': 0.5}
2026-04-18 23:51:36,095 INFO === repeat 2 / fold 2/5  (train=85  val=21) ===
2026-04-18 23:51:36,104 INFO focal loss alpha=[1.4815665483474731, 0.5184334516525269] gamma=2
2026-04-18 23:51:36,348 INFO epoch   1 | loss=2.5909 | val auc=0.5625 f1=0.2105 acc=0.2857  *best
2026-04-18 23:51:37,045 INFO epoch   4 | loss=0.7826 | val auc=0.5875 f1=0.5217 acc=0.4762  *best
2026-04-18 23:51:37,284 INFO epoch   5 | loss=0.8111 | val auc=0.5500 f1=0.3000 acc=0.3333
2026-04-18 23:51:38,200 INFO epoch   9 | loss=0.6214 | val auc=0.6500 f1=0.7407 acc=0.6667  *best
2026-04-18 23:51:38,434 INFO epoch  10 | loss=0.6499 | val auc=0.6875 f1=0.6923 acc=0.6190  *best
2026-04-18 23:51:39,109 INFO epoch  13 | loss=0.6522 | val auc=0.7125 f1=0.4545 acc=0.4286  *best
2026-04-18 23:51:39,548 INFO epoch  15 | loss=0.6855 | val auc=0.5625 f1=0.6400 acc=0.5714
2026-04-18 23:51:40,014 INFO epoch  17 | loss=0.6103 | val auc=0.7250 f1=0.5833 acc=0.5238  *best
2026-04-18 23:51:40,476 INFO epoch  19 | loss=0.5468 | val auc=0.7500 f1=0.7857 acc=0.7143  *best
2026-04-18 23:51:40,725 INFO epoch  20 | loss=0.4753 | val auc=0.6125 f1=0.7143 acc=0.6190
2026-04-18 23:51:41,812 INFO epoch  25 | loss=0.4641 | val auc=0.7500 f1=0.7586 acc=0.6667
2026-04-18 23:51:42,455 INFO epoch  28 | loss=0.6610 | val auc=0.7875 f1=0.7407 acc=0.6667  *best
2026-04-18 23:51:42,672 INFO epoch  29 | loss=0.5294 | val auc=0.8000 f1=0.6923 acc=0.6190  *best
2026-04-18 23:51:42,880 INFO epoch  30 | loss=0.4941 | val auc=0.7625 f1=0.8276 acc=0.7619
2026-04-18 23:51:43,741 INFO epoch  34 | loss=0.4678 | val auc=0.8500 f1=0.8276 acc=0.7619  *best
2026-04-18 23:51:43,979 INFO epoch  35 | loss=0.4547 | val auc=0.8000 f1=0.8485 acc=0.7619
2026-04-18 23:51:45,214 INFO epoch  40 | loss=0.4475 | val auc=0.7125 f1=0.8387 acc=0.7619
2026-04-18 23:51:46,371 INFO epoch  45 | loss=0.3997 | val auc=0.7625 f1=0.6923 acc=0.6190
2026-04-18 23:51:47,464 INFO epoch  50 | loss=0.4292 | val auc=0.7125 f1=0.8485 acc=0.7619
2026-04-18 23:51:48,540 INFO epoch  55 | loss=0.3476 | val auc=0.7500 f1=0.8387 acc=0.7619
2026-04-18 23:51:49,395 INFO epoch  59 | loss=0.3286 | val auc=0.8625 f1=0.8276 acc=0.7619  *best
2026-04-18 23:51:49,653 INFO epoch  60 | loss=0.3195 | val auc=0.8625 f1=0.8485 acc=0.7619
2026-04-18 23:51:50,670 INFO epoch  65 | loss=0.3051 | val auc=0.7250 f1=0.7586 acc=0.6667
2026-04-18 23:51:51,726 INFO epoch  70 | loss=0.2757 | val auc=0.8250 f1=0.8387 acc=0.7619
2026-04-18 23:51:52,845 INFO epoch  75 | loss=0.2783 | val auc=0.8000 f1=0.8824 acc=0.8095
2026-04-18 23:51:53,879 INFO epoch  80 | loss=0.2476 | val auc=0.8375 f1=0.8485 acc=0.7619
2026-04-18 23:51:54,350 INFO epoch  82 | loss=0.2642 | val auc=0.8750 f1=0.9032 acc=0.8571  *best
2026-04-18 23:51:54,560 INFO epoch  83 | loss=0.2519 | val auc=0.8750 f1=0.9032 acc=0.8571  *best
2026-04-18 23:51:55,003 INFO epoch  85 | loss=0.1797 | val auc=0.8250 f1=0.8387 acc=0.7619
2026-04-18 23:51:56,085 INFO epoch  90 | loss=0.2268 | val auc=0.8250 f1=0.8125 acc=0.7143
2026-04-18 23:51:57,220 INFO epoch  95 | loss=0.1688 | val auc=0.8125 f1=0.8485 acc=0.7619
2026-04-18 23:51:58,303 INFO epoch 100 | loss=0.1833 | val auc=0.8625 f1=0.8125 acc=0.7143
2026-04-18 23:51:59,456 INFO epoch 105 | loss=0.1719 | val auc=0.8375 f1=0.8125 acc=0.7143
2026-04-18 23:52:00,591 INFO epoch 110 | loss=0.2370 | val auc=0.8500 f1=0.8125 acc=0.7143
2026-04-18 23:52:01,293 INFO early stopping at epoch 113
2026-04-18 23:52:01,322 INFO fold 1: Youden threshold=0.607  sens=0.750  spec=1.000
2026-04-18 23:52:01,322 INFO fold 1: {'threshold': 0.6069186925888062, 'accuracy': 0.8095238095238095, 'f1': 0.8571428571428571, 'precision': 1.0, 'recall': 0.75, 'sensitivity': 0.75, 'specificity': 1.0, 'auc': 0.8750000000000001, 'fold': 1, 'repeat': 2, 'accuracy_argmax': 0.8571428571428571, 'f1_argmax': 0.9032258064516129, 'precision_argmax': 0.9333333333333333, 'recall_argmax': 0.875, 'sensitivity_argmax': 0.875, 'specificity_argmax': 0.8, 'threshold_argmax': 0.5}
2026-04-18 23:52:01,322 INFO === repeat 2 / fold 3/5  (train=85  val=21) ===
2026-04-18 23:52:01,330 INFO focal loss alpha=[1.4815665483474731, 0.5184334516525269] gamma=2
2026-04-18 23:52:01,550 INFO epoch   1 | loss=2.6823 | val auc=0.6625 f1=0.0000 acc=0.2381  *best
2026-04-18 23:52:01,793 INFO epoch   2 | loss=1.3130 | val auc=0.7750 f1=0.1111 acc=0.2381  *best
2026-04-18 23:52:02,020 INFO epoch   3 | loss=1.0246 | val auc=0.7875 f1=0.0000 acc=0.1905  *best
2026-04-18 23:52:02,479 INFO epoch   5 | loss=0.9585 | val auc=0.7500 f1=0.4545 acc=0.4286
2026-04-18 23:52:03,605 INFO epoch  10 | loss=0.7336 | val auc=0.7500 f1=0.4545 acc=0.4286
2026-04-18 23:52:04,688 INFO epoch  15 | loss=0.6645 | val auc=0.7500 f1=0.6400 acc=0.5714
2026-04-18 23:52:05,846 INFO epoch  20 | loss=0.6536 | val auc=0.7375 f1=0.7407 acc=0.6667
2026-04-18 23:52:06,897 INFO epoch  25 | loss=0.5461 | val auc=0.7500 f1=0.5217 acc=0.4762
2026-04-18 23:52:07,765 INFO epoch  29 | loss=0.4592 | val auc=0.8000 f1=0.6400 acc=0.5714  *best
2026-04-18 23:52:07,979 INFO epoch  30 | loss=0.4581 | val auc=0.7750 f1=0.6400 acc=0.5714
2026-04-18 23:52:09,043 INFO epoch  35 | loss=0.4673 | val auc=0.7250 f1=0.7407 acc=0.6667
2026-04-18 23:52:10,180 INFO epoch  40 | loss=0.3451 | val auc=0.7125 f1=0.6923 acc=0.6190
2026-04-18 23:52:11,207 INFO epoch  45 | loss=0.3527 | val auc=0.7625 f1=0.7857 acc=0.7143
2026-04-18 23:52:12,323 INFO epoch  50 | loss=0.3246 | val auc=0.7375 f1=0.7857 acc=0.7143
2026-04-18 23:52:13,369 INFO epoch  55 | loss=0.3486 | val auc=0.7750 f1=0.8667 acc=0.8095
2026-04-18 23:52:14,288 INFO early stopping at epoch 59
2026-04-18 23:52:14,316 INFO fold 2: Youden threshold=0.208  sens=1.000  spec=0.800
2026-04-18 23:52:14,316 INFO fold 2: {'threshold': 0.2077977955341339, 'accuracy': 0.9523809523809523, 'f1': 0.9696969696969697, 'precision': 0.9411764705882353, 'recall': 1.0, 'sensitivity': 1.0, 'specificity': 0.8, 'auc': 0.8, 'fold': 2, 'repeat': 2, 'accuracy_argmax': 0.5714285714285714, 'f1_argmax': 0.64, 'precision_argmax': 0.8888888888888888, 'recall_argmax': 0.5, 'sensitivity_argmax': 0.5, 'specificity_argmax': 0.8, 'threshold_argmax': 0.5}
2026-04-18 23:52:14,316 INFO === repeat 2 / fold 4/5  (train=85  val=21) ===
2026-04-18 23:52:14,325 INFO focal loss alpha=[1.4815665483474731, 0.5184334516525269] gamma=2
2026-04-18 23:52:14,543 INFO epoch   1 | loss=2.7739 | val auc=0.9500 f1=0.3158 acc=0.3810  *best
2026-04-18 23:52:15,230 INFO epoch   4 | loss=0.8591 | val auc=0.9625 f1=0.1176 acc=0.2857  *best
2026-04-18 23:52:15,444 INFO epoch   5 | loss=0.7591 | val auc=0.9625 f1=0.4762 acc=0.4762
2026-04-18 23:52:16,115 INFO epoch   8 | loss=0.7920 | val auc=0.9750 f1=0.1176 acc=0.2857  *best
2026-04-18 23:52:16,555 INFO epoch  10 | loss=0.6327 | val auc=0.9875 f1=0.6087 acc=0.5714  *best
2026-04-18 23:52:17,689 INFO epoch  15 | loss=0.5316 | val auc=1.0000 f1=0.4762 acc=0.4762  *best
2026-04-18 23:52:18,800 INFO epoch  20 | loss=0.5973 | val auc=1.0000 f1=0.4000 acc=0.4286
2026-04-18 23:52:19,943 INFO epoch  25 | loss=0.4126 | val auc=1.0000 f1=0.8571 acc=0.8095
2026-04-18 23:52:21,027 INFO epoch  30 | loss=0.4118 | val auc=1.0000 f1=0.9333 acc=0.9048
2026-04-18 23:52:22,084 INFO epoch  35 | loss=0.3613 | val auc=1.0000 f1=0.9333 acc=0.9048
2026-04-18 23:52:23,177 INFO epoch  40 | loss=0.3594 | val auc=1.0000 f1=0.9333 acc=0.9048
2026-04-18 23:52:24,341 INFO epoch  45 | loss=0.3374 | val auc=1.0000 f1=0.7692 acc=0.7143
2026-04-18 23:52:24,341 INFO early stopping at epoch 45
2026-04-18 23:52:24,370 INFO fold 3: Youden threshold=0.279  sens=1.000  spec=1.000
2026-04-18 23:52:24,370 INFO fold 3: {'threshold': 0.27934789657592773, 'accuracy': 1.0, 'f1': 1.0, 'precision': 1.0, 'recall': 1.0, 'sensitivity': 1.0, 'specificity': 1.0, 'auc': 1.0, 'fold': 3, 'repeat': 2, 'accuracy_argmax': 0.47619047619047616, 'f1_argmax': 0.47619047619047616, 'precision_argmax': 1.0, 'recall_argmax': 0.3125, 'sensitivity_argmax': 0.3125, 'specificity_argmax': 1.0, 'threshold_argmax': 0.5}
2026-04-18 23:52:24,370 INFO === repeat 2 / fold 5/5  (train=85  val=21) ===
2026-04-18 23:52:24,379 INFO focal loss alpha=[1.505082607269287, 0.49491745233535767] gamma=2
2026-04-18 23:52:24,623 INFO epoch   1 | loss=2.8795 | val auc=0.7111 f1=0.4762 acc=0.4762  *best
2026-04-18 23:52:25,483 INFO epoch   5 | loss=0.7886 | val auc=0.4333 f1=0.2353 acc=0.3810
2026-04-18 23:52:26,597 INFO epoch  10 | loss=0.7613 | val auc=0.5667 f1=0.6154 acc=0.5238
2026-04-18 23:52:27,689 INFO epoch  15 | loss=0.5894 | val auc=0.5778 f1=0.5217 acc=0.4762
2026-04-18 23:52:28,836 INFO epoch  20 | loss=0.5201 | val auc=0.7111 f1=0.4211 acc=0.4762
2026-04-18 23:52:29,941 INFO epoch  25 | loss=0.5000 | val auc=0.6222 f1=0.4762 acc=0.4762
2026-04-18 23:52:30,649 INFO epoch  28 | loss=0.3958 | val auc=0.7889 f1=0.6400 acc=0.5714  *best
2026-04-18 23:52:31,077 INFO epoch  30 | loss=0.3883 | val auc=0.7000 f1=0.6923 acc=0.6190
2026-04-18 23:52:31,955 INFO epoch  34 | loss=0.5146 | val auc=0.8000 f1=0.6923 acc=0.6190  *best
2026-04-18 23:52:32,178 INFO epoch  35 | loss=0.4211 | val auc=0.7556 f1=0.7857 acc=0.7143
2026-04-18 23:52:32,673 INFO epoch  37 | loss=0.4134 | val auc=0.8111 f1=0.7857 acc=0.7143  *best
2026-04-18 23:52:33,319 INFO epoch  40 | loss=0.3415 | val auc=0.7111 f1=0.7407 acc=0.6667
2026-04-18 23:52:34,024 INFO epoch  43 | loss=0.3017 | val auc=0.8222 f1=0.7857 acc=0.7143  *best
2026-04-18 23:52:34,484 INFO epoch  45 | loss=0.3670 | val auc=0.8333 f1=0.7857 acc=0.7143  *best
2026-04-18 23:52:35,596 INFO epoch  50 | loss=0.3480 | val auc=0.8222 f1=0.8276 acc=0.7619
2026-04-18 23:52:36,744 INFO epoch  55 | loss=0.2650 | val auc=0.8222 f1=0.7857 acc=0.7143
2026-04-18 23:52:37,829 INFO epoch  60 | loss=0.2692 | val auc=0.7889 f1=0.7857 acc=0.7143
2026-04-18 23:52:38,751 INFO epoch  64 | loss=0.2549 | val auc=0.8444 f1=0.8667 acc=0.8095  *best
2026-04-18 23:52:38,997 INFO epoch  65 | loss=0.2251 | val auc=0.7889 f1=0.8000 acc=0.7143
2026-04-18 23:52:40,071 INFO epoch  70 | loss=0.2677 | val auc=0.8111 f1=0.8485 acc=0.7619
2026-04-18 23:52:41,231 INFO epoch  75 | loss=0.1911 | val auc=0.8222 f1=0.7857 acc=0.7143
2026-04-18 23:52:42,290 INFO epoch  80 | loss=0.1977 | val auc=0.7778 f1=0.8750 acc=0.8095
2026-04-18 23:52:43,389 INFO epoch  85 | loss=0.2430 | val auc=0.8444 f1=0.7857 acc=0.7143
2026-04-18 23:52:44,537 INFO epoch  90 | loss=0.1980 | val auc=0.7778 f1=0.7857 acc=0.7143
2026-04-18 23:52:45,420 INFO early stopping at epoch 94
2026-04-18 23:52:45,449 INFO fold 4: Youden threshold=0.865  sens=0.667  spec=1.000
2026-04-18 23:52:45,449 INFO fold 4: {'threshold': 0.8653623461723328, 'accuracy': 0.7619047619047619, 'f1': 0.8, 'precision': 1.0, 'recall': 0.6666666666666666, 'sensitivity': 0.6666666666666666, 'specificity': 1.0, 'auc': 0.8444444444444444, 'fold': 4, 'repeat': 2, 'accuracy_argmax': 0.8095238095238095, 'f1_argmax': 0.8666666666666667, 'precision_argmax': 0.8666666666666667, 'recall_argmax': 0.8666666666666667, 'sensitivity_argmax': 0.8666666666666667, 'specificity_argmax': 0.6666666666666666, 'threshold_argmax': 0.5}
2026-04-18 23:52:45,451 INFO wrote /home/imss/cw/GCN copdnoph copdph/outputs/followup_mode_hybrid/cv_results.json

====== 5-fold CV — six-metric summary ======
  auc         : 0.8859 ± 0.0903
  accuracy    : 0.8648 ± 0.0881
  precision   : 0.9785 ± 0.0376
  sensitivity : 0.8383 ± 0.1276
  f1          : 0.8966 ± 0.0754
  specificity : 0.9356 ± 0.1170
===== follow-up pipeline done 2026-04-18T23:52:46+08:00  (flag: /home/imss/cw/GCN copdnoph copdph/outputs/followup_mode_hybrid/followup_mode_hybrid_done.flag) =====
