[ROUND10 GRL] loaded 282 protocol labels
INFO sprint6: [config] arm=arm_a device=cuda epochs=120
INFO sprint6: [config] augment=['edge_drop', 'feature_mask'] pa_ao=False residual=False
INFO sprint6: [baseline] matched=243 (pos=163 neg=80) has_rad=92 cache_miss=39 rad_miss=0
INFO sprint6: === mode=gcn_only gcn_in=13 global_dim=0 aug=['edge_drop', 'feature_mask'] res=False jk=none repeats=1 ===
INFO sprint6:     [adv] epoch=0 batch_auc_mean=0.437 n_batches=12
INFO sprint6:     [adv] epoch=1 batch_auc_mean=0.194 n_batches=10
INFO sprint6:     [adv] epoch=2 batch_auc_mean=0.087 n_batches=12
INFO sprint6:     [adv] epoch=3 batch_auc_mean=0.278 n_batches=10
INFO sprint6:     [adv] epoch=4 batch_auc_mean=0.155 n_batches=11
INFO sprint6:     [adv] epoch=5 batch_auc_mean=0.126 n_batches=11
INFO sprint6:     [adv] epoch=6 batch_auc_mean=0.069 n_batches=9
INFO sprint6:     [adv] epoch=7 batch_auc_mean=0.705 n_batches=11
INFO sprint6:     [adv] epoch=8 batch_auc_mean=0.792 n_batches=10
INFO sprint6:     [adv] epoch=9 batch_auc_mean=0.747 n_batches=12
INFO sprint6:     [adv] epoch=10 batch_auc_mean=0.142 n_batches=12
INFO sprint6:     [adv] epoch=11 batch_auc_mean=0.260 n_batches=9
INFO sprint6:     [adv] epoch=12 batch_auc_mean=0.068 n_batches=10
INFO sprint6:     [adv] epoch=13 batch_auc_mean=0.154 n_batches=10
INFO sprint6:     [adv] epoch=14 batch_auc_mean=0.102 n_batches=11
INFO sprint6:     [adv] epoch=15 batch_auc_mean=0.332 n_batches=9
INFO sprint6:     [adv] epoch=16 batch_auc_mean=0.609 n_batches=11
INFO sprint6:     [adv] epoch=17 batch_auc_mean=0.411 n_batches=11
INFO sprint6:     [adv] epoch=18 batch_auc_mean=0.119 n_batches=11
INFO sprint6:     [adv] epoch=19 batch_auc_mean=0.124 n_batches=11
INFO sprint6:     [adv] epoch=20 batch_auc_mean=0.130 n_batches=11
INFO sprint6:     [adv] epoch=21 batch_auc_mean=0.213 n_batches=9
INFO sprint6:     [adv] epoch=22 batch_auc_mean=0.705 n_batches=11
INFO sprint6:     [adv] epoch=23 batch_auc_mean=0.926 n_batches=9
INFO sprint6:     [adv] epoch=24 batch_auc_mean=0.836 n_batches=10
INFO sprint6:     [adv] epoch=25 batch_auc_mean=0.310 n_batches=11
INFO sprint6:     [adv] epoch=26 batch_auc_mean=0.125 n_batches=10
INFO sprint6:     [adv] epoch=27 batch_auc_mean=0.145 n_batches=11
INFO sprint6:     [adv] epoch=28 batch_auc_mean=0.050 n_batches=10
INFO sprint6:     [adv] epoch=29 batch_auc_mean=0.222 n_batches=12
INFO sprint6:     [adv] epoch=30 batch_auc_mean=0.899 n_batches=10
INFO sprint6:     [adv] epoch=31 batch_auc_mean=0.757 n_batches=11
INFO sprint6:     [adv] epoch=32 batch_auc_mean=0.359 n_batches=11
INFO sprint6:     [adv] epoch=33 batch_auc_mean=0.202 n_batches=11
INFO sprint6:     [adv] epoch=34 batch_auc_mean=0.151 n_batches=11
INFO sprint6:     [adv] epoch=35 batch_auc_mean=0.043 n_batches=9
INFO sprint6:     [adv] epoch=36 batch_auc_mean=0.280 n_batches=10
INFO sprint6:     [adv] epoch=37 batch_auc_mean=0.883 n_batches=10
INFO sprint6:     [adv] epoch=38 batch_auc_mean=0.879 n_batches=8
INFO sprint6:     [adv] epoch=39 batch_auc_mean=0.940 n_batches=10
INFO sprint6:     [adv] epoch=40 batch_auc_mean=0.780 n_batches=9
INFO sprint6:     [adv] epoch=41 batch_auc_mean=0.783 n_batches=10
INFO sprint6:     [adv] epoch=42 batch_auc_mean=0.609 n_batches=9
INFO sprint6:     [adv] epoch=43 batch_auc_mean=0.128 n_batches=10
INFO sprint6:     [adv] epoch=44 batch_auc_mean=0.110 n_batches=9
INFO sprint6:     [adv] epoch=45 batch_auc_mean=0.106 n_batches=9
INFO sprint6:     [adv] epoch=46 batch_auc_mean=0.139 n_batches=9
INFO sprint6:     [adv] epoch=47 batch_auc_mean=0.191 n_batches=9
INFO sprint6:     [adv] epoch=48 batch_auc_mean=0.490 n_batches=10
INFO sprint6:     [adv] epoch=49 batch_auc_mean=0.454 n_batches=9
INFO sprint6:     [adv] epoch=50 batch_auc_mean=0.765 n_batches=9
INFO sprint6:     [adv] epoch=51 batch_auc_mean=0.824 n_batches=11
INFO sprint6:     [adv] epoch=52 batch_auc_mean=0.683 n_batches=10
INFO sprint6:     [adv] epoch=53 batch_auc_mean=0.519 n_batches=8
INFO sprint6:     [adv] epoch=54 batch_auc_mean=0.380 n_batches=9
INFO sprint6:     [adv] epoch=55 batch_auc_mean=0.287 n_batches=10
INFO sprint6:     [adv] epoch=56 batch_auc_mean=0.147 n_batches=11
INFO sprint6:     [adv] epoch=57 batch_auc_mean=0.382 n_batches=10
INFO sprint6:     [adv] epoch=58 batch_auc_mean=0.601 n_batches=9
INFO sprint6:     [adv] epoch=59 batch_auc_mean=0.845 n_batches=11
INFO sprint6:     [adv] epoch=60 batch_auc_mean=0.800 n_batches=9
INFO sprint6:     [adv] epoch=61 batch_auc_mean=0.681 n_batches=10
INFO sprint6:     [adv] epoch=62 batch_auc_mean=0.748 n_batches=10
INFO sprint6:     [adv] epoch=63 batch_auc_mean=0.681 n_batches=9
INFO sprint6:     [adv] epoch=64 batch_auc_mean=0.493 n_batches=10
INFO sprint6:     [adv] epoch=65 batch_auc_mean=0.401 n_batches=10
INFO sprint6:     [adv] epoch=66 batch_auc_mean=0.223 n_batches=9
INFO sprint6:     [adv] epoch=67 batch_auc_mean=0.073 n_batches=9
INFO sprint6:     [adv] epoch=68 batch_auc_mean=0.117 n_batches=11
INFO sprint6:     [adv] epoch=69 batch_auc_mean=0.100 n_batches=9
INFO sprint6:     [adv] epoch=70 batch_auc_mean=0.040 n_batches=11
INFO sprint6:   fold 1 thr=0.423 AUC=0.9044 Acc=0.9184 Spec=0.8235 F1=0.9394
INFO sprint6:     [adv] epoch=0 batch_auc_mean=0.198 n_batches=9
INFO sprint6:     [adv] epoch=1 batch_auc_mean=0.132 n_batches=11
INFO sprint6:     [adv] epoch=2 batch_auc_mean=0.037 n_batches=12
INFO sprint6:     [adv] epoch=3 batch_auc_mean=0.053 n_batches=10
INFO sprint6:     [adv] epoch=4 batch_auc_mean=0.134 n_batches=10
INFO sprint6:     [adv] epoch=5 batch_auc_mean=0.103 n_batches=10
INFO sprint6:     [adv] epoch=6 batch_auc_mean=0.189 n_batches=11
INFO sprint6:     [adv] epoch=7 batch_auc_mean=0.196 n_batches=12
INFO sprint6:     [adv] epoch=8 batch_auc_mean=0.326 n_batches=11
INFO sprint6:     [adv] epoch=9 batch_auc_mean=0.465 n_batches=12
INFO sprint6:     [adv] epoch=10 batch_auc_mean=0.520 n_batches=10
INFO sprint6:     [adv] epoch=11 batch_auc_mean=0.174 n_batches=12
INFO sprint6:     [adv] epoch=12 batch_auc_mean=0.349 n_batches=11
INFO sprint6:     [adv] epoch=13 batch_auc_mean=0.342 n_batches=10
INFO sprint6:     [adv] epoch=14 batch_auc_mean=0.237 n_batches=11
INFO sprint6:     [adv] epoch=15 batch_auc_mean=0.202 n_batches=7
INFO sprint6:     [adv] epoch=16 batch_auc_mean=0.686 n_batches=11
INFO sprint6:     [adv] epoch=17 batch_auc_mean=0.650 n_batches=11
INFO sprint6:     [adv] epoch=18 batch_auc_mean=0.522 n_batches=10
INFO sprint6:     [adv] epoch=19 batch_auc_mean=0.377 n_batches=11
INFO sprint6:     [adv] epoch=20 batch_auc_mean=0.179 n_batches=11
INFO sprint6:     [adv] epoch=21 batch_auc_mean=0.082 n_batches=10
INFO sprint6:     [adv] epoch=22 batch_auc_mean=0.520 n_batches=11
INFO sprint6:     [adv] epoch=23 batch_auc_mean=0.895 n_batches=12
INFO sprint6:     [adv] epoch=24 batch_auc_mean=0.791 n_batches=9
INFO sprint6:     [adv] epoch=25 batch_auc_mean=0.894 n_batches=11
INFO sprint6:     [adv] epoch=26 batch_auc_mean=0.740 n_batches=11
INFO sprint6:     [adv] epoch=27 batch_auc_mean=0.643 n_batches=10
INFO sprint6:     [adv] epoch=28 batch_auc_mean=0.440 n_batches=11
INFO sprint6:     [adv] epoch=29 batch_auc_mean=0.261 n_batches=11
INFO sprint6:     [adv] epoch=30 batch_auc_mean=0.243 n_batches=10
INFO sprint6:     [adv] epoch=31 batch_auc_mean=0.346 n_batches=9
INFO sprint6:     [adv] epoch=32 batch_auc_mean=0.728 n_batches=12
INFO sprint6:     [adv] epoch=33 batch_auc_mean=0.890 n_batches=11
INFO sprint6:     [adv] epoch=34 batch_auc_mean=0.867 n_batches=10
INFO sprint6:     [adv] epoch=35 batch_auc_mean=0.655 n_batches=12
INFO sprint6:     [adv] epoch=36 batch_auc_mean=0.202 n_batches=7
INFO sprint6:     [adv] epoch=37 batch_auc_mean=0.138 n_batches=11
INFO sprint6:     [adv] epoch=38 batch_auc_mean=0.120 n_batches=10
INFO sprint6:     [adv] epoch=39 batch_auc_mean=0.314 n_batches=10
INFO sprint6:     [adv] epoch=40 batch_auc_mean=0.896 n_batches=12
INFO sprint6:     [adv] epoch=41 batch_auc_mean=0.913 n_batches=10
INFO sprint6:     [adv] epoch=42 batch_auc_mean=0.761 n_batches=8
INFO sprint6:     [adv] epoch=43 batch_auc_mean=0.688 n_batches=9
INFO sprint6:     [adv] epoch=44 batch_auc_mean=0.219 n_batches=10
INFO sprint6:     [adv] epoch=45 batch_auc_mean=0.475 n_batches=10
INFO sprint6:     [adv] epoch=46 batch_auc_mean=0.888 n_batches=10
INFO sprint6:     [adv] epoch=47 batch_auc_mean=0.625 n_batches=11
INFO sprint6:     [adv] epoch=48 batch_auc_mean=0.567 n_batches=12
INFO sprint6:     [adv] epoch=49 batch_auc_mean=0.220 n_batches=11
INFO sprint6:     [adv] epoch=50 batch_auc_mean=0.074 n_batches=9
INFO sprint6:     [adv] epoch=51 batch_auc_mean=0.207 n_batches=12
INFO sprint6:     [adv] epoch=52 batch_auc_mean=0.635 n_batches=11
INFO sprint6:     [adv] epoch=53 batch_auc_mean=0.809 n_batches=10
INFO sprint6:     [adv] epoch=54 batch_auc_mean=0.724 n_batches=12
INFO sprint6:     [adv] epoch=55 batch_auc_mean=0.438 n_batches=11
INFO sprint6:     [adv] epoch=56 batch_auc_mean=0.505 n_batches=8
INFO sprint6:     [adv] epoch=57 batch_auc_mean=0.354 n_batches=9
INFO sprint6:     [adv] epoch=58 batch_auc_mean=0.212 n_batches=10
INFO sprint6:     [adv] epoch=59 batch_auc_mean=0.352 n_batches=11
INFO sprint6:     [adv] epoch=60 batch_auc_mean=0.497 n_batches=10
INFO sprint6:     [adv] epoch=61 batch_auc_mean=0.805 n_batches=9
INFO sprint6:     [adv] epoch=62 batch_auc_mean=0.670 n_batches=9
INFO sprint6:     [adv] epoch=63 batch_auc_mean=0.590 n_batches=10
INFO sprint6:     [adv] epoch=64 batch_auc_mean=0.429 n_batches=10
INFO sprint6:     [adv] epoch=65 batch_auc_mean=0.195 n_batches=11
INFO sprint6:     [adv] epoch=66 batch_auc_mean=0.364 n_batches=11
INFO sprint6:     [adv] epoch=67 batch_auc_mean=0.454 n_batches=9
INFO sprint6:     [adv] epoch=68 batch_auc_mean=0.689 n_batches=9
INFO sprint6:     [adv] epoch=69 batch_auc_mean=0.685 n_batches=11
INFO sprint6:     [adv] epoch=70 batch_auc_mean=0.611 n_batches=8
INFO sprint6:     [adv] epoch=71 batch_auc_mean=0.514 n_batches=11
INFO sprint6:     [adv] epoch=72 batch_auc_mean=0.410 n_batches=8
INFO sprint6:     [adv] epoch=73 batch_auc_mean=0.325 n_batches=10
INFO sprint6:     [adv] epoch=74 batch_auc_mean=0.267 n_batches=11
INFO sprint6:     [adv] epoch=75 batch_auc_mean=0.465 n_batches=10
INFO sprint6:     [adv] epoch=76 batch_auc_mean=0.477 n_batches=9
INFO sprint6:     [adv] epoch=77 batch_auc_mean=0.678 n_batches=11
INFO sprint6:     [adv] epoch=78 batch_auc_mean=0.850 n_batches=8
INFO sprint6:     [adv] epoch=79 batch_auc_mean=0.707 n_batches=10
INFO sprint6:     [adv] epoch=80 batch_auc_mean=0.681 n_batches=9
INFO sprint6:     [adv] epoch=81 batch_auc_mean=0.524 n_batches=9
INFO sprint6:     [adv] epoch=82 batch_auc_mean=0.156 n_batches=11
INFO sprint6:     [adv] epoch=83 batch_auc_mean=0.093 n_batches=10
INFO sprint6:     [adv] epoch=84 batch_auc_mean=0.154 n_batches=9
INFO sprint6:     [adv] epoch=85 batch_auc_mean=0.121 n_batches=11
INFO sprint6:     [adv] epoch=86 batch_auc_mean=0.321 n_batches=7
INFO sprint6:     [adv] epoch=87 batch_auc_mean=0.659 n_batches=11
INFO sprint6:     [adv] epoch=88 batch_auc_mean=0.847 n_batches=11
INFO sprint6:     [adv] epoch=89 batch_auc_mean=0.678 n_batches=12
INFO sprint6:     [adv] epoch=90 batch_auc_mean=0.578 n_batches=9
INFO sprint6:     [adv] epoch=91 batch_auc_mean=0.438 n_batches=10
INFO sprint6:     [adv] epoch=92 batch_auc_mean=0.386 n_batches=11
INFO sprint6:     [adv] epoch=93 batch_auc_mean=0.270 n_batches=9
INFO sprint6:     [adv] epoch=94 batch_auc_mean=0.190 n_batches=9
INFO sprint6:     [adv] epoch=95 batch_auc_mean=0.283 n_batches=11
INFO sprint6:     [adv] epoch=96 batch_auc_mean=0.293 n_batches=12
INFO sprint6:     [adv] epoch=97 batch_auc_mean=0.487 n_batches=10
INFO sprint6:     [adv] epoch=98 batch_auc_mean=0.415 n_batches=12
INFO sprint6:     [adv] epoch=99 batch_auc_mean=0.192 n_batches=9
INFO sprint6:     [adv] epoch=100 batch_auc_mean=0.251 n_batches=9
INFO sprint6:     [adv] epoch=101 batch_auc_mean=0.283 n_batches=11
INFO sprint6:     [adv] epoch=102 batch_auc_mean=0.591 n_batches=11
INFO sprint6:     [adv] epoch=103 batch_auc_mean=0.927 n_batches=12
INFO sprint6:     [adv] epoch=104 batch_auc_mean=0.811 n_batches=10
INFO sprint6:     [adv] epoch=105 batch_auc_mean=0.700 n_batches=12
INFO sprint6:     [adv] epoch=106 batch_auc_mean=0.783 n_batches=10
INFO sprint6:     [adv] epoch=107 batch_auc_mean=0.929 n_batches=10
INFO sprint6:     [adv] epoch=108 batch_auc_mean=0.694 n_batches=11
INFO sprint6:     [adv] epoch=109 batch_auc_mean=0.510 n_batches=10
INFO sprint6:     [adv] epoch=110 batch_auc_mean=0.152 n_batches=11
INFO sprint6:     [adv] epoch=111 batch_auc_mean=0.155 n_batches=11
INFO sprint6:     [adv] epoch=112 batch_auc_mean=0.125 n_batches=8
INFO sprint6:     [adv] epoch=113 batch_auc_mean=0.312 n_batches=10
INFO sprint6:     [adv] epoch=114 batch_auc_mean=0.343 n_batches=11
INFO sprint6:     [adv] epoch=115 batch_auc_mean=0.208 n_batches=11
INFO sprint6:     [adv] epoch=116 batch_auc_mean=0.555 n_batches=12
INFO sprint6:     [adv] epoch=117 batch_auc_mean=0.662 n_batches=9
INFO sprint6:     [adv] epoch=118 batch_auc_mean=0.681 n_batches=10
INFO sprint6:     [adv] epoch=119 batch_auc_mean=0.761 n_batches=10
INFO sprint6:   fold 2 thr=0.559 AUC=0.9104 Acc=0.8298 Spec=1.0000 F1=0.8571
INFO sprint6:     [adv] epoch=0 batch_auc_mean=0.244 n_batches=10
INFO sprint6:     [adv] epoch=1 batch_auc_mean=0.099 n_batches=11
INFO sprint6:     [adv] epoch=2 batch_auc_mean=0.076 n_batches=11
INFO sprint6:     [adv] epoch=3 batch_auc_mean=0.108 n_batches=10
INFO sprint6:     [adv] epoch=4 batch_auc_mean=0.351 n_batches=10
INFO sprint6:     [adv] epoch=5 batch_auc_mean=0.214 n_batches=10
INFO sprint6:     [adv] epoch=6 batch_auc_mean=0.300 n_batches=9
INFO sprint6:     [adv] epoch=7 batch_auc_mean=0.358 n_batches=11
INFO sprint6:     [adv] epoch=8 batch_auc_mean=0.760 n_batches=12
INFO sprint6:     [adv] epoch=9 batch_auc_mean=0.489 n_batches=11
INFO sprint6:     [adv] epoch=10 batch_auc_mean=0.049 n_batches=9
INFO sprint6:     [adv] epoch=11 batch_auc_mean=0.043 n_batches=9
INFO sprint6:     [adv] epoch=12 batch_auc_mean=0.049 n_batches=8
INFO sprint6:     [adv] epoch=13 batch_auc_mean=0.179 n_batches=10
INFO sprint6:     [adv] epoch=14 batch_auc_mean=0.724 n_batches=9
INFO sprint6:     [adv] epoch=15 batch_auc_mean=0.563 n_batches=11
INFO sprint6:     [adv] epoch=16 batch_auc_mean=0.195 n_batches=11
INFO sprint6:     [adv] epoch=17 batch_auc_mean=0.111 n_batches=11
INFO sprint6:     [adv] epoch=18 batch_auc_mean=0.123 n_batches=9
INFO sprint6:     [adv] epoch=19 batch_auc_mean=0.316 n_batches=10
INFO sprint6:     [adv] epoch=20 batch_auc_mean=0.152 n_batches=10
INFO sprint6:     [adv] epoch=21 batch_auc_mean=0.289 n_batches=11
INFO sprint6:     [adv] epoch=22 batch_auc_mean=0.404 n_batches=9
INFO sprint6:     [adv] epoch=23 batch_auc_mean=0.410 n_batches=9
INFO sprint6:     [adv] epoch=24 batch_auc_mean=0.069 n_batches=9
INFO sprint6:     [adv] epoch=25 batch_auc_mean=0.106 n_batches=9
INFO sprint6:     [adv] epoch=26 batch_auc_mean=0.143 n_batches=10
INFO sprint6:     [adv] epoch=27 batch_auc_mean=0.240 n_batches=9
INFO sprint6:     [adv] epoch=28 batch_auc_mean=0.463 n_batches=10
INFO sprint6:     [adv] epoch=29 batch_auc_mean=0.606 n_batches=10
INFO sprint6:     [adv] epoch=30 batch_auc_mean=0.746 n_batches=10
INFO sprint6:     [adv] epoch=31 batch_auc_mean=0.801 n_batches=12
INFO sprint6:     [adv] epoch=32 batch_auc_mean=0.203 n_batches=11
INFO sprint6:     [adv] epoch=33 batch_auc_mean=0.096 n_batches=9
INFO sprint6:     [adv] epoch=34 batch_auc_mean=0.100 n_batches=10
INFO sprint6:     [adv] epoch=35 batch_auc_mean=0.059 n_batches=9
INFO sprint6:     [adv] epoch=36 batch_auc_mean=0.350 n_batches=10
INFO sprint6:     [adv] epoch=37 batch_auc_mean=0.634 n_batches=12
INFO sprint6:     [adv] epoch=38 batch_auc_mean=0.642 n_batches=9
INFO sprint6:     [adv] epoch=39 batch_auc_mean=0.754 n_batches=10
INFO sprint6:     [adv] epoch=40 batch_auc_mean=0.648 n_batches=11
INFO sprint6:     [adv] epoch=41 batch_auc_mean=0.025 n_batches=10
INFO sprint6:     [adv] epoch=42 batch_auc_mean=0.074 n_batches=8
INFO sprint6:     [adv] epoch=43 batch_auc_mean=0.045 n_batches=10
INFO sprint6:     [adv] epoch=44 batch_auc_mean=0.117 n_batches=11
INFO sprint6:     [adv] epoch=45 batch_auc_mean=0.223 n_batches=9
INFO sprint6:     [adv] epoch=46 batch_auc_mean=0.330 n_batches=9
INFO sprint6:     [adv] epoch=47 batch_auc_mean=0.857 n_batches=10
INFO sprint6:     [adv] epoch=48 batch_auc_mean=0.931 n_batches=9
INFO sprint6:     [adv] epoch=49 batch_auc_mean=0.633 n_batches=10
INFO sprint6:     [adv] epoch=50 batch_auc_mean=0.502 n_batches=9
INFO sprint6:     [adv] epoch=51 batch_auc_mean=0.476 n_batches=10
INFO sprint6:     [adv] epoch=52 batch_auc_mean=0.304 n_batches=10
INFO sprint6:     [adv] epoch=53 batch_auc_mean=0.137 n_batches=10
INFO sprint6:     [adv] epoch=54 batch_auc_mean=0.071 n_batches=11
INFO sprint6:     [adv] epoch=55 batch_auc_mean=0.092 n_batches=11
INFO sprint6:     [adv] epoch=56 batch_auc_mean=0.272 n_batches=10
INFO sprint6:     [adv] epoch=57 batch_auc_mean=0.671 n_batches=9
INFO sprint6:     [adv] epoch=58 batch_auc_mean=0.770 n_batches=12
INFO sprint6:     [adv] epoch=59 batch_auc_mean=0.803 n_batches=11
INFO sprint6:     [adv] epoch=60 batch_auc_mean=0.623 n_batches=10
INFO sprint6:     [adv] epoch=61 batch_auc_mean=0.145 n_batches=10
INFO sprint6:     [adv] epoch=62 batch_auc_mean=0.101 n_batches=10
INFO sprint6:     [adv] epoch=63 batch_auc_mean=0.090 n_batches=8
INFO sprint6:     [adv] epoch=64 batch_auc_mean=0.339 n_batches=10
INFO sprint6:     [adv] epoch=65 batch_auc_mean=0.701 n_batches=8
INFO sprint6:     [adv] epoch=66 batch_auc_mean=0.715 n_batches=10
INFO sprint6:     [adv] epoch=67 batch_auc_mean=0.711 n_batches=11
INFO sprint6:     [adv] epoch=68 batch_auc_mean=0.700 n_batches=10
INFO sprint6:     [adv] epoch=69 batch_auc_mean=0.543 n_batches=9
INFO sprint6:     [adv] epoch=70 batch_auc_mean=0.447 n_batches=9
INFO sprint6:     [adv] epoch=71 batch_auc_mean=0.225 n_batches=10
INFO sprint6:     [adv] epoch=72 batch_auc_mean=0.078 n_batches=9
INFO sprint6:     [adv] epoch=73 batch_auc_mean=0.173 n_batches=10
INFO sprint6:     [adv] epoch=74 batch_auc_mean=0.283 n_batches=10
INFO sprint6:     [adv] epoch=75 batch_auc_mean=0.138 n_batches=10
INFO sprint6:     [adv] epoch=76 batch_auc_mean=0.475 n_batches=9
INFO sprint6:     [adv] epoch=77 batch_auc_mean=0.739 n_batches=11
INFO sprint6:     [adv] epoch=78 batch_auc_mean=0.656 n_batches=11
INFO sprint6:     [adv] epoch=79 batch_auc_mean=0.602 n_batches=11
INFO sprint6:     [adv] epoch=80 batch_auc_mean=0.209 n_batches=11
INFO sprint6:     [adv] epoch=81 batch_auc_mean=0.193 n_batches=10
INFO sprint6:     [adv] epoch=82 batch_auc_mean=0.182 n_batches=10
INFO sprint6:     [adv] epoch=83 batch_auc_mean=0.388 n_batches=10
INFO sprint6:     [adv] epoch=84 batch_auc_mean=0.407 n_batches=9
INFO sprint6:     [adv] epoch=85 batch_auc_mean=0.627 n_batches=12
INFO sprint6:     [adv] epoch=86 batch_auc_mean=0.573 n_batches=9
INFO sprint6:     [adv] epoch=87 batch_auc_mean=0.473 n_batches=9
INFO sprint6:     [adv] epoch=88 batch_auc_mean=0.298 n_batches=10
INFO sprint6:     [adv] epoch=89 batch_auc_mean=0.033 n_batches=10
INFO sprint6:     [adv] epoch=90 batch_auc_mean=0.217 n_batches=12
INFO sprint6:     [adv] epoch=91 batch_auc_mean=0.239 n_batches=11
INFO sprint6:     [adv] epoch=92 batch_auc_mean=0.083 n_batches=10
INFO sprint6:     [adv] epoch=93 batch_auc_mean=0.035 n_batches=9
INFO sprint6:     [adv] epoch=94 batch_auc_mean=0.235 n_batches=9
INFO sprint6:     [adv] epoch=95 batch_auc_mean=0.259 n_batches=10
INFO sprint6:     [adv] epoch=96 batch_auc_mean=0.222 n_batches=9
INFO sprint6:     [adv] epoch=97 batch_auc_mean=0.288 n_batches=9
INFO sprint6:     [adv] epoch=98 batch_auc_mean=0.360 n_batches=12
INFO sprint6:     [adv] epoch=99 batch_auc_mean=0.464 n_batches=8
INFO sprint6:     [adv] epoch=100 batch_auc_mean=0.678 n_batches=9
INFO sprint6:     [adv] epoch=101 batch_auc_mean=0.502 n_batches=9
INFO sprint6:     [adv] epoch=102 batch_auc_mean=0.713 n_batches=10
INFO sprint6:     [adv] epoch=103 batch_auc_mean=0.543 n_batches=9
INFO sprint6:     [adv] epoch=104 batch_auc_mean=0.272 n_batches=10
INFO sprint6:     [adv] epoch=105 batch_auc_mean=0.217 n_batches=10
INFO sprint6:     [adv] epoch=106 batch_auc_mean=0.183 n_batches=10
INFO sprint6:     [adv] epoch=107 batch_auc_mean=0.136 n_batches=8
INFO sprint6:     [adv] epoch=108 batch_auc_mean=0.247 n_batches=10
INFO sprint6:     [adv] epoch=109 batch_auc_mean=0.850 n_batches=5
INFO sprint6:     [adv] epoch=110 batch_auc_mean=0.778 n_batches=10
INFO sprint6:     [adv] epoch=111 batch_auc_mean=0.677 n_batches=8
INFO sprint6:     [adv] epoch=112 batch_auc_mean=0.539 n_batches=11
INFO sprint6:     [adv] epoch=113 batch_auc_mean=0.383 n_batches=12
INFO sprint6:     [adv] epoch=114 batch_auc_mean=0.178 n_batches=10
INFO sprint6:     [adv] epoch=115 batch_auc_mean=0.076 n_batches=11
INFO sprint6:     [adv] epoch=116 batch_auc_mean=0.086 n_batches=10
INFO sprint6:     [adv] epoch=117 batch_auc_mean=0.087 n_batches=10
INFO sprint6:     [adv] epoch=118 batch_auc_mean=0.125 n_batches=10
INFO sprint6:     [adv] epoch=119 batch_auc_mean=0.147 n_batches=11
INFO sprint6:   fold 3 thr=0.726 AUC=0.9273 Acc=0.8542 Spec=1.0000 F1=0.8814
INFO sprint6:     [adv] epoch=0 batch_auc_mean=0.174 n_batches=11
INFO sprint6:     [adv] epoch=1 batch_auc_mean=0.152 n_batches=8
INFO sprint6:     [adv] epoch=2 batch_auc_mean=0.048 n_batches=10
INFO sprint6:     [adv] epoch=3 batch_auc_mean=0.052 n_batches=10
INFO sprint6:     [adv] epoch=4 batch_auc_mean=0.228 n_batches=10
INFO sprint6:     [adv] epoch=5 batch_auc_mean=0.121 n_batches=9
INFO sprint6:     [adv] epoch=6 batch_auc_mean=0.178 n_batches=10
INFO sprint6:     [adv] epoch=7 batch_auc_mean=0.051 n_batches=9
INFO sprint6:     [adv] epoch=8 batch_auc_mean=0.112 n_batches=9
INFO sprint6:     [adv] epoch=9 batch_auc_mean=0.379 n_batches=11
INFO sprint6:     [adv] epoch=10 batch_auc_mean=0.150 n_batches=10
INFO sprint6:     [adv] epoch=11 batch_auc_mean=0.461 n_batches=10
INFO sprint6:     [adv] epoch=12 batch_auc_mean=0.550 n_batches=9
INFO sprint6:     [adv] epoch=13 batch_auc_mean=0.438 n_batches=11
INFO sprint6:     [adv] epoch=14 batch_auc_mean=0.129 n_batches=10
INFO sprint6:     [adv] epoch=15 batch_auc_mean=0.123 n_batches=9
INFO sprint6:     [adv] epoch=16 batch_auc_mean=0.089 n_batches=8
INFO sprint6:     [adv] epoch=17 batch_auc_mean=0.204 n_batches=10
INFO sprint6:     [adv] epoch=18 batch_auc_mean=0.562 n_batches=11
INFO sprint6:     [adv] epoch=19 batch_auc_mean=0.248 n_batches=9
INFO sprint6:     [adv] epoch=20 batch_auc_mean=0.019 n_batches=9
INFO sprint6:     [adv] epoch=21 batch_auc_mean=0.023 n_batches=11
INFO sprint6:     [adv] epoch=22 batch_auc_mean=0.056 n_batches=9
INFO sprint6:     [adv] epoch=23 batch_auc_mean=0.198 n_batches=10
INFO sprint6:     [adv] epoch=24 batch_auc_mean=0.137 n_batches=9
INFO sprint6:     [adv] epoch=25 batch_auc_mean=0.355 n_batches=9
INFO sprint6:     [adv] epoch=26 batch_auc_mean=0.449 n_batches=8
INFO sprint6:     [adv] epoch=27 batch_auc_mean=0.562 n_batches=12
INFO sprint6:     [adv] epoch=28 batch_auc_mean=0.356 n_batches=11
INFO sprint6:     [adv] epoch=29 batch_auc_mean=0.058 n_batches=9
INFO sprint6:     [adv] epoch=30 batch_auc_mean=0.094 n_batches=11
INFO sprint6:     [adv] epoch=31 batch_auc_mean=0.092 n_batches=10
INFO sprint6:     [adv] epoch=32 batch_auc_mean=0.080 n_batches=8
INFO sprint6:     [adv] epoch=33 batch_auc_mean=0.186 n_batches=8
INFO sprint6:     [adv] epoch=34 batch_auc_mean=0.120 n_batches=10
INFO sprint6:     [adv] epoch=35 batch_auc_mean=0.069 n_batches=10
INFO sprint6:     [adv] epoch=36 batch_auc_mean=0.090 n_batches=9
INFO sprint6:     [adv] epoch=37 batch_auc_mean=0.076 n_batches=10
INFO sprint6:     [adv] epoch=38 batch_auc_mean=0.109 n_batches=10
INFO sprint6:     [adv] epoch=39 batch_auc_mean=0.132 n_batches=9
INFO sprint6:     [adv] epoch=40 batch_auc_mean=0.463 n_batches=9
INFO sprint6:     [adv] epoch=41 batch_auc_mean=0.802 n_batches=11
INFO sprint6:     [adv] epoch=42 batch_auc_mean=0.643 n_batches=10
INFO sprint6:     [adv] epoch=43 batch_auc_mean=0.249 n_batches=9
INFO sprint6:     [adv] epoch=44 batch_auc_mean=0.110 n_batches=10
INFO sprint6:     [adv] epoch=45 batch_auc_mean=0.100 n_batches=10
INFO sprint6:     [adv] epoch=46 batch_auc_mean=0.010 n_batches=8
INFO sprint6:     [adv] epoch=47 batch_auc_mean=0.320 n_batches=11
INFO sprint6:     [adv] epoch=48 batch_auc_mean=0.386 n_batches=11
INFO sprint6:     [adv] epoch=49 batch_auc_mean=0.383 n_batches=10
INFO sprint6:     [adv] epoch=50 batch_auc_mean=0.372 n_batches=12
INFO sprint6:     [adv] epoch=51 batch_auc_mean=0.338 n_batches=9
INFO sprint6:     [adv] epoch=52 batch_auc_mean=0.290 n_batches=9
INFO sprint6:     [adv] epoch=53 batch_auc_mean=0.549 n_batches=11
INFO sprint6:     [adv] epoch=54 batch_auc_mean=0.225 n_batches=10
INFO sprint6:     [adv] epoch=55 batch_auc_mean=0.555 n_batches=10
INFO sprint6:     [adv] epoch=56 batch_auc_mean=0.666 n_batches=12
INFO sprint6:     [adv] epoch=57 batch_auc_mean=0.785 n_batches=11
INFO sprint6:     [adv] epoch=58 batch_auc_mean=0.669 n_batches=9
INFO sprint6:     [adv] epoch=59 batch_auc_mean=0.147 n_batches=11
INFO sprint6:     [adv] epoch=60 batch_auc_mean=0.176 n_batches=9
INFO sprint6:     [adv] epoch=61 batch_auc_mean=0.068 n_batches=11
INFO sprint6:     [adv] epoch=62 batch_auc_mean=0.030 n_batches=10
INFO sprint6:     [adv] epoch=63 batch_auc_mean=0.512 n_batches=10
INFO sprint6:     [adv] epoch=64 batch_auc_mean=0.981 n_batches=9
INFO sprint6:     [adv] epoch=65 batch_auc_mean=0.932 n_batches=9
INFO sprint6:     [adv] epoch=66 batch_auc_mean=0.469 n_batches=10
INFO sprint6:     [adv] epoch=67 batch_auc_mean=0.470 n_batches=11
INFO sprint6:     [adv] epoch=68 batch_auc_mean=0.707 n_batches=11
INFO sprint6:     [adv] epoch=69 batch_auc_mean=0.804 n_batches=10
INFO sprint6:     [adv] epoch=70 batch_auc_mean=0.415 n_batches=10
INFO sprint6:     [adv] epoch=71 batch_auc_mean=0.133 n_batches=10
INFO sprint6:     [adv] epoch=72 batch_auc_mean=0.229 n_batches=9
INFO sprint6:   fold 4 thr=0.399 AUC=0.9750 Acc=0.9600 Spec=0.9412 F1=0.9697
INFO sprint6:     [adv] epoch=0 batch_auc_mean=0.348 n_batches=9
INFO sprint6:     [adv] epoch=1 batch_auc_mean=0.208 n_batches=9
INFO sprint6:     [adv] epoch=2 batch_auc_mean=0.126 n_batches=11
INFO sprint6:     [adv] epoch=3 batch_auc_mean=0.108 n_batches=11
INFO sprint6:     [adv] epoch=4 batch_auc_mean=0.139 n_batches=9
INFO sprint6:     [adv] epoch=5 batch_auc_mean=0.070 n_batches=10
INFO sprint6:     [adv] epoch=6 batch_auc_mean=0.093 n_batches=11
INFO sprint6:     [adv] epoch=7 batch_auc_mean=0.071 n_batches=10
INFO sprint6:     [adv] epoch=8 batch_auc_mean=0.813 n_batches=11
INFO sprint6:     [adv] epoch=9 batch_auc_mean=0.872 n_batches=10
INFO sprint6:     [adv] epoch=10 batch_auc_mean=0.584 n_batches=9
INFO sprint6:     [adv] epoch=11 batch_auc_mean=0.375 n_batches=8
INFO sprint6:     [adv] epoch=12 batch_auc_mean=0.369 n_batches=10
INFO sprint6:     [adv] epoch=13 batch_auc_mean=0.302 n_batches=10
INFO sprint6:     [adv] epoch=14 batch_auc_mean=0.138 n_batches=10
INFO sprint6:     [adv] epoch=15 batch_auc_mean=0.096 n_batches=9
INFO sprint6:     [adv] epoch=16 batch_auc_mean=0.075 n_batches=9
INFO sprint6:     [adv] epoch=17 batch_auc_mean=0.483 n_batches=9
INFO sprint6:     [adv] epoch=18 batch_auc_mean=0.900 n_batches=12
INFO sprint6:     [adv] epoch=19 batch_auc_mean=0.835 n_batches=11
INFO sprint6:     [adv] epoch=20 batch_auc_mean=0.304 n_batches=9
INFO sprint6:     [adv] epoch=21 batch_auc_mean=0.177 n_batches=8
INFO sprint6:     [adv] epoch=22 batch_auc_mean=0.070 n_batches=10
INFO sprint6:     [adv] epoch=23 batch_auc_mean=0.156 n_batches=9
INFO sprint6:     [adv] epoch=24 batch_auc_mean=0.677 n_batches=10
INFO sprint6:     [adv] epoch=25 batch_auc_mean=0.894 n_batches=11
INFO sprint6:     [adv] epoch=26 batch_auc_mean=0.744 n_batches=11
INFO sprint6:     [adv] epoch=27 batch_auc_mean=0.241 n_batches=9
INFO sprint6:     [adv] epoch=28 batch_auc_mean=0.034 n_batches=11
INFO sprint6:     [adv] epoch=29 batch_auc_mean=0.056 n_batches=9
INFO sprint6:     [adv] epoch=30 batch_auc_mean=0.083 n_batches=10
INFO sprint6:     [adv] epoch=31 batch_auc_mean=0.313 n_batches=11
INFO sprint6:     [adv] epoch=32 batch_auc_mean=0.707 n_batches=12
INFO sprint6:     [adv] epoch=33 batch_auc_mean=0.592 n_batches=10
INFO sprint6:     [adv] epoch=34 batch_auc_mean=0.569 n_batches=9
INFO sprint6:     [adv] epoch=35 batch_auc_mean=0.198 n_batches=12
INFO sprint6:     [adv] epoch=36 batch_auc_mean=0.259 n_batches=10
INFO sprint6:     [adv] epoch=37 batch_auc_mean=0.100 n_batches=9
INFO sprint6:     [adv] epoch=38 batch_auc_mean=0.199 n_batches=10
INFO sprint6:     [adv] epoch=39 batch_auc_mean=0.540 n_batches=9
INFO sprint6:     [adv] epoch=40 batch_auc_mean=0.715 n_batches=10
INFO sprint6:     [adv] epoch=41 batch_auc_mean=0.725 n_batches=10
INFO sprint6:     [adv] epoch=42 batch_auc_mean=0.485 n_batches=8
INFO sprint6:     [adv] epoch=43 batch_auc_mean=0.309 n_batches=10
INFO sprint6:     [adv] epoch=44 batch_auc_mean=0.288 n_batches=10
INFO sprint6:     [adv] epoch=45 batch_auc_mean=0.266 n_batches=9
INFO sprint6:     [adv] epoch=46 batch_auc_mean=0.097 n_batches=11
INFO sprint6:     [adv] epoch=47 batch_auc_mean=0.253 n_batches=10
INFO sprint6:     [adv] epoch=48 batch_auc_mean=0.244 n_batches=9
INFO sprint6:     [adv] epoch=49 batch_auc_mean=0.200 n_batches=9
INFO sprint6:     [adv] epoch=50 batch_auc_mean=0.214 n_batches=12
INFO sprint6:     [adv] epoch=51 batch_auc_mean=0.088 n_batches=9
INFO sprint6:     [adv] epoch=52 batch_auc_mean=0.127 n_batches=10
INFO sprint6:     [adv] epoch=53 batch_auc_mean=0.598 n_batches=10
INFO sprint6:     [adv] epoch=54 batch_auc_mean=0.543 n_batches=9
INFO sprint6:     [adv] epoch=55 batch_auc_mean=0.810 n_batches=9
INFO sprint6:     [adv] epoch=56 batch_auc_mean=0.866 n_batches=11
INFO sprint6:     [adv] epoch=57 batch_auc_mean=0.818 n_batches=9
INFO sprint6:     [adv] epoch=58 batch_auc_mean=0.583 n_batches=9
INFO sprint6:     [adv] epoch=59 batch_auc_mean=0.334 n_batches=10
INFO sprint6:     [adv] epoch=60 batch_auc_mean=0.207 n_batches=10
INFO sprint6:   fold 5 thr=0.587 AUC=0.9148 Acc=0.9388 Spec=0.8125 F1=0.9565
INFO sprint6: saved outputs/sprint6_arm_a_grlfix_l1.0_s2042/sprint6_results.json

========================================================================================================================
SPRINT 6 SUMMARY (arm=arm_a)
========================================================================================================================
baseline   gcn_only         0.9264+/-0.0255 0.9002+/-0.0499 0.9596+/-0.0387 0.8953+/-0.1044 0.9208+/-0.0439 0.9154+/-0.0825  pooled=0.8658
