[ROUND10 GRL] loaded 282 protocol labels
INFO sprint6: [config] arm=arm_a device=cuda epochs=120
INFO sprint6: [config] augment=['edge_drop', 'feature_mask'] pa_ao=False residual=False
INFO sprint6: [baseline] matched=243 (pos=163 neg=80) has_rad=92 cache_miss=39 rad_miss=0
INFO sprint6: === mode=gcn_only gcn_in=13 global_dim=0 aug=['edge_drop', 'feature_mask'] res=False jk=none repeats=1 ===
INFO sprint6:     [adv] epoch=0 batch_auc_mean=0.437 n_batches=12
INFO sprint6:     [adv] epoch=1 batch_auc_mean=0.194 n_batches=10
INFO sprint6:     [adv] epoch=2 batch_auc_mean=0.059 n_batches=12
INFO sprint6:     [adv] epoch=3 batch_auc_mean=0.324 n_batches=10
INFO sprint6:     [adv] epoch=4 batch_auc_mean=0.136 n_batches=11
INFO sprint6:     [adv] epoch=5 batch_auc_mean=0.126 n_batches=11
INFO sprint6:     [adv] epoch=6 batch_auc_mean=0.069 n_batches=9
INFO sprint6:     [adv] epoch=7 batch_auc_mean=0.499 n_batches=11
INFO sprint6:     [adv] epoch=8 batch_auc_mean=0.784 n_batches=10
INFO sprint6:     [adv] epoch=9 batch_auc_mean=0.688 n_batches=12
INFO sprint6:     [adv] epoch=10 batch_auc_mean=0.222 n_batches=12
INFO sprint6:     [adv] epoch=11 batch_auc_mean=0.131 n_batches=9
INFO sprint6:     [adv] epoch=12 batch_auc_mean=0.188 n_batches=10
INFO sprint6:     [adv] epoch=13 batch_auc_mean=0.103 n_batches=10
INFO sprint6:     [adv] epoch=14 batch_auc_mean=0.064 n_batches=11
INFO sprint6:     [adv] epoch=15 batch_auc_mean=0.154 n_batches=9
INFO sprint6:     [adv] epoch=16 batch_auc_mean=0.286 n_batches=11
INFO sprint6:     [adv] epoch=17 batch_auc_mean=0.233 n_batches=11
INFO sprint6:     [adv] epoch=18 batch_auc_mean=0.099 n_batches=11
INFO sprint6:     [adv] epoch=19 batch_auc_mean=0.061 n_batches=11
INFO sprint6:     [adv] epoch=20 batch_auc_mean=0.122 n_batches=11
INFO sprint6:     [adv] epoch=21 batch_auc_mean=0.130 n_batches=9
INFO sprint6:     [adv] epoch=22 batch_auc_mean=0.245 n_batches=11
INFO sprint6:     [adv] epoch=23 batch_auc_mean=0.237 n_batches=9
INFO sprint6:     [adv] epoch=24 batch_auc_mean=0.125 n_batches=10
INFO sprint6:     [adv] epoch=25 batch_auc_mean=0.070 n_batches=11
INFO sprint6:     [adv] epoch=26 batch_auc_mean=0.155 n_batches=10
INFO sprint6:     [adv] epoch=27 batch_auc_mean=0.160 n_batches=11
INFO sprint6:     [adv] epoch=28 batch_auc_mean=0.292 n_batches=10
INFO sprint6:     [adv] epoch=29 batch_auc_mean=0.411 n_batches=12
INFO sprint6:     [adv] epoch=30 batch_auc_mean=0.144 n_batches=10
INFO sprint6:     [adv] epoch=31 batch_auc_mean=0.114 n_batches=11
INFO sprint6:     [adv] epoch=32 batch_auc_mean=0.106 n_batches=11
INFO sprint6:     [adv] epoch=33 batch_auc_mean=0.023 n_batches=11
INFO sprint6:     [adv] epoch=34 batch_auc_mean=0.220 n_batches=11
INFO sprint6:     [adv] epoch=35 batch_auc_mean=0.700 n_batches=9
INFO sprint6:     [adv] epoch=36 batch_auc_mean=0.690 n_batches=10
INFO sprint6:     [adv] epoch=37 batch_auc_mean=0.509 n_batches=10
INFO sprint6:     [adv] epoch=38 batch_auc_mean=0.231 n_batches=8
INFO sprint6:     [adv] epoch=39 batch_auc_mean=0.184 n_batches=10
INFO sprint6:     [adv] epoch=40 batch_auc_mean=0.158 n_batches=9
INFO sprint6:     [adv] epoch=41 batch_auc_mean=0.175 n_batches=10
INFO sprint6:     [adv] epoch=42 batch_auc_mean=0.409 n_batches=9
INFO sprint6:     [adv] epoch=43 batch_auc_mean=0.403 n_batches=10
INFO sprint6:   fold 1 thr=0.425 AUC=0.8401 Acc=0.8776 Spec=0.7059 F1=0.9118
INFO sprint6:     [adv] epoch=0 batch_auc_mean=0.316 n_batches=9
INFO sprint6:     [adv] epoch=1 batch_auc_mean=0.110 n_batches=11
INFO sprint6:     [adv] epoch=2 batch_auc_mean=0.049 n_batches=8
INFO sprint6:     [adv] epoch=3 batch_auc_mean=0.074 n_batches=10
INFO sprint6:     [adv] epoch=4 batch_auc_mean=0.045 n_batches=11
INFO sprint6:     [adv] epoch=5 batch_auc_mean=0.000 n_batches=10
INFO sprint6:     [adv] epoch=6 batch_auc_mean=0.040 n_batches=11
INFO sprint6:     [adv] epoch=7 batch_auc_mean=0.113 n_batches=10
INFO sprint6:     [adv] epoch=8 batch_auc_mean=0.252 n_batches=12
INFO sprint6:     [adv] epoch=9 batch_auc_mean=0.234 n_batches=10
INFO sprint6:     [adv] epoch=10 batch_auc_mean=0.137 n_batches=10
INFO sprint6:     [adv] epoch=11 batch_auc_mean=0.116 n_batches=10
INFO sprint6:     [adv] epoch=12 batch_auc_mean=0.395 n_batches=11
INFO sprint6:     [adv] epoch=13 batch_auc_mean=0.603 n_batches=11
INFO sprint6:     [adv] epoch=14 batch_auc_mean=0.578 n_batches=10
INFO sprint6:     [adv] epoch=15 batch_auc_mean=0.587 n_batches=8
INFO sprint6:     [adv] epoch=16 batch_auc_mean=0.251 n_batches=8
INFO sprint6:     [adv] epoch=17 batch_auc_mean=0.183 n_batches=10
INFO sprint6:     [adv] epoch=18 batch_auc_mean=0.066 n_batches=11
INFO sprint6:     [adv] epoch=19 batch_auc_mean=0.128 n_batches=10
INFO sprint6:     [adv] epoch=20 batch_auc_mean=0.445 n_batches=11
INFO sprint6:     [adv] epoch=21 batch_auc_mean=0.876 n_batches=12
INFO sprint6:     [adv] epoch=22 batch_auc_mean=0.755 n_batches=10
INFO sprint6:     [adv] epoch=23 batch_auc_mean=0.486 n_batches=12
INFO sprint6:     [adv] epoch=24 batch_auc_mean=0.165 n_batches=11
INFO sprint6:     [adv] epoch=25 batch_auc_mean=0.164 n_batches=8
INFO sprint6:     [adv] epoch=26 batch_auc_mean=0.097 n_batches=9
INFO sprint6:     [adv] epoch=27 batch_auc_mean=0.101 n_batches=9
INFO sprint6:     [adv] epoch=28 batch_auc_mean=0.292 n_batches=11
INFO sprint6:     [adv] epoch=29 batch_auc_mean=0.347 n_batches=12
INFO sprint6:     [adv] epoch=30 batch_auc_mean=0.189 n_batches=10
INFO sprint6:     [adv] epoch=31 batch_auc_mean=0.486 n_batches=10
INFO sprint6:     [adv] epoch=32 batch_auc_mean=0.557 n_batches=10
INFO sprint6:     [adv] epoch=33 batch_auc_mean=0.621 n_batches=11
INFO sprint6:     [adv] epoch=34 batch_auc_mean=0.627 n_batches=12
INFO sprint6:     [adv] epoch=35 batch_auc_mean=0.567 n_batches=11
INFO sprint6:     [adv] epoch=36 batch_auc_mean=0.596 n_batches=12
INFO sprint6:     [adv] epoch=37 batch_auc_mean=0.562 n_batches=10
INFO sprint6:     [adv] epoch=38 batch_auc_mean=0.653 n_batches=12
INFO sprint6:     [adv] epoch=39 batch_auc_mean=0.508 n_batches=11
INFO sprint6:     [adv] epoch=40 batch_auc_mean=0.317 n_batches=10
INFO sprint6:     [adv] epoch=41 batch_auc_mean=0.321 n_batches=11
INFO sprint6:     [adv] epoch=42 batch_auc_mean=0.373 n_batches=7
INFO sprint6:     [adv] epoch=43 batch_auc_mean=0.226 n_batches=11
INFO sprint6:     [adv] epoch=44 batch_auc_mean=0.126 n_batches=11
INFO sprint6:     [adv] epoch=45 batch_auc_mean=0.218 n_batches=10
INFO sprint6:     [adv] epoch=46 batch_auc_mean=0.829 n_batches=11
INFO sprint6:     [adv] epoch=47 batch_auc_mean=0.724 n_batches=11
INFO sprint6:     [adv] epoch=48 batch_auc_mean=0.683 n_batches=10
INFO sprint6:     [adv] epoch=49 batch_auc_mean=0.567 n_batches=11
INFO sprint6:     [adv] epoch=50 batch_auc_mean=0.285 n_batches=12
INFO sprint6:     [adv] epoch=51 batch_auc_mean=0.239 n_batches=9
INFO sprint6:     [adv] epoch=52 batch_auc_mean=0.472 n_batches=11
INFO sprint6:     [adv] epoch=53 batch_auc_mean=0.825 n_batches=11
INFO sprint6:     [adv] epoch=54 batch_auc_mean=0.753 n_batches=10
INFO sprint6:     [adv] epoch=55 batch_auc_mean=0.541 n_batches=11
INFO sprint6:     [adv] epoch=56 batch_auc_mean=0.361 n_batches=11
INFO sprint6:     [adv] epoch=57 batch_auc_mean=0.271 n_batches=10
INFO sprint6:     [adv] epoch=58 batch_auc_mean=0.122 n_batches=9
INFO sprint6:     [adv] epoch=59 batch_auc_mean=0.319 n_batches=12
INFO sprint6:   fold 2 thr=0.501 AUC=0.9042 Acc=0.8085 Spec=0.8667 F1=0.8475
INFO sprint6:     [adv] epoch=0 batch_auc_mean=0.268 n_batches=11
INFO sprint6:     [adv] epoch=1 batch_auc_mean=0.147 n_batches=10
INFO sprint6:     [adv] epoch=2 batch_auc_mean=0.172 n_batches=9
INFO sprint6:     [adv] epoch=3 batch_auc_mean=0.100 n_batches=10
INFO sprint6:     [adv] epoch=4 batch_auc_mean=0.090 n_batches=11
INFO sprint6:     [adv] epoch=5 batch_auc_mean=0.167 n_batches=8
INFO sprint6:     [adv] epoch=6 batch_auc_mean=0.049 n_batches=10
INFO sprint6:     [adv] epoch=7 batch_auc_mean=0.066 n_batches=10
INFO sprint6:     [adv] epoch=8 batch_auc_mean=0.553 n_batches=11
INFO sprint6:     [adv] epoch=9 batch_auc_mean=0.708 n_batches=9
INFO sprint6:     [adv] epoch=10 batch_auc_mean=0.369 n_batches=9
INFO sprint6:     [adv] epoch=11 batch_auc_mean=0.163 n_batches=10
INFO sprint6:     [adv] epoch=12 batch_auc_mean=0.098 n_batches=11
INFO sprint6:     [adv] epoch=13 batch_auc_mean=0.125 n_batches=10
INFO sprint6:     [adv] epoch=14 batch_auc_mean=0.473 n_batches=11
INFO sprint6:     [adv] epoch=15 batch_auc_mean=0.867 n_batches=11
INFO sprint6:     [adv] epoch=16 batch_auc_mean=0.825 n_batches=11
INFO sprint6:     [adv] epoch=17 batch_auc_mean=0.250 n_batches=9
INFO sprint6:     [adv] epoch=18 batch_auc_mean=0.221 n_batches=11
INFO sprint6:     [adv] epoch=19 batch_auc_mean=0.150 n_batches=11
INFO sprint6:     [adv] epoch=20 batch_auc_mean=0.202 n_batches=9
INFO sprint6:     [adv] epoch=21 batch_auc_mean=0.086 n_batches=11
INFO sprint6:     [adv] epoch=22 batch_auc_mean=0.083 n_batches=10
INFO sprint6:     [adv] epoch=23 batch_auc_mean=0.548 n_batches=8
INFO sprint6:     [adv] epoch=24 batch_auc_mean=0.884 n_batches=10
INFO sprint6:     [adv] epoch=25 batch_auc_mean=0.870 n_batches=11
INFO sprint6:     [adv] epoch=26 batch_auc_mean=0.661 n_batches=9
INFO sprint6:     [adv] epoch=27 batch_auc_mean=0.432 n_batches=12
INFO sprint6:     [adv] epoch=28 batch_auc_mean=0.335 n_batches=9
INFO sprint6:     [adv] epoch=29 batch_auc_mean=0.216 n_batches=9
INFO sprint6:     [adv] epoch=30 batch_auc_mean=0.161 n_batches=12
INFO sprint6:     [adv] epoch=31 batch_auc_mean=0.154 n_batches=10
INFO sprint6:     [adv] epoch=32 batch_auc_mean=0.057 n_batches=11
INFO sprint6:     [adv] epoch=33 batch_auc_mean=0.156 n_batches=10
INFO sprint6:     [adv] epoch=34 batch_auc_mean=0.495 n_batches=8
INFO sprint6:     [adv] epoch=35 batch_auc_mean=0.856 n_batches=9
INFO sprint6:     [adv] epoch=36 batch_auc_mean=0.817 n_batches=10
INFO sprint6:     [adv] epoch=37 batch_auc_mean=0.547 n_batches=12
INFO sprint6:     [adv] epoch=38 batch_auc_mean=0.191 n_batches=11
INFO sprint6:     [adv] epoch=39 batch_auc_mean=0.181 n_batches=11
INFO sprint6:     [adv] epoch=40 batch_auc_mean=0.160 n_batches=7
INFO sprint6:     [adv] epoch=41 batch_auc_mean=0.796 n_batches=12
INFO sprint6:     [adv] epoch=42 batch_auc_mean=0.878 n_batches=10
INFO sprint6:     [adv] epoch=43 batch_auc_mean=0.812 n_batches=10
INFO sprint6:     [adv] epoch=44 batch_auc_mean=0.737 n_batches=10
INFO sprint6:     [adv] epoch=45 batch_auc_mean=0.556 n_batches=9
INFO sprint6:     [adv] epoch=46 batch_auc_mean=0.306 n_batches=9
INFO sprint6:     [adv] epoch=47 batch_auc_mean=0.170 n_batches=9
INFO sprint6:     [adv] epoch=48 batch_auc_mean=0.102 n_batches=9
INFO sprint6:     [adv] epoch=49 batch_auc_mean=0.190 n_batches=12
INFO sprint6:     [adv] epoch=50 batch_auc_mean=0.312 n_batches=11
INFO sprint6:     [adv] epoch=51 batch_auc_mean=0.688 n_batches=11
INFO sprint6:     [adv] epoch=52 batch_auc_mean=0.917 n_batches=11
INFO sprint6:     [adv] epoch=53 batch_auc_mean=0.932 n_batches=10
INFO sprint6:     [adv] epoch=54 batch_auc_mean=0.925 n_batches=10
INFO sprint6:     [adv] epoch=55 batch_auc_mean=0.784 n_batches=11
INFO sprint6:     [adv] epoch=56 batch_auc_mean=0.588 n_batches=10
INFO sprint6:     [adv] epoch=57 batch_auc_mean=0.591 n_batches=8
INFO sprint6:     [adv] epoch=58 batch_auc_mean=0.558 n_batches=10
INFO sprint6:     [adv] epoch=59 batch_auc_mean=0.338 n_batches=10
INFO sprint6:     [adv] epoch=60 batch_auc_mean=0.210 n_batches=10
INFO sprint6:     [adv] epoch=61 batch_auc_mean=0.121 n_batches=10
INFO sprint6:     [adv] epoch=62 batch_auc_mean=0.123 n_batches=9
INFO sprint6:     [adv] epoch=63 batch_auc_mean=0.111 n_batches=12
INFO sprint6:     [adv] epoch=64 batch_auc_mean=0.662 n_batches=10
INFO sprint6:     [adv] epoch=65 batch_auc_mean=0.759 n_batches=11
INFO sprint6:     [adv] epoch=66 batch_auc_mean=0.860 n_batches=10
INFO sprint6:     [adv] epoch=67 batch_auc_mean=0.741 n_batches=9
INFO sprint6:     [adv] epoch=68 batch_auc_mean=0.609 n_batches=11
INFO sprint6:     [adv] epoch=69 batch_auc_mean=0.284 n_batches=10
INFO sprint6:     [adv] epoch=70 batch_auc_mean=0.321 n_batches=11
INFO sprint6:     [adv] epoch=71 batch_auc_mean=0.466 n_batches=9
INFO sprint6:     [adv] epoch=72 batch_auc_mean=0.180 n_batches=9
INFO sprint6:     [adv] epoch=73 batch_auc_mean=0.276 n_batches=11
INFO sprint6:     [adv] epoch=74 batch_auc_mean=0.096 n_batches=9
INFO sprint6:     [adv] epoch=75 batch_auc_mean=0.087 n_batches=11
INFO sprint6:     [adv] epoch=76 batch_auc_mean=0.468 n_batches=10
INFO sprint6:     [adv] epoch=77 batch_auc_mean=0.821 n_batches=9
INFO sprint6:     [adv] epoch=78 batch_auc_mean=0.884 n_batches=9
INFO sprint6:     [adv] epoch=79 batch_auc_mean=0.827 n_batches=9
INFO sprint6:     [adv] epoch=80 batch_auc_mean=0.794 n_batches=11
INFO sprint6:     [adv] epoch=81 batch_auc_mean=0.802 n_batches=10
INFO sprint6:     [adv] epoch=82 batch_auc_mean=0.738 n_batches=9
INFO sprint6:     [adv] epoch=83 batch_auc_mean=0.683 n_batches=10
INFO sprint6:     [adv] epoch=84 batch_auc_mean=0.766 n_batches=10
INFO sprint6:     [adv] epoch=85 batch_auc_mean=0.652 n_batches=9
INFO sprint6:     [adv] epoch=86 batch_auc_mean=0.442 n_batches=10
INFO sprint6:     [adv] epoch=87 batch_auc_mean=0.292 n_batches=10
INFO sprint6:     [adv] epoch=88 batch_auc_mean=0.118 n_batches=11
INFO sprint6:   fold 3 thr=0.472 AUC=0.9212 Acc=0.8750 Spec=0.8667 F1=0.9062
INFO sprint6:     [adv] epoch=0 batch_auc_mean=0.324 n_batches=11
INFO sprint6:     [adv] epoch=1 batch_auc_mean=0.174 n_batches=9
INFO sprint6:     [adv] epoch=2 batch_auc_mean=0.197 n_batches=10
INFO sprint6:     [adv] epoch=3 batch_auc_mean=0.249 n_batches=10
INFO sprint6:     [adv] epoch=4 batch_auc_mean=0.117 n_batches=9
INFO sprint6:     [adv] epoch=5 batch_auc_mean=0.195 n_batches=9
INFO sprint6:     [adv] epoch=6 batch_auc_mean=0.153 n_batches=10
INFO sprint6:     [adv] epoch=7 batch_auc_mean=0.224 n_batches=11
INFO sprint6:     [adv] epoch=8 batch_auc_mean=0.269 n_batches=9
INFO sprint6:     [adv] epoch=9 batch_auc_mean=0.629 n_batches=11
INFO sprint6:     [adv] epoch=10 batch_auc_mean=0.292 n_batches=7
INFO sprint6:     [adv] epoch=11 batch_auc_mean=0.085 n_batches=11
INFO sprint6:     [adv] epoch=12 batch_auc_mean=0.146 n_batches=8
INFO sprint6:     [adv] epoch=13 batch_auc_mean=0.236 n_batches=11
INFO sprint6:     [adv] epoch=14 batch_auc_mean=0.442 n_batches=10
INFO sprint6:     [adv] epoch=15 batch_auc_mean=0.280 n_batches=10
INFO sprint6:     [adv] epoch=16 batch_auc_mean=0.689 n_batches=11
INFO sprint6:     [adv] epoch=17 batch_auc_mean=0.349 n_batches=7
INFO sprint6:     [adv] epoch=18 batch_auc_mean=0.172 n_batches=10
INFO sprint6:     [adv] epoch=19 batch_auc_mean=0.092 n_batches=10
INFO sprint6:     [adv] epoch=20 batch_auc_mean=0.054 n_batches=10
INFO sprint6:     [adv] epoch=21 batch_auc_mean=0.083 n_batches=11
INFO sprint6:     [adv] epoch=22 batch_auc_mean=0.052 n_batches=9
INFO sprint6:     [adv] epoch=23 batch_auc_mean=0.220 n_batches=9
INFO sprint6:     [adv] epoch=24 batch_auc_mean=0.273 n_batches=10
INFO sprint6:     [adv] epoch=25 batch_auc_mean=0.548 n_batches=8
INFO sprint6:     [adv] epoch=26 batch_auc_mean=0.948 n_batches=9
INFO sprint6:     [adv] epoch=27 batch_auc_mean=0.917 n_batches=10
INFO sprint6:     [adv] epoch=28 batch_auc_mean=0.569 n_batches=7
INFO sprint6:     [adv] epoch=29 batch_auc_mean=0.528 n_batches=10
INFO sprint6:     [adv] epoch=30 batch_auc_mean=0.465 n_batches=12
INFO sprint6:     [adv] epoch=31 batch_auc_mean=0.394 n_batches=12
INFO sprint6:     [adv] epoch=32 batch_auc_mean=0.301 n_batches=9
INFO sprint6:     [adv] epoch=33 batch_auc_mean=0.217 n_batches=10
INFO sprint6:     [adv] epoch=34 batch_auc_mean=0.106 n_batches=10
INFO sprint6:     [adv] epoch=35 batch_auc_mean=0.152 n_batches=11
INFO sprint6:     [adv] epoch=36 batch_auc_mean=0.152 n_batches=10
INFO sprint6:     [adv] epoch=37 batch_auc_mean=0.598 n_batches=10
INFO sprint6:     [adv] epoch=38 batch_auc_mean=0.830 n_batches=9
INFO sprint6:     [adv] epoch=39 batch_auc_mean=0.825 n_batches=9
INFO sprint6:     [adv] epoch=40 batch_auc_mean=0.709 n_batches=9
INFO sprint6:     [adv] epoch=41 batch_auc_mean=0.599 n_batches=11
INFO sprint6:     [adv] epoch=42 batch_auc_mean=0.694 n_batches=9
INFO sprint6:     [adv] epoch=43 batch_auc_mean=0.249 n_batches=8
INFO sprint6:     [adv] epoch=44 batch_auc_mean=0.155 n_batches=11
INFO sprint6:     [adv] epoch=45 batch_auc_mean=0.504 n_batches=11
INFO sprint6:     [adv] epoch=46 batch_auc_mean=0.288 n_batches=11
INFO sprint6:     [adv] epoch=47 batch_auc_mean=0.145 n_batches=10
INFO sprint6:     [adv] epoch=48 batch_auc_mean=0.042 n_batches=9
INFO sprint6:     [adv] epoch=49 batch_auc_mean=0.138 n_batches=11
INFO sprint6:     [adv] epoch=50 batch_auc_mean=0.135 n_batches=10
INFO sprint6:     [adv] epoch=51 batch_auc_mean=0.292 n_batches=10
INFO sprint6:     [adv] epoch=52 batch_auc_mean=0.397 n_batches=9
INFO sprint6:     [adv] epoch=53 batch_auc_mean=0.253 n_batches=10
INFO sprint6:     [adv] epoch=54 batch_auc_mean=0.185 n_batches=10
INFO sprint6:     [adv] epoch=55 batch_auc_mean=0.418 n_batches=12
INFO sprint6:     [adv] epoch=56 batch_auc_mean=0.747 n_batches=11
INFO sprint6:     [adv] epoch=57 batch_auc_mean=0.909 n_batches=11
INFO sprint6:     [adv] epoch=58 batch_auc_mean=0.588 n_batches=10
INFO sprint6:     [adv] epoch=59 batch_auc_mean=0.093 n_batches=11
INFO sprint6:     [adv] epoch=60 batch_auc_mean=0.070 n_batches=11
INFO sprint6:     [adv] epoch=61 batch_auc_mean=0.074 n_batches=9
INFO sprint6:     [adv] epoch=62 batch_auc_mean=0.272 n_batches=10
INFO sprint6:     [adv] epoch=63 batch_auc_mean=0.592 n_batches=10
INFO sprint6:     [adv] epoch=64 batch_auc_mean=0.564 n_batches=11
INFO sprint6:     [adv] epoch=65 batch_auc_mean=0.320 n_batches=11
INFO sprint6:     [adv] epoch=66 batch_auc_mean=0.167 n_batches=8
INFO sprint6:     [adv] epoch=67 batch_auc_mean=0.591 n_batches=9
INFO sprint6:     [adv] epoch=68 batch_auc_mean=0.723 n_batches=11
INFO sprint6:     [adv] epoch=69 batch_auc_mean=0.747 n_batches=8
INFO sprint6:     [adv] epoch=70 batch_auc_mean=0.373 n_batches=7
INFO sprint6:     [adv] epoch=71 batch_auc_mean=0.340 n_batches=8
INFO sprint6:     [adv] epoch=72 batch_auc_mean=0.258 n_batches=9
INFO sprint6:     [adv] epoch=73 batch_auc_mean=0.152 n_batches=10
INFO sprint6:     [adv] epoch=74 batch_auc_mean=0.430 n_batches=9
INFO sprint6:     [adv] epoch=75 batch_auc_mean=0.343 n_batches=9
INFO sprint6:     [adv] epoch=76 batch_auc_mean=0.042 n_batches=9
INFO sprint6:     [adv] epoch=77 batch_auc_mean=0.132 n_batches=12
INFO sprint6:     [adv] epoch=78 batch_auc_mean=0.549 n_batches=8
INFO sprint6:     [adv] epoch=79 batch_auc_mean=0.614 n_batches=11
INFO sprint6:     [adv] epoch=80 batch_auc_mean=0.735 n_batches=10
INFO sprint6:     [adv] epoch=81 batch_auc_mean=0.623 n_batches=10
INFO sprint6:     [adv] epoch=82 batch_auc_mean=0.485 n_batches=10
INFO sprint6:     [adv] epoch=83 batch_auc_mean=0.550 n_batches=11
INFO sprint6:     [adv] epoch=84 batch_auc_mean=0.458 n_batches=9
INFO sprint6:     [adv] epoch=85 batch_auc_mean=0.262 n_batches=9
INFO sprint6:     [adv] epoch=86 batch_auc_mean=0.465 n_batches=12
INFO sprint6:     [adv] epoch=87 batch_auc_mean=0.528 n_batches=10
INFO sprint6:     [adv] epoch=88 batch_auc_mean=0.818 n_batches=11
INFO sprint6:     [adv] epoch=89 batch_auc_mean=0.658 n_batches=10
INFO sprint6:     [adv] epoch=90 batch_auc_mean=0.363 n_batches=10
INFO sprint6:     [adv] epoch=91 batch_auc_mean=0.378 n_batches=10
INFO sprint6:     [adv] epoch=92 batch_auc_mean=0.235 n_batches=10
INFO sprint6:     [adv] epoch=93 batch_auc_mean=0.129 n_batches=11
INFO sprint6:     [adv] epoch=94 batch_auc_mean=0.188 n_batches=10
INFO sprint6:     [adv] epoch=95 batch_auc_mean=0.118 n_batches=10
INFO sprint6:     [adv] epoch=96 batch_auc_mean=0.697 n_batches=10
INFO sprint6:     [adv] epoch=97 batch_auc_mean=0.736 n_batches=9
INFO sprint6:     [adv] epoch=98 batch_auc_mean=0.707 n_batches=9
INFO sprint6:     [adv] epoch=99 batch_auc_mean=0.699 n_batches=10
INFO sprint6:     [adv] epoch=100 batch_auc_mean=0.626 n_batches=11
INFO sprint6:     [adv] epoch=101 batch_auc_mean=0.320 n_batches=10
INFO sprint6:     [adv] epoch=102 batch_auc_mean=0.424 n_batches=11
INFO sprint6:     [adv] epoch=103 batch_auc_mean=0.628 n_batches=11
INFO sprint6:     [adv] epoch=104 batch_auc_mean=0.838 n_batches=10
INFO sprint6:     [adv] epoch=105 batch_auc_mean=0.616 n_batches=9
INFO sprint6:     [adv] epoch=106 batch_auc_mean=0.357 n_batches=9
INFO sprint6:     [adv] epoch=107 batch_auc_mean=0.263 n_batches=10
INFO sprint6:     [adv] epoch=108 batch_auc_mean=0.150 n_batches=11
INFO sprint6:     [adv] epoch=109 batch_auc_mean=0.106 n_batches=9
INFO sprint6:     [adv] epoch=110 batch_auc_mean=0.110 n_batches=11
INFO sprint6:     [adv] epoch=111 batch_auc_mean=0.038 n_batches=7
INFO sprint6:     [adv] epoch=112 batch_auc_mean=0.767 n_batches=8
INFO sprint6:     [adv] epoch=113 batch_auc_mean=1.000 n_batches=11
INFO sprint6:     [adv] epoch=114 batch_auc_mean=0.936 n_batches=10
INFO sprint6:     [adv] epoch=115 batch_auc_mean=0.787 n_batches=10
INFO sprint6:     [adv] epoch=116 batch_auc_mean=0.729 n_batches=10
INFO sprint6:     [adv] epoch=117 batch_auc_mean=0.772 n_batches=9
INFO sprint6:     [adv] epoch=118 batch_auc_mean=0.503 n_batches=11
INFO sprint6:     [adv] epoch=119 batch_auc_mean=0.117 n_batches=8
INFO sprint6:   fold 4 thr=0.334 AUC=0.9358 Acc=0.9200 Spec=0.7647 F1=0.9429
INFO sprint6:     [adv] epoch=0 batch_auc_mean=0.391 n_batches=9
INFO sprint6:     [adv] epoch=1 batch_auc_mean=0.184 n_batches=10
INFO sprint6:     [adv] epoch=2 batch_auc_mean=0.121 n_batches=11
INFO sprint6:     [adv] epoch=3 batch_auc_mean=0.097 n_batches=11
INFO sprint6:     [adv] epoch=4 batch_auc_mean=0.179 n_batches=10
INFO sprint6:     [adv] epoch=5 batch_auc_mean=0.034 n_batches=11
INFO sprint6:     [adv] epoch=6 batch_auc_mean=0.167 n_batches=11
INFO sprint6:     [adv] epoch=7 batch_auc_mean=0.736 n_batches=11
INFO sprint6:     [adv] epoch=8 batch_auc_mean=0.451 n_batches=10
INFO sprint6:     [adv] epoch=9 batch_auc_mean=0.222 n_batches=10
INFO sprint6:     [adv] epoch=10 batch_auc_mean=0.031 n_batches=9
INFO sprint6:     [adv] epoch=11 batch_auc_mean=0.538 n_batches=11
INFO sprint6:     [adv] epoch=12 batch_auc_mean=0.665 n_batches=11
INFO sprint6:     [adv] epoch=13 batch_auc_mean=0.880 n_batches=10
INFO sprint6:     [adv] epoch=14 batch_auc_mean=0.524 n_batches=10
INFO sprint6:     [adv] epoch=15 batch_auc_mean=0.170 n_batches=11
INFO sprint6:     [adv] epoch=16 batch_auc_mean=0.150 n_batches=11
INFO sprint6:     [adv] epoch=17 batch_auc_mean=0.315 n_batches=9
INFO sprint6:     [adv] epoch=18 batch_auc_mean=0.771 n_batches=11
INFO sprint6:     [adv] epoch=19 batch_auc_mean=0.447 n_batches=11
INFO sprint6:     [adv] epoch=20 batch_auc_mean=0.038 n_batches=10
INFO sprint6:     [adv] epoch=21 batch_auc_mean=0.096 n_batches=9
INFO sprint6:     [adv] epoch=22 batch_auc_mean=0.091 n_batches=10
INFO sprint6:     [adv] epoch=23 batch_auc_mean=0.160 n_batches=10
INFO sprint6:     [adv] epoch=24 batch_auc_mean=0.270 n_batches=11
INFO sprint6:     [adv] epoch=25 batch_auc_mean=0.491 n_batches=9
INFO sprint6:     [adv] epoch=26 batch_auc_mean=0.771 n_batches=11
INFO sprint6:     [adv] epoch=27 batch_auc_mean=0.674 n_batches=10
INFO sprint6:     [adv] epoch=28 batch_auc_mean=0.658 n_batches=12
INFO sprint6:     [adv] epoch=29 batch_auc_mean=0.264 n_batches=11
INFO sprint6:     [adv] epoch=30 batch_auc_mean=0.057 n_batches=10
INFO sprint6:     [adv] epoch=31 batch_auc_mean=0.085 n_batches=9
INFO sprint6:     [adv] epoch=32 batch_auc_mean=0.138 n_batches=10
INFO sprint6:     [adv] epoch=33 batch_auc_mean=0.080 n_batches=9
INFO sprint6:     [adv] epoch=34 batch_auc_mean=0.352 n_batches=9
INFO sprint6:     [adv] epoch=35 batch_auc_mean=0.940 n_batches=10
INFO sprint6:     [adv] epoch=36 batch_auc_mean=0.857 n_batches=11
INFO sprint6:     [adv] epoch=37 batch_auc_mean=0.810 n_batches=8
INFO sprint6:     [adv] epoch=38 batch_auc_mean=0.529 n_batches=11
INFO sprint6:     [adv] epoch=39 batch_auc_mean=0.299 n_batches=11
INFO sprint6:     [adv] epoch=40 batch_auc_mean=0.181 n_batches=9
INFO sprint6:     [adv] epoch=41 batch_auc_mean=0.153 n_batches=9
INFO sprint6:     [adv] epoch=42 batch_auc_mean=0.090 n_batches=12
INFO sprint6:     [adv] epoch=43 batch_auc_mean=0.112 n_batches=11
INFO sprint6:     [adv] epoch=44 batch_auc_mean=0.526 n_batches=10
INFO sprint6:     [adv] epoch=45 batch_auc_mean=0.796 n_batches=11
INFO sprint6:     [adv] epoch=46 batch_auc_mean=0.862 n_batches=10
INFO sprint6:     [adv] epoch=47 batch_auc_mean=0.674 n_batches=11
INFO sprint6:     [adv] epoch=48 batch_auc_mean=0.499 n_batches=9
INFO sprint6:     [adv] epoch=49 batch_auc_mean=0.032 n_batches=9
INFO sprint6:     [adv] epoch=50 batch_auc_mean=0.053 n_batches=10
INFO sprint6:     [adv] epoch=51 batch_auc_mean=0.102 n_batches=11
INFO sprint6:     [adv] epoch=52 batch_auc_mean=0.090 n_batches=12
INFO sprint6:     [adv] epoch=53 batch_auc_mean=0.648 n_batches=10
INFO sprint6:     [adv] epoch=54 batch_auc_mean=0.943 n_batches=11
INFO sprint6:     [adv] epoch=55 batch_auc_mean=0.890 n_batches=10
INFO sprint6:   fold 5 thr=0.447 AUC=0.8163 Acc=0.7959 Spec=0.8125 F1=0.8387
INFO sprint6: saved outputs/sprint6_arm_a_grlfix_l10.0_s2042/sprint6_results.json

========================================================================================================================
SPRINT 6 SUMMARY (arm=arm_a)
========================================================================================================================
baseline   gcn_only         0.8835+/-0.0469 0.8554+/-0.0464 0.9022+/-0.0264 0.8833+/-0.0900 0.8894+/-0.0399 0.8033+/-0.0618  pooled=0.8342
