[ROUND10 GRL] loaded 282 protocol labels
INFO sprint6: [config] arm=arm_a device=cuda epochs=120
INFO sprint6: [config] augment=['edge_drop', 'feature_mask'] pa_ao=False residual=False
INFO sprint6: [baseline] matched=243 (pos=163 neg=80) has_rad=92 cache_miss=39 rad_miss=0
INFO sprint6: === mode=gcn_only gcn_in=13 global_dim=0 aug=['edge_drop', 'feature_mask'] res=False jk=none repeats=1 ===
INFO sprint6:     [adv] epoch=0 batch_auc_mean=0.339 n_batches=10
INFO sprint6:     [adv] epoch=1 batch_auc_mean=0.122 n_batches=9
INFO sprint6:     [adv] epoch=2 batch_auc_mean=0.204 n_batches=9
INFO sprint6:     [adv] epoch=3 batch_auc_mean=0.100 n_batches=11
INFO sprint6:     [adv] epoch=4 batch_auc_mean=0.126 n_batches=11
INFO sprint6:     [adv] epoch=5 batch_auc_mean=0.175 n_batches=10
INFO sprint6:     [adv] epoch=6 batch_auc_mean=0.174 n_batches=8
INFO sprint6:     [adv] epoch=7 batch_auc_mean=0.632 n_batches=10
INFO sprint6:     [adv] epoch=8 batch_auc_mean=0.801 n_batches=9
INFO sprint6:     [adv] epoch=9 batch_auc_mean=0.515 n_batches=10
INFO sprint6:     [adv] epoch=10 batch_auc_mean=0.243 n_batches=10
INFO sprint6:     [adv] epoch=11 batch_auc_mean=0.194 n_batches=11
INFO sprint6:     [adv] epoch=12 batch_auc_mean=0.363 n_batches=11
INFO sprint6:     [adv] epoch=13 batch_auc_mean=0.730 n_batches=10
INFO sprint6:     [adv] epoch=14 batch_auc_mean=0.775 n_batches=10
INFO sprint6:     [adv] epoch=15 batch_auc_mean=0.345 n_batches=10
INFO sprint6:     [adv] epoch=16 batch_auc_mean=0.047 n_batches=10
INFO sprint6:     [adv] epoch=17 batch_auc_mean=0.133 n_batches=11
INFO sprint6:     [adv] epoch=18 batch_auc_mean=0.108 n_batches=11
INFO sprint6:     [adv] epoch=19 batch_auc_mean=0.190 n_batches=9
INFO sprint6:     [adv] epoch=20 batch_auc_mean=0.223 n_batches=11
INFO sprint6:     [adv] epoch=21 batch_auc_mean=0.244 n_batches=12
INFO sprint6:     [adv] epoch=22 batch_auc_mean=0.522 n_batches=9
INFO sprint6:     [adv] epoch=23 batch_auc_mean=0.489 n_batches=8
INFO sprint6:     [adv] epoch=24 batch_auc_mean=0.328 n_batches=10
INFO sprint6:     [adv] epoch=25 batch_auc_mean=0.282 n_batches=11
INFO sprint6:     [adv] epoch=26 batch_auc_mean=0.080 n_batches=11
INFO sprint6:     [adv] epoch=27 batch_auc_mean=0.138 n_batches=11
INFO sprint6:     [adv] epoch=28 batch_auc_mean=0.097 n_batches=11
INFO sprint6:     [adv] epoch=29 batch_auc_mean=0.336 n_batches=11
INFO sprint6:     [adv] epoch=30 batch_auc_mean=0.772 n_batches=11
INFO sprint6:     [adv] epoch=31 batch_auc_mean=0.732 n_batches=10
INFO sprint6:     [adv] epoch=32 batch_auc_mean=0.771 n_batches=9
INFO sprint6:     [adv] epoch=33 batch_auc_mean=0.665 n_batches=11
INFO sprint6:     [adv] epoch=34 batch_auc_mean=0.549 n_batches=8
INFO sprint6:     [adv] epoch=35 batch_auc_mean=0.489 n_batches=10
INFO sprint6:     [adv] epoch=36 batch_auc_mean=0.291 n_batches=9
INFO sprint6:     [adv] epoch=37 batch_auc_mean=0.053 n_batches=10
INFO sprint6:     [adv] epoch=38 batch_auc_mean=0.133 n_batches=10
INFO sprint6:     [adv] epoch=39 batch_auc_mean=0.102 n_batches=8
INFO sprint6:     [adv] epoch=40 batch_auc_mean=0.327 n_batches=10
INFO sprint6:     [adv] epoch=41 batch_auc_mean=0.782 n_batches=11
INFO sprint6:     [adv] epoch=42 batch_auc_mean=0.764 n_batches=9
INFO sprint6:     [adv] epoch=43 batch_auc_mean=0.821 n_batches=10
INFO sprint6:   fold 1 thr=0.431 AUC=0.8640 Acc=0.7959 Spec=0.8235 F1=0.8333
INFO sprint6:     [adv] epoch=0 batch_auc_mean=0.286 n_batches=9
INFO sprint6:     [adv] epoch=1 batch_auc_mean=0.079 n_batches=11
INFO sprint6:     [adv] epoch=2 batch_auc_mean=0.132 n_batches=10
INFO sprint6:     [adv] epoch=3 batch_auc_mean=0.092 n_batches=10
INFO sprint6:     [adv] epoch=4 batch_auc_mean=0.130 n_batches=11
INFO sprint6:     [adv] epoch=5 batch_auc_mean=0.753 n_batches=8
INFO sprint6:     [adv] epoch=6 batch_auc_mean=0.874 n_batches=10
INFO sprint6:     [adv] epoch=7 batch_auc_mean=0.453 n_batches=11
INFO sprint6:     [adv] epoch=8 batch_auc_mean=0.079 n_batches=10
INFO sprint6:     [adv] epoch=9 batch_auc_mean=0.079 n_batches=10
INFO sprint6:     [adv] epoch=10 batch_auc_mean=0.083 n_batches=10
INFO sprint6:     [adv] epoch=11 batch_auc_mean=0.221 n_batches=8
INFO sprint6:     [adv] epoch=12 batch_auc_mean=0.876 n_batches=10
INFO sprint6:     [adv] epoch=13 batch_auc_mean=0.712 n_batches=11
INFO sprint6:     [adv] epoch=14 batch_auc_mean=0.391 n_batches=11
INFO sprint6:     [adv] epoch=15 batch_auc_mean=0.431 n_batches=11
INFO sprint6:     [adv] epoch=16 batch_auc_mean=0.292 n_batches=11
INFO sprint6:     [adv] epoch=17 batch_auc_mean=0.165 n_batches=9
INFO sprint6:     [adv] epoch=18 batch_auc_mean=0.089 n_batches=8
INFO sprint6:     [adv] epoch=19 batch_auc_mean=0.091 n_batches=12
INFO sprint6:     [adv] epoch=20 batch_auc_mean=0.628 n_batches=11
INFO sprint6:     [adv] epoch=21 batch_auc_mean=0.639 n_batches=10
INFO sprint6:     [adv] epoch=22 batch_auc_mean=0.688 n_batches=11
INFO sprint6:     [adv] epoch=23 batch_auc_mean=0.419 n_batches=9
INFO sprint6:     [adv] epoch=24 batch_auc_mean=0.197 n_batches=9
INFO sprint6:     [adv] epoch=25 batch_auc_mean=0.152 n_batches=11
INFO sprint6:     [adv] epoch=26 batch_auc_mean=0.038 n_batches=11
INFO sprint6:     [adv] epoch=27 batch_auc_mean=0.124 n_batches=9
INFO sprint6:     [adv] epoch=28 batch_auc_mean=0.127 n_batches=10
INFO sprint6:     [adv] epoch=29 batch_auc_mean=0.420 n_batches=10
INFO sprint6:     [adv] epoch=30 batch_auc_mean=0.875 n_batches=10
INFO sprint6:     [adv] epoch=31 batch_auc_mean=0.937 n_batches=10
INFO sprint6:     [adv] epoch=32 batch_auc_mean=0.893 n_batches=12
INFO sprint6:     [adv] epoch=33 batch_auc_mean=0.867 n_batches=10
INFO sprint6:     [adv] epoch=34 batch_auc_mean=0.659 n_batches=10
INFO sprint6:     [adv] epoch=35 batch_auc_mean=0.437 n_batches=11
INFO sprint6:     [adv] epoch=36 batch_auc_mean=0.258 n_batches=11
INFO sprint6:     [adv] epoch=37 batch_auc_mean=0.080 n_batches=10
INFO sprint6:     [adv] epoch=38 batch_auc_mean=0.133 n_batches=11
INFO sprint6:     [adv] epoch=39 batch_auc_mean=0.193 n_batches=9
INFO sprint6:     [adv] epoch=40 batch_auc_mean=0.260 n_batches=11
INFO sprint6:   fold 2 thr=0.448 AUC=0.7979 Acc=0.7234 Spec=0.8000 F1=0.7719
INFO sprint6:     [adv] epoch=0 batch_auc_mean=0.342 n_batches=10
INFO sprint6:     [adv] epoch=1 batch_auc_mean=0.219 n_batches=9
INFO sprint6:     [adv] epoch=2 batch_auc_mean=0.125 n_batches=10
INFO sprint6:     [adv] epoch=3 batch_auc_mean=0.086 n_batches=9
INFO sprint6:     [adv] epoch=4 batch_auc_mean=0.042 n_batches=10
INFO sprint6:     [adv] epoch=5 batch_auc_mean=0.046 n_batches=9
INFO sprint6:     [adv] epoch=6 batch_auc_mean=0.074 n_batches=9
INFO sprint6:     [adv] epoch=7 batch_auc_mean=0.417 n_batches=9
INFO sprint6:     [adv] epoch=8 batch_auc_mean=0.914 n_batches=10
INFO sprint6:     [adv] epoch=9 batch_auc_mean=0.818 n_batches=9
INFO sprint6:     [adv] epoch=10 batch_auc_mean=0.498 n_batches=9
INFO sprint6:     [adv] epoch=11 batch_auc_mean=0.177 n_batches=8
INFO sprint6:     [adv] epoch=12 batch_auc_mean=0.155 n_batches=11
INFO sprint6:     [adv] epoch=13 batch_auc_mean=0.145 n_batches=10
INFO sprint6:     [adv] epoch=14 batch_auc_mean=0.694 n_batches=12
INFO sprint6:     [adv] epoch=15 batch_auc_mean=0.824 n_batches=10
INFO sprint6:     [adv] epoch=16 batch_auc_mean=0.775 n_batches=10
INFO sprint6:     [adv] epoch=17 batch_auc_mean=0.622 n_batches=9
INFO sprint6:     [adv] epoch=18 batch_auc_mean=0.723 n_batches=11
INFO sprint6:     [adv] epoch=19 batch_auc_mean=0.594 n_batches=12
INFO sprint6:     [adv] epoch=20 batch_auc_mean=0.346 n_batches=9
INFO sprint6:     [adv] epoch=21 batch_auc_mean=0.336 n_batches=8
INFO sprint6:     [adv] epoch=22 batch_auc_mean=0.173 n_batches=10
INFO sprint6:     [adv] epoch=23 batch_auc_mean=0.392 n_batches=10
INFO sprint6:     [adv] epoch=24 batch_auc_mean=0.500 n_batches=8
INFO sprint6:     [adv] epoch=25 batch_auc_mean=0.617 n_batches=11
INFO sprint6:     [adv] epoch=26 batch_auc_mean=0.527 n_batches=8
INFO sprint6:     [adv] epoch=27 batch_auc_mean=0.398 n_batches=9
INFO sprint6:     [adv] epoch=28 batch_auc_mean=0.332 n_batches=12
INFO sprint6:     [adv] epoch=29 batch_auc_mean=0.231 n_batches=10
INFO sprint6:     [adv] epoch=30 batch_auc_mean=0.210 n_batches=7
INFO sprint6:     [adv] epoch=31 batch_auc_mean=0.252 n_batches=10
INFO sprint6:     [adv] epoch=32 batch_auc_mean=0.437 n_batches=9
INFO sprint6:     [adv] epoch=33 batch_auc_mean=0.408 n_batches=11
INFO sprint6:     [adv] epoch=34 batch_auc_mean=0.505 n_batches=9
INFO sprint6:     [adv] epoch=35 batch_auc_mean=0.501 n_batches=10
INFO sprint6:     [adv] epoch=36 batch_auc_mean=0.626 n_batches=9
INFO sprint6:     [adv] epoch=37 batch_auc_mean=0.560 n_batches=11
INFO sprint6:     [adv] epoch=38 batch_auc_mean=0.599 n_batches=10
INFO sprint6:     [adv] epoch=39 batch_auc_mean=0.917 n_batches=10
INFO sprint6:     [adv] epoch=40 batch_auc_mean=0.858 n_batches=10
INFO sprint6:     [adv] epoch=41 batch_auc_mean=0.833 n_batches=8
INFO sprint6:     [adv] epoch=42 batch_auc_mean=0.616 n_batches=9
INFO sprint6:     [adv] epoch=43 batch_auc_mean=0.588 n_batches=9
INFO sprint6:     [adv] epoch=44 batch_auc_mean=0.376 n_batches=10
INFO sprint6:     [adv] epoch=45 batch_auc_mean=0.536 n_batches=10
INFO sprint6:     [adv] epoch=46 batch_auc_mean=0.566 n_batches=9
INFO sprint6:     [adv] epoch=47 batch_auc_mean=0.523 n_batches=9
INFO sprint6:     [adv] epoch=48 batch_auc_mean=0.424 n_batches=12
INFO sprint6:     [adv] epoch=49 batch_auc_mean=0.306 n_batches=11
INFO sprint6:     [adv] epoch=50 batch_auc_mean=0.449 n_batches=10
INFO sprint6:     [adv] epoch=51 batch_auc_mean=0.708 n_batches=10
INFO sprint6:     [adv] epoch=52 batch_auc_mean=0.588 n_batches=10
INFO sprint6:     [adv] epoch=53 batch_auc_mean=0.552 n_batches=11
INFO sprint6:     [adv] epoch=54 batch_auc_mean=0.448 n_batches=12
INFO sprint6:     [adv] epoch=55 batch_auc_mean=0.298 n_batches=9
INFO sprint6:     [adv] epoch=56 batch_auc_mean=0.153 n_batches=10
INFO sprint6:     [adv] epoch=57 batch_auc_mean=0.125 n_batches=10
INFO sprint6:     [adv] epoch=58 batch_auc_mean=0.121 n_batches=9
INFO sprint6:     [adv] epoch=59 batch_auc_mean=0.222 n_batches=10
INFO sprint6:     [adv] epoch=60 batch_auc_mean=0.169 n_batches=8
INFO sprint6:     [adv] epoch=61 batch_auc_mean=0.051 n_batches=9
INFO sprint6:     [adv] epoch=62 batch_auc_mean=0.046 n_batches=10
INFO sprint6:     [adv] epoch=63 batch_auc_mean=0.305 n_batches=10
INFO sprint6:     [adv] epoch=64 batch_auc_mean=0.843 n_batches=7
INFO sprint6:     [adv] epoch=65 batch_auc_mean=0.819 n_batches=10
INFO sprint6:     [adv] epoch=66 batch_auc_mean=0.479 n_batches=8
INFO sprint6:     [adv] epoch=67 batch_auc_mean=0.594 n_batches=10
INFO sprint6:     [adv] epoch=68 batch_auc_mean=0.539 n_batches=8
INFO sprint6:   fold 3 thr=0.442 AUC=0.9232 Acc=0.9167 Spec=0.9333 F1=0.9375
INFO sprint6:     [adv] epoch=0 batch_auc_mean=0.307 n_batches=9
INFO sprint6:     [adv] epoch=1 batch_auc_mean=0.083 n_batches=10
INFO sprint6:     [adv] epoch=2 batch_auc_mean=0.124 n_batches=11
INFO sprint6:     [adv] epoch=3 batch_auc_mean=0.053 n_batches=11
INFO sprint6:     [adv] epoch=4 batch_auc_mean=0.091 n_batches=11
INFO sprint6:     [adv] epoch=5 batch_auc_mean=0.632 n_batches=10
INFO sprint6:     [adv] epoch=6 batch_auc_mean=0.635 n_batches=9
INFO sprint6:     [adv] epoch=7 batch_auc_mean=0.285 n_batches=9
INFO sprint6:     [adv] epoch=8 batch_auc_mean=0.042 n_batches=8
INFO sprint6:     [adv] epoch=9 batch_auc_mean=0.085 n_batches=10
INFO sprint6:     [adv] epoch=10 batch_auc_mean=0.075 n_batches=10
INFO sprint6:     [adv] epoch=11 batch_auc_mean=0.141 n_batches=9
INFO sprint6:     [adv] epoch=12 batch_auc_mean=0.506 n_batches=11
INFO sprint6:     [adv] epoch=13 batch_auc_mean=0.521 n_batches=9
INFO sprint6:     [adv] epoch=14 batch_auc_mean=0.597 n_batches=12
INFO sprint6:     [adv] epoch=15 batch_auc_mean=0.335 n_batches=9
INFO sprint6:     [adv] epoch=16 batch_auc_mean=0.172 n_batches=12
INFO sprint6:     [adv] epoch=17 batch_auc_mean=0.046 n_batches=10
INFO sprint6:     [adv] epoch=18 batch_auc_mean=0.316 n_batches=9
INFO sprint6:     [adv] epoch=19 batch_auc_mean=0.427 n_batches=10
INFO sprint6:     [adv] epoch=20 batch_auc_mean=0.329 n_batches=11
INFO sprint6:     [adv] epoch=21 batch_auc_mean=0.219 n_batches=10
INFO sprint6:     [adv] epoch=22 batch_auc_mean=0.313 n_batches=9
INFO sprint6:     [adv] epoch=23 batch_auc_mean=0.518 n_batches=10
INFO sprint6:     [adv] epoch=24 batch_auc_mean=0.378 n_batches=10
INFO sprint6:     [adv] epoch=25 batch_auc_mean=0.277 n_batches=8
INFO sprint6:     [adv] epoch=26 batch_auc_mean=0.409 n_batches=10
INFO sprint6:     [adv] epoch=27 batch_auc_mean=0.418 n_batches=11
INFO sprint6:     [adv] epoch=28 batch_auc_mean=0.742 n_batches=10
INFO sprint6:     [adv] epoch=29 batch_auc_mean=0.862 n_batches=10
INFO sprint6:     [adv] epoch=30 batch_auc_mean=0.745 n_batches=10
INFO sprint6:     [adv] epoch=31 batch_auc_mean=0.562 n_batches=11
INFO sprint6:     [adv] epoch=32 batch_auc_mean=0.420 n_batches=11
INFO sprint6:     [adv] epoch=33 batch_auc_mean=0.588 n_batches=12
INFO sprint6:     [adv] epoch=34 batch_auc_mean=0.397 n_batches=9
INFO sprint6:     [adv] epoch=35 batch_auc_mean=0.060 n_batches=9
INFO sprint6:     [adv] epoch=36 batch_auc_mean=0.055 n_batches=11
INFO sprint6:     [adv] epoch=37 batch_auc_mean=0.080 n_batches=11
INFO sprint6:     [adv] epoch=38 batch_auc_mean=0.375 n_batches=10
INFO sprint6:     [adv] epoch=39 batch_auc_mean=0.907 n_batches=11
INFO sprint6:     [adv] epoch=40 batch_auc_mean=0.686 n_batches=11
INFO sprint6:     [adv] epoch=41 batch_auc_mean=0.297 n_batches=12
INFO sprint6:     [adv] epoch=42 batch_auc_mean=0.059 n_batches=11
INFO sprint6:     [adv] epoch=43 batch_auc_mean=0.083 n_batches=11
INFO sprint6:     [adv] epoch=44 batch_auc_mean=0.425 n_batches=10
INFO sprint6:     [adv] epoch=45 batch_auc_mean=0.933 n_batches=11
INFO sprint6:     [adv] epoch=46 batch_auc_mean=0.985 n_batches=9
INFO sprint6:     [adv] epoch=47 batch_auc_mean=0.561 n_batches=11
INFO sprint6:     [adv] epoch=48 batch_auc_mean=0.079 n_batches=10
INFO sprint6:     [adv] epoch=49 batch_auc_mean=0.047 n_batches=10
INFO sprint6:     [adv] epoch=50 batch_auc_mean=0.038 n_batches=9
INFO sprint6:     [adv] epoch=51 batch_auc_mean=0.067 n_batches=10
INFO sprint6:     [adv] epoch=52 batch_auc_mean=0.598 n_batches=9
INFO sprint6:     [adv] epoch=53 batch_auc_mean=0.956 n_batches=9
INFO sprint6:     [adv] epoch=54 batch_auc_mean=0.821 n_batches=9
INFO sprint6:     [adv] epoch=55 batch_auc_mean=0.911 n_batches=9
INFO sprint6:     [adv] epoch=56 batch_auc_mean=0.805 n_batches=11
INFO sprint6:     [adv] epoch=57 batch_auc_mean=0.395 n_batches=11
INFO sprint6:     [adv] epoch=58 batch_auc_mean=0.239 n_batches=10
INFO sprint6:     [adv] epoch=59 batch_auc_mean=0.094 n_batches=10
INFO sprint6:     [adv] epoch=60 batch_auc_mean=0.097 n_batches=12
INFO sprint6:     [adv] epoch=61 batch_auc_mean=0.047 n_batches=10
INFO sprint6:     [adv] epoch=62 batch_auc_mean=0.506 n_batches=10
INFO sprint6:     [adv] epoch=63 batch_auc_mean=0.917 n_batches=11
INFO sprint6:     [adv] epoch=64 batch_auc_mean=0.912 n_batches=11
INFO sprint6:     [adv] epoch=65 batch_auc_mean=0.892 n_batches=10
INFO sprint6:     [adv] epoch=66 batch_auc_mean=0.635 n_batches=12
INFO sprint6:     [adv] epoch=67 batch_auc_mean=0.444 n_batches=9
INFO sprint6:     [adv] epoch=68 batch_auc_mean=0.079 n_batches=9
INFO sprint6:   fold 4 thr=0.410 AUC=0.8627 Acc=0.8600 Spec=0.7647 F1=0.8955
INFO sprint6:     [adv] epoch=0 batch_auc_mean=0.259 n_batches=9
INFO sprint6:     [adv] epoch=1 batch_auc_mean=0.086 n_batches=11
INFO sprint6:     [adv] epoch=2 batch_auc_mean=0.095 n_batches=11
INFO sprint6:     [adv] epoch=3 batch_auc_mean=0.265 n_batches=12
INFO sprint6:     [adv] epoch=4 batch_auc_mean=0.554 n_batches=11
INFO sprint6:     [adv] epoch=5 batch_auc_mean=0.260 n_batches=9
INFO sprint6:     [adv] epoch=6 batch_auc_mean=0.167 n_batches=9
INFO sprint6:     [adv] epoch=7 batch_auc_mean=0.701 n_batches=12
INFO sprint6:     [adv] epoch=8 batch_auc_mean=0.966 n_batches=9
INFO sprint6:     [adv] epoch=9 batch_auc_mean=0.783 n_batches=10
INFO sprint6:     [adv] epoch=10 batch_auc_mean=0.241 n_batches=11
INFO sprint6:     [adv] epoch=11 batch_auc_mean=0.079 n_batches=10
INFO sprint6:     [adv] epoch=12 batch_auc_mean=0.064 n_batches=10
INFO sprint6:     [adv] epoch=13 batch_auc_mean=0.097 n_batches=12
INFO sprint6:     [adv] epoch=14 batch_auc_mean=0.370 n_batches=9
INFO sprint6:     [adv] epoch=15 batch_auc_mean=0.834 n_batches=9
INFO sprint6:     [adv] epoch=16 batch_auc_mean=0.805 n_batches=11
INFO sprint6:     [adv] epoch=17 batch_auc_mean=0.351 n_batches=8
INFO sprint6:     [adv] epoch=18 batch_auc_mean=0.032 n_batches=9
INFO sprint6:     [adv] epoch=19 batch_auc_mean=0.025 n_batches=10
INFO sprint6:     [adv] epoch=20 batch_auc_mean=0.088 n_batches=9
INFO sprint6:     [adv] epoch=21 batch_auc_mean=0.045 n_batches=11
INFO sprint6:     [adv] epoch=22 batch_auc_mean=0.157 n_batches=9
INFO sprint6:     [adv] epoch=23 batch_auc_mean=0.779 n_batches=10
INFO sprint6:     [adv] epoch=24 batch_auc_mean=0.678 n_batches=10
INFO sprint6:     [adv] epoch=25 batch_auc_mean=0.089 n_batches=11
INFO sprint6:     [adv] epoch=26 batch_auc_mean=0.091 n_batches=9
INFO sprint6:     [adv] epoch=27 batch_auc_mean=0.147 n_batches=10
INFO sprint6:     [adv] epoch=28 batch_auc_mean=0.084 n_batches=10
INFO sprint6:     [adv] epoch=29 batch_auc_mean=0.603 n_batches=10
INFO sprint6:     [adv] epoch=30 batch_auc_mean=0.953 n_batches=9
INFO sprint6:     [adv] epoch=31 batch_auc_mean=0.847 n_batches=8
INFO sprint6:     [adv] epoch=32 batch_auc_mean=0.280 n_batches=11
INFO sprint6:     [adv] epoch=33 batch_auc_mean=0.111 n_batches=9
INFO sprint6:     [adv] epoch=34 batch_auc_mean=0.095 n_batches=10
INFO sprint6:     [adv] epoch=35 batch_auc_mean=0.030 n_batches=11
INFO sprint6:     [adv] epoch=36 batch_auc_mean=0.127 n_batches=9
INFO sprint6:     [adv] epoch=37 batch_auc_mean=0.754 n_batches=10
INFO sprint6:     [adv] epoch=38 batch_auc_mean=0.881 n_batches=10
INFO sprint6:     [adv] epoch=39 batch_auc_mean=0.638 n_batches=9
INFO sprint6:     [adv] epoch=40 batch_auc_mean=0.626 n_batches=11
INFO sprint6:     [adv] epoch=41 batch_auc_mean=0.377 n_batches=8
INFO sprint6:     [adv] epoch=42 batch_auc_mean=0.163 n_batches=10
INFO sprint6:     [adv] epoch=43 batch_auc_mean=0.146 n_batches=10
INFO sprint6:     [adv] epoch=44 batch_auc_mean=0.125 n_batches=10
INFO sprint6:     [adv] epoch=45 batch_auc_mean=0.123 n_batches=10
INFO sprint6:     [adv] epoch=46 batch_auc_mean=0.394 n_batches=10
INFO sprint6:     [adv] epoch=47 batch_auc_mean=0.871 n_batches=9
INFO sprint6:     [adv] epoch=48 batch_auc_mean=0.924 n_batches=9
INFO sprint6:     [adv] epoch=49 batch_auc_mean=0.708 n_batches=11
INFO sprint6:     [adv] epoch=50 batch_auc_mean=0.632 n_batches=9
INFO sprint6:     [adv] epoch=51 batch_auc_mean=0.362 n_batches=10
INFO sprint6:     [adv] epoch=52 batch_auc_mean=0.222 n_batches=10
INFO sprint6:     [adv] epoch=53 batch_auc_mean=0.129 n_batches=11
INFO sprint6:     [adv] epoch=54 batch_auc_mean=0.135 n_batches=9
INFO sprint6:   fold 5 thr=0.481 AUC=0.8390 Acc=0.8980 Spec=0.7500 F1=0.9275
INFO sprint6: saved outputs/sprint6_arm_a_grlfix_l10.0_s42/sprint6_results.json

========================================================================================================================
SPRINT 6 SUMMARY (arm=arm_a)
========================================================================================================================
baseline   gcn_only         0.8574+/-0.0407 0.8388+/-0.0709 0.9024+/-0.0330 0.8513+/-0.1024 0.8732+/-0.0623 0.8143+/-0.0649  pooled=0.7662
